[pn2401379.lanl.gov:48479] shmem: mmap: an error occurred while determining whether or not /var/folders/36/xt3jx8554vj0_03sz682d5_800074q/T//ompi.pn2401379.7319/jf.0/728367104/sm_segment.pn2401379.7319.2b6a0000.0 could be created.
InputConverter-u   |  Amanzi executable tag: 1.6-dev_01c79db22
InputConverter-u   |  Verify high-level XML structure
InputConverter-u   |  Liquid phase has 0 solutes
InputConverter-u   |  AUTHOR: Greg Flach
InputConverter-u   |  Translating units: m s kg molar K
InputConverter-u   |  Translating unstructured mesh
InputConverter-u   |  Translating regions
InputConverter-u   |   found 12 regions plus region "All".
InputConverter-u   |  Translating state
InputConverter-u   |  Translating output
InputConverter-u   |   Found 0 cycle macros and 1 time macros.
InputConverter-u   |   Translating output: visualization
InputConverter-u   |   Translating output: observations
InputConverter-u   |   Found 7 liquid observations
InputConverter-u   |   Found 0 gas observations
InputConverter-u   |  Translating cycle driver
InputConverter-u   |   Translating time period controls
InputConverter-u   |   created 0 special times
InputConverter-u   |  Translating process kernels
InputConverter-u   |   TP: PK name="steady:flow", factory: "darcy"
InputConverter-u   |   Next PK is "steady:flow"
InputConverter-u   |   Translating flow, mode=steady domain=matrix
InputConverter-u   |    Translating optional fracture models, domain=matrix
InputConverter-u   |    Translating time integrator
InputConverter-u   |    Translating boundary conditions
InputConverter-u   |     active BCs: static head, no flow (default)
InputConverter-u   |  Translating solvers
InputConverter-u   |   gmres: itrs=15, tol=1e-18, pc=Hypre AMG
InputConverter-u   |   pcg: itrs=15, tol=1e-18, pc=Hypre AMG
InputConverter-u   |   pcg: itrs=15, tol=1e-18, pc=Hypre AMG
InputConverter-u   |   gmres: itrs=15, tol=1e-18, pc=Hypre AMG
InputConverter-u   |  Translating preconditioners
InputConverter-u   |  Final comments:
InputConverter-u   |   found units: 
InputConverter-u   |   Writing the translated XML to amanzi_linear_materials_serial_1d-u_native.xml
InputConverter-u   |  CPU time stamp: [00:00:01]
Amanzi::MeshFactor |  Creating 3D block mesh using format "MSTK"
Mesh Output        |  cells, tot/min/max: 20/20/20
Mesh Output        |  faces, tot/min/max: 101/101/101
Mesh Output        |  nodes, tot/min/max: 84/84/84
Mesh Output        |  
Mesh               |  CPU time stamp: [00:00:01]
InputAnalysis:doma |  bc: "Left" has 1 faces of 20 [m^2]
InputAnalysis:doma |  bc: "Right" has 1 faces of 20 [m^2]
InputAnalysis:doma |  obs: "LeftBoundary" has 1 cells, size: 100
InputAnalysis:doma |  obs: "RightBoundary" has 1 cells, size: 100
InputAnalysis:doma |  obs: "Midpoint" has 2 cells, size: 200
InputAnalysis:doma |  obs: "LeftmostCell" has 1 cells, size: 100
InputAnalysis:doma |  obs: "RightmostCell" has 1 cells, size: 100
InputAnalysis:doma |  obs: "LeftMidpointCell" has 1 cells, size: 100
InputAnalysis:doma |  obs: "RightMidpointCell" has 1 cells, size: 100
State              |  ------------------------------------------
State              |  Dependency & Structure list for evaluators
State              |  ------------------------------------------
State              |  darcy_velocity
State              |    type: secondary
State              |    dep: volumetric_flow_rate, tag=""
State              |    comp=cell location=4 dofs=3
State              |    
State              |  mass_density_liquid
State              |    Type: independent
State              |    comp=cell location=4 dofs=1
State              |    comp=boundary_face location=13 dofs=1
State              |    
State              |  molar_flow_rate
State              |    Type: primary
State              |    comp=face location=3 dofs=1
State              |    
State              |  porosity
State              |    Type: independent
State              |    comp=cell location=4 dofs=1
State              |    
State              |  pressure
State              |    Type: primary
State              |    comp=cell location=4 dofs=1
State              |    comp=face location=3 dofs=1
State              |    
State              |  saturation_liquid
State              |    Type: independent
State              |    comp=cell location=4 dofs=1
State              |    
State              |  specific_storage
State              |    type: secondary
State              |    comp=cell location=4 dofs=1
State              |    
State              |  volumetric_flow_rate
State              |    type: secondary
State              |    dep: molar_flow_rate, tag=""
State              |    comp=face location=3 dofs=1
State              |    
State              |  water_content
State              |    type: secondary
State              |    dep: porosity, tag=""
State              |    dep: saturation_liquid, tag=""
State              |    comp=cell location=4 dofs=1
State              |    
State              |  water_storage
State              |    type: secondary
State              |    dep: pressure, tag=""
State              |    comp=cell location=4 dofs=1
State              |    
State              |  ------------------------------
State              |  Structure list for derivatives
State              |  ------------------------------
State              |  Dwater_storage/D{ pressure }
State              |    comp=cell location=4 dofs=1
State              |    
State              |  Setup is complete.
State              |  
CycleDriver        |  Setup is complete.
State              |  initializing data through initial conditions...
State              |  initializing "atmospheric_pressure" [ok]
State              |  initializing "const_fluid_density" [ok]
State              |  initializing "const_fluid_viscosity" [ok]
State              |  initializing "cycle" ... skipped
State              |  initializing "darcy_velocity" ... skipped
State              |  initializing "dt" ... skipped
State              |  initializing "gravity" [ok]
State              |  initializing "hydraulic_head" ... skipped
State              |  initializing "mass_density_liquid" ... skipped
State              |  initializing "molar_flow_rate" ... skipped
State              |  initializing "permeability" [ok]
State              |  initializing "porosity" ... skipped
State              |  initializing "position" ... skipped
State              |  initializing "pressure" [ok]
State              |  initializing "prev_saturation_liquid" ... skipped
State              |  initializing "prev_water_storage" ... skipped
State              |  initializing "saturation_liquid" [ok]
State              |  initializing "specific_storage" ... skipped
State              |  initializing "specific_yield" ... skipped
State              |  initializing "time" ... skipped
State              |  initializing "volumetric_flow_rate" ... skipped
State              |  initializing "water_content" ... skipped
State              |  initializing "water_storage" ... skipped
State              |  initializing eval: "darcy_velocity" @ ""
State              |  initializing eval: "mass_density_liquid" @ ""
State              |  initializing eval: "molar_flow_rate" @ ""
State              |  initializing eval: "porosity" @ ""
State              |  initializing eval: "pressure" @ ""
State              |  initializing eval: "saturation_liquid" @ ""
State              |  initializing eval: "specific_storage" @ ""
State              |  initializing eval: "volumetric_flow_rate" @ ""
State              |  initializing eval: "water_content" @ ""
State              |  initializing eval: "water_storage" @ ""
DarcyPK            |   initialized "specific_yield" to value 0
DarcyPK            |   initialized "hydraulic_head" to value 0
DarcyPK            |   initialized "prev_saturation_liquid" to value 1
DarcyPK            |   initialized prev_water_storage to water_storage
DarcyPK            |  
DarcyPK            |  TI:"BDF1" dt:standard LS:"AztecOO" PC:"Hypre AMG"
DarcyPK            |  matrix: <Diffusion: CELL_FACE+CELL> <CELL_CELL> 
DarcyPK            |  constant viscosity model, mu=0.001002
DarcyPK            |  initial pressure guess: "from State"
DarcyPK            |  
DarcyPK            |  pressure BC assigned to 2 faces
DarcyPK            |  default (no-flow) BC assigned to 80 faces
DarcyPK            |  
DarcyPK            |   boundary head (BCs): min=19 m, max=20 m
DarcyPK            |   domain head (cells): min=5 m, max=5 m
DarcyPK            |   domain head (cells + faces): min=0 m, max=10 m
DarcyPK            |  [1;32mInitialization of PK is complete, T=0 dT=1e+99[0m
DarcyPK            |  
TimeStepManager    |  Proposed dT=1 s, is near equal to next event time remaining 1 s.
TimeStepManager    |  Proposed dT=1 s, is near equal to next event time remaining 1 s.
State              |  initializing eval: "darcy_velocity" @ ""
State              |  initializing eval: "mass_density_liquid" @ ""
State              |  initializing eval: "molar_flow_rate" @ ""
State              |  initializing eval: "porosity" @ ""
State              |  initializing eval: "pressure" @ ""
State              |  initializing eval: "saturation_liquid" @ ""
State              |  initializing eval: "specific_storage" @ ""
State              |  initializing eval: "volumetric_flow_rate" @ ""
State              |  initializing eval: "water_content" @ ""
State              |  initializing eval: "water_storage" @ ""
CycleDriver        |  
CycleDriver        |  Field                                    Min/Max/Avg
CycleDriver        |  atmospheric_pressure.................... 101325
CycleDriver        |  const_fluid_density..................... 998.2
CycleDriver        |  const_fluid_viscosity................... 0.001002
CycleDriver        |  darcy_velocity.......................... -0.000115739 / 7.7745e-20 / -2.12188e-05
CycleDriver        |  dt...................................... 1
CycleDriver        |  gravity................................. 0 0 -9.80665
CycleDriver        |  hydraulic_head.......................... 5 / 5 / 5 [m]
CycleDriver        |  mass_density_liquid.bnd_face............ 998.2 / 998.2 / 998.2
CycleDriver        |  mass_density_liquid.cell................ 998.2 / 998.2 / 998.2
CycleDriver        |  molar_flow_rate......................... -64.129 / 2.70188e-13 / -13.9687
CycleDriver        |  permeability............................ 1.1847e-12 / 1.1847e-11 / 6.51585e-12 [m^2]
CycleDriver        |  porosity................................ 0.25 / 0.25 / 0.25 [-]
CycleDriver        |  pressure.cell........................... 101325 / 101325 / 101325 [Pa]
CycleDriver        |  pressure.face........................... 101325 / 101325 / 101325 [Pa]
CycleDriver        |  prev_saturation_liquid.................. 1 / 1 / 1
CycleDriver        |  prev_water_storage...................... 0 / 0 / 0
CycleDriver        |  saturation_liquid....................... 1 / 1 / 1 [-]
CycleDriver        |  specific_storage........................ 0 / 0 / 0 [m]
CycleDriver        |  specific_yield.......................... 0 / 0 / 0
CycleDriver        |  time.................................... 0
CycleDriver        |  time@current............................ 0
CycleDriver        |  volumetric_flow_rate.................... -0.00115739 / 4.8763e-18 / -0.000252104 [m^3/s]
CycleDriver        |  water_content........................... 0.25 / 0.25 / 0.25 [-]
CycleDriver        |  water_storage........................... 0 / 0 / 0
CycleDriver        |  
CycleDriver        |  Simulation end time: 1 sec.
CycleDriver        |  CPU time stamp: [00:00:01]
CycleDriver        |  
CycleDriver        |  Cycle 0: time = 0 s, dt = 1 s
DarcyPK            |   pressure solver (AztecOO): ||p,lambda||=2.67228e+06  itrs=6
DarcyPK            |    boundary head (BCs): min=19 m, max=20 m
DarcyPK            |    domain head (cells): min=19.0045 m, max=19.9545 m
DarcyPK            |    domain head (cells + faces): min=19 m, max=20 m
CycleDriver        |   writing visualization file: domain
CycleDriver        |   writing observations... 7
CycleDriver        |   writing checkpoint file
CycleDriver        |  New time = 1 s
CycleDriver        |  
CycleDriver        |  Field                                    Min/Max/Avg
CycleDriver        |  atmospheric_pressure.................... 101325
CycleDriver        |  const_fluid_density..................... 998.2
CycleDriver        |  const_fluid_viscosity................... 0.001002
CycleDriver        |  darcy_velocity.......................... -2.8473e-19 / 2.10434e-07 / 7.01447e-08
CycleDriver        |  dt...................................... 1
CycleDriver        |  gravity................................. 0 0 -9.80665
CycleDriver        |  hydraulic_head.......................... 19.0045 / 19.9545 / 19.2955 [m]
CycleDriver        |  mass_density_liquid.bnd_face............ 998.2 / 998.2 / 998.2
CycleDriver        |  mass_density_liquid.cell................ 998.2 / 998.2 / 998.2
CycleDriver        |  molar_flow_rate......................... -1.09914e-12 / 0.233196 / 0.0484863
CycleDriver        |  permeability............................ 1.1847e-12 / 1.1847e-11 / 6.51585e-12 [m^2]
CycleDriver        |  porosity................................ 0.25 / 0.25 / 0.25 [-]
CycleDriver        |  pressure.cell........................... 238415 / 247715 / 241263 [Pa]
CycleDriver        |  pressure.face........................... 189470 / 296660 / 241283 [Pa]
CycleDriver        |  prev_saturation_liquid.................. 1 / 1 / 1
CycleDriver        |  prev_water_storage...................... 0 / 0 / 0
CycleDriver        |  saturation_liquid....................... 1 / 1 / 1 [-]
CycleDriver        |  specific_storage........................ 0 / 0 / 0 [m]
CycleDriver        |  specific_yield.......................... 0 / 0 / 0
CycleDriver        |  time.................................... 1
CycleDriver        |  time@current............................ 0
CycleDriver        |  volumetric_flow_rate.................... -1.9837e-17 / 4.20868e-06 / 8.75073e-07 [m^3/s]
CycleDriver        |  water_content........................... 0.25 / 0.25 / 0.25 [-]
CycleDriver        |  water_storage........................... 0 / 0 / 0
CycleDriver        |  ======================================================================
CycleDriver        |  Simulation made 1 cycles.
CycleDriver        |  All meshes combined have 20 cells.
CycleDriver        |  Memory usage (high water mark):
CycleDriver        |    Maximum per core:      76.9 MBytes,  maximum per cell: 4032102.4 Bytes
CycleDriver        |    Minumum per core:      76.9 MBytes,  minimum per cell: 4032102.4 Bytes
CycleDriver        |    Total:                 76.9 MBytes,  total per cell:   4032102.4 Bytes
CycleDriver        |  Doubles allocated in state fields 
CycleDriver        |    Maximum per core:   0.00553131 MBytes
CycleDriver        |    Minimum per core:   0.00553131 MBytes
CycleDriver        |    Total:              0.00553131 MBytes
================================================================================

                      TimeMonitor results over 1 processor

Timer Name                  Global time (num calls)    
--------------------------------------------------------------------------------
Full Simulation             0.01111 (1)                
Geometric Model Creation    1.7e-05 (1)                
Mesh Creation               0.001029 (1)               
================================================================================
Amanzi::SIMULATION_SUCCESSFUL

