[pn2401379.lanl.gov:71813] shmem: mmap: an error occurred while determining whether or not /var/folders/36/xt3jx8554vj0_03sz682d5_800074q/T//ompi.pn2401379.7319/jf.0/2451701760/sm_segment.pn2401379.7319.92220000.0 could be created.
InputConverter-u   |   Writing the translated XML to amanzi_infiltration_clay_sand_1d-u_native.xml
Mesh Output        |  cells, tot/min/max: 200/200/200
Mesh Output        |  faces, tot/min/max: 1001/1001/1001
Mesh Output        |  nodes, tot/min/max: 804/804/804
Mesh Output        |  
Mesh               |  CPU time stamp: [00:00:01]
InputAnalysis:doma |  bc: "Top Surface" has 1 faces of 1 [m^2]
InputAnalysis:doma |  bc: "Bottom Surface" has 1 faces of 1 [m^2]
InputAnalysis:doma |  obs: "Obs_0" has 1 cells, size: 0.01
InputAnalysis:doma |  obs: "Obs_150" has 2 cells, size: 0.02
InputAnalysis:doma |  obs: "Obs_155" has 2 cells, size: 0.02
InputAnalysis:doma |  obs: "Obs_160" has 2 cells, size: 0.02
InputAnalysis:doma |  obs: "Obs_165" has 1 cells, size: 0.01
InputAnalysis:doma |  obs: "Obs_170" has 2 cells, size: 0.02
InputAnalysis:doma |  obs: "Obs_175" has 2 cells, size: 0.02
InputAnalysis:doma |  obs: "Obs_180" has 2 cells, size: 0.02
InputAnalysis:doma |  obs: "Obs_185" has 2 cells, size: 0.02
InputAnalysis:doma |  obs: "Obs_190" has 1 cells, size: 0.01
InputAnalysis:doma |  obs: "Obs_195" has 2 cells, size: 0.02
InputAnalysis:doma |  obs: "Obs_200" has 1 cells, size: 0.01
CycleDriver        |  Setup is complete.
State              |  initializing data through initial conditions...
RichardsPK         |  
RichardsPK         |  PK initialization started...
RichardsPK         |   initialized "hydraulic_head" to value 0
RichardsPK         |  initialized prev_saturation_liquid to saturation_liquid
RichardsPK         |  initialized prev_water_storage to water_storage
RichardsPK         |  
RichardsPK         |  EC:1 Upwind:1 PC:"Hypre AMG" TI:"BDF1"
RichardsPK         |  matrix: <Diffusion: CELL_FACE+CELL> 
RichardsPK         |  precon: <Diffusion: CELL_FACE+CELL> <Jacobian FACE_CELL> <CELL_CELL> 
RichardsPK         |  pressure BC assigned to 1 faces
RichardsPK         |  default (no-flow) BC assigned to 800 faces
RichardsPK         |  
RichardsPK         |   boundary head (BCs): min=-0.173089 m, max=-0.173089 m
RichardsPK         |   domain head (cells): min=-1.995 m, max=-0.0050004 m
RichardsPK         |   domain head (cells + faces): min=-1.995 m, max=0.478254 cm
RichardsPK         |  [1;32mInitialization of PK is complete, T=0 s[0m
RichardsPK         |  
CycleDriver        |  writing visualization file: domain
CycleDriver        |  writing observations... 12
CycleDriver        |  writing checkpoint file
CycleDriver        |  
CycleDriver        |  Simulation end time: 3.15576e+11 sec.
CycleDriver        |  CPU time stamp: [00:00:01]
CycleDriver        |  
CycleDriver        |  Cycle 0: time = 0 s, dt = 2 s
CycleDriver        |  New time = 2 s
CycleDriver        |  
CycleDriver        |  Cycle 1: time = 2 s, dt = 2.5 s
Solver::NKA        |   Solver is diverging repeatedly, terminating...
CycleDriver        |  
CycleDriver        |  Cycle 1: time = 2 s, dt = 2 s
Solver::NKA        |   Solver is diverging repeatedly, terminating...
CycleDriver        |  
CycleDriver        |  Cycle 1: time = 2 s, dt = 1.6 s
CycleDriver        |  
CycleDriver        |  Cycle 1: time = 2 s, dt = 1.28 s
CycleDriver        |  New time = 3.28 s
CycleDriver        |  
CycleDriver        |  Cycle 2: time = 3.28 s, dt = 1.28 s
CycleDriver        |  New time = 4.56 s
CycleDriver        |  
CycleDriver        |  Cycle 3: time = 4.56 s, dt = 1.6 s
CycleDriver        |  New time = 6.16 s
CycleDriver        |  
CycleDriver        |  Cycle 4: time = 6.16 s, dt = 2 s
CycleDriver        |  New time = 0.136 min
CycleDriver        |  
CycleDriver        |  Cycle 5: time = 0.136 min, dt = 2.5 s
CycleDriver        |  New time = 0.177667 min
CycleDriver        |  
CycleDriver        |  Cycle 6: time = 0.177667 min, dt = 3.125 s
CycleDriver        |  New time = 0.22975 min
CycleDriver        |  
CycleDriver        |  Cycle 7: time = 0.22975 min, dt = 3.90625 s
CycleDriver        |  New time = 0.294854 min
CycleDriver        |  
CycleDriver        |  Cycle 8: time = 0.294854 min, dt = 4.88281 s
CycleDriver        |  New time = 0.376234 min
CycleDriver        |  
CycleDriver        |  Cycle 9: time = 0.376234 min, dt = 6.10352 s
CycleDriver        |  New time = 0.47796 min
CycleDriver        |  
CycleDriver        |  Cycle 10: time = 0.47796 min, dt = 7.62939 s
CycleDriver        |  New time = 0.605116 min
CycleDriver        |  
CycleDriver        |  Cycle 11: time = 0.605116 min, dt = 0.158946 min
CycleDriver        |  New time = 0.764062 min
CycleDriver        |  
CycleDriver        |  Cycle 12: time = 0.764062 min, dt = 0.198682 min
CycleDriver        |  New time = 0.962744 min
CycleDriver        |  
CycleDriver        |  Cycle 13: time = 0.962744 min, dt = 0.248353 min
CycleDriver        |  New time = 1.2111 min
CycleDriver        |  
CycleDriver        |  Cycle 14: time = 1.2111 min, dt = 0.310441 min
CycleDriver        |  New time = 1.52154 min
CycleDriver        |  
CycleDriver        |  Cycle 15: time = 1.52154 min, dt = 0.388051 min
CycleDriver        |  New time = 1.90959 min
CycleDriver        |  
CycleDriver        |  Cycle 16: time = 1.90959 min, dt = 0.485064 min
CycleDriver        |  New time = 2.39465 min
CycleDriver        |  
CycleDriver        |  Cycle 17: time = 2.39465 min, dt = 0.60633 min
CycleDriver        |  New time = 3.00098 min
CycleDriver        |  
CycleDriver        |  Cycle 18: time = 3.00098 min, dt = 0.757912 min
CycleDriver        |  New time = 3.75889 min
CycleDriver        |  
CycleDriver        |  Cycle 19: time = 3.75889 min, dt = 0.94739 min
CycleDriver        |  New time = 4.70628 min
CycleDriver        |  
CycleDriver        |  Cycle 20: time = 4.70628 min, dt = 1.18424 min
CycleDriver        |  New time = 5.89052 min
CycleDriver        |  
CycleDriver        |  Cycle 21: time = 5.89052 min, dt = 1.4803 min
CycleDriver        |  New time = 7.37082 min
CycleDriver        |  
CycleDriver        |  Cycle 22: time = 7.37082 min, dt = 1.85037 min
CycleDriver        |  New time = 0.153687 h
CycleDriver        |  
CycleDriver        |  Cycle 23: time = 0.153687 h, dt = 2.31296 min
CycleDriver        |  New time = 0.192236 h
CycleDriver        |  
CycleDriver        |  Cycle 24: time = 0.192236 h, dt = 2.89121 min
CycleDriver        |  New time = 0.240423 h
CycleDriver        |  
CycleDriver        |  Cycle 25: time = 0.240423 h, dt = 3.61401 min
CycleDriver        |  New time = 0.300656 h
CycleDriver        |  
CycleDriver        |  Cycle 26: time = 0.300656 h, dt = 4.51751 min
CycleDriver        |  New time = 0.375948 h
CycleDriver        |  
CycleDriver        |  Cycle 27: time = 0.375948 h, dt = 5.64689 min
CycleDriver        |  New time = 0.470063 h
CycleDriver        |  
CycleDriver        |  Cycle 28: time = 0.470063 h, dt = 7.05861 min
CycleDriver        |  New time = 0.587706 h
CycleDriver        |  
CycleDriver        |  Cycle 29: time = 0.587706 h, dt = 0.147054 h
CycleDriver        |  New time = 0.734761 h
CycleDriver        |  
CycleDriver        |  Cycle 30: time = 0.734761 h, dt = 0.183818 h
CycleDriver        |  New time = 0.918578 h
CycleDriver        |  
CycleDriver        |  Cycle 31: time = 0.918578 h, dt = 0.229772 h
CycleDriver        |  New time = 1.14835 h
CycleDriver        |  
CycleDriver        |  Cycle 32: time = 1.14835 h, dt = 0.287215 h
CycleDriver        |  New time = 1.43557 h
CycleDriver        |  
CycleDriver        |  Cycle 33: time = 1.43557 h, dt = 0.359019 h
CycleDriver        |  New time = 1.79459 h
CycleDriver        |  
CycleDriver        |  Cycle 34: time = 1.79459 h, dt = 0.448774 h
CycleDriver        |  New time = 2.24336 h
CycleDriver        |  
CycleDriver        |  Cycle 35: time = 2.24336 h, dt = 0.560968 h
CycleDriver        |  New time = 2.80433 h
CycleDriver        |  
CycleDriver        |  Cycle 36: time = 2.80433 h, dt = 0.560968 h
CycleDriver        |  New time = 3.3653 h
CycleDriver        |  
CycleDriver        |  Cycle 37: time = 3.3653 h, dt = 0.70121 h
CycleDriver        |  New time = 4.06651 h
CycleDriver        |  
CycleDriver        |  Cycle 38: time = 4.06651 h, dt = 0.876512 h
CycleDriver        |  New time = 0.205959 d
CycleDriver        |  
CycleDriver        |  Cycle 39: time = 0.205959 d, dt = 0.876512 h
CycleDriver        |  New time = 0.24248 d
CycleDriver        |  
CycleDriver        |  Cycle 40: time = 0.24248 d, dt = 1.09564 h
CycleDriver        |  New time = 0.288132 d
CycleDriver        |  
CycleDriver        |  Cycle 41: time = 0.288132 d, dt = 1.09564 h
CycleDriver        |  New time = 0.333784 d
CycleDriver        |  
CycleDriver        |  Cycle 42: time = 0.333784 d, dt = 1.36955 h
CycleDriver        |  New time = 0.390848 d
CycleDriver        |  
CycleDriver        |  Cycle 43: time = 0.390848 d, dt = 1.71194 h
CycleDriver        |  New time = 0.462179 d
CycleDriver        |  
CycleDriver        |  Cycle 44: time = 0.462179 d, dt = 1.71194 h
CycleDriver        |  New time = 0.53351 d
CycleDriver        |  
CycleDriver        |  Cycle 45: time = 0.53351 d, dt = 2.13992 h
CycleDriver        |  New time = 0.622673 d
CycleDriver        |  
CycleDriver        |  Cycle 46: time = 0.622673 d, dt = 2.13992 h
CycleDriver        |  New time = 0.711837 d
CycleDriver        |  
CycleDriver        |  Cycle 47: time = 0.711837 d, dt = 2.6749 h
CycleDriver        |  New time = 0.823291 d
CycleDriver        |  
CycleDriver        |  Cycle 48: time = 0.823291 d, dt = 2.6749 h
CycleDriver        |  New time = 0.934745 d
CycleDriver        |  
CycleDriver        |  Cycle 49: time = 0.934745 d, dt = 2.6749 h
CycleDriver        |  New time = 1.0462 d
CycleDriver        |  
CycleDriver        |  Cycle 50: time = 1.0462 d, dt = 3.34363 h
CycleDriver        |  New time = 1.18552 d
CycleDriver        |  
CycleDriver        |  Cycle 51: time = 1.18552 d, dt = 3.34363 h
CycleDriver        |  New time = 1.32484 d
CycleDriver        |  
CycleDriver        |  Cycle 52: time = 1.32484 d, dt = 3.34363 h
CycleDriver        |  New time = 1.46415 d
CycleDriver        |  
CycleDriver        |  Cycle 53: time = 1.46415 d, dt = 4.17954 h
CycleDriver        |  New time = 1.6383 d
CycleDriver        |  
CycleDriver        |  Cycle 54: time = 1.6383 d, dt = 0.217684 d
CycleDriver        |  New time = 1.85598 d
CycleDriver        |  
CycleDriver        |  Cycle 55: time = 1.85598 d, dt = 0.272105 d
CycleDriver        |  New time = 2.12809 d
CycleDriver        |  
CycleDriver        |  Cycle 56: time = 2.12809 d, dt = 0.272105 d
CycleDriver        |  New time = 2.40019 d
CycleDriver        |  
CycleDriver        |  Cycle 57: time = 2.40019 d, dt = 0.272105 d
Solver::NKA        |   terminating due to overflow ||du||=3.43847e+07, ||du_prev||=118.791
CycleDriver        |  
CycleDriver        |  Cycle 57: time = 2.40019 d, dt = 0.217684 d
CycleDriver        |  New time = 2.61788 d
CycleDriver        |  
CycleDriver        |  Cycle 58: time = 2.61788 d, dt = 0.217684 d
CycleDriver        |  New time = 2.83556 d
CycleDriver        |  
CycleDriver        |  Cycle 59: time = 2.83556 d, dt = 4.17954 h
CycleDriver        |  New time = 3.00971 d
CycleDriver        |  
CycleDriver        |  Cycle 60: time = 3.00971 d, dt = 3.34363 h
CycleDriver        |  
CycleDriver        |  Cycle 60: time = 3.00971 d, dt = 2.6749 h
CycleDriver        |  New time = 3.12116 d
CycleDriver        |  
CycleDriver        |  Cycle 61: time = 3.12116 d, dt = 2.13992 h
CycleDriver        |  New time = 3.21033 d
CycleDriver        |  
CycleDriver        |  Cycle 62: time = 3.21033 d, dt = 1.71194 h
CycleDriver        |  New time = 3.28166 d
CycleDriver        |  
CycleDriver        |  Cycle 63: time = 3.28166 d, dt = 1.71194 h
CycleDriver        |  New time = 3.35299 d
CycleDriver        |  
CycleDriver        |  Cycle 64: time = 3.35299 d, dt = 1.71194 h
Solver::NKA        |   terminating due to overflow ||du||=1.41437e+07, ||du_prev||=2268.2
CycleDriver        |  
CycleDriver        |  Cycle 64: time = 3.35299 d, dt = 1.36955 h
CycleDriver        |  New time = 3.41005 d
CycleDriver        |  
CycleDriver        |  Cycle 65: time = 3.41005 d, dt = 1.36955 h
CycleDriver        |  New time = 3.46712 d
CycleDriver        |  
CycleDriver        |  Cycle 66: time = 3.46712 d, dt = 1.36955 h
CycleDriver        |  New time = 3.52418 d
CycleDriver        |  
CycleDriver        |  Cycle 67: time = 3.52418 d, dt = 1.36955 h
CycleDriver        |  New time = 3.58125 d
CycleDriver        |  
CycleDriver        |  Cycle 68: time = 3.58125 d, dt = 1.36955 h
CycleDriver        |  New time = 3.63831 d
CycleDriver        |  
CycleDriver        |  Cycle 69: time = 3.63831 d, dt = 1.09564 h
CycleDriver        |  New time = 3.68396 d
CycleDriver        |  
CycleDriver        |  Cycle 70: time = 3.68396 d, dt = 1.36955 h
Solver::NKA        |   Solver is diverging repeatedly, terminating...
CycleDriver        |  
CycleDriver        |  Cycle 70: time = 3.68396 d, dt = 1.09564 h
CycleDriver        |  New time = 3.72962 d
CycleDriver        |  
CycleDriver        |  Cycle 71: time = 3.72962 d, dt = 1.36955 h
Solver::NKA        |   terminating due to preconditioner overflow: ||du_tmp||=1.46367e+16 ||du_tmp0||=9368.49
CycleDriver        |  
CycleDriver        |  Cycle 71: time = 3.72962 d, dt = 1.09564 h
CycleDriver        |  New time = 3.77527 d
CycleDriver        |  
CycleDriver        |  Cycle 72: time = 3.77527 d, dt = 1.09564 h
CycleDriver        |  New time = 3.82092 d
CycleDriver        |  
CycleDriver        |  Cycle 73: time = 3.82092 d, dt = 1.36955 h
Solver::NKA        |   terminating due to preconditioner overflow: ||du_tmp||=3.14089e+16 ||du_tmp0||=12432.3
CycleDriver        |  
CycleDriver        |  Cycle 73: time = 3.82092 d, dt = 1.09564 h
CycleDriver        |  New time = 3.86657 d
CycleDriver        |  
CycleDriver        |  Cycle 74: time = 3.86657 d, dt = 1.09564 h
CycleDriver        |  New time = 3.91222 d
CycleDriver        |  
CycleDriver        |  Cycle 75: time = 3.91222 d, dt = 1.36955 h
Solver::NKA        |   terminating due to preconditioner overflow: ||du_tmp||=1.42027e+16 ||du_tmp0||=13937.4
CycleDriver        |  
CycleDriver        |  Cycle 75: time = 3.91222 d, dt = 1.09564 h
CycleDriver        |  New time = 3.95787 d
CycleDriver        |  
CycleDriver        |  Cycle 76: time = 3.95787 d, dt = 1.09564 h
CycleDriver        |  New time = 4.00353 d
CycleDriver        |  
CycleDriver        |  Cycle 77: time = 4.00353 d, dt = 1.36955 h
Solver::NKA        |   terminating due to preconditioner overflow: ||du_tmp||=2.74782e+24 ||du_tmp0||=14039.4
CycleDriver        |  
CycleDriver        |  Cycle 77: time = 4.00353 d, dt = 1.09564 h
CycleDriver        |  New time = 4.04918 d
CycleDriver        |  
CycleDriver        |  Cycle 78: time = 4.04918 d, dt = 1.09564 h
CycleDriver        |  New time = 4.09483 d
CycleDriver        |  
CycleDriver        |  Cycle 79: time = 4.09483 d, dt = 1.09564 h
CycleDriver        |  New time = 4.14048 d
CycleDriver        |  
CycleDriver        |  Cycle 80: time = 4.14048 d, dt = 1.36955 h
Solver::NKA        |   terminating due to preconditioner overflow: ||du_tmp||=3.78415e+15 ||du_tmp0||=12226.9
CycleDriver        |  
CycleDriver        |  Cycle 80: time = 4.14048 d, dt = 1.09564 h
CycleDriver        |  New time = 4.18613 d
CycleDriver        |  
CycleDriver        |  Cycle 81: time = 4.18613 d, dt = 1.09564 h
CycleDriver        |  New time = 4.23178 d
CycleDriver        |  
CycleDriver        |  Cycle 82: time = 4.23178 d, dt = 1.36955 h
Solver::NKA        |   terminating due to preconditioner overflow: ||du_tmp||=8.33487e+14 ||du_tmp0||=13819
CycleDriver        |  
CycleDriver        |  Cycle 82: time = 4.23178 d, dt = 1.09564 h
CycleDriver        |  New time = 4.27744 d
CycleDriver        |  
CycleDriver        |  Cycle 83: time = 4.27744 d, dt = 1.09564 h
CycleDriver        |  New time = 4.32309 d
CycleDriver        |  
CycleDriver        |  Cycle 84: time = 4.32309 d, dt = 1.36955 h
Solver::NKA        |   terminating due to preconditioner overflow: ||du_tmp||=3.41826e+24 ||du_tmp0||=14019.7
CycleDriver        |  
CycleDriver        |  Cycle 84: time = 4.32309 d, dt = 1.09564 h
CycleDriver        |  New time = 4.36874 d
CycleDriver        |  
CycleDriver        |  Cycle 85: time = 4.36874 d, dt = 1.09564 h
CycleDriver        |  New time = 4.41439 d
CycleDriver        |  
CycleDriver        |  Cycle 86: time = 4.41439 d, dt = 1.09564 h
CycleDriver        |  New time = 4.46004 d
CycleDriver        |  
CycleDriver        |  Cycle 87: time = 4.46004 d, dt = 1.36955 h
Solver::NKA        |   terminating due to preconditioner overflow: ||du_tmp||=1.14235e+15 ||du_tmp0||=12117.8
CycleDriver        |  
CycleDriver        |  Cycle 87: time = 4.46004 d, dt = 1.09564 h
CycleDriver        |  New time = 4.50569 d
CycleDriver        |  
CycleDriver        |  Cycle 88: time = 4.50569 d, dt = 1.09564 h
CycleDriver        |  New time = 4.55135 d
CycleDriver        |  
CycleDriver        |  Cycle 89: time = 4.55135 d, dt = 1.36955 h
Solver::NKA        |   terminating due to preconditioner overflow: ||du_tmp||=1.86009e+15 ||du_tmp0||=13767.5
CycleDriver        |  
CycleDriver        |  Cycle 89: time = 4.55135 d, dt = 1.09564 h
CycleDriver        |  New time = 4.597 d
CycleDriver        |  
CycleDriver        |  Cycle 90: time = 4.597 d, dt = 1.09564 h
CycleDriver        |  New time = 4.64265 d
CycleDriver        |  
CycleDriver        |  Cycle 91: time = 4.64265 d, dt = 1.36955 h
Solver::NKA        |   terminating due to preconditioner overflow: ||du_tmp||=2.92702e+24 ||du_tmp0||=13875.6
CycleDriver        |  
CycleDriver        |  Cycle 91: time = 4.64265 d, dt = 1.09564 h
CycleDriver        |  New time = 4.6883 d
CycleDriver        |  
CycleDriver        |  Cycle 92: time = 4.6883 d, dt = 1.36955 h
Solver::NKA        |   terminating due to preconditioner overflow: ||du_tmp||=1.05392e+17 ||du_tmp0||=9428.99
CycleDriver        |  
CycleDriver        |  Cycle 92: time = 4.6883 d, dt = 1.09564 h
CycleDriver        |  New time = 4.73395 d
CycleDriver        |  
CycleDriver        |  Cycle 93: time = 4.73395 d, dt = 1.09564 h
CycleDriver        |  New time = 4.7796 d
CycleDriver        |  
CycleDriver        |  Cycle 94: time = 4.7796 d, dt = 1.36955 h
Solver::NKA        |   terminating due to preconditioner overflow: ||du_tmp||=1.41495e+20 ||du_tmp0||=12364.2
CycleDriver        |  
CycleDriver        |  Cycle 94: time = 4.7796 d, dt = 1.09564 h
CycleDriver        |  New time = 4.82526 d
CycleDriver        |  
CycleDriver        |  Cycle 95: time = 4.82526 d, dt = 1.09564 h
CycleDriver        |  New time = 4.87091 d
CycleDriver        |  
CycleDriver        |  Cycle 96: time = 4.87091 d, dt = 1.36955 h
Solver::NKA        |   terminating due to preconditioner overflow: ||du_tmp||=8.72825e+15 ||du_tmp0||=13837
CycleDriver        |  
CycleDriver        |  Cycle 96: time = 4.87091 d, dt = 1.09564 h
CycleDriver        |  New time = 4.91656 d
CycleDriver        |  
CycleDriver        |  Cycle 97: time = 4.91656 d, dt = 1.09564 h
CycleDriver        |  New time = 4.96221 d
CycleDriver        |  
CycleDriver        |  Cycle 98: time = 4.96221 d, dt = 1.36955 h
CycleDriver        |  New time = 5.01928 d
CycleDriver        |  
CycleDriver        |  Cycle 99: time = 5.01928 d, dt = 1.09564 h
CycleDriver        |   writing visualization file: domain
CycleDriver        |  New time = 5.06493 d
CycleDriver        |  
CycleDriver        |  Simulation end time: 3.15576e+11 sec.
CycleDriver        |  CPU time stamp: [00:00:03]
CycleDriver        |  
CycleDriver        |  Cycle 100: time = 5.06493 d, dt = 1.09564 h
CycleDriver        |  New time = 5.11058 d
CycleDriver        |  
CycleDriver        |  Cycle 101: time = 5.11058 d, dt = 1.36955 h
Solver::NKA        |   terminating due to preconditioner overflow: ||du_tmp||=1.03133e+18 ||du_tmp0||=10791
CycleDriver        |  
CycleDriver        |  Cycle 101: time = 5.11058 d, dt = 1.09564 h
CycleDriver        |  New time = 5.15623 d
CycleDriver        |  
CycleDriver        |  Cycle 102: time = 5.15623 d, dt = 1.09564 h
CycleDriver        |  New time = 5.20188 d
CycleDriver        |  
CycleDriver        |  Cycle 103: time = 5.20188 d, dt = 1.36955 h
Solver::NKA        |   terminating due to preconditioner overflow: ||du_tmp||=3.56823e+15 ||du_tmp0||=13269.9
CycleDriver        |  
CycleDriver        |  Cycle 103: time = 5.20188 d, dt = 1.09564 h
CycleDriver        |  New time = 5.24753 d
CycleDriver        |  
CycleDriver        |  Cycle 104: time = 5.24753 d, dt = 1.09564 h
CycleDriver        |  New time = 5.29319 d
CycleDriver        |  
CycleDriver        |  Cycle 105: time = 5.29319 d, dt = 1.36955 h
Solver::NKA        |   terminating due to preconditioner overflow: ||du_tmp||=4.37513e+24 ||du_tmp0||=13847.7
CycleDriver        |  
CycleDriver        |  Cycle 105: time = 5.29319 d, dt = 1.09564 h
CycleDriver        |  New time = 5.33884 d
CycleDriver        |  
CycleDriver        |  Cycle 106: time = 5.33884 d, dt = 1.09564 h
CycleDriver        |  New time = 5.38449 d
CycleDriver        |  
CycleDriver        |  Cycle 107: time = 5.38449 d, dt = 1.36955 h
CycleDriver        |  New time = 5.44155 d
CycleDriver        |  
CycleDriver        |  Cycle 108: time = 5.44155 d, dt = 1.36955 h
Solver::NKA        |   terminating due to preconditioner overflow: ||du_tmp||=4.98359e+18 ||du_tmp0||=10054
CycleDriver        |  
CycleDriver        |  Cycle 108: time = 5.44155 d, dt = 1.09564 h
CycleDriver        |  New time = 5.48721 d
CycleDriver        |  
CycleDriver        |  Cycle 109: time = 5.48721 d, dt = 1.09564 h
CycleDriver        |  New time = 5.53286 d
CycleDriver        |  
CycleDriver        |  Cycle 110: time = 5.53286 d, dt = 1.36955 h
Solver::NKA        |   terminating due to preconditioner overflow: ||du_tmp||=5.89801e+14 ||du_tmp0||=12445.8
CycleDriver        |  
CycleDriver        |  Cycle 110: time = 5.53286 d, dt = 1.09564 h
CycleDriver        |  New time = 5.57851 d
CycleDriver        |  
CycleDriver        |  Cycle 111: time = 5.57851 d, dt = 1.09564 h
CycleDriver        |  New time = 5.62416 d
CycleDriver        |  
CycleDriver        |  Cycle 112: time = 5.62416 d, dt = 1.36955 h
Solver::NKA        |   terminating due to preconditioner overflow: ||du_tmp||=2.34243e+14 ||du_tmp0||=13803.8
CycleDriver        |  
CycleDriver        |  Cycle 112: time = 5.62416 d, dt = 1.09564 h
CycleDriver        |  New time = 5.66981 d
CycleDriver        |  
CycleDriver        |  Cycle 113: time = 5.66981 d, dt = 1.09564 h
CycleDriver        |  New time = 5.71546 d
CycleDriver        |  
CycleDriver        |  Cycle 114: time = 5.71546 d, dt = 1.36955 h
CycleDriver        |  New time = 5.77253 d
CycleDriver        |  
CycleDriver        |  Cycle 115: time = 5.77253 d, dt = 1.36955 h
Solver::NKA        |   terminating due to preconditioner overflow: ||du_tmp||=4.91624e+17 ||du_tmp0||=8915.03
CycleDriver        |  
CycleDriver        |  Cycle 115: time = 5.77253 d, dt = 1.09564 h
CycleDriver        |  New time = 5.81818 d
CycleDriver        |  
CycleDriver        |  Cycle 116: time = 5.81818 d, dt = 1.09564 h
CycleDriver        |  New time = 5.86383 d
CycleDriver        |  
CycleDriver        |  Cycle 117: time = 5.86383 d, dt = 1.36955 h
Solver::NKA        |   terminating due to preconditioner overflow: ||du_tmp||=2.22061e+16 ||du_tmp0||=11749.4
CycleDriver        |  
CycleDriver        |  Cycle 117: time = 5.86383 d, dt = 1.09564 h
CycleDriver        |  New time = 5.90948 d
CycleDriver        |  
CycleDriver        |  Cycle 118: time = 5.90948 d, dt = 1.09564 h
CycleDriver        |  New time = 5.95513 d
CycleDriver        |  
CycleDriver        |  Cycle 119: time = 5.95513 d, dt = 1.36955 h
Solver::NKA        |   terminating due to preconditioner overflow: ||du_tmp||=1.56371e+15 ||du_tmp0||=13641.4
CycleDriver        |  
CycleDriver        |  Cycle 119: time = 5.95513 d, dt = 1.09564 h
CycleDriver        |  New time = 6.00079 d
CycleDriver        |  
CycleDriver        |  Cycle 120: time = 6.00079 d, dt = 1.09564 h
CycleDriver        |  New time = 6.04644 d
CycleDriver        |  
CycleDriver        |  Cycle 121: time = 6.04644 d, dt = 1.36955 h
CycleDriver        |  
CycleDriver        |  Cycle 121: time = 6.04644 d, dt = 1.09564 h
CycleDriver        |  New time = 6.09209 d
CycleDriver        |  
CycleDriver        |  Cycle 122: time = 6.09209 d, dt = 1.36955 h
Solver::NKA        |   terminating due to preconditioner overflow: ||du_tmp||=1.56741e+14 ||du_tmp0||=10212.4
CycleDriver        |  
CycleDriver        |  Cycle 122: time = 6.09209 d, dt = 1.09564 h
CycleDriver        |  New time = 6.13774 d
CycleDriver        |  
CycleDriver        |  Cycle 123: time = 6.13774 d, dt = 1.09564 h
CycleDriver        |  New time = 6.18339 d
CycleDriver        |  
CycleDriver        |  Cycle 124: time = 6.18339 d, dt = 1.36955 h
Solver::NKA        |   terminating due to preconditioner overflow: ||du_tmp||=1.84127e+14 ||du_tmp0||=12932.5
CycleDriver        |  
CycleDriver        |  Cycle 124: time = 6.18339 d, dt = 1.09564 h
CycleDriver        |  New time = 6.22904 d
CycleDriver        |  
CycleDriver        |  Cycle 125: time = 6.22904 d, dt = 1.09564 h
CycleDriver        |  New time = 6.2747 d
CycleDriver        |  
CycleDriver        |  Cycle 126: time = 6.2747 d, dt = 1.36955 h
Solver::NKA        |   terminating due to preconditioner overflow: ||du_tmp||=3.49696e+14 ||du_tmp0||=13829.3
CycleDriver        |  
CycleDriver        |  Cycle 126: time = 6.2747 d, dt = 1.09564 h
CycleDriver        |  New time = 6.32035 d
CycleDriver        |  
CycleDriver        |  Cycle 127: time = 6.32035 d, dt = 1.09564 h
CycleDriver        |  New time = 6.366 d
CycleDriver        |  
CycleDriver        |  Cycle 128: time = 6.366 d, dt = 1.36955 h
CycleDriver        |  New time = 6.42306 d
CycleDriver        |  
CycleDriver        |  Cycle 129: time = 6.42306 d, dt = 1.36955 h
Solver::NKA        |   terminating due to preconditioner overflow: ||du_tmp||=1.23914e+18 ||du_tmp0||=9571.52
CycleDriver        |  
CycleDriver        |  Cycle 129: time = 6.42306 d, dt = 1.09564 h
CycleDriver        |  New time = 6.46872 d
CycleDriver        |  
CycleDriver        |  Cycle 130: time = 6.46872 d, dt = 1.09564 h
CycleDriver        |  New time = 6.51437 d
CycleDriver        |  
CycleDriver        |  Cycle 131: time = 6.51437 d, dt = 1.36955 h
Solver::NKA        |   terminating due to preconditioner overflow: ||du_tmp||=1.22128e+15 ||du_tmp0||=12185.6
CycleDriver        |  
CycleDriver        |  Cycle 131: time = 6.51437 d, dt = 1.09564 h
CycleDriver        |  New time = 6.56002 d
CycleDriver        |  
CycleDriver        |  Cycle 132: time = 6.56002 d, dt = 1.09564 h
CycleDriver        |  New time = 6.60567 d
CycleDriver        |  
CycleDriver        |  Cycle 133: time = 6.60567 d, dt = 1.36955 h
Solver::NKA        |   terminating due to preconditioner overflow: ||du_tmp||=1.87301e+14 ||du_tmp0||=13735.5
CycleDriver        |  
CycleDriver        |  Cycle 133: time = 6.60567 d, dt = 1.09564 h
CycleDriver        |  New time = 6.65132 d
CycleDriver        |  
CycleDriver        |  Cycle 134: time = 6.65132 d, dt = 1.09564 h
CycleDriver        |  New time = 6.69697 d
CycleDriver        |  
CycleDriver        |  Cycle 135: time = 6.69697 d, dt = 1.36955 h
CycleDriver        |  New time = 6.75404 d
CycleDriver        |  
CycleDriver        |  Cycle 136: time = 6.75404 d, dt = 1.36955 h
Solver::NKA        |   terminating due to preconditioner overflow: ||du_tmp||=2.55198e+17 ||du_tmp0||=8691.36
CycleDriver        |  
CycleDriver        |  Cycle 136: time = 6.75404 d, dt = 1.09564 h
CycleDriver        |  New time = 6.79969 d
CycleDriver        |  
CycleDriver        |  Cycle 137: time = 6.79969 d, dt = 1.09564 h
CycleDriver        |  New time = 6.84534 d
CycleDriver        |  
CycleDriver        |  Cycle 138: time = 6.84534 d, dt = 1.36955 h
Solver::NKA        |   terminating due to preconditioner overflow: ||du_tmp||=6.11406e+14 ||du_tmp0||=11625.8
CycleDriver        |  
CycleDriver        |  Cycle 138: time = 6.84534 d, dt = 1.09564 h
CycleDriver        |  New time = 6.89099 d
CycleDriver        |  
CycleDriver        |  Cycle 139: time = 6.89099 d, dt = 1.09564 h
CycleDriver        |  New time = 6.93665 d
CycleDriver        |  
CycleDriver        |  Cycle 140: time = 6.93665 d, dt = 1.36955 h
Solver::NKA        |   terminating due to preconditioner overflow: ||du_tmp||=5.82539e+14 ||du_tmp0||=13596
CycleDriver        |  
CycleDriver        |  Cycle 140: time = 6.93665 d, dt = 1.09564 h
CycleDriver        |  New time = 6.9823 d
CycleDriver        |  
CycleDriver        |  Cycle 141: time = 6.9823 d, dt = 1.09564 h
CycleDriver        |  New time = 7.02795 d
CycleDriver        |  
CycleDriver        |  Cycle 142: time = 7.02795 d, dt = 1.36955 h
CycleDriver        |  
CycleDriver        |  Cycle 142: time = 7.02795 d, dt = 1.09564 h
CycleDriver        |  New time = 7.0736 d
CycleDriver        |  
CycleDriver        |  Cycle 143: time = 7.0736 d, dt = 1.36955 h
Solver::NKA        |   terminating due to preconditioner overflow: ||du_tmp||=2.05206e+14 ||du_tmp0||=10171.4
CycleDriver        |  
CycleDriver        |  Cycle 143: time = 7.0736 d, dt = 1.09564 h
CycleDriver        |  New time = 7.11925 d
CycleDriver        |  
CycleDriver        |  Cycle 144: time = 7.11925 d, dt = 1.36955 h
CycleDriver        |  New time = 7.17632 d
CycleDriver        |  
CycleDriver        |  Cycle 145: time = 7.17632 d, dt = 1.36955 h
Solver::NKA        |   terminating due to preconditioner overflow: ||du_tmp||=9.52599e+19 ||du_tmp0||=11565.5
CycleDriver        |  
CycleDriver        |  Cycle 145: time = 7.17632 d, dt = 1.09564 h
CycleDriver        |  New time = 7.22197 d
CycleDriver        |  
CycleDriver        |  Cycle 146: time = 7.22197 d, dt = 1.09564 h
CycleDriver        |  New time = 7.26762 d
CycleDriver        |  
CycleDriver        |  Cycle 147: time = 7.26762 d, dt = 1.36955 h
Solver::NKA        |   terminating due to preconditioner overflow: ||du_tmp||=2.4736e+14 ||du_tmp0||=13212.9
CycleDriver        |  
CycleDriver        |  Cycle 147: time = 7.26762 d, dt = 1.09564 h
CycleDriver        |  New time = 7.31327 d
CycleDriver        |  
CycleDriver        |  Cycle 148: time = 7.31327 d, dt = 1.09564 h
CycleDriver        |  New time = 7.35892 d
CycleDriver        |  
CycleDriver        |  Cycle 149: time = 7.35892 d, dt = 1.36955 h
CycleDriver        |  
CycleDriver        |  Cycle 149: time = 7.35892 d, dt = 1.09564 h
CycleDriver        |  New time = 7.40458 d
CycleDriver        |  
CycleDriver        |  Cycle 150: time = 7.40458 d, dt = 1.36955 h
Solver::NKA        |   terminating due to preconditioner overflow: ||du_tmp||=6.32631e+16 ||du_tmp0||=9397.27
CycleDriver        |  
CycleDriver        |  Cycle 150: time = 7.40458 d, dt = 1.09564 h
CycleDriver        |  New time = 7.45023 d
CycleDriver        |  
CycleDriver        |  Cycle 151: time = 7.45023 d, dt = 1.09564 h
CycleDriver        |  New time = 7.49588 d
CycleDriver        |  
CycleDriver        |  Cycle 152: time = 7.49588 d, dt = 1.36955 h
Solver::NKA        |   terminating due to preconditioner overflow: ||du_tmp||=1.99957e+15 ||du_tmp0||=12502.1
CycleDriver        |  
CycleDriver        |  Cycle 152: time = 7.49588 d, dt = 1.09564 h
CycleDriver        |  New time = 7.54153 d
CycleDriver        |  
CycleDriver        |  Cycle 153: time = 7.54153 d, dt = 1.09564 h
CycleDriver        |  New time = 7.58718 d
CycleDriver        |  
CycleDriver        |  Cycle 154: time = 7.58718 d, dt = 1.36955 h
Solver::NKA        |   terminating due to preconditioner overflow: ||du_tmp||=2.22242e+14 ||du_tmp0||=13783.3
CycleDriver        |  
CycleDriver        |  Cycle 154: time = 7.58718 d, dt = 1.09564 h
CycleDriver        |  New time = 7.63283 d
CycleDriver        |  
CycleDriver        |  Cycle 155: time = 7.63283 d, dt = 1.09564 h
CycleDriver        |  New time = 7.67849 d
CycleDriver        |  
CycleDriver        |  Cycle 156: time = 7.67849 d, dt = 1.36955 h
CycleDriver        |  New time = 7.73555 d
CycleDriver        |  
CycleDriver        |  Cycle 157: time = 7.73555 d, dt = 1.36955 h
Solver::NKA        |   terminating due to preconditioner overflow: ||du_tmp||=3.49173e+17 ||du_tmp0||=8895.59
CycleDriver        |  
CycleDriver        |  Cycle 157: time = 7.73555 d, dt = 1.09564 h
CycleDriver        |  New time = 7.7812 d
CycleDriver        |  
CycleDriver        |  Cycle 158: time = 7.7812 d, dt = 1.09564 h
CycleDriver        |  New time = 7.82685 d
CycleDriver        |  
CycleDriver        |  Cycle 159: time = 7.82685 d, dt = 1.36955 h
Solver::NKA        |   terminating due to preconditioner overflow: ||du_tmp||=3.83787e+14 ||du_tmp0||=11764.7
CycleDriver        |  
CycleDriver        |  Cycle 159: time = 7.82685 d, dt = 1.09564 h
CycleDriver        |  New time = 7.87251 d
CycleDriver        |  
CycleDriver        |  Cycle 160: time = 7.87251 d, dt = 1.09564 h
CycleDriver        |  New time = 7.91816 d
CycleDriver        |  
CycleDriver        |  Cycle 161: time = 7.91816 d, dt = 1.36955 h
Solver::NKA        |   terminating due to preconditioner overflow: ||du_tmp||=6.12692e+14 ||du_tmp0||=13633.6
CycleDriver        |  
CycleDriver        |  Cycle 161: time = 7.91816 d, dt = 1.09564 h
CycleDriver        |  New time = 7.96381 d
CycleDriver        |  
CycleDriver        |  Cycle 162: time = 7.96381 d, dt = 1.09564 h
CycleDriver        |  New time = 8.00946 d
CycleDriver        |  
CycleDriver        |  Cycle 163: time = 8.00946 d, dt = 1.36955 h
Solver::NKA        |   terminating due to overflow ||du||=1.91261e+08, ||du_prev||=81280
CycleDriver        |  
CycleDriver        |  Cycle 163: time = 8.00946 d, dt = 1.09564 h
CycleDriver        |  New time = 8.05511 d
CycleDriver        |  
CycleDriver        |  Cycle 164: time = 8.05511 d, dt = 1.36955 h
Solver::NKA        |   terminating due to preconditioner overflow: ||du_tmp||=1.68517e+15 ||du_tmp0||=10371.9
CycleDriver        |  
CycleDriver        |  Cycle 164: time = 8.05511 d, dt = 1.09564 h
CycleDriver        |  New time = 8.10076 d
CycleDriver        |  
CycleDriver        |  Cycle 165: time = 8.10076 d, dt = 1.36955 h
CycleDriver        |  New time = 8.15783 d
CycleDriver        |  
CycleDriver        |  Cycle 166: time = 8.15783 d, dt = 1.36955 h
Solver::NKA        |   terminating due to preconditioner overflow: ||du_tmp||=1.84757e+20 ||du_tmp0||=11751.5
CycleDriver        |  
CycleDriver        |  Cycle 166: time = 8.15783 d, dt = 1.09564 h
CycleDriver        |  New time = 8.20348 d
CycleDriver        |  
CycleDriver        |  Cycle 167: time = 8.20348 d, dt = 1.09564 h
CycleDriver        |  New time = 8.24913 d
CycleDriver        |  
CycleDriver        |  Cycle 168: time = 8.24913 d, dt = 1.36955 h
Solver::NKA        |   terminating due to preconditioner overflow: ||du_tmp||=1.34095e+15 ||du_tmp0||=13282.9
CycleDriver        |  
CycleDriver        |  Cycle 168: time = 8.24913 d, dt = 1.09564 h
CycleDriver        |  New time = 8.29478 d
CycleDriver        |  
CycleDriver        |  Cycle 169: time = 8.29478 d, dt = 1.09564 h
CycleDriver        |  New time = 8.34043 d
CycleDriver        |  
CycleDriver        |  Cycle 170: time = 8.34043 d, dt = 1.36955 h
CycleDriver        |  New time = 8.3975 d
CycleDriver        |  
CycleDriver        |  Cycle 171: time = 8.3975 d, dt = 1.09564 h
CycleDriver        |  New time = 8.44315 d
CycleDriver        |  
CycleDriver        |  Cycle 172: time = 8.44315 d, dt = 1.09564 h
CycleDriver        |  New time = 8.4888 d
CycleDriver        |  
CycleDriver        |  Cycle 173: time = 8.4888 d, dt = 1.36955 h
Solver::NKA        |   terminating due to preconditioner overflow: ||du_tmp||=7.23156e+14 ||du_tmp0||=10597.1
CycleDriver        |  
CycleDriver        |  Cycle 173: time = 8.4888 d, dt = 1.09564 h
CycleDriver        |  New time = 8.53445 d
CycleDriver        |  
CycleDriver        |  Cycle 174: time = 8.53445 d, dt = 1.36955 h
CycleDriver        |  New time = 8.59152 d
CycleDriver        |  
CycleDriver        |  Cycle 175: time = 8.59152 d, dt = 1.36955 h
Solver::NKA        |   terminating due to preconditioner overflow: ||du_tmp||=6.84931e+20 ||du_tmp0||=12144.7
CycleDriver        |  
CycleDriver        |  Cycle 175: time = 8.59152 d, dt = 1.09564 h
CycleDriver        |  New time = 8.63717 d
CycleDriver        |  
CycleDriver        |  Cycle 176: time = 8.63717 d, dt = 1.09564 h
CycleDriver        |  New time = 8.68282 d
CycleDriver        |  
CycleDriver        |  Cycle 177: time = 8.68282 d, dt = 1.36955 h
Solver::NKA        |   terminating due to preconditioner overflow: ||du_tmp||=1.61332e+14 ||du_tmp0||=13413.5
CycleDriver        |  
CycleDriver        |  Cycle 177: time = 8.68282 d, dt = 1.09564 h
CycleDriver        |  New time = 8.72847 d
CycleDriver        |  
CycleDriver        |  Cycle 178: time = 8.72847 d, dt = 1.09564 h
CycleDriver        |  New time = 8.77413 d
CycleDriver        |  
CycleDriver        |  Cycle 179: time = 8.77413 d, dt = 1.36955 h
Solver::NKA        |   terminating due to overflow ||du||=1.84749e+09, ||du_prev||=228690
CycleDriver        |  
CycleDriver        |  Cycle 179: time = 8.77413 d, dt = 1.09564 h
CycleDriver        |  New time = 8.81978 d
CycleDriver        |  
CycleDriver        |  Cycle 180: time = 8.81978 d, dt = 1.36955 h
Solver::NKA        |   terminating due to preconditioner overflow: ||du_tmp||=5.18602e+18 ||du_tmp0||=10227.4
CycleDriver        |  
CycleDriver        |  Cycle 180: time = 8.81978 d, dt = 1.09564 h
CycleDriver        |  New time = 8.86543 d
CycleDriver        |  
CycleDriver        |  Cycle 181: time = 8.86543 d, dt = 1.36955 h
CycleDriver        |  New time = 8.92249 d
CycleDriver        |  
CycleDriver        |  Cycle 182: time = 8.92249 d, dt = 1.36955 h
Solver::NKA        |   terminating due to preconditioner overflow: ||du_tmp||=1.01924e+20 ||du_tmp0||=11657.5
CycleDriver        |  
CycleDriver        |  Cycle 182: time = 8.92249 d, dt = 1.09564 h
CycleDriver        |  New time = 8.96815 d
CycleDriver        |  
CycleDriver        |  Cycle 183: time = 8.96815 d, dt = 1.09564 h
CycleDriver        |  New time = 9.0138 d
CycleDriver        |  
CycleDriver        |  Cycle 184: time = 9.0138 d, dt = 1.36955 h
Solver::NKA        |   terminating due to preconditioner overflow: ||du_tmp||=4.78055e+14 ||du_tmp0||=13248.8
CycleDriver        |  
CycleDriver        |  Cycle 184: time = 9.0138 d, dt = 1.09564 h
CycleDriver        |  New time = 9.05945 d
CycleDriver        |  
CycleDriver        |  Cycle 185: time = 9.05945 d, dt = 1.09564 h
CycleDriver        |  New time = 9.1051 d
CycleDriver        |  
CycleDriver        |  Cycle 186: time = 9.1051 d, dt = 1.36955 h
CycleDriver        |  New time = 9.16216 d
CycleDriver        |  
CycleDriver        |  Cycle 187: time = 9.16216 d, dt = 1.09564 h
CycleDriver        |  New time = 9.20782 d
CycleDriver        |  
CycleDriver        |  Cycle 188: time = 9.20782 d, dt = 1.09564 h
CycleDriver        |  New time = 9.25347 d
CycleDriver        |  
CycleDriver        |  Cycle 189: time = 9.25347 d, dt = 1.36955 h
Solver::NKA        |   terminating due to preconditioner overflow: ||du_tmp||=1.37133e+18 ||du_tmp0||=10540.5
CycleDriver        |  
CycleDriver        |  Cycle 189: time = 9.25347 d, dt = 1.09564 h
CycleDriver        |  New time = 9.29912 d
CycleDriver        |  
CycleDriver        |  Cycle 190: time = 9.29912 d, dt = 1.36955 h
CycleDriver        |  New time = 9.35618 d
CycleDriver        |  
CycleDriver        |  Cycle 191: time = 9.35618 d, dt = 1.36955 h
Solver::NKA        |   terminating due to preconditioner overflow: ||du_tmp||=4.96105e+20 ||du_tmp0||=12100.2
CycleDriver        |  
CycleDriver        |  Cycle 191: time = 9.35618 d, dt = 1.09564 h
CycleDriver        |  New time = 9.40184 d
CycleDriver        |  
CycleDriver        |  Cycle 192: time = 9.40184 d, dt = 1.09564 h
CycleDriver        |  New time = 9.44749 d
CycleDriver        |  
CycleDriver        |  Cycle 193: time = 9.44749 d, dt = 1.36955 h
Solver::NKA        |   terminating due to preconditioner overflow: ||du_tmp||=1.5393e+14 ||du_tmp0||=13400
CycleDriver        |  
CycleDriver        |  Cycle 193: time = 9.44749 d, dt = 1.09564 h
CycleDriver        |  New time = 9.49314 d
CycleDriver        |  
CycleDriver        |  Cycle 194: time = 9.49314 d, dt = 1.09564 h
CycleDriver        |  New time = 9.53879 d
CycleDriver        |  
CycleDriver        |  Cycle 195: time = 9.53879 d, dt = 1.36955 h
Solver::NKA        |   terminating due to overflow ||du||=7.49289e+09, ||du_prev||=778890
CycleDriver        |  
CycleDriver        |  Cycle 195: time = 9.53879 d, dt = 1.09564 h
CycleDriver        |  New time = 9.58444 d
CycleDriver        |  
CycleDriver        |  Cycle 196: time = 9.58444 d, dt = 1.36955 h
Solver::NKA        |   terminating due to preconditioner overflow: ||du_tmp||=6.47473e+15 ||du_tmp0||=10182.4
CycleDriver        |  
CycleDriver        |  Cycle 196: time = 9.58444 d, dt = 1.09564 h
CycleDriver        |  New time = 9.63009 d
CycleDriver        |  
CycleDriver        |  Cycle 197: time = 9.63009 d, dt = 1.36955 h
CycleDriver        |  New time = 9.68716 d
CycleDriver        |  
CycleDriver        |  Cycle 198: time = 9.68716 d, dt = 1.36955 h
Solver::NKA        |   terminating due to preconditioner overflow: ||du_tmp||=8.69597e+19 ||du_tmp0||=11620.1
CycleDriver        |  
CycleDriver        |  Cycle 198: time = 9.68716 d, dt = 1.09564 h
CycleDriver        |  New time = 9.73281 d
CycleDriver        |  
CycleDriver        |  Cycle 199: time = 9.73281 d, dt = 1.09564 h
CycleDriver        |   writing visualization file: domain
CycleDriver        |  New time = 9.77846 d
CycleDriver        |  
CycleDriver        |  Simulation end time: 3.15576e+11 sec.
CycleDriver        |  CPU time stamp: [00:00:07]
CycleDriver        |  
CycleDriver        |  Cycle 200: time = 9.77846 d, dt = 1.36955 h
Solver::NKA        |   terminating due to preconditioner overflow: ||du_tmp||=5.5753e+14 ||du_tmp0||=13234.6
CycleDriver        |  
CycleDriver        |  Simulation end time: 3.15576e+11 sec.
CycleDriver        |  CPU time stamp: [00:00:07]
CycleDriver        |  
CycleDriver        |  Cycle 200: time = 9.77846 d, dt = 1.09564 h
CycleDriver        |  New time = 9.82411 d
CycleDriver        |  
CycleDriver        |  Cycle 201: time = 9.82411 d, dt = 1.09564 h
CycleDriver        |  New time = 9.86977 d
CycleDriver        |  
CycleDriver        |  Cycle 202: time = 9.86977 d, dt = 1.36955 h
CycleDriver        |  New time = 9.92683 d
CycleDriver        |  
CycleDriver        |  Cycle 203: time = 9.92683 d, dt = 1.09564 h
CycleDriver        |  New time = 9.97248 d
CycleDriver        |  
CycleDriver        |  Cycle 204: time = 9.97248 d, dt = 1.09564 h
CycleDriver        |  New time = 10.0181 d
CycleDriver        |  
CycleDriver        |  Cycle 205: time = 10.0181 d, dt = 1.36955 h
Solver::NKA        |   terminating due to preconditioner overflow: ||du_tmp||=4.39039e+17 ||du_tmp0||=10506.5
CycleDriver        |  
CycleDriver        |  Cycle 205: time = 10.0181 d, dt = 1.09564 h
CycleDriver        |  New time = 10.0638 d
CycleDriver        |  
CycleDriver        |  Cycle 206: time = 10.0638 d, dt = 1.09564 h
CycleDriver        |  New time = 10.1094 d
CycleDriver        |  
CycleDriver        |  Cycle 207: time = 10.1094 d, dt = 1.36955 h
Solver::NKA        |   terminating due to preconditioner overflow: ||du_tmp||=6.45243e+14 ||du_tmp0||=13167.3
CycleDriver        |  
CycleDriver        |  Cycle 207: time = 10.1094 d, dt = 1.09564 h
CycleDriver        |  New time = 10.1551 d
CycleDriver        |  
CycleDriver        |  Cycle 208: time = 10.1551 d, dt = 1.09564 h
CycleDriver        |  New time = 10.2007 d
CycleDriver        |  
CycleDriver        |  Cycle 209: time = 10.2007 d, dt = 1.36955 h
Solver::NKA        |   terminating due to overflow ||du||=5.19705e+07, ||du_prev||=4718.62
CycleDriver        |  
CycleDriver        |  Cycle 209: time = 10.2007 d, dt = 1.09564 h
CycleDriver        |  New time = 10.2464 d
CycleDriver        |  
CycleDriver        |  Cycle 210: time = 10.2464 d, dt = 1.36955 h
Solver::NKA        |   terminating due to preconditioner overflow: ||du_tmp||=1.02164e+22 ||du_tmp0||=8861.96
CycleDriver        |  
CycleDriver        |  Cycle 210: time = 10.2464 d, dt = 1.09564 h
CycleDriver        |  New time = 10.292 d
CycleDriver        |  
CycleDriver        |  Cycle 211: time = 10.292 d, dt = 1.36955 h
CycleDriver        |  New time = 10.3491 d
CycleDriver        |  
CycleDriver        |  Cycle 212: time = 10.3491 d, dt = 1.36955 h
Solver::NKA        |   terminating due to preconditioner overflow: ||du_tmp||=4.15805e+18 ||du_tmp0||=10407.7
CycleDriver        |  
CycleDriver        |  Cycle 212: time = 10.3491 d, dt = 1.09564 h
CycleDriver        |  New time = 10.3948 d
CycleDriver        |  
CycleDriver        |  Cycle 213: time = 10.3948 d, dt = 1.09564 h
CycleDriver        |  New time = 10.4404 d
CycleDriver        |  
CycleDriver        |  Cycle 214: time = 10.4404 d, dt = 1.36955 h
Solver::NKA        |   terminating due to preconditioner overflow: ||du_tmp||=3.06687e+14 ||du_tmp0||=12678.9
CycleDriver        |  
CycleDriver        |  Cycle 214: time = 10.4404 d, dt = 1.09564 h
CycleDriver        |  New time = 10.4861 d
CycleDriver        |  
CycleDriver        |  Cycle 215: time = 10.4861 d, dt = 1.09564 h
CycleDriver        |  New time = 10.5317 d
CycleDriver        |  
CycleDriver        |  Cycle 216: time = 10.5317 d, dt = 1.36955 h
Solver::NKA        |   terminating due to preconditioner overflow: ||du_tmp||=3.56001e+24 ||du_tmp0||=13749.1
CycleDriver        |  
CycleDriver        |  Cycle 216: time = 10.5317 d, dt = 1.09564 h
CycleDriver        |  New time = 10.5774 d
CycleDriver        |  
CycleDriver        |  Cycle 217: time = 10.5774 d, dt = 1.09564 h
CycleDriver        |  New time = 10.623 d
CycleDriver        |  
CycleDriver        |  Cycle 218: time = 10.623 d, dt = 1.36955 h
CycleDriver        |  New time = 10.6801 d
CycleDriver        |  
CycleDriver        |  Cycle 219: time = 10.6801 d, dt = 1.36955 h
Solver::NKA        |   terminating due to preconditioner overflow: ||du_tmp||=1.13204e+18 ||du_tmp0||=9712.69
CycleDriver        |  
CycleDriver        |  Cycle 219: time = 10.6801 d, dt = 1.09564 h
CycleDriver        |  New time = 10.7257 d
CycleDriver        |  
CycleDriver        |  Cycle 220: time = 10.7257 d, dt = 1.09564 h
CycleDriver        |  New time = 10.7714 d
CycleDriver        |  
CycleDriver        |  Cycle 221: time = 10.7714 d, dt = 1.36955 h
Solver::NKA        |   terminating due to preconditioner overflow: ||du_tmp||=1.67948e+15 ||du_tmp0||=12292
CycleDriver        |  
CycleDriver        |  Cycle 221: time = 10.7714 d, dt = 1.09564 h
CycleDriver        |  New time = 10.817 d
CycleDriver        |  
CycleDriver        |  Cycle 222: time = 10.817 d, dt = 1.09564 h
CycleDriver        |  New time = 10.8627 d
CycleDriver        |  
CycleDriver        |  Cycle 223: time = 10.8627 d, dt = 1.36955 h
Solver::NKA        |   terminating due to preconditioner overflow: ||du_tmp||=2.8975e+14 ||du_tmp0||=13735.4
CycleDriver        |  
CycleDriver        |  Cycle 223: time = 10.8627 d, dt = 1.09564 h
CycleDriver        |  New time = 10.9083 d
CycleDriver        |  
CycleDriver        |  Cycle 224: time = 10.9083 d, dt = 1.09564 h
CycleDriver        |  New time = 10.954 d
CycleDriver        |  
CycleDriver        |  Cycle 225: time = 10.954 d, dt = 1.36955 h
CycleDriver        |  New time = 11.0111 d
CycleDriver        |  
CycleDriver        |  Cycle 226: time = 11.0111 d, dt = 1.36955 h
Solver::NKA        |   terminating due to preconditioner overflow: ||du_tmp||=3.56446e+17 ||du_tmp0||=8998.68
CycleDriver        |  
CycleDriver        |  Cycle 226: time = 11.0111 d, dt = 1.09564 h
CycleDriver        |  New time = 11.0567 d
CycleDriver        |  
CycleDriver        |  Cycle 227: time = 11.0567 d, dt = 1.09564 h
CycleDriver        |  New time = 11.1024 d
CycleDriver        |  
CycleDriver        |  Cycle 228: time = 11.1024 d, dt = 1.36955 h
Solver::NKA        |   terminating due to preconditioner overflow: ||du_tmp||=1.27513e+15 ||du_tmp0||=11845.7
CycleDriver        |  
CycleDriver        |  Cycle 228: time = 11.1024 d, dt = 1.09564 h
CycleDriver        |  New time = 11.148 d
CycleDriver        |  
CycleDriver        |  Cycle 229: time = 11.148 d, dt = 1.09564 h
CycleDriver        |  New time = 11.1937 d
CycleDriver        |  
CycleDriver        |  Cycle 230: time = 11.1937 d, dt = 1.36955 h
Solver::NKA        |   terminating due to preconditioner overflow: ||du_tmp||=1.0456e+19 ||du_tmp0||=13651.8
CycleDriver        |  
CycleDriver        |  Cycle 230: time = 11.1937 d, dt = 1.09564 h
CycleDriver        |  New time = 11.2393 d
CycleDriver        |  
CycleDriver        |  Cycle 231: time = 11.2393 d, dt = 1.09564 h
CycleDriver        |  New time = 11.285 d
CycleDriver        |  
CycleDriver        |  Cycle 232: time = 11.285 d, dt = 1.36955 h
Solver::NKA        |   terminating due to preconditioner overflow: ||du_tmp||=2.79188e+14 ||du_tmp0||=13147.9
CycleDriver        |  
CycleDriver        |  Cycle 232: time = 11.285 d, dt = 1.09564 h
CycleDriver        |  New time = 11.3306 d
CycleDriver        |  
CycleDriver        |  Cycle 233: time = 11.3306 d, dt = 1.36955 h
Solver::NKA        |   terminating due to preconditioner overflow: ||du_tmp||=1.14452e+15 ||du_tmp0||=10514.4
CycleDriver        |  
CycleDriver        |  Cycle 233: time = 11.3306 d, dt = 1.09564 h
CycleDriver        |  New time = 11.3763 d
CycleDriver        |  
CycleDriver        |  Cycle 234: time = 11.3763 d, dt = 1.36955 h
CycleDriver        |  New time = 11.4333 d
CycleDriver        |  
CycleDriver        |  Cycle 235: time = 11.4333 d, dt = 1.36955 h
Solver::NKA        |   terminating due to preconditioner overflow: ||du_tmp||=3.1729e+20 ||du_tmp0||=11885.4
CycleDriver        |  
CycleDriver        |  Cycle 235: time = 11.4333 d, dt = 1.09564 h
CycleDriver        |  New time = 11.479 d
CycleDriver        |  
CycleDriver        |  Cycle 236: time = 11.479 d, dt = 1.09564 h
CycleDriver        |  New time = 11.5246 d
CycleDriver        |  
CycleDriver        |  Cycle 237: time = 11.5246 d, dt = 1.36955 h
Solver::NKA        |   terminating due to preconditioner overflow: ||du_tmp||=2.45557e+14 ||du_tmp0||=13329.7
CycleDriver        |  
CycleDriver        |  Cycle 237: time = 11.5246 d, dt = 1.09564 h
CycleDriver        |  New time = 11.5703 d
CycleDriver        |  
CycleDriver        |  Cycle 238: time = 11.5703 d, dt = 1.09564 h
CycleDriver        |  New time = 11.6159 d
CycleDriver        |  
CycleDriver        |  Cycle 239: time = 11.6159 d, dt = 1.36955 h
CycleDriver        |  New time = 11.673 d
CycleDriver        |  
CycleDriver        |  Cycle 240: time = 11.673 d, dt = 1.09564 h
CycleDriver        |  New time = 11.7187 d
CycleDriver        |  
CycleDriver        |  Cycle 241: time = 11.7187 d, dt = 1.09564 h
CycleDriver        |  New time = 11.7643 d
CycleDriver        |  
CycleDriver        |  Cycle 242: time = 11.7643 d, dt = 1.36955 h
Solver::NKA        |   terminating due to preconditioner overflow: ||du_tmp||=1.14278e+15 ||du_tmp0||=10756.9
CycleDriver        |  
CycleDriver        |  Cycle 242: time = 11.7643 d, dt = 1.09564 h
CycleDriver        |  New time = 11.81 d
CycleDriver        |  
CycleDriver        |  Cycle 243: time = 11.81 d, dt = 1.36955 h
CycleDriver        |  New time = 11.867 d
CycleDriver        |  
CycleDriver        |  Cycle 244: time = 11.867 d, dt = 1.36955 h
Solver::NKA        |   Solver is diverging repeatedly, terminating...
CycleDriver        |  
CycleDriver        |  Cycle 244: time = 11.867 d, dt = 1.09564 h
CycleDriver        |  New time = 11.9127 d
CycleDriver        |  
CycleDriver        |  Cycle 245: time = 11.9127 d, dt = 1.09564 h
CycleDriver        |  New time = 11.9583 d
CycleDriver        |  
CycleDriver        |  Cycle 246: time = 11.9583 d, dt = 1.36955 h
Solver::NKA        |   terminating due to preconditioner overflow: ||du_tmp||=2.07135e+14 ||du_tmp0||=13451.2
CycleDriver        |  
CycleDriver        |  Cycle 246: time = 11.9583 d, dt = 1.09564 h
CycleDriver        |  New time = 12.004 d
CycleDriver        |  
CycleDriver        |  Cycle 247: time = 12.004 d, dt = 1.09564 h
CycleDriver        |  New time = 12.0496 d
CycleDriver        |  
CycleDriver        |  Cycle 248: time = 12.0496 d, dt = 1.36955 h
Solver::NKA        |   terminating due to overflow ||du||=4.26578e+12, ||du_prev||=1195.12
CycleDriver        |  
CycleDriver        |  Cycle 248: time = 12.0496 d, dt = 1.09564 h
CycleDriver        |  New time = 12.0953 d
CycleDriver        |  
CycleDriver        |  Cycle 249: time = 12.0953 d, dt = 1.36955 h
Solver::NKA        |   terminating due to preconditioner overflow: ||du_tmp||=3.39911e+14 ||du_tmp0||=10409.5
CycleDriver        |  
CycleDriver        |  Cycle 249: time = 12.0953 d, dt = 1.09564 h
CycleDriver        |  New time = 12.1409 d
CycleDriver        |  
CycleDriver        |  Cycle 250: time = 12.1409 d, dt = 1.36955 h
CycleDriver        |  New time = 12.198 d
CycleDriver        |  
CycleDriver        |  Cycle 251: time = 12.198 d, dt = 1.09564 h
CycleDriver        |  New time = 12.2437 d
CycleDriver        |  
CycleDriver        |  Cycle 252: time = 12.2437 d, dt = 1.09564 h
CycleDriver        |  New time = 12.2893 d
CycleDriver        |  
CycleDriver        |  Cycle 253: time = 12.2893 d, dt = 1.36955 h
Solver::NKA        |   terminating due to preconditioner overflow: ||du_tmp||=1.77472e+15 ||du_tmp0||=13307.5
CycleDriver        |  
CycleDriver        |  Cycle 253: time = 12.2893 d, dt = 1.09564 h
CycleDriver        |  New time = 12.335 d
CycleDriver        |  
CycleDriver        |  Cycle 254: time = 12.335 d, dt = 1.09564 h
CycleDriver        |  New time = 12.3806 d
CycleDriver        |  
CycleDriver        |  Cycle 255: time = 12.3806 d, dt = 1.36955 h
CycleDriver        |  New time = 12.4377 d
CycleDriver        |  
CycleDriver        |  Cycle 256: time = 12.4377 d, dt = 1.09564 h
CycleDriver        |  New time = 12.4833 d
CycleDriver        |  
CycleDriver        |  Cycle 257: time = 12.4833 d, dt = 1.09564 h
CycleDriver        |  New time = 12.529 d
CycleDriver        |  
CycleDriver        |  Cycle 258: time = 12.529 d, dt = 1.36955 h
Solver::NKA        |   terminating due to preconditioner overflow: ||du_tmp||=4.3714e+14 ||du_tmp0||=10718.3
CycleDriver        |  
CycleDriver        |  Cycle 258: time = 12.529 d, dt = 1.09564 h
CycleDriver        |  New time = 12.5746 d
CycleDriver        |  
CycleDriver        |  Cycle 259: time = 12.5746 d, dt = 1.36955 h
CycleDriver        |  New time = 12.6317 d
CycleDriver        |  
CycleDriver        |  Cycle 260: time = 12.6317 d, dt = 1.36955 h
Solver::NKA        |   teminating due to l2-norm overflow: ||r||=4.42423e+08 ||r0||=0.0373868
CycleDriver        |  
CycleDriver        |  Cycle 260: time = 12.6317 d, dt = 1.09564 h
CycleDriver        |  New time = 12.6773 d
CycleDriver        |  
CycleDriver        |  Cycle 261: time = 12.6773 d, dt = 1.09564 h
CycleDriver        |  New time = 12.723 d
CycleDriver        |  
CycleDriver        |  Cycle 262: time = 12.723 d, dt = 1.36955 h
Solver::NKA        |   terminating due to preconditioner overflow: ||du_tmp||=1.97312e+14 ||du_tmp0||=13442.8
CycleDriver        |  
CycleDriver        |  Cycle 262: time = 12.723 d, dt = 1.09564 h
CycleDriver        |  New time = 12.7686 d
CycleDriver        |  
CycleDriver        |  Cycle 263: time = 12.7686 d, dt = 1.09564 h
CycleDriver        |  New time = 12.8143 d
CycleDriver        |  
CycleDriver        |  Cycle 264: time = 12.8143 d, dt = 1.36955 h
CycleDriver        |  
CycleDriver        |  Cycle 264: time = 12.8143 d, dt = 1.09564 h
CycleDriver        |  New time = 12.86 d
CycleDriver        |  
CycleDriver        |  Cycle 265: time = 12.86 d, dt = 1.36955 h
Solver::NKA        |   terminating due to preconditioner overflow: ||du_tmp||=1.32955e+15 ||du_tmp0||=10376.4
CycleDriver        |  
CycleDriver        |  Cycle 265: time = 12.86 d, dt = 1.09564 h
CycleDriver        |  New time = 12.9056 d
CycleDriver        |  
CycleDriver        |  Cycle 266: time = 12.9056 d, dt = 1.36955 h
CycleDriver        |  
CycleDriver        |  Cycle 266: time = 12.9056 d, dt = 1.09564 h
CycleDriver        |  New time = 12.9513 d
CycleDriver        |  
CycleDriver        |  Cycle 267: time = 12.9513 d, dt = 1.36955 h
Solver::NKA        |   terminating due to preconditioner overflow: ||du_tmp||=1.44702e+15 ||du_tmp0||=13038.4
CycleDriver        |  
CycleDriver        |  Cycle 267: time = 12.9513 d, dt = 1.09564 h
CycleDriver        |  New time = 12.9969 d
CycleDriver        |  
CycleDriver        |  Cycle 268: time = 12.9969 d, dt = 1.09564 h
CycleDriver        |  New time = 13.0426 d
CycleDriver        |  
CycleDriver        |  Cycle 269: time = 13.0426 d, dt = 1.36955 h
Solver::NKA        |   terminating due to preconditioner overflow: ||du_tmp||=2.72546e+24 ||du_tmp0||=13774.1
CycleDriver        |  
CycleDriver        |  Cycle 269: time = 13.0426 d, dt = 1.09564 h
CycleDriver        |  New time = 13.0882 d
CycleDriver        |  
CycleDriver        |  Cycle 270: time = 13.0882 d, dt = 1.09564 h
CycleDriver        |  New time = 13.1339 d
CycleDriver        |  
CycleDriver        |  Cycle 271: time = 13.1339 d, dt = 1.36955 h
CycleDriver        |  New time = 13.1909 d
CycleDriver        |  
CycleDriver        |  Cycle 272: time = 13.1909 d, dt = 1.36955 h
Solver::NKA        |   terminating due to preconditioner overflow: ||du_tmp||=2.01163e+18 ||du_tmp0||=9992.23
CycleDriver        |  
CycleDriver        |  Cycle 272: time = 13.1909 d, dt = 1.09564 h
CycleDriver        |  New time = 13.2366 d
CycleDriver        |  
CycleDriver        |  Cycle 273: time = 13.2366 d, dt = 1.09564 h
CycleDriver        |  New time = 13.2822 d
CycleDriver        |  
CycleDriver        |  Cycle 274: time = 13.2822 d, dt = 1.36955 h
Solver::NKA        |   terminating due to preconditioner overflow: ||du_tmp||=9.01676e+14 ||du_tmp0||=12449
CycleDriver        |  
CycleDriver        |  Cycle 274: time = 13.2822 d, dt = 1.09564 h
CycleDriver        |  New time = 13.3279 d
CycleDriver        |  
CycleDriver        |  Cycle 275: time = 13.3279 d, dt = 1.09564 h
CycleDriver        |  New time = 13.3735 d
CycleDriver        |  
CycleDriver        |  Cycle 276: time = 13.3735 d, dt = 1.36955 h
Solver::NKA        |   terminating due to preconditioner overflow: ||du_tmp||=3.44652e+14 ||du_tmp0||=13751.8
CycleDriver        |  
CycleDriver        |  Cycle 276: time = 13.3735 d, dt = 1.09564 h
CycleDriver        |  New time = 13.4192 d
CycleDriver        |  
CycleDriver        |  Cycle 277: time = 13.4192 d, dt = 1.09564 h
CycleDriver        |  New time = 13.4648 d
CycleDriver        |  
CycleDriver        |  Cycle 278: time = 13.4648 d, dt = 1.36955 h
CycleDriver        |  New time = 13.5219 d
CycleDriver        |  
CycleDriver        |  Cycle 279: time = 13.5219 d, dt = 1.36955 h
Solver::NKA        |   terminating due to preconditioner overflow: ||du_tmp||=5.46815e+17 ||du_tmp0||=9261.07
CycleDriver        |  
CycleDriver        |  Cycle 279: time = 13.5219 d, dt = 1.09564 h
CycleDriver        |  New time = 13.5676 d
CycleDriver        |  
CycleDriver        |  Cycle 280: time = 13.5676 d, dt = 1.09564 h
CycleDriver        |  New time = 13.6132 d
CycleDriver        |  
CycleDriver        |  Cycle 281: time = 13.6132 d, dt = 1.36955 h
Solver::NKA        |   terminating due to preconditioner overflow: ||du_tmp||=2.23555e+15 ||du_tmp0||=12014
CycleDriver        |  
CycleDriver        |  Cycle 281: time = 13.6132 d, dt = 1.09564 h
CycleDriver        |  New time = 13.6589 d
CycleDriver        |  
CycleDriver        |  Cycle 282: time = 13.6589 d, dt = 1.09564 h
CycleDriver        |  New time = 13.7045 d
CycleDriver        |  
CycleDriver        |  Cycle 283: time = 13.7045 d, dt = 1.36955 h
Solver::NKA        |   terminating due to preconditioner overflow: ||du_tmp||=1.59691e+14 ||du_tmp0||=13690.2
CycleDriver        |  
CycleDriver        |  Cycle 283: time = 13.7045 d, dt = 1.09564 h
CycleDriver        |  New time = 13.7502 d
CycleDriver        |  
CycleDriver        |  Cycle 284: time = 13.7502 d, dt = 1.09564 h
CycleDriver        |  New time = 13.7958 d
CycleDriver        |  
CycleDriver        |  Cycle 285: time = 13.7958 d, dt = 1.36955 h
CycleDriver        |  New time = 13.8529 d
CycleDriver        |  
CycleDriver        |  Cycle 286: time = 13.8529 d, dt = 1.36955 h
Solver::NKA        |   terminating due to preconditioner overflow: ||du_tmp||=1.72898e+17 ||du_tmp0||=8526.68
CycleDriver        |  
CycleDriver        |  Cycle 286: time = 13.8529 d, dt = 1.09564 h
CycleDriver        |  New time = 13.8985 d
CycleDriver        |  
CycleDriver        |  Cycle 287: time = 13.8985 d, dt = 1.09564 h
CycleDriver        |  New time = 13.9442 d
CycleDriver        |  
CycleDriver        |  Cycle 288: time = 13.9442 d, dt = 1.36955 h
Solver::NKA        |   terminating due to preconditioner overflow: ||du_tmp||=2.98791e+14 ||du_tmp0||=11525.9
CycleDriver        |  
CycleDriver        |  Cycle 288: time = 13.9442 d, dt = 1.09564 h
CycleDriver        |  New time = 13.9898 d
CycleDriver        |  
CycleDriver        |  Cycle 289: time = 13.9898 d, dt = 1.09564 h
CycleDriver        |  New time = 14.0355 d
CycleDriver        |  
CycleDriver        |  Cycle 290: time = 14.0355 d, dt = 1.36955 h
Solver::NKA        |   terminating due to preconditioner overflow: ||du_tmp||=5.93661e+14 ||du_tmp0||=13562
CycleDriver        |  
CycleDriver        |  Cycle 290: time = 14.0355 d, dt = 1.09564 h
CycleDriver        |  New time = 14.0811 d
CycleDriver        |  
CycleDriver        |  Cycle 291: time = 14.0811 d, dt = 1.09564 h
CycleDriver        |  New time = 14.1268 d
CycleDriver        |  
CycleDriver        |  Cycle 292: time = 14.1268 d, dt = 1.36955 h
CycleDriver        |  
CycleDriver        |  Cycle 292: time = 14.1268 d, dt = 1.09564 h
CycleDriver        |  New time = 14.1724 d
CycleDriver        |  
CycleDriver        |  Cycle 293: time = 14.1724 d, dt = 1.36955 h
Solver::NKA        |   terminating due to preconditioner overflow: ||du_tmp||=4.64386e+14 ||du_tmp0||=10096.8
CycleDriver        |  
CycleDriver        |  Cycle 293: time = 14.1724 d, dt = 1.09564 h
CycleDriver        |  New time = 14.2181 d
CycleDriver        |  
CycleDriver        |  Cycle 294: time = 14.2181 d, dt = 1.36955 h
CycleDriver        |  New time = 14.2752 d
CycleDriver        |  
CycleDriver        |  Cycle 295: time = 14.2752 d, dt = 1.36955 h
Solver::NKA        |   terminating due to preconditioner overflow: ||du_tmp||=6.88387e+19 ||du_tmp0||=11514.3
CycleDriver        |  
CycleDriver        |  Cycle 295: time = 14.2752 d, dt = 1.09564 h
CycleDriver        |  New time = 14.3208 d
CycleDriver        |  
CycleDriver        |  Cycle 296: time = 14.3208 d, dt = 1.09564 h
CycleDriver        |  New time = 14.3665 d
CycleDriver        |  
CycleDriver        |  Cycle 297: time = 14.3665 d, dt = 1.36955 h
Solver::NKA        |   terminating due to preconditioner overflow: ||du_tmp||=4.00617e+16 ||du_tmp0||=13192.4
CycleDriver        |  
CycleDriver        |  Cycle 297: time = 14.3665 d, dt = 1.09564 h
CycleDriver        |  New time = 14.4121 d
CycleDriver        |  
CycleDriver        |  Cycle 298: time = 14.4121 d, dt = 1.09564 h
CycleDriver        |  New time = 14.4578 d
CycleDriver        |  
CycleDriver        |  Cycle 299: time = 14.4578 d, dt = 1.36955 h
CycleDriver        |  
CycleDriver        |  Cycle 299: time = 14.4578 d, dt = 1.09564 h
CycleDriver        |   writing visualization file: domain
CycleDriver        |  New time = 14.5034 d
CycleDriver        |  
CycleDriver        |  Simulation end time: 3.15576e+11 sec.
CycleDriver        |  CPU time stamp: [00:00:10]
CycleDriver        |  
CycleDriver        |  Cycle 300: time = 14.5034 d, dt = 1.36955 h
Solver::NKA        |   terminating due to preconditioner overflow: ||du_tmp||=9.65832e+16 ||du_tmp0||=9370.36
CycleDriver        |  
CycleDriver        |  Simulation end time: 3.15576e+11 sec.
CycleDriver        |  CPU time stamp: [00:00:11]
CycleDriver        |  
CycleDriver        |  Cycle 300: time = 14.5034 d, dt = 1.09564 h
CycleDriver        |  New time = 14.5491 d
CycleDriver        |  
CycleDriver        |  Cycle 301: time = 14.5491 d, dt = 1.09564 h
CycleDriver        |  New time = 14.5947 d
CycleDriver        |  
CycleDriver        |  Cycle 302: time = 14.5947 d, dt = 1.36955 h
Solver::NKA        |   terminating due to preconditioner overflow: ||du_tmp||=1.85843e+15 ||du_tmp0||=12490.3
CycleDriver        |  
CycleDriver        |  Cycle 302: time = 14.5947 d, dt = 1.09564 h
CycleDriver        |  New time = 14.6404 d
CycleDriver        |  
CycleDriver        |  Cycle 303: time = 14.6404 d, dt = 1.09564 h
CycleDriver        |  New time = 14.686 d
CycleDriver        |  
CycleDriver        |  Cycle 304: time = 14.686 d, dt = 1.36955 h
Solver::NKA        |   terminating due to preconditioner overflow: ||du_tmp||=2.2519e+14 ||du_tmp0||=13778
CycleDriver        |  
CycleDriver        |  Cycle 304: time = 14.686 d, dt = 1.09564 h
CycleDriver        |  New time = 14.7317 d
CycleDriver        |  
CycleDriver        |  Cycle 305: time = 14.7317 d, dt = 1.09564 h
CycleDriver        |  New time = 14.7773 d
CycleDriver        |  
CycleDriver        |  Cycle 306: time = 14.7773 d, dt = 1.36955 h
CycleDriver        |  New time = 14.8344 d
CycleDriver        |  
CycleDriver        |  Cycle 307: time = 14.8344 d, dt = 1.36955 h
Solver::NKA        |   terminating due to preconditioner overflow: ||du_tmp||=3.41207e+17 ||du_tmp0||=8902.93
CycleDriver        |  
CycleDriver        |  Cycle 307: time = 14.8344 d, dt = 1.09564 h
CycleDriver        |  New time = 14.88 d
CycleDriver        |  
CycleDriver        |  Cycle 308: time = 14.88 d, dt = 1.09564 h
CycleDriver        |  New time = 14.9257 d
CycleDriver        |  
CycleDriver        |  Cycle 309: time = 14.9257 d, dt = 1.36955 h
Solver::NKA        |   terminating due to preconditioner overflow: ||du_tmp||=5.42003e+14 ||du_tmp0||=11772.9
CycleDriver        |  
CycleDriver        |  Cycle 309: time = 14.9257 d, dt = 1.09564 h
CycleDriver        |  New time = 14.9713 d
CycleDriver        |  
CycleDriver        |  Cycle 310: time = 14.9713 d, dt = 1.09564 h
CycleDriver        |  New time = 15.017 d
CycleDriver        |  
CycleDriver        |  Cycle 311: time = 15.017 d, dt = 1.36955 h
Solver::NKA        |   terminating due to preconditioner overflow: ||du_tmp||=1.95664e+18 ||du_tmp0||=13634.5
CycleDriver        |  
CycleDriver        |  Cycle 311: time = 15.017 d, dt = 1.09564 h
CycleDriver        |  New time = 15.0626 d
CycleDriver        |  
CycleDriver        |  Cycle 312: time = 15.0626 d, dt = 1.09564 h
CycleDriver        |  New time = 15.1083 d
CycleDriver        |  
CycleDriver        |  Cycle 313: time = 15.1083 d, dt = 1.36955 h
Solver::NKA        |   Solver is diverging repeatedly, terminating...
CycleDriver        |  
CycleDriver        |  Cycle 313: time = 15.1083 d, dt = 1.09564 h
CycleDriver        |  New time = 15.1539 d
CycleDriver        |  
CycleDriver        |  Cycle 314: time = 15.1539 d, dt = 1.36955 h
Solver::NKA        |   terminating due to preconditioner overflow: ||du_tmp||=8.12337e+17 ||du_tmp0||=10396.7
CycleDriver        |  
CycleDriver        |  Cycle 314: time = 15.1539 d, dt = 1.09564 h
CycleDriver        |  New time = 15.1996 d
CycleDriver        |  
CycleDriver        |  Cycle 315: time = 15.1996 d, dt = 1.36955 h
Solver::NKA        |   terminating due to overflow ||du||=14482.9, ||du_prev||=0.533787
CycleDriver        |  
CycleDriver        |  Cycle 315: time = 15.1996 d, dt = 1.09564 h
CycleDriver        |  New time = 15.2453 d
CycleDriver        |  
CycleDriver        |  Cycle 316: time = 15.2453 d, dt = 1.36955 h
Solver::NKA        |   terminating due to preconditioner overflow: ||du_tmp||=1.0974e+16 ||du_tmp0||=13037.8
CycleDriver        |  
CycleDriver        |  Cycle 316: time = 15.2453 d, dt = 1.09564 h
CycleDriver        |  New time = 15.2909 d
CycleDriver        |  
CycleDriver        |  Cycle 317: time = 15.2909 d, dt = 1.09564 h
CycleDriver        |  New time = 15.3366 d
CycleDriver        |  
CycleDriver        |  Cycle 318: time = 15.3366 d, dt = 1.36955 h
Solver::NKA        |   terminating due to preconditioner overflow: ||du_tmp||=2.45919e+24 ||du_tmp0||=13787
CycleDriver        |  
CycleDriver        |  Cycle 318: time = 15.3366 d, dt = 1.09564 h
CycleDriver        |  New time = 15.3822 d
CycleDriver        |  
CycleDriver        |  Cycle 319: time = 15.3822 d, dt = 1.09564 h
CycleDriver        |  New time = 15.4279 d
CycleDriver        |  
CycleDriver        |  Cycle 320: time = 15.4279 d, dt = 1.36955 h
CycleDriver        |  New time = 15.4849 d
CycleDriver        |  
CycleDriver        |  Cycle 321: time = 15.4849 d, dt = 1.36955 h
Solver::NKA        |   terminating due to preconditioner overflow: ||du_tmp||=1.90327e+18 ||du_tmp0||=9935.93
CycleDriver        |  
CycleDriver        |  Cycle 321: time = 15.4849 d, dt = 1.09564 h
CycleDriver        |  New time = 15.5306 d
CycleDriver        |  
CycleDriver        |  Cycle 322: time = 15.5306 d, dt = 1.09564 h
CycleDriver        |  New time = 15.5762 d
CycleDriver        |  
CycleDriver        |  Cycle 323: time = 15.5762 d, dt = 1.36955 h
Solver::NKA        |   terminating due to overflow ||du||=2.17182e+12, ||du_prev||=1.29712e+07
CycleDriver        |  
CycleDriver        |  Cycle 323: time = 15.5762 d, dt = 1.09564 h
CycleDriver        |  New time = 15.6219 d
CycleDriver        |  
CycleDriver        |  Cycle 324: time = 15.6219 d, dt = 1.09564 h
CycleDriver        |  New time = 15.6675 d
CycleDriver        |  
CycleDriver        |  Cycle 325: time = 15.6675 d, dt = 1.36955 h
Solver::NKA        |   terminating due to preconditioner overflow: ||du_tmp||=4.34802e+14 ||du_tmp0||=13751.7
CycleDriver        |  
CycleDriver        |  Cycle 325: time = 15.6675 d, dt = 1.09564 h
CycleDriver        |  New time = 15.7132 d
CycleDriver        |  
CycleDriver        |  Cycle 326: time = 15.7132 d, dt = 1.09564 h
CycleDriver        |  New time = 15.7588 d
CycleDriver        |  
CycleDriver        |  Cycle 327: time = 15.7588 d, dt = 1.36955 h
CycleDriver        |  New time = 15.8159 d
CycleDriver        |  
CycleDriver        |  Cycle 328: time = 15.8159 d, dt = 1.36955 h
CycleDriver        |  New time = 15.873 d
CycleDriver        |  
CycleDriver        |  Cycle 329: time = 15.873 d, dt = 1.36955 h
CycleDriver        |  New time = 15.93 d
CycleDriver        |  
CycleDriver        |  Cycle 330: time = 15.93 d, dt = 1.36955 h
CycleDriver        |  New time = 15.9871 d
CycleDriver        |  
CycleDriver        |  Cycle 331: time = 15.9871 d, dt = 1.36955 h
CycleDriver        |  New time = 16.0442 d
CycleDriver        |  
CycleDriver        |  Cycle 332: time = 16.0442 d, dt = 1.36955 h
CycleDriver        |  New time = 16.1012 d
CycleDriver        |  
CycleDriver        |  Cycle 333: time = 16.1012 d, dt = 1.36955 h
CycleDriver        |  New time = 16.1583 d
CycleDriver        |  
CycleDriver        |  Cycle 334: time = 16.1583 d, dt = 1.36955 h
CycleDriver        |  New time = 16.2153 d
CycleDriver        |  
CycleDriver        |  Cycle 335: time = 16.2153 d, dt = 1.71194 h
CycleDriver        |  New time = 16.2867 d
CycleDriver        |  
CycleDriver        |  Cycle 336: time = 16.2867 d, dt = 2.13992 h
CycleDriver        |  New time = 16.3758 d
CycleDriver        |  
CycleDriver        |  Cycle 337: time = 16.3758 d, dt = 2.13992 h
CycleDriver        |  New time = 16.465 d
CycleDriver        |  
CycleDriver        |  Cycle 338: time = 16.465 d, dt = 2.13992 h
CycleDriver        |  New time = 16.5542 d
CycleDriver        |  
CycleDriver        |  Cycle 339: time = 16.5542 d, dt = 2.13992 h
CycleDriver        |  New time = 16.6433 d
CycleDriver        |  
CycleDriver        |  Cycle 340: time = 16.6433 d, dt = 2.6749 h
CycleDriver        |  New time = 16.7548 d
CycleDriver        |  
CycleDriver        |  Cycle 341: time = 16.7548 d, dt = 2.6749 h
CycleDriver        |  New time = 16.8662 d
CycleDriver        |  
CycleDriver        |  Cycle 342: time = 16.8662 d, dt = 3.34363 h
CycleDriver        |  New time = 17.0056 d
CycleDriver        |  
CycleDriver        |  Cycle 343: time = 17.0056 d, dt = 4.17954 h
CycleDriver        |  New time = 17.1797 d
CycleDriver        |  
CycleDriver        |  Cycle 344: time = 17.1797 d, dt = 0.217684 d
CycleDriver        |  New time = 17.3974 d
CycleDriver        |  
CycleDriver        |  Cycle 345: time = 17.3974 d, dt = 0.217684 d
CycleDriver        |  New time = 17.6151 d
CycleDriver        |  
CycleDriver        |  Cycle 346: time = 17.6151 d, dt = 0.272105 d
CycleDriver        |  New time = 17.8872 d
CycleDriver        |  
CycleDriver        |  Cycle 347: time = 17.8872 d, dt = 0.340131 d
CycleDriver        |  New time = 18.2273 d
CycleDriver        |  
CycleDriver        |  Cycle 348: time = 18.2273 d, dt = 0.425164 d
CycleDriver        |  New time = 18.6525 d
CycleDriver        |  
CycleDriver        |  Cycle 349: time = 18.6525 d, dt = 0.531455 d
CycleDriver        |  New time = 0.0525587 noleap
CycleDriver        |  
CycleDriver        |  Cycle 350: time = 0.0525587 noleap, dt = 0.664319 d
CycleDriver        |  New time = 0.0543788 noleap
CycleDriver        |  
CycleDriver        |  Cycle 351: time = 0.0543788 noleap, dt = 0.830399 d
CycleDriver        |  New time = 0.0566538 noleap
CycleDriver        |  
CycleDriver        |  Cycle 352: time = 0.0566538 noleap, dt = 1.038 d
CycleDriver        |  New time = 0.0594977 noleap
CycleDriver        |  
CycleDriver        |  Cycle 353: time = 0.0594977 noleap, dt = 1.2975 d
CycleDriver        |  New time = 0.0630525 noleap
CycleDriver        |  
CycleDriver        |  Cycle 354: time = 0.0630525 noleap, dt = 1.62187 d
CycleDriver        |  New time = 0.0674959 noleap
CycleDriver        |  
CycleDriver        |  Cycle 355: time = 0.0674959 noleap, dt = 2.02734 d
CycleDriver        |  New time = 0.0730503 noleap
CycleDriver        |  
CycleDriver        |  Cycle 356: time = 0.0730503 noleap, dt = 2.53418 d
CycleDriver        |  New time = 0.0799933 noleap
CycleDriver        |  
CycleDriver        |  Cycle 357: time = 0.0799933 noleap, dt = 3.16772 d
CycleDriver        |  New time = 0.0886719 noleap
CycleDriver        |  
CycleDriver        |  Cycle 358: time = 0.0886719 noleap, dt = 3.95965 d
CycleDriver        |  New time = 0.0995203 noleap
CycleDriver        |  
CycleDriver        |  Cycle 359: time = 0.0995203 noleap, dt = 4.94956 d
CycleDriver        |  New time = 0.113081 noleap
CycleDriver        |  
CycleDriver        |  Cycle 360: time = 0.113081 noleap, dt = 6.18696 d
CycleDriver        |  New time = 0.130031 noleap
CycleDriver        |  
CycleDriver        |  Cycle 361: time = 0.130031 noleap, dt = 7.73369 d
CycleDriver        |  New time = 0.15122 noleap
CycleDriver        |  
CycleDriver        |  Cycle 362: time = 0.15122 noleap, dt = 9.66712 d
CycleDriver        |  New time = 0.177705 noleap
CycleDriver        |  
CycleDriver        |  Cycle 363: time = 0.177705 noleap, dt = 12.0839 d
CycleDriver        |  New time = 0.210811 noleap
CycleDriver        |  
CycleDriver        |  Cycle 364: time = 0.210811 noleap, dt = 15.1049 d
CycleDriver        |  New time = 0.252195 noleap
CycleDriver        |  
CycleDriver        |  Cycle 365: time = 0.252195 noleap, dt = 18.8811 d
CycleDriver        |  New time = 0.303924 noleap
CycleDriver        |  
CycleDriver        |  Cycle 366: time = 0.303924 noleap, dt = 0.0646613 noleap
CycleDriver        |  New time = 0.368585 noleap
CycleDriver        |  
CycleDriver        |  Cycle 367: time = 0.368585 noleap, dt = 0.0808266 noleap
CycleDriver        |  New time = 0.449411 noleap
CycleDriver        |  
CycleDriver        |  Cycle 368: time = 0.449411 noleap, dt = 0.101033 noleap
CycleDriver        |  New time = 0.550445 noleap
CycleDriver        |  
CycleDriver        |  Cycle 369: time = 0.550445 noleap, dt = 0.126292 noleap
CycleDriver        |  New time = 0.676736 noleap
CycleDriver        |  
CycleDriver        |  Cycle 370: time = 0.676736 noleap, dt = 0.157864 noleap
CycleDriver        |  New time = 0.834601 noleap
CycleDriver        |  
CycleDriver        |  Cycle 371: time = 0.834601 noleap, dt = 0.197331 noleap
CycleDriver        |  New time = 1.03122 y
CycleDriver        |  
CycleDriver        |  Cycle 372: time = 1.03122 y, dt = 0.246663 noleap
CycleDriver        |  New time = 1.27772 y
CycleDriver        |  
CycleDriver        |  Cycle 373: time = 1.27772 y, dt = 0.308329 noleap
CycleDriver        |  New time = 1.58584 y
CycleDriver        |  
CycleDriver        |  Cycle 374: time = 1.58584 y, dt = 0.385411 noleap
CycleDriver        |  New time = 1.97098 y
CycleDriver        |  
CycleDriver        |  Cycle 375: time = 1.97098 y, dt = 0.481764 noleap
CycleDriver        |  New time = 2.45242 y
CycleDriver        |  
CycleDriver        |  Cycle 376: time = 2.45242 y, dt = 0.602205 noleap
CycleDriver        |  New time = 3.05421 y
CycleDriver        |  
CycleDriver        |  Cycle 377: time = 3.05421 y, dt = 0.752756 noleap
CycleDriver        |  New time = 3.80645 y
CycleDriver        |  
CycleDriver        |  Cycle 378: time = 3.80645 y, dt = 0.940945 noleap
CycleDriver        |  New time = 4.74675 y
CycleDriver        |  
CycleDriver        |  Cycle 379: time = 4.74675 y, dt = 1.17538 y
CycleDriver        |  New time = 5.92213 y
CycleDriver        |  
CycleDriver        |  Cycle 380: time = 5.92213 y, dt = 1.46922 y
CycleDriver        |  New time = 7.39135 y
CycleDriver        |  
CycleDriver        |  Cycle 381: time = 7.39135 y, dt = 1.83653 y
CycleDriver        |  New time = 9.22788 y
CycleDriver        |  
CycleDriver        |  Cycle 382: time = 9.22788 y, dt = 2.29566 y
CycleDriver        |  New time = 11.5235 y
CycleDriver        |  
CycleDriver        |  Cycle 383: time = 11.5235 y, dt = 2.86957 y
CycleDriver        |  New time = 14.3931 y
CycleDriver        |  
CycleDriver        |  Cycle 384: time = 14.3931 y, dt = 3.58696 y
CycleDriver        |  New time = 17.9801 y
CycleDriver        |  
CycleDriver        |  Cycle 385: time = 17.9801 y, dt = 4.48371 y
CycleDriver        |  New time = 22.4638 y
CycleDriver        |  
CycleDriver        |  Cycle 386: time = 22.4638 y, dt = 5.60463 y
CycleDriver        |  New time = 28.0684 y
CycleDriver        |  
CycleDriver        |  Cycle 387: time = 28.0684 y, dt = 7.00579 y
CycleDriver        |  New time = 35.0742 y
CycleDriver        |  
CycleDriver        |  Cycle 388: time = 35.0742 y, dt = 8.75724 y
CycleDriver        |  New time = 43.8314 y
CycleDriver        |  
CycleDriver        |  Cycle 389: time = 43.8314 y, dt = 10.9465 y
CycleDriver        |  New time = 54.778 y
CycleDriver        |  
CycleDriver        |  Cycle 390: time = 54.778 y, dt = 13.6832 y
CycleDriver        |  New time = 68.4612 y
CycleDriver        |  
CycleDriver        |  Cycle 391: time = 68.4612 y, dt = 17.104 y
CycleDriver        |  New time = 85.5651 y
CycleDriver        |  
CycleDriver        |  Cycle 392: time = 85.5651 y, dt = 21.38 y
CycleDriver        |  New time = 106.945 y
CycleDriver        |  
CycleDriver        |  Cycle 393: time = 106.945 y, dt = 26.725 y
CycleDriver        |  New time = 133.67 y
CycleDriver        |  
CycleDriver        |  Cycle 394: time = 133.67 y, dt = 33.4062 y
CycleDriver        |  New time = 167.076 y
CycleDriver        |  
CycleDriver        |  Cycle 395: time = 167.076 y, dt = 41.7578 y
CycleDriver        |  New time = 208.834 y
CycleDriver        |  
CycleDriver        |  Cycle 396: time = 208.834 y, dt = 52.1972 y
CycleDriver        |  New time = 261.031 y
CycleDriver        |  
CycleDriver        |  Cycle 397: time = 261.031 y, dt = 65.2465 y
CycleDriver        |  New time = 326.278 y
CycleDriver        |  
CycleDriver        |  Cycle 398: time = 326.278 y, dt = 81.5581 y
CycleDriver        |  New time = 407.836 y
CycleDriver        |  
CycleDriver        |  Cycle 399: time = 407.836 y, dt = 101.948 y
CycleDriver        |   writing visualization file: domain
CycleDriver        |  New time = 509.784 y
CycleDriver        |  
CycleDriver        |  Simulation end time: 3.15576e+11 sec.
CycleDriver        |  CPU time stamp: [00:00:12]
CycleDriver        |  
CycleDriver        |  Cycle 400: time = 509.784 y, dt = 127.435 y
CycleDriver        |  New time = 637.218 y
CycleDriver        |  
CycleDriver        |  Cycle 401: time = 637.218 y, dt = 159.293 y
CycleDriver        |  New time = 796.511 y
CycleDriver        |  
CycleDriver        |  Cycle 402: time = 796.511 y, dt = 199.117 y
CycleDriver        |  New time = 995.628 y
CycleDriver        |  
CycleDriver        |  Cycle 403: time = 995.628 y, dt = 248.896 y
CycleDriver        |  New time = 1244.52 y
CycleDriver        |  
CycleDriver        |  Cycle 404: time = 1244.52 y, dt = 311.12 y
CycleDriver        |  New time = 1555.64 y
CycleDriver        |  
CycleDriver        |  Cycle 405: time = 1555.64 y, dt = 388.899 y
CycleDriver        |  New time = 1944.54 y
CycleDriver        |  
CycleDriver        |  Cycle 406: time = 1944.54 y, dt = 486.124 y
CycleDriver        |  New time = 2430.67 y
CycleDriver        |  
CycleDriver        |  Cycle 407: time = 2430.67 y, dt = 607.655 y
CycleDriver        |  New time = 3038.32 y
CycleDriver        |  
CycleDriver        |  Cycle 408: time = 3038.32 y, dt = 759.569 y
CycleDriver        |  New time = 3797.89 y
CycleDriver        |  
CycleDriver        |  Cycle 409: time = 3797.89 y, dt = 949.462 y
CycleDriver        |   Resetting time step to the maximum allowed of 1000 y
CycleDriver        |  New time = 4747.35 y
CycleDriver        |  
CycleDriver        |  Cycle 410: time = 4747.35 y, dt = 1000 y
CycleDriver        |   Resetting time step to the maximum allowed of 1000 y
CycleDriver        |  New time = 5747.35 y
CycleDriver        |  
CycleDriver        |  Cycle 411: time = 5747.35 y, dt = 1000 y
CycleDriver        |   Resetting time step to the maximum allowed of 1000 y
CycleDriver        |  New time = 6747.35 y
CycleDriver        |  
CycleDriver        |  Cycle 412: time = 6747.35 y, dt = 1000 y
CycleDriver        |   Resetting time step to the maximum allowed of 1000 y
CycleDriver        |  New time = 7747.35 y
CycleDriver        |  
CycleDriver        |  Cycle 413: time = 7747.35 y, dt = 1000 y
CycleDriver        |  New time = 8747.35 y
CycleDriver        |  
CycleDriver        |  Cycle 414: time = 8747.35 y, dt = 626.323 y
CycleDriver        |  New time = 9373.68 y
CycleDriver        |  
CycleDriver        |  Cycle 415: time = 9373.68 y, dt = 626.323 y
CycleDriver        |   Resetting time step to the maximum allowed of 1000 y
CycleDriver        |   writing visualization file: domain
CycleDriver        |   writing observations... 12
CycleDriver        |   writing checkpoint file
CycleDriver        |  New time = 10000 y
CycleDriver        |  ======================================================================
CycleDriver        |  Simulation made 416 cycles.
CycleDriver        |  All meshes combined have 200 cells.
CycleDriver        |  Memory usage (high water mark):
CycleDriver        |    Maximum per core:     696.9 MBytes,  maximum per cell: 3653795.8 Bytes
CycleDriver        |    Minumum per core:     696.9 MBytes,  minimum per cell: 3653795.8 Bytes
CycleDriver        |    Total:                696.9 MBytes,  total per cell:   3653795.8 Bytes
CycleDriver        |  Doubles allocated in state fields 
CycleDriver        |    Maximum per core:   0.0916595 MBytes
CycleDriver        |    Minimum per core:   0.0916595 MBytes
CycleDriver        |    Total:              0.0916595 MBytes
================================================================================

                      TimeMonitor results over 1 processor

Timer Name                  Global time (num calls)    
--------------------------------------------------------------------------------
Full Simulation             11.74 (1)                  
Geometric Model Creation    2e-05 (1)                  
Mesh Creation               0.009225 (1)               
================================================================================
Amanzi::SIMULATION_SUCCESSFUL

