        690.000
          0.000          1.000          2.000          4.000         10.000         18.000
         24.000         30.000         60.000         90.000        120.000        150.000
        180.000        210.000        240.000        270.000
          0.000
1    DISTRIBUTION OF CHEMICAL AT TIME  0.1210E+09
   2.622282E-04
   2.621885E-04
   2.620694E-04
   2.615935E-04
   2.582883E-04
   2.496934E-04
   2.403921E-04
   2.289795E-04
   1.537805E-04
   8.116704E-05
   3.464291E-05
   1.227551E-05
   3.686367E-06
   9.513356E-07
   2.150226E-07
   5.834546E-08
