1



      FIGURE 10.  AREAL TRANSPORT FROM A PLANAR SOURCE - 1400 DAYS                   


 
     NO. OF POINTS IN X-DIRECTION ......................   50
     NO. OF POINTS IN Y-DIRECTION ......................    1
     NO. OF POINTS IN Z-DIRECTION ......................    1
     PLOT CONTROL: =  0,
                   =  1 FOR BREAKTHROUGH CURVES,
                   =  2 FOR CONTOUR PLOT - ASCII DUMP,
                   = -2 FOR CONTOUR PLOT - BINARY DUMP,
                   =  3 FOR BREAKTHROUGH CURVES AND
                        AND CONTOUR PLOT - ASCII DUMP,
                   = -3 FOR BREAKTHROUGH CURVES AND
                        AND CONTOUR PLOT - BINARY DUMP..    2
     NO. OF BEGINNING TIME STEPS .......................    1
     NO. OF ENDING TIME STEP ...........................    1
     NO. OF TIME INTERVALS FOR PRINTED OUT SOLUTION ....    1

 
     INSTANTANEOUS SOURCE CONTROL = 0 FOR INSTANT SOURCE    1
     SOURCE CONDITION CONTROL = 0 FOR STEADY SOURCE ....    0
     INTERMITTENT OUTPUT CONTROL = 0 NO SUCH OUTPUT ....    0
     CASE CONTROL = 1 FOR CHEMICAL CONSISTENT UNITS,
                  = 2 FOR CHEMICAL ORIGINAL UNITS, 
                  = 3 RADIATION.........................    1
     WIDTH CONTROL = 0 INFINITE WIDTH,
                   = 1 FINITE WIDTH Y = 0 TO Y = B,
                   = 2 FINITE WIDTH Y = -B/2 TO Y = B/2.    1
     DEPTH CONTROL = 0 INFINITE DEPTH,
                   = 1 FINITE DEPTH ....................    1
     INTEGRATION CONTROL
      = 0 COMPOSITE TRAPEZOIDAL,
      = 1 FOR ROMBERG EXTRAPOLATION
      = 2 COMPOSITE TRAPEZOIDAL WITH PARTITIONING
      = 3 FOR ROMBERG WITH WITH PARTITIONING ...........    2

 
     AQUIFER DEPTH, = 0.0 FOR INFINITE DEEP ............  0.1000E+01
     AQUIFER WIDTH, = 0.0 FOR INFINITE WIDE ........ ...  0.2775E+03
     BEGIN POINT OF X-SOURCE LOCATION ........ .........  0.2698E+03
     END POINT OF X-SOURCE LOCATION ....................  0.2702E+03
     BEGIN POINT OF Y-SOURCE LOCATION ..................  0.0000E+00
     END POINT OF Y-SOURCE LOCATION ....................  0.2344E+00
     BEGIN POINT OF Z-SOURCE LOCATION ..................  0.0000E+00
     END POINT OF Z-SOURCE LOCATION ....................  0.1000E+01

 
     POROSITY ..........................................  0.3500E+00
     HYDRAULIC CONDUCTIVITY ............................  0.1000E+01
     HYDRAULIC GRADIENT ................................  0.1863E-05
     LONGITIDUNAL DISPERSIVITY .........................  0.2130E+02
     LATERAL DISPERSIVITY ..............................  0.4300E+01
     VERTICAL DISPERSIVITY .............................  0.4300E+01
     DISTRIBUTION COEFFICIENT, KD ......................  0.0000E+00

 
     MOLECULAR DIFFUSION MULTIPLY BY TOROSITY .........   0.0000E+00
     DECAY CONSTANT (PER UNIT TIME) ....................  0.0000E+00
     BULK DENSITY OF THE SOIL ..........................  0.1231E+01
     ACCURACY TOLERANCE FOR REACHING STEADY STATE ......  0.1000E-02
     APPROXIMATE VALUE FOR ZERO FOR PULSE SOLUTION......  0.1000E+01
     TIME INTERVAL SIZE FOR THE DESIRED SOLUTION .......  0.1210E+09
     DISCHARGE TIME ....................................  0.1210E+09
     WASTE RELEASE RATE ................................  0.4074E-07

0
     RETARDATION FACTOR ................................  0.1000E+01
     RETARDED DARCY VELOCITY ...........................  0.5324E-05
     RETARDED LONGITUDINAL DISPERSION COEF. ............  0.1134E-03
     RETARDED LATERAL DIEPSERSION COEFFICIENT .........   0.2289E-04
     RETARDED VERTICAL DISPERSION COEFFICIENT ..........  0.2289E-04

1    DISTRIBUTION OF CHEMICAL AT TIME  0.1210E+09
0                    Z =       0.00
                                                             X
   Y           0.         30.         60.         90.        120.        150.        180.        210.        240.        250.
                                                                                                                             
    0.   0.110E-08   0.478E-08   0.209E-07   0.921E-07   0.411E-06   0.187E-05   0.872E-05   0.428E-04   0.236E-03   0.444E-03
0                                                  CONTINUE
                                                             X
   Y         260.        265.        268.        270.        272.        275.        280.        290.        300.        330.
                                                                                                                             
    0.   0.920E-03   0.147E-02   0.220E-02   0.378E-02   0.241E-02   0.185E-02   0.147E-02   0.114E-02   0.965E-03   0.717E-03
0                                                  CONTINUE
                                                             X
   Y         360.        390.        420.        450.        480.        510.        540.        570.        600.        630.
                                                                                                                             
    0.   0.597E-03   0.522E-03   0.470E-03   0.431E-03   0.400E-03   0.374E-03   0.352E-03   0.332E-03   0.314E-03   0.296E-03
0                                                  CONTINUE
                                                             X
   Y         660.        690.        720.        750.        780.        810.        840.        870.        900.        930.
                                                                                                                             
    0.   0.279E-03   0.262E-03   0.245E-03   0.226E-03   0.207E-03   0.187E-03   0.166E-03   0.146E-03   0.126E-03   0.106E-03
0                                                  CONTINUE
                                                             X
   Y         960.        990.       1020.       1050.       1080.       1110.       1140.       1170.       1200.       1230.
                                                                                                                             
    0.   0.876E-04   0.709E-04   0.560E-04   0.432E-04   0.325E-04   0.238E-04   0.170E-04   0.118E-04   0.800E-05   0.526E-05
