# Time          1.5000E+00
# Units: Mol/m^3 porous medium
    Distance     >SiOH          >FeOH          >AlOH          >SiOUO3H3++    >SiOUO3H2+     >SiOUO3H       >SiOUO3-       >SiOUO2(OH)2-  >FeOHUO3       >FeOHUO2++     >AlOUO2+      
   5.000000E-01   6.359800E-03   2.135434E-04   7.365133E-04   2.834772E-13   2.378310E-10   1.995348E-07   1.131798E-11   1.131798E-11   9.037773E-07   6.145553E-03   5.623487E-03
   1.500000E+00   6.359800E-03   2.135836E-04   7.365372E-04   2.834220E-13   2.378223E-10   1.995591E-07   1.132114E-11   1.132114E-11   9.040572E-07   6.145512E-03   5.623463E-03
   2.500000E+00   6.359800E-03   2.136217E-04   7.365544E-04   2.833696E-13   2.378160E-10   1.995854E-07   1.132443E-11   1.132443E-11   9.043378E-07   6.145474E-03   5.623446E-03
   3.500000E+00   6.359800E-03   2.136599E-04   7.365717E-04   2.833173E-13   2.378097E-10   1.996117E-07   1.132772E-11   1.132772E-11   9.046185E-07   6.145436E-03   5.623428E-03
   4.500000E+00   6.359800E-03   2.136980E-04   7.365889E-04   2.832649E-13   2.378034E-10   1.996380E-07   1.133100E-11   1.133100E-11   9.048994E-07   6.145397E-03   5.623411E-03
   5.500000E+00   6.359800E-03   2.137362E-04   7.366061E-04   2.832125E-13   2.377971E-10   1.996644E-07   1.133429E-11   1.133429E-11   9.051804E-07   6.145359E-03   5.623394E-03
   6.500000E+00   6.359800E-03   2.137744E-04   7.366234E-04   2.831602E-13   2.377908E-10   1.996907E-07   1.133759E-11   1.133759E-11   9.054616E-07   6.145320E-03   5.623377E-03
   7.500000E+00   6.359800E-03   2.138125E-04   7.366406E-04   2.831079E-13   2.377845E-10   1.997171E-07   1.134088E-11   1.134088E-11   9.057428E-07   6.145282E-03   5.623359E-03
   8.500000E+00   6.359800E-03   2.138507E-04   7.366578E-04   2.830555E-13   2.377782E-10   1.997434E-07   1.134417E-11   1.134417E-11   9.060242E-07   6.145243E-03   5.623342E-03
   9.500000E+00   6.359800E-03   2.138890E-04   7.366751E-04   2.830032E-13   2.377719E-10   1.997698E-07   1.134747E-11   1.134747E-11   9.063058E-07   6.145205E-03   5.623325E-03
   1.050000E+01   6.359800E-03   2.139272E-04   7.366923E-04   2.829508E-13   2.377656E-10   1.997962E-07   1.135077E-11   1.135077E-11   9.065874E-07   6.145166E-03   5.623308E-03
   1.150000E+01   6.359800E-03   2.139654E-04   7.367095E-04   2.828985E-13   2.377593E-10   1.998226E-07   1.135406E-11   1.135406E-11   9.068692E-07   6.145128E-03   5.623290E-03
   1.250000E+01   6.359800E-03   2.140036E-04   7.367268E-04   2.828462E-13   2.377530E-10   1.998489E-07   1.135736E-11   1.135736E-11   9.071511E-07   6.145089E-03   5.623273E-03
   1.350000E+01   6.359800E-03   2.140419E-04   7.367440E-04   2.827938E-13   2.377468E-10   1.998754E-07   1.136067E-11   1.136067E-11   9.074331E-07   6.145051E-03   5.623256E-03
   1.450000E+01   6.359800E-03   2.140802E-04   7.367612E-04   2.827415E-13   2.377405E-10   1.999018E-07   1.136397E-11   1.136397E-11   9.077153E-07   6.145012E-03   5.623239E-03
   1.550000E+01   6.359800E-03   2.141184E-04   7.367784E-04   2.826892E-13   2.377342E-10   1.999282E-07   1.136727E-11   1.136727E-11   9.079976E-07   6.144974E-03   5.623222E-03
   1.650000E+01   6.359800E-03   2.141567E-04   7.367957E-04   2.826369E-13   2.377279E-10   1.999546E-07   1.137058E-11   1.137058E-11   9.082800E-07   6.144935E-03   5.623204E-03
   1.750000E+01   6.359800E-03   2.141950E-04   7.368129E-04   2.825846E-13   2.377216E-10   1.999810E-07   1.137389E-11   1.137389E-11   9.085625E-07   6.144896E-03   5.623187E-03
   1.850000E+01   6.359800E-03   2.142333E-04   7.368301E-04   2.825323E-13   2.377153E-10   2.000075E-07   1.137720E-11   1.137720E-11   9.088452E-07   6.144858E-03   5.623170E-03
   1.950000E+01   6.359800E-03   2.142717E-04   7.368474E-04   2.824799E-13   2.377090E-10   2.000339E-07   1.138051E-11   1.138051E-11   9.091280E-07   6.144819E-03   5.623153E-03
   2.050000E+01   6.359800E-03   2.143100E-04   7.368647E-04   2.824276E-13   2.377027E-10   2.000604E-07   1.138382E-11   1.138382E-11   9.094110E-07   6.144781E-03   5.623135E-03
   2.150000E+01   6.359800E-03   2.143485E-04   7.368823E-04   2.823751E-13   2.376963E-10   2.000867E-07   1.138713E-11   1.138713E-11   9.096941E-07   6.144742E-03   5.623118E-03
   2.250000E+01   6.359800E-03   2.143872E-04   7.369005E-04   2.823224E-13   2.376896E-10   2.001129E-07   1.139043E-11   1.139043E-11   9.099774E-07   6.144703E-03   5.623100E-03
   2.350000E+01   6.359800E-03   2.144265E-04   7.369205E-04   2.822688E-13   2.376823E-10   2.001386E-07   1.139370E-11   1.139370E-11   9.102610E-07   6.144663E-03   5.623080E-03
   2.450000E+01   6.359800E-03   2.144673E-04   7.369449E-04   2.822132E-13   2.376734E-10   2.001630E-07   1.139691E-11   1.139691E-11   9.105453E-07   6.144622E-03   5.623055E-03
   2.550000E+01   6.359800E-03   2.145119E-04   7.369807E-04   2.821524E-13   2.376604E-10   2.001842E-07   1.139994E-11   1.139994E-11   9.108309E-07   6.144577E-03   5.623019E-03
   2.650000E+01   6.359800E-03   2.146033E-04   7.371641E-04   2.820281E-13   2.375935E-10   2.001598E-07   1.140037E-11   1.140037E-11   9.111081E-07   6.144486E-03   5.622836E-03
   2.750000E+01   6.359800E-03   2.148296E-04   7.377741E-04   2.817206E-13   2.373713E-10   2.000036E-07   1.139324E-11   1.139324E-11   9.113571E-07   6.144259E-03   5.622226E-03
   2.850000E+01   6.359800E-03   2.153435E-04   7.392932E-04   2.810248E-13   2.368196E-10   1.995678E-07   1.137007E-11   1.137007E-11   9.115466E-07   6.143745E-03   5.620707E-03
   2.950000E+01   6.359801E-03   2.164430E-04   7.426609E-04   2.795472E-13   2.356044E-10   1.985691E-07   1.131462E-11   1.131462E-11   9.116159E-07   6.142645E-03   5.617339E-03
   3.050000E+01   6.359803E-03   2.186880E-04   7.496360E-04   2.765765E-13   2.331225E-10   1.964957E-07   1.119752E-11   1.119752E-11   9.114532E-07   6.140401E-03   5.610364E-03
   3.150000E+01   6.359807E-03   2.232070E-04   7.637411E-04   2.707778E-13   2.282419E-10   1.923880E-07   1.096378E-11   1.096378E-11   9.108393E-07   6.135882E-03   5.596259E-03
   3.250000E+01   6.359815E-03   2.322368E-04   7.918701E-04   2.598668E-13   2.190281E-10   1.846072E-07   1.051956E-11   1.051956E-11   9.093588E-07   6.126854E-03   5.568130E-03
   3.350000E+01   6.359830E-03   2.509674E-04   8.496740E-04   2.397375E-13   2.020088E-10   1.702177E-07   9.697036E-12   9.697036E-12   9.061011E-07   6.108126E-03   5.510326E-03
   3.450000E+01   6.359855E-03   2.926838E-04   9.754688E-04   2.041647E-13   1.719419E-10   1.448047E-07   8.244863E-12   8.244863E-12   8.989469E-07   6.066417E-03   5.384531E-03
   3.550000E+01   6.359896E-03   4.005007E-04   1.282570E-03   1.465521E-13   1.233141E-10   1.037608E-07   5.902746E-12   5.902746E-12   8.814278E-07   5.958618E-03   5.077430E-03
   3.650000E+01   6.359952E-03   7.995348E-04   2.232623E-03   6.849569E-14   5.758540E-11   4.841295E-08   2.751760E-12   2.751760E-12   8.210037E-07   5.559644E-03   4.127377E-03
   3.750000E+01   6.359990E-03   2.545024E-03   4.547849E-03   1.476359E-14   1.241209E-11   1.043512E-08   5.931303E-13   5.931303E-13   5.632912E-07   3.814413E-03   1.812151E-03
   3.850000E+01   6.359999E-03   5.325530E-03   6.047654E-03   1.913145E-15   1.608815E-12   1.352896E-09   7.691701E-14   7.691701E-14   1.528165E-07   1.034317E-03   3.123461E-04
   3.950000E+01   6.360000E-03   6.215213E-03   6.320841E-03   2.294386E-16   1.929801E-13   1.623150E-10   9.230058E-15   9.230058E-15   2.139723E-08   1.447657E-04   3.915890E-05
   4.050000E+01   6.360000E-03   6.341703E-03   6.355123E-03   2.841683E-17   2.390586E-14   2.011098E-11   1.143831E-15   1.143831E-15   2.705091E-09   1.829467E-05   4.877209E-06
   4.150000E+01   6.360000E-03   6.357616E-03   6.359366E-03   3.693584E-18   3.107832E-15   2.614972E-12   1.487567E-16   1.487567E-16   3.526178E-10   2.383885E-06   6.344746E-07
   4.250000E+01   6.360000E-03   6.359675E-03   6.359913E-03   5.039289E-19   4.240901E-16   3.569004E-13   2.030653E-17   2.030653E-17   4.814208E-11   3.253473E-07   8.658693E-08
   4.350000E+01   6.360000E-03   6.359953E-03   6.359988E-03   7.238282E-20   6.092599E-17   5.128255E-14   2.918345E-18   2.918345E-18   6.917776E-12   4.673395E-08   1.243947E-08
   4.450000E+01   6.360000E-03   6.359993E-03   6.359998E-03   1.122239E-20   9.447776E-18   7.953785E-15   4.527078E-19   4.527078E-19   1.072935E-12   7.245778E-09   1.928988E-09
   4.550000E+01   6.360000E-03   6.359999E-03   6.360000E-03   1.954003E-21   1.645303E-18   1.385372E-15   7.886547E-20   7.886547E-20   1.868815E-13   1.261611E-09   3.359278E-10
   4.650000E+01   6.360000E-03   6.360000E-03   6.360000E-03   4.487782E-22   3.779444E-19   3.182907E-16   1.812258E-20   1.812258E-20   4.293624E-14   2.897556E-10   7.716635E-11
   4.750000E+01   6.360000E-03   6.360000E-03   6.360000E-03   1.943311E-22   1.636868E-19   1.378747E-16   7.851555E-21   7.851555E-21   1.859879E-14   1.254708E-10   3.342056E-11
   4.850000E+01   6.360000E-03   6.360000E-03   6.360000E-03   1.505392E-22   1.268221E-19   1.068417E-16   6.085358E-21   6.085358E-21   1.441254E-14   9.719628E-11   2.589376E-11
   4.950000E+01   6.360000E-03   6.360000E-03   6.360000E-03   1.429625E-22   1.204597E-19   1.014989E-16   5.782039E-21   5.782039E-21   1.369183E-14   9.230439E-11   2.459472E-11
   5.050000E+01   6.360000E-03   6.360000E-03   6.360000E-03   1.416511E-22   1.193750E-19   1.006020E-16   5.731916E-21   5.731916E-21   1.357084E-14   9.145765E-11   2.437324E-11
   5.150000E+01   6.360000E-03   6.360000E-03   6.360000E-03   1.414228E-22   1.192027E-19   1.004738E-16   5.725583E-21   5.725583E-21   1.355355E-14   9.131026E-11   2.433808E-11
   5.250000E+01   6.360000E-03   6.360000E-03   6.360000E-03   1.413810E-22   1.191876E-19   1.004781E-16   5.726790E-21   5.726790E-21   1.355412E-14   9.128329E-11   2.433500E-11
   5.350000E+01   6.360000E-03   6.360000E-03   6.360000E-03   1.413710E-22   1.191992E-19   1.005048E-16   5.729278E-21   5.729278E-21   1.355772E-14   9.127680E-11   2.433737E-11
   5.450000E+01   6.360000E-03   6.360000E-03   6.360000E-03   1.413661E-22   1.192152E-19   1.005352E-16   5.731976E-21   5.731976E-21   1.356182E-14   9.127366E-11   2.434063E-11
   5.550000E+01   6.360000E-03   6.360000E-03   6.360000E-03   1.413615E-22   1.192314E-19   1.005658E-16   5.734690E-21   5.734690E-21   1.356596E-14   9.127068E-11   2.434394E-11
   5.650000E+01   6.360000E-03   6.360000E-03   6.360000E-03   1.413564E-22   1.192473E-19   1.005962E-16   5.737395E-21   5.737395E-21   1.357006E-14   9.126742E-11   2.434719E-11
   5.750000E+01   6.360000E-03   6.360000E-03   6.360000E-03   1.413513E-22   1.192633E-19   1.006268E-16   5.740111E-21   5.740111E-21   1.357418E-14   9.126410E-11   2.435044E-11
   5.850000E+01   6.360000E-03   6.360000E-03   6.360000E-03   1.413464E-22   1.192795E-19   1.006577E-16   5.742857E-21   5.742857E-21   1.357835E-14   9.126094E-11   2.435376E-11
   5.950000E+01   6.360000E-03   6.360000E-03   6.360000E-03   1.413415E-22   1.192960E-19   1.006890E-16   5.745631E-21   5.745631E-21   1.358257E-14   9.125779E-11   2.435712E-11
   6.050000E+01   6.360000E-03   6.360000E-03   6.360000E-03   1.413360E-22   1.193122E-19   1.007202E-16   5.748417E-21   5.748417E-21   1.358678E-14   9.125424E-11   2.436042E-11
   6.150000E+01   6.360000E-03   6.360000E-03   6.360000E-03   1.413299E-22   1.193282E-19   1.007516E-16   5.751227E-21   5.751227E-21   1.359101E-14   9.125030E-11   2.436369E-11
   6.250000E+01   6.360000E-03   6.360000E-03   6.360000E-03   1.413236E-22   1.193444E-19   1.007834E-16   5.754087E-21   5.754087E-21   1.359531E-14   9.124620E-11   2.436700E-11
   6.350000E+01   6.360000E-03   6.360000E-03   6.360000E-03   1.413169E-22   1.193608E-19   1.008160E-16   5.757012E-21   5.757012E-21   1.359971E-14   9.124190E-11   2.437036E-11
   6.450000E+01   6.360000E-03   6.360000E-03   6.360000E-03   1.413098E-22   1.193776E-19   1.008494E-16   5.760015E-21   5.760015E-21   1.360421E-14   9.123729E-11   2.437378E-11
   6.550000E+01   6.360000E-03   6.360000E-03   6.360000E-03   1.413018E-22   1.193944E-19   1.008835E-16   5.763103E-21   5.763103E-21   1.360881E-14   9.123214E-11   2.437721E-11
   6.650000E+01   6.360000E-03   6.360000E-03   6.360000E-03   1.412930E-22   1.194116E-19   1.009188E-16   5.766305E-21   5.766305E-21   1.361357E-14   9.122646E-11   2.438072E-11
   6.750000E+01   6.360000E-03   6.360000E-03   6.360000E-03   1.412834E-22   1.194293E-19   1.009556E-16   5.769654E-21   5.769654E-21   1.361853E-14   9.122028E-11   2.438433E-11
   6.850000E+01   6.360000E-03   6.360000E-03   6.360000E-03   1.412730E-22   1.194477E-19   1.009943E-16   5.773184E-21   5.773184E-21   1.362375E-14   9.121352E-11   2.438810E-11
   6.950000E+01   6.360000E-03   6.360000E-03   6.360000E-03   1.412615E-22   1.194671E-19   1.010353E-16   5.776935E-21   5.776935E-21   1.362928E-14   9.120612E-11   2.439206E-11
   7.050000E+01   6.360000E-03   6.360000E-03   6.360000E-03   1.412491E-22   1.194879E-19   1.010792E-16   5.780960E-21   5.780960E-21   1.363521E-14   9.119812E-11   2.439630E-11
   7.150000E+01   6.360000E-03   6.360000E-03   6.360000E-03   1.412357E-22   1.195103E-19   1.011268E-16   5.785316E-21   5.785316E-21   1.364163E-14   9.118949E-11   2.440089E-11
   7.250000E+01   6.360000E-03   6.360000E-03   6.360000E-03   1.412210E-22   1.195346E-19   1.011785E-16   5.790054E-21   5.790054E-21   1.364861E-14   9.117999E-11   2.440585E-11
   7.350000E+01   6.360000E-03   6.360000E-03   6.360000E-03   1.412050E-22   1.195613E-19   1.012352E-16   5.795250E-21   5.795250E-21   1.365625E-14   9.116962E-11   2.441130E-11
   7.450000E+01   6.360000E-03   6.360000E-03   6.360000E-03   1.411876E-22   1.195910E-19   1.012979E-16   5.800992E-21   5.800992E-21   1.366471E-14   9.115841E-11   2.441736E-11
   7.550000E+01   6.360000E-03   6.360000E-03   6.360000E-03   1.411689E-22   1.196243E-19   1.013677E-16   5.807374E-21   5.807374E-21   1.367413E-14   9.114635E-11   2.442415E-11
   7.650000E+01   6.360000E-03   6.360000E-03   6.360000E-03   1.411484E-22   1.196615E-19   1.014455E-16   5.814481E-21   5.814481E-21   1.368462E-14   9.113308E-11   2.443174E-11
   7.750000E+01   6.360000E-03   6.360000E-03   6.360000E-03   1.411260E-22   1.197033E-19   1.015326E-16   5.822434E-21   5.822434E-21   1.369637E-14   9.111863E-11   2.444029E-11
   7.850000E+01   6.360000E-03   6.360000E-03   6.360000E-03   1.411018E-22   1.197508E-19   1.016306E-16   5.831367E-21   5.831367E-21   1.370959E-14   9.110303E-11   2.444999E-11
   7.950000E+01   6.360000E-03   6.360000E-03   6.360000E-03   1.410759E-22   1.198049E-19   1.017411E-16   5.841420E-21   5.841420E-21   1.372450E-14   9.108625E-11   2.446103E-11
   8.050000E+01   6.360000E-03   6.360000E-03   6.360000E-03   1.410475E-22   1.198661E-19   1.018656E-16   5.852732E-21   5.852732E-21   1.374129E-14   9.106796E-11   2.447353E-11
   8.150000E+01   6.360000E-03   6.360000E-03   6.360000E-03   1.410168E-22   1.199356E-19   1.020060E-16   5.865472E-21   5.865472E-21   1.376023E-14   9.104813E-11   2.448772E-11
   8.250000E+01   6.360000E-03   6.360000E-03   6.360000E-03   1.409837E-22   1.200146E-19   1.021644E-16   5.879828E-21   5.879828E-21   1.378159E-14   9.102675E-11   2.450385E-11
   8.350000E+01   6.360000E-03   6.360000E-03   6.360000E-03   1.409479E-22   1.201041E-19   1.023428E-16   5.895989E-21   5.895989E-21   1.380567E-14   9.100364E-11   2.452213E-11
   8.450000E+01   6.360000E-03   6.360000E-03   6.360000E-03   1.409085E-22   1.202048E-19   1.025432E-16   5.914135E-21   5.914135E-21   1.383269E-14   9.097822E-11   2.454268E-11
   8.550000E+01   6.360000E-03   6.360000E-03   6.360000E-03   1.408654E-22   1.203180E-19   1.027678E-16   5.934493E-21   5.934493E-21   1.386300E-14   9.095036E-11   2.456580E-11
   8.650000E+01   6.360000E-03   6.360000E-03   6.360000E-03   1.408186E-22   1.204455E-19   1.030198E-16   5.957321E-21   5.957321E-21   1.389699E-14   9.092017E-11   2.459181E-11
   8.750000E+01   6.360000E-03   6.360000E-03   6.360000E-03   1.407681E-22   1.205886E-19   1.033019E-16   5.982878E-21   5.982878E-21   1.393504E-14   9.088754E-11   2.462104E-11
   8.850000E+01   6.360000E-03   6.360000E-03   6.360000E-03   1.407131E-22   1.207486E-19   1.036167E-16   6.011425E-21   6.011425E-21   1.397751E-14   9.085206E-11   2.465372E-11
   8.950000E+01   6.360000E-03   6.360000E-03   6.360000E-03   1.406531E-22   1.209269E-19   1.039672E-16   6.043239E-21   6.043239E-21   1.402479E-14   9.081332E-11   2.469011E-11
   9.050000E+01   6.360000E-03   6.360000E-03   6.360000E-03   1.405873E-22   1.211246E-19   1.043562E-16   6.078612E-21   6.078612E-21   1.407727E-14   9.077084E-11   2.473047E-11
   9.150000E+01   6.360000E-03   6.360000E-03   6.360000E-03   1.405152E-22   1.213432E-19   1.047871E-16   6.117863E-21   6.117863E-21   1.413539E-14   9.072427E-11   2.477511E-11
   9.250000E+01   6.360000E-03   6.360000E-03   6.360000E-03   1.404367E-22   1.215848E-19   1.052635E-16   6.161356E-21   6.161356E-21   1.419966E-14   9.067360E-11   2.482444E-11
   9.350000E+01   6.360000E-03   6.360000E-03   6.360000E-03   1.403513E-22   1.218509E-19   1.057892E-16   6.209456E-21   6.209456E-21   1.427057E-14   9.061847E-11   2.487878E-11
   9.450000E+01   6.360000E-03   6.360000E-03   6.360000E-03   1.402584E-22   1.221433E-19   1.063678E-16   6.262543E-21   6.262543E-21   1.434862E-14   9.055848E-11   2.493846E-11
   9.550000E+01   6.360000E-03   6.360000E-03   6.360000E-03   1.401569E-22   1.224630E-19   1.070029E-16   6.321006E-21   6.321006E-21   1.443430E-14   9.049291E-11   2.500375E-11
   9.650000E+01   6.360000E-03   6.360000E-03   6.360000E-03   1.400467E-22   1.228124E-19   1.076991E-16   6.385304E-21   6.385304E-21   1.452821E-14   9.042175E-11   2.507509E-11
   9.750000E+01   6.360000E-03   6.360000E-03   6.360000E-03   1.399280E-22   1.231940E-19   1.084612E-16   6.455939E-21   6.455939E-21   1.463102E-14   9.034512E-11   2.515299E-11
   9.850000E+01   6.360000E-03   6.360000E-03   6.360000E-03   1.398004E-22   1.236096E-19   1.092940E-16   6.533414E-21   6.533414E-21   1.474335E-14   9.026273E-11   2.523785E-11
   9.950000E+01   6.360000E-03   6.360000E-03   6.360000E-03   1.396631E-22   1.240611E-19   1.102020E-16   6.618254E-21   6.618254E-21   1.486585E-14   9.017413E-11   2.533004E-11
