# Time          1.0000E+00
# Units: m^3 fluid/m^2 porous medium/yr
   5.000000E-01   1.900000E+01
   1.500000E+00   1.900000E+01
   2.500000E+00   1.900000E+01
   3.500000E+00   1.900000E+01
   4.500000E+00   1.900000E+01
   5.500000E+00   1.900000E+01
   6.500000E+00   1.900000E+01
   7.500000E+00   1.900000E+01
   8.500000E+00   1.900000E+01
   9.500000E+00   1.900000E+01
   1.050000E+01   1.900000E+01
   1.150000E+01   1.900000E+01
   1.250000E+01   1.900000E+01
   1.350000E+01   1.900000E+01
   1.450000E+01   1.900000E+01
   1.550000E+01   1.900000E+01
   1.650000E+01   1.900000E+01
   1.750000E+01   1.900000E+01
   1.850000E+01   1.900000E+01
   1.950000E+01   1.900000E+01
   2.050000E+01   1.900000E+01
   2.150000E+01   1.900000E+01
   2.250000E+01   1.900000E+01
   2.350000E+01   1.900000E+01
   2.450000E+01   1.900000E+01
   2.550000E+01   1.900000E+01
   2.650000E+01   1.900000E+01
   2.750000E+01   1.900000E+01
   2.850000E+01   1.900000E+01
   2.950000E+01   1.900000E+01
   3.050000E+01   1.900000E+01
   3.150000E+01   1.900000E+01
   3.250000E+01   1.900000E+01
   3.350000E+01   1.900000E+01
   3.450000E+01   1.900000E+01
   3.550000E+01   1.900000E+01
   3.650000E+01   1.900000E+01
   3.750000E+01   1.900000E+01
   3.850000E+01   1.900000E+01
   3.950000E+01   1.900000E+01
   4.050000E+01   1.900000E+01
   4.150000E+01   1.900000E+01
   4.250000E+01   1.900000E+01
   4.350000E+01   1.900000E+01
   4.450000E+01   1.900000E+01
   4.550000E+01   1.900000E+01
   4.650000E+01   1.900000E+01
   4.750000E+01   1.900000E+01
   4.850000E+01   1.900000E+01
   4.950000E+01   1.900000E+01
   5.050000E+01   1.900000E+01
   5.150000E+01   1.900000E+01
   5.250000E+01   1.900000E+01
   5.350000E+01   1.900000E+01
   5.450000E+01   1.900000E+01
   5.550000E+01   1.900000E+01
   5.650000E+01   1.900000E+01
   5.750000E+01   1.900000E+01
   5.850000E+01   1.900000E+01
   5.950000E+01   1.900000E+01
   6.050000E+01   1.900000E+01
   6.150000E+01   1.900000E+01
   6.250000E+01   1.900000E+01
   6.350000E+01   1.900000E+01
   6.450000E+01   1.900000E+01
   6.550000E+01   1.900000E+01
   6.650000E+01   1.900000E+01
   6.750000E+01   1.900000E+01
   6.850000E+01   1.900000E+01
   6.950000E+01   1.900000E+01
   7.050000E+01   1.900000E+01
   7.150000E+01   1.900000E+01
   7.250000E+01   1.900000E+01
   7.350000E+01   1.900000E+01
   7.450000E+01   1.900000E+01
   7.550000E+01   1.900000E+01
   7.650000E+01   1.900000E+01
   7.750000E+01   1.900000E+01
   7.850000E+01   1.900000E+01
   7.950000E+01   1.900000E+01
   8.050000E+01   1.900000E+01
   8.150000E+01   1.900000E+01
   8.250000E+01   1.900000E+01
   8.350000E+01   1.900000E+01
   8.450000E+01   1.900000E+01
   8.550000E+01   1.900000E+01
   8.650000E+01   1.900000E+01
   8.750000E+01   1.900000E+01
   8.850000E+01   1.900000E+01
   8.950000E+01   1.900000E+01
   9.050000E+01   1.900000E+01
   9.150000E+01   1.900000E+01
   9.250000E+01   1.900000E+01
   9.350000E+01   1.900000E+01
   9.450000E+01   1.900000E+01
   9.550000E+01   1.900000E+01
   9.650000E+01   1.900000E+01
   9.750000E+01   1.900000E+01
   9.850000E+01   1.900000E+01
   9.950000E+01   1.900000E+01
