[pn2401379.lanl.gov:57836] shmem: mmap: an error occurred while determining whether or not /var/folders/36/xt3jx8554vj0_03sz682d5_800074q/T//ompi.pn2401379.7319/jf.0/1486422016/sm_segment.pn2401379.7319.58990000.0 could be created.
InputConverter-u   |  Amanzi executable tag: 1.6-dev_01c79db22
InputConverter-u   |  Verify high-level XML structure
InputConverter-u   |  Liquid phase has 0 solutes
InputConverter-u   |  AUTHOR: Dylan Harp, Zhiming Lu
InputConverter-u   |  Translating units: m s kg molar K
InputConverter-u   |  Translating unstructured mesh
InputConverter-u   |  Translating regions
InputConverter-u   |   found 11 regions plus region "All".
InputConverter-u   |  Translating state
InputConverter-u   |  Translating output
InputConverter-u   |   Found 0 cycle macros and 1 time macros.
InputConverter-u   |   Translating output: observations
InputConverter-u   |   Found 2 liquid observations
InputConverter-u   |   Found 0 gas observations
InputConverter-u   |  Translating cycle driver
InputConverter-u   |   Translating time period controls
InputConverter-u   |   created 1 special times
InputConverter-u   |  Translating process kernels
InputConverter-u   |   TP: PK name="transient:flow", factory: "darcy"
InputConverter-u   |   Next PK is "transient:flow"
InputConverter-u   |   Translating flow, mode=transient domain=matrix
InputConverter-u   |    Translating optional fracture models, domain=matrix
InputConverter-u   |    Translating time integrator
InputConverter-u   |    Translating boundary conditions
InputConverter-u   |     active BCs: pressure, no flow (default)
InputConverter-u   |  Translating solvers
InputConverter-u   |   pcg: itrs=100, tol=1e-16, pc=Hypre AMG
InputConverter-u   |   pcg: itrs=100, tol=1e-16, pc=Hypre AMG
InputConverter-u   |   pcg: itrs=100, tol=1e-16, pc=Hypre AMG
InputConverter-u   |   pcg: itrs=100, tol=1e-16, pc=Hypre AMG
InputConverter-u   |  Translating preconditioners
InputConverter-u   |  Final comments:
InputConverter-u   |   found units: 
InputConverter-u   |   Writing the translated XML to amanzi_butler_strip_2d-u_native.xml
InputConverter-u   |  CPU time stamp: [00:00:01]
Amanzi::MeshFactor |  Creating 3D block mesh using format "MSTK"
Mesh Output        |  cells, tot/min/max: 361201/361201/361201
Mesh Output        |  faces, tot/min/max: 1446006/1446006/1446006
Mesh Output        |  nodes, tot/min/max: 724808/724808/724808
Mesh Output        |  
Mesh               |  CPU time stamp: [00:09:36]
InputAnalysis:doma |  src: "Well" has 1 cells of 16 [m^3]
InputAnalysis:doma |  bc: "xz1" has 601 faces of 2404 [m^2]
InputAnalysis:doma |  bc: "xz2" has 601 faces of 2404 [m^2]
InputAnalysis:doma |  bc: "yz1" has 601 faces of 2404 [m^2]
InputAnalysis:doma |  bc: "yz2" has 601 faces of 2404 [m^2]
InputAnalysis:doma |  obs: "Obs_r24" has 1 cells, size: 16
InputAnalysis:doma |  obs: "Obs_r100" has 1 cells, size: 16
State              |  ------------------------------------------
State              |  Dependency & Structure list for evaluators
State              |  ------------------------------------------
State              |  darcy_velocity
State              |    type: secondary
State              |    dep: volumetric_flow_rate, tag=""
State              |    comp=cell location=4 dofs=3
State              |    
State              |  mass_density_liquid
State              |    Type: independent
State              |    comp=cell location=4 dofs=1
State              |    comp=boundary_face location=13 dofs=1
State              |    
State              |  molar_flow_rate
State              |    Type: primary
State              |    comp=face location=3 dofs=1
State              |    
State              |  porosity
State              |    Type: independent
State              |    comp=cell location=4 dofs=1
State              |    
State              |  pressure
State              |    Type: primary
State              |    comp=cell location=4 dofs=1
State              |    comp=face location=3 dofs=1
State              |    
State              |  saturation_liquid
State              |    Type: independent
State              |    comp=cell location=4 dofs=1
State              |    
State              |  specific_storage
State              |    type: secondary
State              |    comp=cell location=4 dofs=1
State              |    
State              |  volumetric_flow_rate
State              |    type: secondary
State              |    dep: molar_flow_rate, tag=""
State              |    comp=face location=3 dofs=1
State              |    
State              |  water_content
State              |    type: secondary
State              |    dep: porosity, tag=""
State              |    dep: saturation_liquid, tag=""
State              |    comp=cell location=4 dofs=1
State              |    
State              |  water_storage
State              |    type: secondary
State              |    dep: pressure, tag=""
State              |    comp=cell location=4 dofs=1
State              |    
State              |  ------------------------------
State              |  Structure list for derivatives
State              |  ------------------------------
State              |  Dwater_storage/D{ pressure }
State              |    comp=cell location=4 dofs=1
State              |    
State              |  Setup is complete.
State              |  
CycleDriver        |  Setup is complete.
State              |  initializing data through initial conditions...
State              |  initializing "atmospheric_pressure" [ok]
State              |  initializing "const_fluid_density" [ok]
State              |  initializing "const_fluid_viscosity" [ok]
State              |  initializing "cycle" ... skipped
State              |  initializing "darcy_velocity" ... skipped
State              |  initializing "dt" ... skipped
State              |  initializing "gravity" [ok]
State              |  initializing "hydraulic_head" ... skipped
State              |  initializing "mass_density_liquid" ... skipped
State              |  initializing "molar_flow_rate" ... skipped
State              |  initializing "permeability" [ok]
State              |  initializing "porosity" ... skipped
State              |  initializing "position" ... skipped
State              |  initializing "pressure" [ok]
State              |  initializing "prev_saturation_liquid" ... skipped
State              |  initializing "prev_water_storage" ... skipped
State              |  initializing "saturation_liquid" [ok]
State              |  initializing "specific_storage" ... skipped
State              |  initializing "specific_yield" ... skipped
State              |  initializing "time" ... skipped
State              |  initializing "volumetric_flow_rate" ... skipped
State              |  initializing "water_content" ... skipped
State              |  initializing "water_storage" ... skipped
State              |  initializing eval: "darcy_velocity" @ ""
State              |  initializing eval: "mass_density_liquid" @ ""
State              |  initializing eval: "molar_flow_rate" @ ""
State              |  initializing eval: "porosity" @ ""
State              |  initializing eval: "pressure" @ ""
State              |  initializing eval: "saturation_liquid" @ ""
State              |  initializing eval: "specific_storage" @ ""
State              |  initializing eval: "volumetric_flow_rate" @ ""
State              |  initializing eval: "water_content" @ ""
State              |  initializing eval: "water_storage" @ ""
DarcyPK            |   initialized "specific_yield" to value 0
DarcyPK            |   initialized "hydraulic_head" to value 0
DarcyPK            |   initialized "prev_saturation_liquid" to value 1
DarcyPK            |   initialized prev_water_storage to water_storage
DarcyPK            |  
DarcyPK            |  TI:"BDF1" dt:standard LS:"AztecOO" PC:"Hypre AMG"
DarcyPK            |  matrix: <Diffusion: CELL_FACE+CELL> <CELL_CELL> 
DarcyPK            |  constant viscosity model, mu=0.001002
DarcyPK            |  initial pressure guess: "from State"
DarcyPK            |  
DarcyPK            |  pressure BC assigned to 2404 faces
DarcyPK            |  default (no-flow) BC assigned to 722402 faces
DarcyPK            |  
DarcyPK            |   boundary head (BCs): min=0.100078 km, max=0.100078 km
DarcyPK            |   domain head (cells): min=0.100078 km, max=0.100078 km
DarcyPK            |   domain head (cells + faces): min=0.0995778 km, max=0.100578 km
DarcyPK            |   sources: total min/max: -0.721781/-0.721781
DarcyPK            |    src #0: volume=16 m^3, rate=-11.5485 kg/s
DarcyPK            |  [1;32mInitialization of PK is complete, T=0 dT=1e+99[0m
DarcyPK            |  
TimeStepManager    |  Proposed dT=3.64 s, events limit it to 1 s
TimeStepManager    |  Proposed dT=1 s, stability from previous step changes it to 3.64 s
TimeStepManager    |  Proposed dT=3.64 s, events limit it to 1 s
State              |  initializing eval: "darcy_velocity" @ ""
State              |  initializing eval: "mass_density_liquid" @ ""
State              |  initializing eval: "molar_flow_rate" @ ""
State              |  initializing eval: "porosity" @ ""
State              |  initializing eval: "pressure" @ ""
State              |  initializing eval: "saturation_liquid" @ ""
State              |  initializing eval: "specific_storage" @ ""
State              |  initializing eval: "volumetric_flow_rate" @ ""
State              |  initializing eval: "water_content" @ ""
State              |  initializing eval: "water_storage" @ ""
CycleDriver        |  writing observations... 2
CycleDriver        |  
CycleDriver        |  Field                                    Min/Max/Avg
CycleDriver        |  atmospheric_pressure.................... 101325
CycleDriver        |  const_fluid_density..................... 1000
CycleDriver        |  const_fluid_viscosity................... 0.001002
CycleDriver        |  darcy_velocity.......................... -0.116173 / 1.25966e-15 / -0.0194252
CycleDriver        |  dt...................................... 1
CycleDriver        |  gravity................................. 0 0 -9.80665
CycleDriver        |  hydraulic_head.......................... 100.078 / 100.078 / 100.078 [m]
CycleDriver        |  mass_density_liquid.bnd_face............ 1000 / 1000 / 1000
CycleDriver        |  mass_density_liquid.cell................ 1000 / 1000 / 1000
CycleDriver        |  molar_flow_rate......................... -103177 / 2.79687e-10 / -25856.8
CycleDriver        |  permeability............................ 1.187e-10 / 1.187e-08 / 5.95436e-09 [m^2]
CycleDriver        |  porosity................................ 0.25 / 0.25 / 0.25 [-]
CycleDriver        |  pressure.cell........................... 1.07785e+06 / 1.07785e+06 / 1.07785e+06 [Pa]
CycleDriver        |  pressure.face........................... 1.07785e+06 / 1.07785e+06 / 1.07785e+06 [Pa]
CycleDriver        |  prev_saturation_liquid.................. 1 / 1 / 1
CycleDriver        |  prev_water_storage...................... 2.1982 / 54.9551 / 28.5218
CycleDriver        |  saturation_liquid....................... 1 / 1 / 1 [-]
CycleDriver        |  specific_storage........................ 2e-05 / 0.0005 / 0.000259501 [m]
CycleDriver        |  specific_yield.......................... 0 / 0 / 0
CycleDriver        |  time.................................... 0
CycleDriver        |  time@current............................ 0
CycleDriver        |  volumetric_flow_rate.................... -1.85876 / 5.03865e-15 / -0.465818 [m^3/s]
CycleDriver        |  water_content........................... 0.25 / 0.25 / 0.25 [-]
CycleDriver        |  water_storage........................... 2.1982 / 54.9551 / 28.5218
CycleDriver        |  
CycleDriver        |  Simulation end time: 1.64e+07 sec.
CycleDriver        |  CPU time stamp: [00:09:38]
CycleDriver        |  
CycleDriver        |  Cycle 0: time = 0 s, dt = 1 s
DarcyPK            |   pressure solver (AztecOO): ||p,lambda||=1.44899e+09  itrs=2
DarcyPK            |    boundary head (BCs): min=0.100078 km, max=0.100078 km
DarcyPK            |    domain head (cells): min=0.0997113 km, max=0.100078 km
DarcyPK            |    domain head (cells + faces): min=0.0997113 km, max=0.100078 km
TimeStepManager    |   Proposed dT=1.5 s, stability from previous step changes it to 3.64 s
TimeStepManager    |   Proposed dT=3.64 s, events limit it to 2 s
CycleDriver        |   writing observations... 2
CycleDriver        |  New time = 1 s
CycleDriver        |  
CycleDriver        |  Cycle 1: time = 1 s, dt = 2 s
DarcyPK            |   pressure solver (AztecOO): ||p,lambda||=1.44899e+09  itrs=2
DarcyPK            |    boundary head (BCs): min=0.100078 km, max=0.100078 km
DarcyPK            |    domain head (cells): min=0.0995963 km, max=0.100078 km
DarcyPK            |    domain head (cells + faces): min=0.0995963 km, max=0.100078 km
TimeStepManager    |   Proposed dT=3 s, stability from previous step changes it to 3.64 s
TimeStepManager    |   Proposed dT=3.64 s, events limit it to 0.64 s
CycleDriver        |   writing observations... 2
CycleDriver        |  New time = 3 s
CycleDriver        |  
CycleDriver        |  Cycle 2: time = 3 s, dt = 0.64 s
DarcyPK            |   pressure solver (AztecOO): ||p,lambda||=1.44899e+09  itrs=2
DarcyPK            |    boundary head (BCs): min=0.100078 km, max=0.100078 km
DarcyPK            |    domain head (cells): min=0.0995746 km, max=0.100078 km
DarcyPK            |    domain head (cells + faces): min=0.0995746 km, max=0.100078 km
TimeStepManager    |   Accepted proposed dT=0.96 s
CycleDriver        |  New time = 3.64 s
CycleDriver        |  
CycleDriver        |  Cycle 3: time = 3.64 s, dt = 0.96 s
DarcyPK            |   pressure solver (AztecOO): ||p,lambda||=1.44898e+09  itrs=2
DarcyPK            |    boundary head (BCs): min=0.100078 km, max=0.100078 km
DarcyPK            |    domain head (cells): min=0.0995539 km, max=0.100078 km
DarcyPK            |    domain head (cells + faces): min=0.0995539 km, max=0.100078 km
TimeStepManager    |   Accepted proposed dT=1.44 s
CycleDriver        |  New time = 4.6 s
CycleDriver        |  
CycleDriver        |  Cycle 4: time = 4.6 s, dt = 1.44 s
DarcyPK            |   pressure solver (AztecOO): ||p,lambda||=1.44898e+09  itrs=2
DarcyPK            |    boundary head (BCs): min=0.100078 km, max=0.100078 km
DarcyPK            |    domain head (cells): min=0.0995345 km, max=0.100078 km
DarcyPK            |    domain head (cells + faces): min=0.0995345 km, max=0.100078 km
TimeStepManager    |   Proposed dT=2.16 s, events limit it to 0.96 s
CycleDriver        |  New time = 6.04 s
CycleDriver        |  
CycleDriver        |  Cycle 5: time = 6.04 s, dt = 0.96 s
DarcyPK            |   pressure solver (AztecOO): ||p,lambda||=1.44898e+09  itrs=2
DarcyPK            |    boundary head (BCs): min=0.100078 km, max=0.100078 km
DarcyPK            |    domain head (cells): min=0.0995247 km, max=0.100078 km
DarcyPK            |    domain head (cells + faces): min=0.0995247 km, max=0.100078 km
TimeStepManager    |   Proposed dT=1.44 s, stability from previous step changes it to 2.16 s
TimeStepManager    |   Accepted proposed dT=2.16 s
CycleDriver        |   writing observations... 2
CycleDriver        |  New time = 7 s
CycleDriver        |  
CycleDriver        |  Cycle 6: time = 7 s, dt = 2.16 s
DarcyPK            |   pressure solver (AztecOO): ||p,lambda||=1.44898e+09  itrs=2
DarcyPK            |    boundary head (BCs): min=0.100078 km, max=0.100078 km
DarcyPK            |    domain head (cells): min=0.0995109 km, max=0.100078 km
DarcyPK            |    domain head (cells + faces): min=0.0995109 km, max=0.100078 km
TimeStepManager    |   Accepted proposed dT=3.24 s
CycleDriver        |  New time = 0.152667 min
CycleDriver        |  
CycleDriver        |  Cycle 7: time = 0.152667 min, dt = 3.24 s
DarcyPK            |   pressure solver (AztecOO): ||p,lambda||=1.44898e+09  itrs=2
DarcyPK            |    boundary head (BCs): min=0.100078 km, max=0.100078 km
DarcyPK            |    domain head (cells): min=0.0994986 km, max=0.100078 km
DarcyPK            |    domain head (cells + faces): min=0.0994986 km, max=0.100078 km
TimeStepManager    |   Proposed dT=4.86 s, events limit it to 2.6 s
CycleDriver        |  New time = 0.206667 min
CycleDriver        |  
CycleDriver        |  Cycle 8: time = 0.206667 min, dt = 2.6 s
DarcyPK            |   pressure solver (AztecOO): ||p,lambda||=1.44898e+09  itrs=2
DarcyPK            |    boundary head (BCs): min=0.100078 km, max=0.100078 km
DarcyPK            |    domain head (cells): min=0.0994916 km, max=0.100078 km
DarcyPK            |    domain head (cells + faces): min=0.0994916 km, max=0.100078 km
TimeStepManager    |   Proposed dT=3.9 s, stability from previous step changes it to 4.86 s
TimeStepManager    |   Accepted proposed dT=4.86 s
CycleDriver        |   writing observations... 2
CycleDriver        |  New time = 0.25 min
CycleDriver        |  
CycleDriver        |  Cycle 9: time = 0.25 min, dt = 4.86 s
DarcyPK            |   pressure solver (AztecOO): ||p,lambda||=1.44898e+09  itrs=2
DarcyPK            |    boundary head (BCs): min=0.100078 km, max=0.100078 km
DarcyPK            |    domain head (cells): min=0.0994835 km, max=0.100078 km
DarcyPK            |    domain head (cells + faces): min=0.0994835 km, max=0.100078 km
TimeStepManager    |   Accepted proposed dT=7.29 s
CycleDriver        |  New time = 0.331 min
CycleDriver        |  
CycleDriver        |  Cycle 10: time = 0.331 min, dt = 7.29 s
DarcyPK            |   pressure solver (AztecOO): ||p,lambda||=1.44898e+09  itrs=2
DarcyPK            |    boundary head (BCs): min=0.100078 km, max=0.100078 km
DarcyPK            |    domain head (cells): min=0.0994759 km, max=0.100078 km
DarcyPK            |    domain head (cells + faces): min=0.0994759 km, max=0.100078 km
TimeStepManager    |   Proposed dT=0.18225 min, events limit it to 3.85 s
CycleDriver        |  New time = 0.4525 min
CycleDriver        |  
CycleDriver        |  Cycle 11: time = 0.4525 min, dt = 3.85 s
DarcyPK            |   pressure solver (AztecOO): ||p,lambda||=1.44898e+09  itrs=2
DarcyPK            |    boundary head (BCs): min=0.100078 km, max=0.100078 km
DarcyPK            |    domain head (cells): min=0.0994726 km, max=0.100078 km
DarcyPK            |    domain head (cells + faces): min=0.0994726 km, max=0.100078 km
TimeStepManager    |   Proposed dT=5.775 s, stability from previous step changes it to 0.18225 min
TimeStepManager    |   Accepted proposed dT=0.18225 min
CycleDriver        |   writing observations... 2
CycleDriver        |  New time = 0.516667 min
CycleDriver        |  
CycleDriver        |  Cycle 12: time = 0.516667 min, dt = 0.18225 min
DarcyPK            |   pressure solver (AztecOO): ||p,lambda||=1.44898e+09  itrs=2
DarcyPK            |    boundary head (BCs): min=0.100078 km, max=0.100078 km
DarcyPK            |    domain head (cells): min=0.0994664 km, max=0.100078 km
DarcyPK            |    domain head (cells + faces): min=0.0994664 km, max=0.100078 km
TimeStepManager    |   Proposed dT=0.273375 min, events limit it to 0.175542 min
CycleDriver        |  New time = 0.698917 min
CycleDriver        |  
CycleDriver        |  Cycle 13: time = 0.698917 min, dt = 0.175542 min
DarcyPK            |   pressure solver (AztecOO): ||p,lambda||=1.44898e+09  itrs=2
DarcyPK            |    boundary head (BCs): min=0.100078 km, max=0.100078 km
DarcyPK            |    domain head (cells): min=0.099462 km, max=0.100078 km
DarcyPK            |    domain head (cells + faces): min=0.099462 km, max=0.100078 km
TimeStepManager    |   Proposed dT=0.263312 min, stability from previous step changes it to 0.273375 min
TimeStepManager    |   Proposed dT=0.273375 min, events limit it to 0.175542 min
CycleDriver        |  New time = 0.874458 min
CycleDriver        |  
CycleDriver        |  Cycle 14: time = 0.874458 min, dt = 0.175542 min
DarcyPK            |   pressure solver (AztecOO): ||p,lambda||=1.44898e+09  itrs=2
DarcyPK            |    boundary head (BCs): min=0.100078 km, max=0.100078 km
DarcyPK            |    domain head (cells): min=0.0994584 km, max=0.100078 km
DarcyPK            |    domain head (cells + faces): min=0.0994584 km, max=0.100078 km
TimeStepManager    |   Proposed dT=0.263312 min, stability from previous step changes it to 0.273375 min
TimeStepManager    |   Accepted proposed dT=0.273375 min
CycleDriver        |   writing observations... 2
CycleDriver        |  New time = 1.05 min
CycleDriver        |  
CycleDriver        |  Cycle 15: time = 1.05 min, dt = 0.273375 min
DarcyPK            |   pressure solver (AztecOO): ||p,lambda||=1.44898e+09  itrs=2
DarcyPK            |    boundary head (BCs): min=0.100078 km, max=0.100078 km
DarcyPK            |    domain head (cells): min=0.0994542 km, max=0.100078 km
DarcyPK            |    domain head (cells + faces): min=0.0994542 km, max=0.100078 km
TimeStepManager    |   Accepted proposed dT=0.410063 min
CycleDriver        |  New time = 1.32337 min
CycleDriver        |  
CycleDriver        |  Cycle 16: time = 1.32337 min, dt = 0.410063 min
DarcyPK            |   pressure solver (AztecOO): ||p,lambda||=1.44898e+09  itrs=2
DarcyPK            |    boundary head (BCs): min=0.100078 km, max=0.100078 km
DarcyPK            |    domain head (cells): min=0.0994495 km, max=0.100078 km
DarcyPK            |    domain head (cells + faces): min=0.0994495 km, max=0.100078 km
TimeStepManager    |   Proposed dT=0.615094 min, events limit it to 0.383229 min
CycleDriver        |  New time = 1.73344 min
CycleDriver        |  
CycleDriver        |  Cycle 17: time = 1.73344 min, dt = 0.383229 min
DarcyPK            |   pressure solver (AztecOO): ||p,lambda||=1.44897e+09  itrs=2
DarcyPK            |    boundary head (BCs): min=0.100078 km, max=0.100078 km
DarcyPK            |    domain head (cells): min=0.099446 km, max=0.100078 km
DarcyPK            |    domain head (cells + faces): min=0.099446 km, max=0.100078 km
TimeStepManager    |   Proposed dT=0.574844 min, stability from previous step changes it to 0.615094 min
TimeStepManager    |   Accepted proposed dT=0.615094 min
CycleDriver        |   writing observations... 2
CycleDriver        |  New time = 2.11667 min
CycleDriver        |  
CycleDriver        |  Cycle 18: time = 2.11667 min, dt = 0.615094 min
DarcyPK            |   pressure solver (AztecOO): ||p,lambda||=1.44897e+09  itrs=2
DarcyPK            |    boundary head (BCs): min=0.100078 km, max=0.100078 km
DarcyPK            |    domain head (cells): min=0.0994417 km, max=0.100078 km
DarcyPK            |    domain head (cells + faces): min=0.0994417 km, max=0.100078 km
TimeStepManager    |   Accepted proposed dT=0.922641 min
CycleDriver        |  New time = 2.73176 min
CycleDriver        |  
CycleDriver        |  Cycle 19: time = 2.73176 min, dt = 0.922641 min
DarcyPK            |   pressure solver (AztecOO): ||p,lambda||=1.44897e+09  itrs=2
DarcyPK            |    boundary head (BCs): min=0.100078 km, max=0.100078 km
DarcyPK            |    domain head (cells): min=0.0994369 km, max=0.100078 km
DarcyPK            |    domain head (cells + faces): min=0.0994369 km, max=0.100078 km
TimeStepManager    |   Proposed dT=1.38396 min, events limit it to 0.595599 min
CycleDriver        |  New time = 3.6544 min
CycleDriver        |  
CycleDriver        |  Cycle 20: time = 3.6544 min, dt = 0.595599 min
DarcyPK            |   pressure solver (AztecOO): ||p,lambda||=1.44896e+09  itrs=2
DarcyPK            |    boundary head (BCs): min=0.100078 km, max=0.100078 km
DarcyPK            |    domain head (cells): min=0.0994343 km, max=0.100078 km
DarcyPK            |    domain head (cells + faces): min=0.0994343 km, max=0.100078 km
TimeStepManager    |   Proposed dT=0.893398 min, stability from previous step changes it to 1.38396 min
TimeStepManager    |   Accepted proposed dT=1.38396 min
CycleDriver        |   writing observations... 2
CycleDriver        |  New time = 4.25 min
CycleDriver        |  
CycleDriver        |  Cycle 21: time = 4.25 min, dt = 1.38396 min
DarcyPK            |   pressure solver (AztecOO): ||p,lambda||=1.44896e+09  itrs=2
DarcyPK            |    boundary head (BCs): min=0.100078 km, max=0.100078 km
DarcyPK            |    domain head (cells): min=0.0994297 km, max=0.100078 km
DarcyPK            |    domain head (cells + faces): min=0.0994297 km, max=0.100078 km
TimeStepManager    |   Accepted proposed dT=2.07594 min
CycleDriver        |  New time = 5.63396 min
CycleDriver        |  
CycleDriver        |  Cycle 22: time = 5.63396 min, dt = 2.07594 min
DarcyPK            |   pressure solver (AztecOO): ||p,lambda||=1.44895e+09  itrs=2
DarcyPK            |    boundary head (BCs): min=0.100078 km, max=0.100078 km
DarcyPK            |    domain head (cells): min=0.0994247 km, max=0.100078 km
DarcyPK            |    domain head (cells + faces): min=0.0994247 km, max=0.100078 km
TimeStepManager    |   Proposed dT=3.11391 min, events limit it to 0.806764 min
CycleDriver        |  New time = 7.7099 min
CycleDriver        |  
CycleDriver        |  Cycle 23: time = 7.7099 min, dt = 0.806764 min
DarcyPK            |   pressure solver (AztecOO): ||p,lambda||=1.44894e+09  itrs=2
DarcyPK            |    boundary head (BCs): min=0.100078 km, max=0.100078 km
DarcyPK            |    domain head (cells): min=0.099423 km, max=0.100078 km
DarcyPK            |    domain head (cells + faces): min=0.099423 km, max=0.100078 km
TimeStepManager    |   Proposed dT=1.21015 min, stability from previous step changes it to 3.11391 min
TimeStepManager    |   Accepted proposed dT=3.11391 min
CycleDriver        |   writing observations... 2
CycleDriver        |  New time = 0.141944 h
CycleDriver        |  
CycleDriver        |  Cycle 24: time = 0.141944 h, dt = 3.11391 min
DarcyPK            |   pressure solver (AztecOO): ||p,lambda||=1.44893e+09  itrs=3
DarcyPK            |    boundary head (BCs): min=0.100078 km, max=0.100078 km
DarcyPK            |    domain head (cells): min=0.099418 km, max=0.100078 km
DarcyPK            |    domain head (cells + faces): min=0.099418 km, max=0.100078 km
TimeStepManager    |   Proposed dT=4.67087 min, events limit it to 2.70971 min
CycleDriver        |  New time = 0.193843 h
CycleDriver        |  
CycleDriver        |  Cycle 25: time = 0.193843 h, dt = 2.70971 min
DarcyPK            |   pressure solver (AztecOO): ||p,lambda||=1.44892e+09  itrs=2
DarcyPK            |    boundary head (BCs): min=0.100078 km, max=0.100078 km
DarcyPK            |    domain head (cells): min=0.0994146 km, max=0.100078 km
DarcyPK            |    domain head (cells + faces): min=0.0994146 km, max=0.100078 km
TimeStepManager    |   Proposed dT=4.06457 min, stability from previous step changes it to 4.67087 min
TimeStepManager    |   Proposed dT=4.67087 min, events limit it to 2.70971 min
CycleDriver        |  New time = 0.239005 h
CycleDriver        |  
CycleDriver        |  Cycle 26: time = 0.239005 h, dt = 2.70971 min
DarcyPK            |   pressure solver (AztecOO): ||p,lambda||=1.44891e+09  itrs=2
DarcyPK            |    boundary head (BCs): min=0.100078 km, max=0.100078 km
DarcyPK            |    domain head (cells): min=0.0994118 km, max=0.100078 km
DarcyPK            |    domain head (cells + faces): min=0.0994118 km, max=0.100078 km
TimeStepManager    |   Proposed dT=4.06457 min, stability from previous step changes it to 4.67087 min
TimeStepManager    |   Accepted proposed dT=4.67087 min
CycleDriver        |   writing observations... 2
CycleDriver        |  New time = 0.284167 h
CycleDriver        |  
CycleDriver        |  Cycle 27: time = 0.284167 h, dt = 4.67087 min
DarcyPK            |   pressure solver (AztecOO): ||p,lambda||=1.44889e+09  itrs=3
DarcyPK            |    boundary head (BCs): min=0.100078 km, max=0.100078 km
DarcyPK            |    domain head (cells): min=0.0994081 km, max=0.100078 km
DarcyPK            |    domain head (cells + faces): min=0.0994081 km, max=0.100078 km
TimeStepManager    |   Accepted proposed dT=7.0063 min
CycleDriver        |  New time = 0.362014 h
CycleDriver        |  
CycleDriver        |  Cycle 28: time = 0.362014 h, dt = 7.0063 min
DarcyPK            |   pressure solver (AztecOO): ||p,lambda||=1.44887e+09  itrs=3
DarcyPK            |    boundary head (BCs): min=0.100078 km, max=0.100078 km
DarcyPK            |    domain head (cells): min=0.0994041 km, max=0.100078 km
DarcyPK            |    domain head (cells + faces): min=0.0994041 km, max=0.100078 km
TimeStepManager    |   Proposed dT=0.175158 h, events limit it to 5.3895 min
CycleDriver        |  New time = 0.478786 h
CycleDriver        |  
CycleDriver        |  Cycle 29: time = 0.478786 h, dt = 5.3895 min
DarcyPK            |   pressure solver (AztecOO): ||p,lambda||=1.44886e+09  itrs=3
DarcyPK            |    boundary head (BCs): min=0.100078 km, max=0.100078 km
DarcyPK            |    domain head (cells): min=0.0994016 km, max=0.100078 km
DarcyPK            |    domain head (cells + faces): min=0.0994016 km, max=0.100078 km
TimeStepManager    |   Proposed dT=0.134737 h, stability from previous step changes it to 0.175158 h
TimeStepManager    |   Accepted proposed dT=0.175158 h
CycleDriver        |   writing observations... 2
CycleDriver        |  New time = 0.568611 h
CycleDriver        |  
CycleDriver        |  Cycle 30: time = 0.568611 h, dt = 0.175158 h
DarcyPK            |   pressure solver (AztecOO): ||p,lambda||=1.44884e+09  itrs=3
DarcyPK            |    boundary head (BCs): min=0.100078 km, max=0.100078 km
DarcyPK            |    domain head (cells): min=0.0993985 km, max=0.100078 km
DarcyPK            |    domain head (cells + faces): min=0.0993985 km, max=0.100078 km
TimeStepManager    |   Accepted proposed dT=0.262736 h
CycleDriver        |  New time = 0.743769 h
CycleDriver        |  
CycleDriver        |  Cycle 31: time = 0.743769 h, dt = 0.262736 h
DarcyPK            |   pressure solver (AztecOO): ||p,lambda||=1.44882e+09  itrs=3
DarcyPK            |    boundary head (BCs): min=0.100078 km, max=0.100078 km
DarcyPK            |    domain head (cells): min=0.0993958 km, max=0.100078 km
DarcyPK            |    domain head (cells + faces): min=0.0993958 km, max=0.100078 km
TimeStepManager    |   Proposed dT=0.394105 h, events limit it to 0.130995 h
CycleDriver        |  New time = 1.00651 h
CycleDriver        |  
CycleDriver        |  Cycle 32: time = 1.00651 h, dt = 0.130995 h
DarcyPK            |   pressure solver (AztecOO): ||p,lambda||=1.44881e+09  itrs=3
DarcyPK            |    boundary head (BCs): min=0.100078 km, max=0.100078 km
DarcyPK            |    domain head (cells): min=0.0993949 km, max=0.100078 km
DarcyPK            |    domain head (cells + faces): min=0.0993949 km, max=0.100078 km
TimeStepManager    |   Proposed dT=0.196492 h, stability from previous step changes it to 0.394105 h
TimeStepManager    |   Accepted proposed dT=0.394105 h
CycleDriver        |   writing observations... 2
CycleDriver        |  New time = 1.1375 h
CycleDriver        |  
CycleDriver        |  Cycle 33: time = 1.1375 h, dt = 0.394105 h
DarcyPK            |   pressure solver (AztecOO): ||p,lambda||=1.4488e+09  itrs=3
DarcyPK            |    boundary head (BCs): min=0.100078 km, max=0.100078 km
DarcyPK            |    domain head (cells): min=0.0993934 km, max=0.100078 km
DarcyPK            |    domain head (cells + faces): min=0.0993934 km, max=0.100078 km
TimeStepManager    |   Proposed dT=0.591157 h, events limit it to 0.371837 h
CycleDriver        |  New time = 1.5316 h
CycleDriver        |  
CycleDriver        |  Cycle 34: time = 1.5316 h, dt = 0.371837 h
DarcyPK            |   pressure solver (AztecOO): ||p,lambda||=1.44879e+09  itrs=3
DarcyPK            |    boundary head (BCs): min=0.100078 km, max=0.100078 km
DarcyPK            |    domain head (cells): min=0.0993928 km, max=0.100078 km
DarcyPK            |    domain head (cells + faces): min=0.0993928 km, max=0.100078 km
TimeStepManager    |   Proposed dT=0.557755 h, stability from previous step changes it to 0.591157 h
TimeStepManager    |   Proposed dT=0.591157 h, events limit it to 0.371837 h
CycleDriver        |  New time = 1.90344 h
CycleDriver        |  
CycleDriver        |  Cycle 35: time = 1.90344 h, dt = 0.371837 h
DarcyPK            |   pressure solver (AztecOO): ||p,lambda||=1.44879e+09  itrs=3
DarcyPK            |    boundary head (BCs): min=0.100078 km, max=0.100078 km
DarcyPK            |    domain head (cells): min=0.0993924 km, max=0.100078 km
DarcyPK            |    domain head (cells + faces): min=0.0993924 km, max=0.100078 km
TimeStepManager    |   Proposed dT=0.557755 h, stability from previous step changes it to 0.591157 h
TimeStepManager    |   Accepted proposed dT=0.591157 h
CycleDriver        |   writing observations... 2
CycleDriver        |  New time = 2.27528 h
CycleDriver        |  
CycleDriver        |  Cycle 36: time = 2.27528 h, dt = 0.591157 h
DarcyPK            |   pressure solver (AztecOO): ||p,lambda||=1.44878e+09  itrs=3
DarcyPK            |    boundary head (BCs): min=0.100078 km, max=0.100078 km
DarcyPK            |    domain head (cells): min=0.0993922 km, max=0.100078 km
DarcyPK            |    domain head (cells + faces): min=0.0993922 km, max=0.100078 km
TimeStepManager    |   Accepted proposed dT=0.886735 h
CycleDriver        |  New time = 2.86643 h
CycleDriver        |  
CycleDriver        |  Cycle 37: time = 2.86643 h, dt = 0.886735 h
DarcyPK            |   pressure solver (AztecOO): ||p,lambda||=1.44878e+09  itrs=3
DarcyPK            |    boundary head (BCs): min=0.100078 km, max=0.100078 km
DarcyPK            |    domain head (cells): min=0.0993921 km, max=0.100078 km
DarcyPK            |    domain head (cells + faces): min=0.0993921 km, max=0.100078 km
TimeStepManager    |   Proposed dT=1.3301 h, events limit it to 0.797664 h
CycleDriver        |  New time = 3.75317 h
CycleDriver        |  
CycleDriver        |  Cycle 38: time = 3.75317 h, dt = 0.797664 h
DarcyPK            |   pressure solver (AztecOO): ||p,lambda||=1.44878e+09  itrs=2
DarcyPK            |    boundary head (BCs): min=0.100078 km, max=0.100078 km
DarcyPK            |    domain head (cells): min=0.0993921 km, max=0.100078 km
DarcyPK            |    domain head (cells + faces): min=0.0993921 km, max=0.100078 km
TimeStepManager    |   Proposed dT=1.1965 h, stability from previous step changes it to 1.3301 h
TimeStepManager    |   Accepted proposed dT=1.3301 h
CycleDriver        |   writing observations... 2
CycleDriver        |  New time = 4.55083 h
CycleDriver        |  
CycleDriver        |  Cycle 39: time = 4.55083 h, dt = 1.3301 h
DarcyPK            |   pressure solver (AztecOO): ||p,lambda||=1.44878e+09  itrs=2
DarcyPK            |    boundary head (BCs): min=0.100078 km, max=0.100078 km
DarcyPK            |    domain head (cells): min=0.0993921 km, max=0.100078 km
DarcyPK            |    domain head (cells + faces): min=0.0993921 km, max=0.100078 km
TimeStepManager    |   Accepted proposed dT=1.99515 h
CycleDriver        |  New time = 0.245039 d
CycleDriver        |  
CycleDriver        |  Cycle 40: time = 0.245039 d, dt = 1.99515 h
DarcyPK            |   pressure solver (AztecOO): ||p,lambda||=1.44878e+09  itrs=2
DarcyPK            |    boundary head (BCs): min=0.100078 km, max=0.100078 km
DarcyPK            |    domain head (cells): min=0.0993921 km, max=0.100078 km
DarcyPK            |    domain head (cells + faces): min=0.0993921 km, max=0.100078 km
TimeStepManager    |   Proposed dT=2.99273 h, events limit it to 1.20085 h
CycleDriver        |  New time = 0.32817 d
CycleDriver        |  
CycleDriver        |  Cycle 41: time = 0.32817 d, dt = 1.20085 h
DarcyPK            |   pressure solver (AztecOO): ||p,lambda||=1.44878e+09  itrs=2
DarcyPK            |    boundary head (BCs): min=0.100078 km, max=0.100078 km
DarcyPK            |    domain head (cells): min=0.0993921 km, max=0.100078 km
DarcyPK            |    domain head (cells + faces): min=0.0993921 km, max=0.100078 km
TimeStepManager    |   Proposed dT=1.80128 h, stability from previous step changes it to 2.99273 h
TimeStepManager    |   Accepted proposed dT=2.99273 h
CycleDriver        |   writing observations... 2
CycleDriver        |  New time = 0.378206 d
CycleDriver        |  
CycleDriver        |  Cycle 42: time = 0.378206 d, dt = 2.99273 h
DarcyPK            |   pressure solver (AztecOO): ||p,lambda||=1.44878e+09  itrs=2
DarcyPK            |    boundary head (BCs): min=0.100078 km, max=0.100078 km
DarcyPK            |    domain head (cells): min=0.0993921 km, max=0.100078 km
DarcyPK            |    domain head (cells + faces): min=0.0993921 km, max=0.100078 km
TimeStepManager    |   Accepted proposed dT=4.4891 h
CycleDriver        |  New time = 0.502903 d
CycleDriver        |  
CycleDriver        |  Cycle 43: time = 0.502903 d, dt = 4.4891 h
DarcyPK            |   pressure solver (AztecOO): ||p,lambda||=1.44878e+09  itrs=1
DarcyPK            |    boundary head (BCs): min=0.100078 km, max=0.100078 km
DarcyPK            |    domain head (cells): min=0.0993921 km, max=0.100078 km
DarcyPK            |    domain head (cells + faces): min=0.0993921 km, max=0.100078 km
TimeStepManager    |   Proposed dT=0.280569 d, events limit it to 1.64539 h
CycleDriver        |  New time = 0.689949 d
CycleDriver        |  
CycleDriver        |  Cycle 44: time = 0.689949 d, dt = 1.64539 h
DarcyPK            |   pressure solver (AztecOO): ||p,lambda||=1.44878e+09  itrs=1
DarcyPK            |    boundary head (BCs): min=0.100078 km, max=0.100078 km
DarcyPK            |    domain head (cells): min=0.0993921 km, max=0.100078 km
DarcyPK            |    domain head (cells + faces): min=0.0993921 km, max=0.100078 km
TimeStepManager    |   Proposed dT=2.46809 h, stability from previous step changes it to 0.280569 d
TimeStepManager    |   Accepted proposed dT=0.280569 d
CycleDriver        |   writing observations... 2
CycleDriver        |  New time = 0.758507 d
CycleDriver        |  
CycleDriver        |  Cycle 45: time = 0.758507 d, dt = 0.280569 d
DarcyPK            |   pressure solver (AztecOO): ||p,lambda||=1.44878e+09  itrs=1
DarcyPK            |    boundary head (BCs): min=0.100078 km, max=0.100078 km
DarcyPK            |    domain head (cells): min=0.0993921 km, max=0.100078 km
DarcyPK            |    domain head (cells + faces): min=0.0993921 km, max=0.100078 km
TimeStepManager    |   Proposed dT=0.420853 d, events limit it to 0.238975 d
CycleDriver        |  New time = 1.03908 d
CycleDriver        |  
CycleDriver        |  Cycle 46: time = 1.03908 d, dt = 0.238975 d
DarcyPK            |   pressure solver (AztecOO): ||p,lambda||=1.44878e+09  itrs=1
DarcyPK            |    boundary head (BCs): min=0.100078 km, max=0.100078 km
DarcyPK            |    domain head (cells): min=0.0993921 km, max=0.100078 km
DarcyPK            |    domain head (cells + faces): min=0.0993921 km, max=0.100078 km
TimeStepManager    |   Proposed dT=0.358462 d, stability from previous step changes it to 0.420853 d
TimeStepManager    |   Proposed dT=0.420853 d, events limit it to 0.238975 d
CycleDriver        |  New time = 1.27805 d
CycleDriver        |  
CycleDriver        |  Cycle 47: time = 1.27805 d, dt = 0.238975 d
DarcyPK            |   pressure solver (AztecOO): ||p,lambda||=1.44878e+09  itrs=1
DarcyPK            |    boundary head (BCs): min=0.100078 km, max=0.100078 km
DarcyPK            |    domain head (cells): min=0.0993921 km, max=0.100078 km
DarcyPK            |    domain head (cells + faces): min=0.0993921 km, max=0.100078 km
TimeStepManager    |   Proposed dT=0.358462 d, stability from previous step changes it to 0.420853 d
TimeStepManager    |   Accepted proposed dT=0.420853 d
CycleDriver        |   writing observations... 2
CycleDriver        |  New time = 1.51703 d
CycleDriver        |  
CycleDriver        |  Cycle 48: time = 1.51703 d, dt = 0.420853 d
DarcyPK            |   pressure solver (AztecOO): ||p,lambda||=1.44878e+09  itrs=1
DarcyPK            |    boundary head (BCs): min=0.100078 km, max=0.100078 km
DarcyPK            |    domain head (cells): min=0.0993921 km, max=0.100078 km
DarcyPK            |    domain head (cells + faces): min=0.0993921 km, max=0.100078 km
TimeStepManager    |   Accepted proposed dT=0.631279 d
CycleDriver        |  New time = 1.93788 d
CycleDriver        |  
CycleDriver        |  Cycle 49: time = 1.93788 d, dt = 0.631279 d
DarcyPK            |   pressure solver (AztecOO): ||p,lambda||=1.44878e+09  itrs=1
DarcyPK            |    boundary head (BCs): min=0.100078 km, max=0.100078 km
DarcyPK            |    domain head (cells): min=0.0993921 km, max=0.100078 km
DarcyPK            |    domain head (cells + faces): min=0.0993921 km, max=0.100078 km
TimeStepManager    |   Proposed dT=0.946919 d, events limit it to 0.464905 d
CycleDriver        |  New time = 2.56916 d
CycleDriver        |  
CycleDriver        |  Cycle 50: time = 2.56916 d, dt = 0.464905 d
DarcyPK            |   pressure solver (AztecOO): ||p,lambda||=1.44878e+09  itrs=1
DarcyPK            |    boundary head (BCs): min=0.100078 km, max=0.100078 km
DarcyPK            |    domain head (cells): min=0.0993921 km, max=0.100078 km
DarcyPK            |    domain head (cells + faces): min=0.0993921 km, max=0.100078 km
TimeStepManager    |   Proposed dT=0.697358 d, stability from previous step changes it to 0.946919 d
TimeStepManager    |   Accepted proposed dT=0.946919 d
CycleDriver        |   writing observations... 2
CycleDriver        |  New time = 3.03406 d
CycleDriver        |  
CycleDriver        |  Cycle 51: time = 3.03406 d, dt = 0.946919 d
DarcyPK            |   pressure solver (AztecOO): ||p,lambda||=1.44878e+09  itrs=1
DarcyPK            |    boundary head (BCs): min=0.100078 km, max=0.100078 km
DarcyPK            |    domain head (cells): min=0.0993921 km, max=0.100078 km
DarcyPK            |    domain head (cells + faces): min=0.0993921 km, max=0.100078 km
TimeStepManager    |   Accepted proposed dT=1.42038 d
CycleDriver        |  New time = 3.98098 d
CycleDriver        |  
CycleDriver        |  Cycle 52: time = 3.98098 d, dt = 1.42038 d
DarcyPK            |   pressure solver (AztecOO): ||p,lambda||=1.44878e+09  itrs=1
DarcyPK            |    boundary head (BCs): min=0.100078 km, max=0.100078 km
DarcyPK            |    domain head (cells): min=0.0993921 km, max=0.100078 km
DarcyPK            |    domain head (cells + faces): min=0.0993921 km, max=0.100078 km
TimeStepManager    |   Proposed dT=2.13057 d, events limit it to 0.666777 d
CycleDriver        |  New time = 5.40136 d
CycleDriver        |  
CycleDriver        |  Cycle 53: time = 5.40136 d, dt = 0.666777 d
DarcyPK            |   pressure solver (AztecOO): ||p,lambda||=1.44878e+09  itrs=1
DarcyPK            |    boundary head (BCs): min=0.100078 km, max=0.100078 km
DarcyPK            |    domain head (cells): min=0.0993921 km, max=0.100078 km
DarcyPK            |    domain head (cells + faces): min=0.0993921 km, max=0.100078 km
TimeStepManager    |   Proposed dT=1.00017 d, stability from previous step changes it to 2.13057 d
TimeStepManager    |   Accepted proposed dT=2.13057 d
CycleDriver        |   writing observations... 2
CycleDriver        |  New time = 6.06814 d
CycleDriver        |  
CycleDriver        |  Cycle 54: time = 6.06814 d, dt = 2.13057 d
DarcyPK            |   pressure solver (AztecOO): ||p,lambda||=1.44878e+09  itrs=1
DarcyPK            |    boundary head (BCs): min=0.100078 km, max=0.100078 km
DarcyPK            |    domain head (cells): min=0.0993921 km, max=0.100078 km
DarcyPK            |    domain head (cells + faces): min=0.0993921 km, max=0.100078 km
TimeStepManager    |   Proposed dT=3.19585 d, events limit it to 1.68769 d
CycleDriver        |  New time = 8.1987 d
CycleDriver        |  
CycleDriver        |  Cycle 55: time = 8.1987 d, dt = 1.68769 d
DarcyPK            |   pressure solver (AztecOO): ||p,lambda||=1.44878e+09  itrs=1
DarcyPK            |    boundary head (BCs): min=0.100078 km, max=0.100078 km
DarcyPK            |    domain head (cells): min=0.0993921 km, max=0.100078 km
DarcyPK            |    domain head (cells + faces): min=0.0993921 km, max=0.100078 km
TimeStepManager    |   Proposed dT=2.53153 d, stability from previous step changes it to 3.19585 d
TimeStepManager    |   Proposed dT=3.19585 d, events limit it to 1.68769 d
CycleDriver        |  New time = 9.88639 d
CycleDriver        |  
CycleDriver        |  Cycle 56: time = 9.88639 d, dt = 1.68769 d
DarcyPK            |   pressure solver (AztecOO): ||p,lambda||=1.44878e+09  itrs=1
DarcyPK            |    boundary head (BCs): min=0.100078 km, max=0.100078 km
DarcyPK            |    domain head (cells): min=0.0993921 km, max=0.100078 km
DarcyPK            |    domain head (cells + faces): min=0.0993921 km, max=0.100078 km
TimeStepManager    |   Proposed dT=2.53153 d, stability from previous step changes it to 3.19585 d
TimeStepManager    |   Proposed dT=3.19585 d, events limit it to 0.901042 d
CycleDriver        |   writing observations... 2
CycleDriver        |  New time = 11.5741 d
CycleDriver        |  
CycleDriver        |  Cycle 57: time = 11.5741 d, dt = 0.901042 d
DarcyPK            |   pressure solver (AztecOO): ||p,lambda||=1.44878e+09  itrs=1
DarcyPK            |    boundary head (BCs): min=0.100078 km, max=0.100078 km
DarcyPK            |    domain head (cells): min=0.0993921 km, max=0.100078 km
DarcyPK            |    domain head (cells + faces): min=0.0993921 km, max=0.100078 km
TimeStepManager    |   Accepted proposed dT=3.64 s
CycleDriver        |  New time = 12.4751 d
CycleDriver        |  
CycleDriver        |  Cycle 58: time = 12.4751 d, dt = 3.64 s
DarcyPK            |   pressure solver (AztecOO): ||p,lambda||=1.44878e+09  itrs=1
DarcyPK            |    boundary head (BCs): min=0.100078 km, max=0.100078 km
DarcyPK            |    domain head (cells): min=0.0993921 km, max=0.100078 km
DarcyPK            |    domain head (cells + faces): min=0.0993921 km, max=0.100078 km
TimeStepManager    |   Accepted proposed dT=5.46 s
CycleDriver        |  New time = 12.4752 d
CycleDriver        |  
CycleDriver        |  Cycle 59: time = 12.4752 d, dt = 5.46 s
DarcyPK            |   pressure solver (AztecOO): ||p,lambda||=1.44878e+09  itrs=1
DarcyPK            |    boundary head (BCs): min=0.100078 km, max=0.100078 km
DarcyPK            |    domain head (cells): min=0.0993921 km, max=0.100078 km
DarcyPK            |    domain head (cells + faces): min=0.0993921 km, max=0.100078 km
TimeStepManager    |   Accepted proposed dT=0.1365 min
CycleDriver        |  New time = 12.4752 d
CycleDriver        |  
CycleDriver        |  Cycle 60: time = 12.4752 d, dt = 0.1365 min
DarcyPK            |   pressure solver (AztecOO): ||p,lambda||=1.44878e+09  itrs=1
DarcyPK            |    boundary head (BCs): min=0.100078 km, max=0.100078 km
DarcyPK            |    domain head (cells): min=0.0993921 km, max=0.100078 km
DarcyPK            |    domain head (cells + faces): min=0.0993921 km, max=0.100078 km
TimeStepManager    |   Accepted proposed dT=0.20475 min
CycleDriver        |  New time = 12.4753 d
CycleDriver        |  
CycleDriver        |  Cycle 61: time = 12.4753 d, dt = 0.20475 min
DarcyPK            |   pressure solver (AztecOO): ||p,lambda||=1.44878e+09  itrs=1
DarcyPK            |    boundary head (BCs): min=0.100078 km, max=0.100078 km
DarcyPK            |    domain head (cells): min=0.0993921 km, max=0.100078 km
DarcyPK            |    domain head (cells + faces): min=0.0993921 km, max=0.100078 km
TimeStepManager    |   Accepted proposed dT=0.307125 min
CycleDriver        |  New time = 12.4755 d
CycleDriver        |  
CycleDriver        |  Cycle 62: time = 12.4755 d, dt = 0.307125 min
DarcyPK            |   pressure solver (AztecOO): ||p,lambda||=1.44878e+09  itrs=1
DarcyPK            |    boundary head (BCs): min=0.100078 km, max=0.100078 km
DarcyPK            |    domain head (cells): min=0.0993921 km, max=0.100078 km
DarcyPK            |    domain head (cells + faces): min=0.0993921 km, max=0.100078 km
TimeStepManager    |   Accepted proposed dT=0.460687 min
CycleDriver        |  New time = 12.4757 d
CycleDriver        |  
CycleDriver        |  Cycle 63: time = 12.4757 d, dt = 0.460687 min
DarcyPK            |   pressure solver (AztecOO): ||p,lambda||=1.44878e+09  itrs=1
DarcyPK            |    boundary head (BCs): min=0.100078 km, max=0.100078 km
DarcyPK            |    domain head (cells): min=0.0993921 km, max=0.100078 km
DarcyPK            |    domain head (cells + faces): min=0.0993921 km, max=0.100078 km
TimeStepManager    |   Accepted proposed dT=0.691031 min
CycleDriver        |  New time = 12.476 d
CycleDriver        |  
CycleDriver        |  Cycle 64: time = 12.476 d, dt = 0.691031 min
DarcyPK            |   pressure solver (AztecOO): ||p,lambda||=1.44878e+09  itrs=1
DarcyPK            |    boundary head (BCs): min=0.100078 km, max=0.100078 km
DarcyPK            |    domain head (cells): min=0.0993921 km, max=0.100078 km
DarcyPK            |    domain head (cells + faces): min=0.0993921 km, max=0.100078 km
TimeStepManager    |   Accepted proposed dT=1.03655 min
CycleDriver        |  New time = 12.4765 d
CycleDriver        |  
CycleDriver        |  Cycle 65: time = 12.4765 d, dt = 1.03655 min
DarcyPK            |   pressure solver (AztecOO): ||p,lambda||=1.44878e+09  itrs=1
DarcyPK            |    boundary head (BCs): min=0.100078 km, max=0.100078 km
DarcyPK            |    domain head (cells): min=0.0993921 km, max=0.100078 km
DarcyPK            |    domain head (cells + faces): min=0.0993921 km, max=0.100078 km
TimeStepManager    |   Accepted proposed dT=1.55482 min
CycleDriver        |  New time = 12.4772 d
CycleDriver        |  
CycleDriver        |  Cycle 66: time = 12.4772 d, dt = 1.55482 min
DarcyPK            |   pressure solver (AztecOO): ||p,lambda||=1.44878e+09  itrs=1
DarcyPK            |    boundary head (BCs): min=0.100078 km, max=0.100078 km
DarcyPK            |    domain head (cells): min=0.0993921 km, max=0.100078 km
DarcyPK            |    domain head (cells + faces): min=0.0993921 km, max=0.100078 km
TimeStepManager    |   Accepted proposed dT=2.33223 min
CycleDriver        |  New time = 12.4783 d
CycleDriver        |  
CycleDriver        |  Cycle 67: time = 12.4783 d, dt = 2.33223 min
DarcyPK            |   pressure solver (AztecOO): ||p,lambda||=1.44878e+09  itrs=1
DarcyPK            |    boundary head (BCs): min=0.100078 km, max=0.100078 km
DarcyPK            |    domain head (cells): min=0.0993921 km, max=0.100078 km
DarcyPK            |    domain head (cells + faces): min=0.0993921 km, max=0.100078 km
TimeStepManager    |   Accepted proposed dT=3.49835 min
CycleDriver        |  New time = 12.4799 d
CycleDriver        |  
CycleDriver        |  Cycle 68: time = 12.4799 d, dt = 3.49835 min
DarcyPK            |   pressure solver (AztecOO): ||p,lambda||=1.44878e+09  itrs=1
DarcyPK            |    boundary head (BCs): min=0.100078 km, max=0.100078 km
DarcyPK            |    domain head (cells): min=0.0993921 km, max=0.100078 km
DarcyPK            |    domain head (cells + faces): min=0.0993921 km, max=0.100078 km
TimeStepManager    |   Accepted proposed dT=5.24752 min
CycleDriver        |  New time = 12.4823 d
CycleDriver        |  
CycleDriver        |  Cycle 69: time = 12.4823 d, dt = 5.24752 min
DarcyPK            |   pressure solver (AztecOO): ||p,lambda||=1.44878e+09  itrs=1
DarcyPK            |    boundary head (BCs): min=0.100078 km, max=0.100078 km
DarcyPK            |    domain head (cells): min=0.0993921 km, max=0.100078 km
DarcyPK            |    domain head (cells + faces): min=0.0993921 km, max=0.100078 km
TimeStepManager    |   Accepted proposed dT=0.131188 h
CycleDriver        |  New time = 12.486 d
CycleDriver        |  
CycleDriver        |  Cycle 70: time = 12.486 d, dt = 0.131188 h
DarcyPK            |   pressure solver (AztecOO): ||p,lambda||=1.44878e+09  itrs=1
DarcyPK            |    boundary head (BCs): min=0.100078 km, max=0.100078 km
DarcyPK            |    domain head (cells): min=0.0993921 km, max=0.100078 km
DarcyPK            |    domain head (cells + faces): min=0.0993921 km, max=0.100078 km
TimeStepManager    |   Accepted proposed dT=0.196782 h
CycleDriver        |  New time = 12.4914 d
CycleDriver        |  
CycleDriver        |  Cycle 71: time = 12.4914 d, dt = 0.196782 h
DarcyPK            |   pressure solver (AztecOO): ||p,lambda||=1.44878e+09  itrs=1
DarcyPK            |    boundary head (BCs): min=0.100078 km, max=0.100078 km
DarcyPK            |    domain head (cells): min=0.0993921 km, max=0.100078 km
DarcyPK            |    domain head (cells + faces): min=0.0993921 km, max=0.100078 km
TimeStepManager    |   Accepted proposed dT=0.295173 h
CycleDriver        |  New time = 12.4996 d
CycleDriver        |  
CycleDriver        |  Cycle 72: time = 12.4996 d, dt = 0.295173 h
DarcyPK            |   pressure solver (AztecOO): ||p,lambda||=1.44878e+09  itrs=1
DarcyPK            |    boundary head (BCs): min=0.100078 km, max=0.100078 km
DarcyPK            |    domain head (cells): min=0.0993921 km, max=0.100078 km
DarcyPK            |    domain head (cells + faces): min=0.0993921 km, max=0.100078 km
TimeStepManager    |   Accepted proposed dT=0.442759 h
CycleDriver        |  New time = 12.5119 d
CycleDriver        |  
CycleDriver        |  Cycle 73: time = 12.5119 d, dt = 0.442759 h
DarcyPK            |   pressure solver (AztecOO): ||p,lambda||=1.44878e+09  itrs=1
DarcyPK            |    boundary head (BCs): min=0.100078 km, max=0.100078 km
DarcyPK            |    domain head (cells): min=0.0993921 km, max=0.100078 km
DarcyPK            |    domain head (cells + faces): min=0.0993921 km, max=0.100078 km
TimeStepManager    |   Accepted proposed dT=0.664139 h
CycleDriver        |  New time = 12.5304 d
CycleDriver        |  
CycleDriver        |  Cycle 74: time = 12.5304 d, dt = 0.664139 h
DarcyPK            |   pressure solver (AztecOO): ||p,lambda||=1.44878e+09  itrs=1
DarcyPK            |    boundary head (BCs): min=0.100078 km, max=0.100078 km
DarcyPK            |    domain head (cells): min=0.0993921 km, max=0.100078 km
DarcyPK            |    domain head (cells + faces): min=0.0993921 km, max=0.100078 km
TimeStepManager    |   Accepted proposed dT=0.996209 h
CycleDriver        |  New time = 12.558 d
CycleDriver        |  
CycleDriver        |  Cycle 75: time = 12.558 d, dt = 0.996209 h
DarcyPK            |   pressure solver (AztecOO): ||p,lambda||=1.44878e+09  itrs=1
DarcyPK            |    boundary head (BCs): min=0.100078 km, max=0.100078 km
DarcyPK            |    domain head (cells): min=0.0993921 km, max=0.100078 km
DarcyPK            |    domain head (cells + faces): min=0.0993921 km, max=0.100078 km
TimeStepManager    |   Accepted proposed dT=1.49431 h
CycleDriver        |  New time = 12.5996 d
CycleDriver        |  
CycleDriver        |  Cycle 76: time = 12.5996 d, dt = 1.49431 h
DarcyPK            |   pressure solver (AztecOO): ||p,lambda||=1.44878e+09  itrs=1
DarcyPK            |    boundary head (BCs): min=0.100078 km, max=0.100078 km
DarcyPK            |    domain head (cells): min=0.0993921 km, max=0.100078 km
DarcyPK            |    domain head (cells + faces): min=0.0993921 km, max=0.100078 km
TimeStepManager    |   Accepted proposed dT=2.24147 h
CycleDriver        |  New time = 12.6618 d
CycleDriver        |  
CycleDriver        |  Cycle 77: time = 12.6618 d, dt = 2.24147 h
DarcyPK            |   pressure solver (AztecOO): ||p,lambda||=1.44878e+09  itrs=1
DarcyPK            |    boundary head (BCs): min=0.100078 km, max=0.100078 km
DarcyPK            |    domain head (cells): min=0.0993921 km, max=0.100078 km
DarcyPK            |    domain head (cells + faces): min=0.0993921 km, max=0.100078 km
TimeStepManager    |   Accepted proposed dT=3.3622 h
CycleDriver        |  New time = 12.7552 d
CycleDriver        |  
CycleDriver        |  Cycle 78: time = 12.7552 d, dt = 3.3622 h
DarcyPK            |   pressure solver (AztecOO): ||p,lambda||=1.44878e+09  itrs=1
DarcyPK            |    boundary head (BCs): min=0.100078 km, max=0.100078 km
DarcyPK            |    domain head (cells): min=0.0993921 km, max=0.100078 km
DarcyPK            |    domain head (cells + faces): min=0.0993921 km, max=0.100078 km
TimeStepManager    |   Accepted proposed dT=0.210138 d
CycleDriver        |  New time = 12.8953 d
CycleDriver        |  
CycleDriver        |  Cycle 79: time = 12.8953 d, dt = 0.210138 d
DarcyPK            |   pressure solver (AztecOO): ||p,lambda||=1.44878e+09  itrs=1
DarcyPK            |    boundary head (BCs): min=0.100078 km, max=0.100078 km
DarcyPK            |    domain head (cells): min=0.0993921 km, max=0.100078 km
DarcyPK            |    domain head (cells + faces): min=0.0993921 km, max=0.100078 km
TimeStepManager    |   Accepted proposed dT=0.315207 d
CycleDriver        |  New time = 13.1054 d
CycleDriver        |  
CycleDriver        |  Cycle 80: time = 13.1054 d, dt = 0.315207 d
DarcyPK            |   pressure solver (AztecOO): ||p,lambda||=1.44878e+09  itrs=1
DarcyPK            |    boundary head (BCs): min=0.100078 km, max=0.100078 km
DarcyPK            |    domain head (cells): min=0.0993921 km, max=0.100078 km
DarcyPK            |    domain head (cells + faces): min=0.0993921 km, max=0.100078 km
TimeStepManager    |   Accepted proposed dT=0.47281 d
CycleDriver        |  New time = 13.4207 d
CycleDriver        |  
CycleDriver        |  Cycle 81: time = 13.4207 d, dt = 0.47281 d
DarcyPK            |   pressure solver (AztecOO): ||p,lambda||=1.44878e+09  itrs=1
DarcyPK            |    boundary head (BCs): min=0.100078 km, max=0.100078 km
DarcyPK            |    domain head (cells): min=0.0993921 km, max=0.100078 km
DarcyPK            |    domain head (cells + faces): min=0.0993921 km, max=0.100078 km
TimeStepManager    |   Accepted proposed dT=0.709215 d
CycleDriver        |  New time = 13.8935 d
CycleDriver        |  
CycleDriver        |  Cycle 82: time = 13.8935 d, dt = 0.709215 d
DarcyPK            |   pressure solver (AztecOO): ||p,lambda||=1.44878e+09  itrs=1
DarcyPK            |    boundary head (BCs): min=0.100078 km, max=0.100078 km
DarcyPK            |    domain head (cells): min=0.0993921 km, max=0.100078 km
DarcyPK            |    domain head (cells + faces): min=0.0993921 km, max=0.100078 km
TimeStepManager    |   Accepted proposed dT=1.06382 d
CycleDriver        |  New time = 14.6027 d
CycleDriver        |  
CycleDriver        |  Cycle 83: time = 14.6027 d, dt = 1.06382 d
DarcyPK            |   pressure solver (AztecOO): ||p,lambda||=1.44878e+09  itrs=1
DarcyPK            |    boundary head (BCs): min=0.100078 km, max=0.100078 km
DarcyPK            |    domain head (cells): min=0.0993921 km, max=0.100078 km
DarcyPK            |    domain head (cells + faces): min=0.0993921 km, max=0.100078 km
TimeStepManager    |   Accepted proposed dT=1.59573 d
CycleDriver        |  New time = 15.6665 d
CycleDriver        |  
CycleDriver        |  Cycle 84: time = 15.6665 d, dt = 1.59573 d
DarcyPK            |   pressure solver (AztecOO): ||p,lambda||=1.44878e+09  itrs=1
DarcyPK            |    boundary head (BCs): min=0.100078 km, max=0.100078 km
DarcyPK            |    domain head (cells): min=0.0993921 km, max=0.100078 km
DarcyPK            |    domain head (cells + faces): min=0.0993921 km, max=0.100078 km
TimeStepManager    |   Accepted proposed dT=2.3936 d
CycleDriver        |  New time = 17.2622 d
CycleDriver        |  
CycleDriver        |  Cycle 85: time = 17.2622 d, dt = 2.3936 d
DarcyPK            |   pressure solver (AztecOO): ||p,lambda||=1.44878e+09  itrs=1
DarcyPK            |    boundary head (BCs): min=0.100078 km, max=0.100078 km
DarcyPK            |    domain head (cells): min=0.0993921 km, max=0.100078 km
DarcyPK            |    domain head (cells + faces): min=0.0993921 km, max=0.100078 km
TimeStepManager    |   Accepted proposed dT=3.5904 d
CycleDriver        |  New time = 0.0538516 noleap
CycleDriver        |  
CycleDriver        |  Cycle 86: time = 0.0538516 noleap, dt = 3.5904 d
DarcyPK            |   pressure solver (AztecOO): ||p,lambda||=1.44878e+09  itrs=1
DarcyPK            |    boundary head (BCs): min=0.100078 km, max=0.100078 km
DarcyPK            |    domain head (cells): min=0.0993921 km, max=0.100078 km
DarcyPK            |    domain head (cells + faces): min=0.0993921 km, max=0.100078 km
TimeStepManager    |   Accepted proposed dT=5.3856 d
CycleDriver        |  New time = 0.0636883 noleap
CycleDriver        |  
CycleDriver        |  Cycle 87: time = 0.0636883 noleap, dt = 5.3856 d
DarcyPK            |   pressure solver (AztecOO): ||p,lambda||=1.44878e+09  itrs=1
DarcyPK            |    boundary head (BCs): min=0.100078 km, max=0.100078 km
DarcyPK            |    domain head (cells): min=0.0993921 km, max=0.100078 km
DarcyPK            |    domain head (cells + faces): min=0.0993921 km, max=0.100078 km
TimeStepManager    |   Accepted proposed dT=8.0784 d
CycleDriver        |  New time = 0.0784434 noleap
CycleDriver        |  
CycleDriver        |  Cycle 88: time = 0.0784434 noleap, dt = 8.0784 d
DarcyPK            |   pressure solver (AztecOO): ||p,lambda||=1.44878e+09  itrs=1
DarcyPK            |    boundary head (BCs): min=0.100078 km, max=0.100078 km
DarcyPK            |    domain head (cells): min=0.0993921 km, max=0.100078 km
DarcyPK            |    domain head (cells + faces): min=0.0993921 km, max=0.100078 km
TimeStepManager    |   Accepted proposed dT=12.1176 d
CycleDriver        |  New time = 0.100576 noleap
CycleDriver        |  
CycleDriver        |  Cycle 89: time = 0.100576 noleap, dt = 12.1176 d
DarcyPK            |   pressure solver (AztecOO): ||p,lambda||=1.44878e+09  itrs=1
DarcyPK            |    boundary head (BCs): min=0.100078 km, max=0.100078 km
DarcyPK            |    domain head (cells): min=0.0993921 km, max=0.100078 km
DarcyPK            |    domain head (cells + faces): min=0.0993921 km, max=0.100078 km
TimeStepManager    |   Accepted proposed dT=18.1764 d
CycleDriver        |  New time = 0.133775 noleap
CycleDriver        |  
CycleDriver        |  Cycle 90: time = 0.133775 noleap, dt = 18.1764 d
DarcyPK            |   pressure solver (AztecOO): ||p,lambda||=1.44878e+09  itrs=1
DarcyPK            |    boundary head (BCs): min=0.100078 km, max=0.100078 km
DarcyPK            |    domain head (cells): min=0.0993921 km, max=0.100078 km
DarcyPK            |    domain head (cells + faces): min=0.0993921 km, max=0.100078 km
TimeStepManager    |   Accepted proposed dT=0.0746975 noleap
CycleDriver        |  New time = 0.183573 noleap
CycleDriver        |  
CycleDriver        |  Cycle 91: time = 0.183573 noleap, dt = 0.0746975 noleap
DarcyPK            |   pressure solver (AztecOO): ||p,lambda||=1.44878e+09  itrs=1
DarcyPK            |    boundary head (BCs): min=0.100078 km, max=0.100078 km
DarcyPK            |    domain head (cells): min=0.0993921 km, max=0.100078 km
DarcyPK            |    domain head (cells + faces): min=0.0993921 km, max=0.100078 km
TimeStepManager    |   Proposed dT=0.112046 noleap, events limit it to 0.0588271 noleap
CycleDriver        |  New time = 0.258271 noleap
CycleDriver        |  
CycleDriver        |  Cycle 92: time = 0.258271 noleap, dt = 0.0588271 noleap
DarcyPK            |   pressure solver (AztecOO): ||p,lambda||=1.44878e+09  itrs=1
DarcyPK            |    boundary head (BCs): min=0.100078 km, max=0.100078 km
DarcyPK            |    domain head (cells): min=0.0993921 km, max=0.100078 km
DarcyPK            |    domain head (cells + faces): min=0.0993921 km, max=0.100078 km
TimeStepManager    |   Proposed dT=0.0882407 noleap, stability from previous step changes it to 0.112046 noleap
TimeStepManager    |   Accepted proposed dT=0.112046 noleap
CycleDriver        |   writing observations... 2
CycleDriver        |  New time = 0.317098 noleap
CycleDriver        |  
CycleDriver        |  Cycle 93: time = 0.317098 noleap, dt = 0.112046 noleap
DarcyPK            |   pressure solver (AztecOO): ||p,lambda||=1.44878e+09  itrs=1
DarcyPK            |    boundary head (BCs): min=0.100078 km, max=0.100078 km
DarcyPK            |    domain head (cells): min=0.0993921 km, max=0.100078 km
DarcyPK            |    domain head (cells + faces): min=0.0993921 km, max=0.100078 km
TimeStepManager    |   Proposed dT=0.168069 noleap, events limit it to 0.0908964 noleap
CycleDriver        |  New time = 0.429144 noleap
CycleDriver        |  
CycleDriver        |  Cycle 94: time = 0.429144 noleap, dt = 0.0908964 noleap
DarcyPK            |   pressure solver (AztecOO): ||p,lambda||=1.44878e+09  itrs=1
DarcyPK            |    boundary head (BCs): min=0.100078 km, max=0.100078 km
DarcyPK            |    domain head (cells): min=0.0993921 km, max=0.100078 km
DarcyPK            |    domain head (cells + faces): min=0.0993921 km, max=0.100078 km
TimeStepManager    |   Accepted proposed dT=0.136345 noleap
CycleDriver        |   writing observations... 0
CycleDriver        |   writing checkpoint file
CycleDriver        |  New time = 0.520041 noleap
CycleDriver        |  
CycleDriver        |  Field                                    Min/Max/Avg
CycleDriver        |  atmospheric_pressure.................... 101325
CycleDriver        |  const_fluid_density..................... 1000
CycleDriver        |  const_fluid_viscosity................... 0.001002
CycleDriver        |  darcy_velocity.......................... -0.000519246 / 0.000666713 / 5.32774e-07
CycleDriver        |  dt...................................... 2.86651e+06
CycleDriver        |  gravity................................. 0 0 -9.80665
CycleDriver        |  hydraulic_head.......................... 99.3921 / 100.078 / 100.062 [m]
CycleDriver        |  mass_density_liquid.bnd_face............ 1000 / 1000 / 1000
CycleDriver        |  mass_density_liquid.cell................ 1000 / 1000 / 1000
CycleDriver        |  molar_flow_rate......................... -159.659 / 189.595 / 0.0887556
CycleDriver        |  permeability............................ 1.187e-10 / 1.187e-08 / 5.95436e-09 [m^2]
CycleDriver        |  porosity................................ 0.25 / 0.25 / 0.25 [-]
CycleDriver        |  pressure.cell........................... 1.07112e+06 / 1.07785e+06 / 1.0777e+06 [Pa]
CycleDriver        |  pressure.face........................... 1.06622e+06 / 1.08275e+06 / 1.0777e+06 [Pa]
CycleDriver        |  prev_saturation_liquid.................. 1 / 1 / 1
CycleDriver        |  prev_water_storage...................... 2.19083 / 54.9551 / 28.518
CycleDriver        |  saturation_liquid....................... 1 / 1 / 1 [-]
CycleDriver        |  specific_storage........................ 2e-05 / 0.0005 / 0.000259501 [m]
CycleDriver        |  specific_yield.......................... 0 / 0 / 0
CycleDriver        |  time.................................... 1.64e+07
CycleDriver        |  time@current............................ 0
CycleDriver        |  volumetric_flow_rate.................... -0.00287631 / 0.00341561 / 1.59896e-06 [m^3/s]
CycleDriver        |  water_content........................... 0.25 / 0.25 / 0.25 [-]
CycleDriver        |  water_storage........................... 2.19083 / 54.9551 / 28.518
CycleDriver        |  ======================================================================
CycleDriver        |  Simulation made 95 cycles.
CycleDriver        |  All meshes combined have 361201 cells.
CycleDriver        |  Memory usage (high water mark):
CycleDriver        |    Maximum per core:   19876.6 MBytes,  maximum per cell: 57702.3 Bytes
CycleDriver        |    Minumum per core:   19876.6 MBytes,  minimum per cell: 57702.3 Bytes
CycleDriver        |    Total:              19876.6 MBytes,  total per cell:   57702.3 Bytes
CycleDriver        |  Doubles allocated in state fields 
CycleDriver        |    Maximum per core:   85.4739 MBytes
CycleDriver        |    Minimum per core:   85.4739 MBytes
CycleDriver        |    Total:              85.4739 MBytes
================================================================================

                      TimeMonitor results over 1 processor

Timer Name                  Global time (num calls)    
--------------------------------------------------------------------------------
Full Simulation             1742 (1)                   
Geometric Model Creation    1.8e-05 (1)                
Mesh Creation               585 (1)                    
================================================================================
Amanzi::SIMULATION_SUCCESSFUL

