[pn2401379.lanl.gov:48414] shmem: mmap: an error occurred while determining whether or not /var/folders/36/xt3jx8554vj0_03sz682d5_800074q/T//ompi.pn2401379.7319/jf.0/1565261824/sm_segment.pn2401379.7319.5d4c0000.0 could be created.
InputConverter-u   |  Amanzi executable tag: 1.6-dev_01c79db22
InputConverter-u   |  Verify high-level XML structure
InputConverter-u   |  Liquid phase has 0 solutes
InputConverter-u   |  AUTHOR: Greg Flach, Konstantin Lipnikov
InputConverter-u   |  Translating units: m s kg molar K
InputConverter-u   |  Translating unstructured mesh
InputConverter-u   |  Translating regions
InputConverter-u   |   found 10 regions plus region "All".
InputConverter-u   |  Translating state
InputConverter-u   |  Translating output
InputConverter-u   |   Found 0 cycle macros and 1 time macros.
InputConverter-u   |   Translating output: visualization
InputConverter-u   |   Translating output: observations
InputConverter-u   |   Found 7 liquid observations
InputConverter-u   |   Found 0 gas observations
InputConverter-u   |  Translating cycle driver
InputConverter-u   |   Translating time period controls
InputConverter-u   |   created 0 special times
InputConverter-u   |  Translating process kernels
InputConverter-u   |   TP: PK name="steady:flow", factory: "darcy"
InputConverter-u   |   Next PK is "steady:flow"
InputConverter-u   |   Translating flow, mode=steady domain=matrix
InputConverter-u   |    Translating optional fracture models, domain=matrix
InputConverter-u   |    Translating time integrator
InputConverter-u   |    Translating boundary conditions
InputConverter-u   |     active BCs: static head, no flow (default)
InputConverter-u   |  Translating solvers
InputConverter-u   |   gmres: itrs=100, tol=1e-18, pc=Hypre AMG
InputConverter-u   |   pcg: itrs=100, tol=1e-18, pc=Hypre AMG
InputConverter-u   |   pcg: itrs=100, tol=1e-18, pc=Hypre AMG
InputConverter-u   |   gmres: itrs=100, tol=1e-18, pc=Hypre AMG
InputConverter-u   |  Translating preconditioners
InputConverter-u   |  Final comments:
InputConverter-u   |   found units: 
InputConverter-u   |   Writing the translated XML to amanzi_linear_head_head_1d-u_native.xml
InputConverter-u   |  CPU time stamp: [00:00:01]
Amanzi::MeshFactor |  Creating 3D block mesh using format "MSTK"
Mesh Output        |  cells, tot/min/max: 20/20/20
Mesh Output        |  faces, tot/min/max: 101/101/101
Mesh Output        |  nodes, tot/min/max: 84/84/84
Mesh Output        |  
Mesh               |  CPU time stamp: [00:00:01]
InputAnalysis:doma |  bc: "Left" has 1 faces of 20 [m^2]
InputAnalysis:doma |  bc: "Right" has 1 faces of 20 [m^2]
InputAnalysis:doma |  obs: "LeftBoundary" has 1 cells, size: 100
InputAnalysis:doma |  obs: "RightBoundary" has 1 cells, size: 100
InputAnalysis:doma |  obs: "Midpoint" has 2 cells, size: 200
InputAnalysis:doma |  obs: "LeftmostCell" has 1 cells, size: 100
InputAnalysis:doma |  obs: "RightmostCell" has 1 cells, size: 100
InputAnalysis:doma |  obs: "LeftMidpointCell" has 1 cells, size: 100
InputAnalysis:doma |  obs: "RightMidpointCell" has 1 cells, size: 100
State              |  ------------------------------------------
State              |  Dependency & Structure list for evaluators
State              |  ------------------------------------------
State              |  darcy_velocity
State              |    type: secondary
State              |    dep: volumetric_flow_rate, tag=""
State              |    comp=cell location=4 dofs=3
State              |    
State              |  mass_density_liquid
State              |    Type: independent
State              |    comp=cell location=4 dofs=1
State              |    comp=boundary_face location=13 dofs=1
State              |    
State              |  molar_flow_rate
State              |    Type: primary
State              |    comp=face location=3 dofs=1
State              |    
State              |  porosity
State              |    Type: independent
State              |    comp=cell location=4 dofs=1
State              |    
State              |  pressure
State              |    Type: primary
State              |    comp=cell location=4 dofs=1
State              |    comp=face location=3 dofs=1
State              |    
State              |  saturation_liquid
State              |    Type: independent
State              |    comp=cell location=4 dofs=1
State              |    
State              |  specific_storage
State              |    type: secondary
State              |    comp=cell location=4 dofs=1
State              |    
State              |  volumetric_flow_rate
State              |    type: secondary
State              |    dep: molar_flow_rate, tag=""
State              |    comp=face location=3 dofs=1
State              |    
State              |  water_content
State              |    type: secondary
State              |    dep: porosity, tag=""
State              |    dep: saturation_liquid, tag=""
State              |    comp=cell location=4 dofs=1
State              |    
State              |  water_storage
State              |    type: secondary
State              |    dep: pressure, tag=""
State              |    comp=cell location=4 dofs=1
State              |    
State              |  ------------------------------
State              |  Structure list for derivatives
State              |  ------------------------------
State              |  Dwater_storage/D{ pressure }
State              |    comp=cell location=4 dofs=1
State              |    
State              |  Setup is complete.
State              |  
CycleDriver        |  Setup is complete.
State              |  initializing data through initial conditions...
State              |  initializing "atmospheric_pressure" [ok]
State              |  initializing "const_fluid_density" [ok]
State              |  initializing "const_fluid_viscosity" [ok]
State              |  initializing "cycle" ... skipped
State              |  initializing "darcy_velocity" ... skipped
State              |  initializing "dt" ... skipped
State              |  initializing "gravity" [ok]
State              |  initializing "hydraulic_head" ... skipped
State              |  initializing "mass_density_liquid" ... skipped
State              |  initializing "molar_flow_rate" ... skipped
State              |  initializing "permeability" [ok]
State              |  initializing "porosity" ... skipped
State              |  initializing "position" ... skipped
State              |  initializing "pressure" [ok]
State              |  initializing "prev_saturation_liquid" ... skipped
State              |  initializing "prev_water_storage" ... skipped
State              |  initializing "saturation_liquid" [ok]
State              |  initializing "specific_storage" ... skipped
State              |  initializing "specific_yield" ... skipped
State              |  initializing "time" ... skipped
State              |  initializing "volumetric_flow_rate" ... skipped
State              |  initializing "water_content" ... skipped
State              |  initializing "water_storage" ... skipped
State              |  initializing eval: "darcy_velocity" @ ""
State              |  initializing eval: "mass_density_liquid" @ ""
State              |  initializing eval: "molar_flow_rate" @ ""
State              |  initializing eval: "porosity" @ ""
State              |  initializing eval: "pressure" @ ""
State              |  initializing eval: "saturation_liquid" @ ""
State              |  initializing eval: "specific_storage" @ ""
State              |  initializing eval: "volumetric_flow_rate" @ ""
State              |  initializing eval: "water_content" @ ""
State              |  initializing eval: "water_storage" @ ""
DarcyPK            |   initialized "specific_yield" to value 0
DarcyPK            |   initialized "hydraulic_head" to value 0
DarcyPK            |   initialized "prev_saturation_liquid" to value 1
DarcyPK            |   initialized prev_water_storage to water_storage
DarcyPK            |  
DarcyPK            |  TI:"BDF1" dt:standard LS:"AztecOO" PC:"Hypre AMG"
DarcyPK            |  matrix: <Diffusion: CELL_FACE+CELL> <CELL_CELL> 
DarcyPK            |  constant viscosity model, mu=0.001002
DarcyPK            |  initial pressure guess: "from State"
DarcyPK            |  
DarcyPK            |  pressure BC assigned to 2 faces
DarcyPK            |  default (no-flow) BC assigned to 80 faces
DarcyPK            |  
DarcyPK            |   boundary head (BCs): min=19 m, max=20 m
DarcyPK            |   domain head (cells): min=5 m, max=5 m
DarcyPK            |   domain head (cells + faces): min=0 m, max=10 m
DarcyPK            |  [1;32mInitialization of PK is complete, T=0 dT=1e+99[0m
DarcyPK            |  
TimeStepManager    |  Proposed dT=1 s, is near equal to next event time remaining 1 s.
TimeStepManager    |  Proposed dT=1 s, is near equal to next event time remaining 1 s.
State              |  initializing eval: "darcy_velocity" @ ""
State              |  initializing eval: "mass_density_liquid" @ ""
State              |  initializing eval: "molar_flow_rate" @ ""
State              |  initializing eval: "porosity" @ ""
State              |  initializing eval: "pressure" @ ""
State              |  initializing eval: "saturation_liquid" @ ""
State              |  initializing eval: "specific_storage" @ ""
State              |  initializing eval: "volumetric_flow_rate" @ ""
State              |  initializing eval: "water_content" @ ""
State              |  initializing eval: "water_storage" @ ""
CycleDriver        |  
CycleDriver        |  Field                                    Min/Max/Avg
CycleDriver        |  atmospheric_pressure.................... 101325
CycleDriver        |  const_fluid_density..................... 998.2
CycleDriver        |  const_fluid_viscosity................... 0.001002
CycleDriver        |  darcy_velocity.......................... -1.15739e-05 / 6.87843e-21 / -3.85796e-06
CycleDriver        |  dt...................................... 1
CycleDriver        |  gravity................................. 0 0 -9.80665
CycleDriver        |  hydraulic_head.......................... 5 / 5 / 5 [m]
CycleDriver        |  mass_density_liquid.bnd_face............ 998.2 / 998.2 / 998.2
CycleDriver        |  mass_density_liquid.cell................ 998.2 / 998.2 / 998.2
CycleDriver        |  molar_flow_rate......................... -6.4129 / 7.53413e-14 / -2.53976
CycleDriver        |  permeability............................ 1.1847e-12 / 1.1847e-12 / 1.1847e-12 [m^2]
CycleDriver        |  porosity................................ 0.25 / 0.25 / 0.25 [-]
CycleDriver        |  pressure.cell........................... 101325 / 101325 / 101325 [Pa]
CycleDriver        |  pressure.face........................... 101325 / 101325 / 101325 [Pa]
CycleDriver        |  prev_saturation_liquid.................. 1 / 1 / 1
CycleDriver        |  prev_water_storage...................... 0 / 0 / 0
CycleDriver        |  saturation_liquid....................... 1 / 1 / 1 [-]
CycleDriver        |  specific_storage........................ 0 / 0 / 0 [m]
CycleDriver        |  specific_yield.......................... 0 / 0 / 0
CycleDriver        |  time.................................... 0
CycleDriver        |  time@current............................ 0
CycleDriver        |  volumetric_flow_rate.................... -0.000115739 / 1.35975e-18 / -4.58371e-05 [m^3/s]
CycleDriver        |  water_content........................... 0.25 / 0.25 / 0.25 [-]
CycleDriver        |  water_storage........................... 0 / 0 / 0
CycleDriver        |  
CycleDriver        |  Simulation end time: 1000 sec.
CycleDriver        |  CPU time stamp: [00:00:01]
CycleDriver        |  
CycleDriver        |  Cycle 0: time = 0 s, dt = 1 s
DarcyPK            |   pressure solver (AztecOO): ||p,lambda||=2.69395e+06  itrs=6
DarcyPK            |    boundary head (BCs): min=19 m, max=20 m
DarcyPK            |    domain head (cells): min=19.025 m, max=19.975 m
DarcyPK            |    domain head (cells + faces): min=19 m, max=20 m
TimeStepManager    |   Accepted proposed dT=1.2 s
CycleDriver        |  New time = 1 s
CycleDriver        |  
CycleDriver        |  Cycle 1: time = 1 s, dt = 1.2 s
DarcyPK            |   pressure solver (AztecOO): ||p,lambda||=2.69395e+06  itrs=1
DarcyPK            |    boundary head (BCs): min=19 m, max=20 m
DarcyPK            |    domain head (cells): min=19.025 m, max=19.975 m
DarcyPK            |    domain head (cells + faces): min=19 m, max=20 m
TimeStepManager    |   Accepted proposed dT=1.44 s
CycleDriver        |  New time = 2.2 s
CycleDriver        |  
CycleDriver        |  Cycle 2: time = 2.2 s, dt = 1.44 s
DarcyPK            |   pressure solver (AztecOO): ||p,lambda||=2.69395e+06  itrs=1
DarcyPK            |    boundary head (BCs): min=19 m, max=20 m
DarcyPK            |    domain head (cells): min=19.025 m, max=19.975 m
DarcyPK            |    domain head (cells + faces): min=19 m, max=20 m
TimeStepManager    |   Accepted proposed dT=1.728 s
CycleDriver        |  New time = 3.64 s
CycleDriver        |  
CycleDriver        |  Cycle 3: time = 3.64 s, dt = 1.728 s
DarcyPK            |   pressure solver (AztecOO): ||p,lambda||=2.69395e+06  itrs=1
DarcyPK            |    boundary head (BCs): min=19 m, max=20 m
DarcyPK            |    domain head (cells): min=19.025 m, max=19.975 m
DarcyPK            |    domain head (cells + faces): min=19 m, max=20 m
TimeStepManager    |   Accepted proposed dT=2.0736 s
CycleDriver        |  New time = 5.368 s
CycleDriver        |  
CycleDriver        |  Cycle 4: time = 5.368 s, dt = 2.0736 s
DarcyPK            |   pressure solver (AztecOO): ||p,lambda||=2.69395e+06  itrs=1
DarcyPK            |    boundary head (BCs): min=19 m, max=20 m
DarcyPK            |    domain head (cells): min=19.025 m, max=19.975 m
DarcyPK            |    domain head (cells + faces): min=19 m, max=20 m
TimeStepManager    |   Accepted proposed dT=2.48832 s
CycleDriver        |  New time = 7.4416 s
CycleDriver        |  
CycleDriver        |  Cycle 5: time = 7.4416 s, dt = 2.48832 s
DarcyPK            |   pressure solver (AztecOO): ||p,lambda||=2.69395e+06  itrs=1
DarcyPK            |    boundary head (BCs): min=19 m, max=20 m
DarcyPK            |    domain head (cells): min=19.025 m, max=19.975 m
DarcyPK            |    domain head (cells + faces): min=19 m, max=20 m
TimeStepManager    |   Accepted proposed dT=2.98598 s
CycleDriver        |  New time = 0.165499 min
CycleDriver        |  
CycleDriver        |  Cycle 6: time = 0.165499 min, dt = 2.98598 s
DarcyPK            |   pressure solver (AztecOO): ||p,lambda||=2.69395e+06  itrs=1
DarcyPK            |    boundary head (BCs): min=19 m, max=20 m
DarcyPK            |    domain head (cells): min=19.025 m, max=19.975 m
DarcyPK            |    domain head (cells + faces): min=19 m, max=20 m
TimeStepManager    |   Accepted proposed dT=3.58318 s
CycleDriver        |  New time = 0.215265 min
CycleDriver        |  
CycleDriver        |  Cycle 7: time = 0.215265 min, dt = 3.58318 s
DarcyPK            |   pressure solver (AztecOO): ||p,lambda||=2.69395e+06  itrs=1
DarcyPK            |    boundary head (BCs): min=19 m, max=20 m
DarcyPK            |    domain head (cells): min=19.025 m, max=19.975 m
DarcyPK            |    domain head (cells + faces): min=19 m, max=20 m
TimeStepManager    |   Accepted proposed dT=4.29982 s
CycleDriver        |  New time = 0.274985 min
CycleDriver        |  
CycleDriver        |  Cycle 8: time = 0.274985 min, dt = 4.29982 s
DarcyPK            |   pressure solver (AztecOO): ||p,lambda||=2.69395e+06  itrs=1
DarcyPK            |    boundary head (BCs): min=19 m, max=20 m
DarcyPK            |    domain head (cells): min=19.025 m, max=19.975 m
DarcyPK            |    domain head (cells + faces): min=19 m, max=20 m
TimeStepManager    |   Accepted proposed dT=5.15978 s
CycleDriver        |  New time = 0.346648 min
CycleDriver        |  
CycleDriver        |  Cycle 9: time = 0.346648 min, dt = 5.15978 s
DarcyPK            |   pressure solver (AztecOO): ||p,lambda||=2.69395e+06  itrs=1
DarcyPK            |    boundary head (BCs): min=19 m, max=20 m
DarcyPK            |    domain head (cells): min=19.025 m, max=19.975 m
DarcyPK            |    domain head (cells + faces): min=19 m, max=20 m
TimeStepManager    |   Accepted proposed dT=6.19174 s
CycleDriver        |  New time = 0.432645 min
CycleDriver        |  
CycleDriver        |  Cycle 10: time = 0.432645 min, dt = 6.19174 s
DarcyPK            |   pressure solver (AztecOO): ||p,lambda||=2.69395e+06  itrs=1
DarcyPK            |    boundary head (BCs): min=19 m, max=20 m
DarcyPK            |    domain head (cells): min=19.025 m, max=19.975 m
DarcyPK            |    domain head (cells + faces): min=19 m, max=20 m
TimeStepManager    |   Accepted proposed dT=7.43008 s
CycleDriver        |  New time = 0.53584 min
CycleDriver        |  
CycleDriver        |  Cycle 11: time = 0.53584 min, dt = 7.43008 s
DarcyPK            |   pressure solver (AztecOO): ||p,lambda||=2.69395e+06  itrs=1
DarcyPK            |    boundary head (BCs): min=19 m, max=20 m
DarcyPK            |    domain head (cells): min=19.025 m, max=19.975 m
DarcyPK            |    domain head (cells + faces): min=19 m, max=20 m
TimeStepManager    |   Accepted proposed dT=0.148602 min
CycleDriver        |  New time = 0.659675 min
CycleDriver        |  
CycleDriver        |  Cycle 12: time = 0.659675 min, dt = 0.148602 min
DarcyPK            |   pressure solver (AztecOO): ||p,lambda||=2.69395e+06  itrs=1
DarcyPK            |    boundary head (BCs): min=19 m, max=20 m
DarcyPK            |    domain head (cells): min=19.025 m, max=19.975 m
DarcyPK            |    domain head (cells + faces): min=19 m, max=20 m
TimeStepManager    |   Accepted proposed dT=0.178322 min
CycleDriver        |  New time = 0.808277 min
CycleDriver        |  
CycleDriver        |  Cycle 13: time = 0.808277 min, dt = 0.178322 min
DarcyPK            |   pressure solver (AztecOO): ||p,lambda||=2.69395e+06  itrs=1
DarcyPK            |    boundary head (BCs): min=19 m, max=20 m
DarcyPK            |    domain head (cells): min=19.025 m, max=19.975 m
DarcyPK            |    domain head (cells + faces): min=19 m, max=20 m
TimeStepManager    |   Accepted proposed dT=0.213986 min
CycleDriver        |  New time = 0.986599 min
CycleDriver        |  
CycleDriver        |  Cycle 14: time = 0.986599 min, dt = 0.213986 min
DarcyPK            |   pressure solver (AztecOO): ||p,lambda||=2.69395e+06  itrs=1
DarcyPK            |    boundary head (BCs): min=19 m, max=20 m
DarcyPK            |    domain head (cells): min=19.025 m, max=19.975 m
DarcyPK            |    domain head (cells + faces): min=19 m, max=20 m
TimeStepManager    |   Accepted proposed dT=0.256784 min
CycleDriver        |  New time = 1.20059 min
CycleDriver        |  
CycleDriver        |  Cycle 15: time = 1.20059 min, dt = 0.256784 min
DarcyPK            |   pressure solver (AztecOO): ||p,lambda||=2.69395e+06  itrs=1
DarcyPK            |    boundary head (BCs): min=19 m, max=20 m
DarcyPK            |    domain head (cells): min=19.025 m, max=19.975 m
DarcyPK            |    domain head (cells + faces): min=19 m, max=20 m
TimeStepManager    |   Accepted proposed dT=0.30814 min
CycleDriver        |  New time = 1.45737 min
CycleDriver        |  
CycleDriver        |  Cycle 16: time = 1.45737 min, dt = 0.30814 min
DarcyPK            |   pressure solver (AztecOO): ||p,lambda||=2.69395e+06  itrs=1
DarcyPK            |    boundary head (BCs): min=19 m, max=20 m
DarcyPK            |    domain head (cells): min=19.025 m, max=19.975 m
DarcyPK            |    domain head (cells + faces): min=19 m, max=20 m
TimeStepManager    |   Accepted proposed dT=0.369769 min
CycleDriver        |  New time = 1.76551 min
CycleDriver        |  
CycleDriver        |  Cycle 17: time = 1.76551 min, dt = 0.369769 min
DarcyPK            |   pressure solver (AztecOO): ||p,lambda||=2.69395e+06  itrs=1
DarcyPK            |    boundary head (BCs): min=19 m, max=20 m
DarcyPK            |    domain head (cells): min=19.025 m, max=19.975 m
DarcyPK            |    domain head (cells + faces): min=19 m, max=20 m
TimeStepManager    |   Accepted proposed dT=0.443722 min
CycleDriver        |  New time = 2.13528 min
CycleDriver        |  
CycleDriver        |  Cycle 18: time = 2.13528 min, dt = 0.443722 min
DarcyPK            |   pressure solver (AztecOO): ||p,lambda||=2.69395e+06  itrs=1
DarcyPK            |    boundary head (BCs): min=19 m, max=20 m
DarcyPK            |    domain head (cells): min=19.025 m, max=19.975 m
DarcyPK            |    domain head (cells + faces): min=19 m, max=20 m
TimeStepManager    |   Accepted proposed dT=0.532467 min
CycleDriver        |  New time = 2.579 min
CycleDriver        |  
CycleDriver        |  Cycle 19: time = 2.579 min, dt = 0.532467 min
DarcyPK            |   pressure solver (AztecOO): ||p,lambda||=2.69395e+06  itrs=1
DarcyPK            |    boundary head (BCs): min=19 m, max=20 m
DarcyPK            |    domain head (cells): min=19.025 m, max=19.975 m
DarcyPK            |    domain head (cells + faces): min=19 m, max=20 m
TimeStepManager    |   Accepted proposed dT=0.63896 min
CycleDriver        |  New time = 3.11147 min
CycleDriver        |  
CycleDriver        |  Cycle 20: time = 3.11147 min, dt = 0.63896 min
DarcyPK            |   pressure solver (AztecOO): ||p,lambda||=2.69395e+06  itrs=1
DarcyPK            |    boundary head (BCs): min=19 m, max=20 m
DarcyPK            |    domain head (cells): min=19.025 m, max=19.975 m
DarcyPK            |    domain head (cells + faces): min=19 m, max=20 m
TimeStepManager    |   Accepted proposed dT=0.766752 min
CycleDriver        |  New time = 3.75043 min
CycleDriver        |  
CycleDriver        |  Cycle 21: time = 3.75043 min, dt = 0.766752 min
DarcyPK            |   pressure solver (AztecOO): ||p,lambda||=2.69395e+06  itrs=1
DarcyPK            |    boundary head (BCs): min=19 m, max=20 m
DarcyPK            |    domain head (cells): min=19.025 m, max=19.975 m
DarcyPK            |    domain head (cells + faces): min=19 m, max=20 m
TimeStepManager    |   Accepted proposed dT=0.920102 min
CycleDriver        |  New time = 4.51718 min
CycleDriver        |  
CycleDriver        |  Cycle 22: time = 4.51718 min, dt = 0.920102 min
DarcyPK            |   pressure solver (AztecOO): ||p,lambda||=2.69395e+06  itrs=1
DarcyPK            |    boundary head (BCs): min=19 m, max=20 m
DarcyPK            |    domain head (cells): min=19.025 m, max=19.975 m
DarcyPK            |    domain head (cells + faces): min=19 m, max=20 m
TimeStepManager    |   Accepted proposed dT=1.10412 min
CycleDriver        |  New time = 5.43728 min
CycleDriver        |  
CycleDriver        |  Cycle 23: time = 5.43728 min, dt = 1.10412 min
DarcyPK            |   pressure solver (AztecOO): ||p,lambda||=2.69395e+06  itrs=1
DarcyPK            |    boundary head (BCs): min=19 m, max=20 m
DarcyPK            |    domain head (cells): min=19.025 m, max=19.975 m
DarcyPK            |    domain head (cells + faces): min=19 m, max=20 m
TimeStepManager    |   Accepted proposed dT=1.32495 min
CycleDriver        |  New time = 6.5414 min
CycleDriver        |  
CycleDriver        |  Cycle 24: time = 6.5414 min, dt = 1.32495 min
DarcyPK            |   pressure solver (AztecOO): ||p,lambda||=2.69395e+06  itrs=1
DarcyPK            |    boundary head (BCs): min=19 m, max=20 m
DarcyPK            |    domain head (cells): min=19.025 m, max=19.975 m
DarcyPK            |    domain head (cells + faces): min=19 m, max=20 m
TimeStepManager    |   Accepted proposed dT=1.58994 min
CycleDriver        |  New time = 0.131106 h
CycleDriver        |  
CycleDriver        |  Cycle 25: time = 0.131106 h, dt = 1.58994 min
DarcyPK            |   pressure solver (AztecOO): ||p,lambda||=2.69395e+06  itrs=1
DarcyPK            |    boundary head (BCs): min=19 m, max=20 m
DarcyPK            |    domain head (cells): min=19.025 m, max=19.975 m
DarcyPK            |    domain head (cells + faces): min=19 m, max=20 m
TimeStepManager    |   Accepted proposed dT=1.90792 min
CycleDriver        |  New time = 0.157605 h
CycleDriver        |  
CycleDriver        |  Cycle 26: time = 0.157605 h, dt = 1.90792 min
DarcyPK            |   pressure solver (AztecOO): ||p,lambda||=2.69395e+06  itrs=1
DarcyPK            |    boundary head (BCs): min=19 m, max=20 m
DarcyPK            |    domain head (cells): min=19.025 m, max=19.975 m
DarcyPK            |    domain head (cells + faces): min=19 m, max=20 m
TimeStepManager    |   Accepted proposed dT=2.28951 min
CycleDriver        |  New time = 0.189404 h
CycleDriver        |  
CycleDriver        |  Cycle 27: time = 0.189404 h, dt = 2.28951 min
DarcyPK            |   pressure solver (AztecOO): ||p,lambda||=2.69395e+06  itrs=1
DarcyPK            |    boundary head (BCs): min=19 m, max=20 m
DarcyPK            |    domain head (cells): min=19.025 m, max=19.975 m
DarcyPK            |    domain head (cells + faces): min=19 m, max=20 m
TimeStepManager    |   Proposed dT=2.74741 min, events limit it to 1.50647 min
CycleDriver        |  New time = 0.227562 h
CycleDriver        |  
CycleDriver        |  Cycle 28: time = 0.227562 h, dt = 1.50647 min
DarcyPK            |   pressure solver (AztecOO): ||p,lambda||=2.69395e+06  itrs=1
DarcyPK            |    boundary head (BCs): min=19 m, max=20 m
DarcyPK            |    domain head (cells): min=19.025 m, max=19.975 m
DarcyPK            |    domain head (cells + faces): min=19 m, max=20 m
TimeStepManager    |   Proposed dT=1.80777 min, stability from previous step changes it to 2.74741 min
TimeStepManager    |   Proposed dT=2.74741 min, events limit it to 1.50647 min
CycleDriver        |  New time = 0.25267 h
CycleDriver        |  
CycleDriver        |  Cycle 29: time = 0.25267 h, dt = 1.50647 min
DarcyPK            |   pressure solver (AztecOO): ||p,lambda||=2.69395e+06  itrs=1
DarcyPK            |    boundary head (BCs): min=19 m, max=20 m
DarcyPK            |    domain head (cells): min=19.025 m, max=19.975 m
DarcyPK            |    domain head (cells + faces): min=19 m, max=20 m
TimeStepManager    |   Proposed dT=1.80777 min, stability from previous step changes it to 2.74741 min
CycleDriver        |   writing visualization file: domain
CycleDriver        |   writing observations... 7
CycleDriver        |   writing checkpoint file
CycleDriver        |  New time = 0.277778 h
CycleDriver        |  
CycleDriver        |  Field                                    Min/Max/Avg
CycleDriver        |  atmospheric_pressure.................... 101325
CycleDriver        |  const_fluid_density..................... 998.2
CycleDriver        |  const_fluid_viscosity................... 0.001002
CycleDriver        |  darcy_velocity.......................... -2.04584e-20 / 1.15739e-07 / 3.85796e-08
CycleDriver        |  dt...................................... 90.3883
CycleDriver        |  gravity................................. 0 0 -9.80665
CycleDriver        |  hydraulic_head.......................... 19.025 / 19.975 / 19.5 [m]
CycleDriver        |  mass_density_liquid.bnd_face............ 998.2 / 998.2 / 998.2
CycleDriver        |  mass_density_liquid.cell................ 998.2 / 998.2 / 998.2
CycleDriver        |  molar_flow_rate......................... -1.01418e-13 / 0.128258 / 0.0266675
CycleDriver        |  permeability............................ 1.1847e-12 / 1.1847e-12 / 1.1847e-12 [m^2]
CycleDriver        |  porosity................................ 0.25 / 0.25 / 0.25 [-]
CycleDriver        |  pressure.cell........................... 238616 / 247915 / 243265 [Pa]
CycleDriver        |  pressure.face........................... 189671 / 296860 / 243265 [Pa]
CycleDriver        |  prev_saturation_liquid.................. 1 / 1 / 1
CycleDriver        |  prev_water_storage...................... 0 / 0 / 0
CycleDriver        |  saturation_liquid....................... 1 / 1 / 1 [-]
CycleDriver        |  specific_storage........................ 0 / 0 / 0 [m]
CycleDriver        |  specific_yield.......................... 0 / 0 / 0
CycleDriver        |  time.................................... 1000
CycleDriver        |  time@current............................ 0
CycleDriver        |  volumetric_flow_rate.................... -1.83037e-18 / 2.31478e-06 / 4.8129e-07 [m^3/s]
CycleDriver        |  water_content........................... 0.25 / 0.25 / 0.25 [-]
CycleDriver        |  water_storage........................... 0 / 0 / 0
CycleDriver        |  ======================================================================
CycleDriver        |  Simulation made 30 cycles.
CycleDriver        |  All meshes combined have 20 cells.
CycleDriver        |  Memory usage (high water mark):
CycleDriver        |    Maximum per core:      77.5 MBytes,  maximum per cell: 4065689.6 Bytes
CycleDriver        |    Minumum per core:      77.5 MBytes,  minimum per cell: 4065689.6 Bytes
CycleDriver        |    Total:                 77.5 MBytes,  total per cell:   4065689.6 Bytes
CycleDriver        |  Doubles allocated in state fields 
CycleDriver        |    Maximum per core:   0.00553131 MBytes
CycleDriver        |    Minimum per core:   0.00553131 MBytes
CycleDriver        |    Total:              0.00553131 MBytes
================================================================================

                      TimeMonitor results over 1 processor

Timer Name                  Global time (num calls)    
--------------------------------------------------------------------------------
Full Simulation             0.05351 (1)                
Geometric Model Creation    0.000512 (1)               
Mesh Creation               0.005021 (1)               
================================================================================
Amanzi::SIMULATION_SUCCESSFUL

