\BOOKMARK [1][-]{table-of-contents.1}{Table of Contents}{}% 1
\BOOKMARK [1][-]{section*.4}{Notes}{}% 2
\BOOKMARK [1][-]{section*.5}{Syntax of the Specification}{}% 3
\BOOKMARK [1][-]{section*.6}{Main}{}% 4
\BOOKMARK [1][-]{section*.7}{Mesh}{}% 5
\BOOKMARK [1][-]{section*.8}{Domain}{}% 6
\BOOKMARK [1][-]{section*.9}{Region}{}% 7
\BOOKMARK [1][-]{section*.10}{Coordinator}{}% 8
\BOOKMARK [1][-]{section*.11}{Visualization}{}% 9
\BOOKMARK [1][-]{section*.12}{Checkpoint}{}% 10
\BOOKMARK [1][-]{section*.13}{Observation}{}% 11
\BOOKMARK [1][-]{section*.14}{PK}{}% 12
\BOOKMARK [2][-]{section*.15}{Base PKs}{section*.14}% 13
\BOOKMARK [3][-]{section*.16}{PKDefaultBase}{section*.15}% 14
\BOOKMARK [3][-]{section*.17}{PKPhysicalBase}{section*.15}% 15
\BOOKMARK [3][-]{section*.18}{PKBDFBase}{section*.15}% 16
\BOOKMARK [3][-]{section*.19}{PKPhysicalBDFBase}{section*.15}% 17
\BOOKMARK [2][-]{section*.20}{Physical PKs}{section*.14}% 18
\BOOKMARK [3][-]{section*.21}{Flow PKs}{section*.20}% 19
\BOOKMARK [3][-]{section*.27}{Energy PKs}{section*.20}% 20
\BOOKMARK [3][-]{section*.34}{Surface Energy Balance PKs}{section*.20}% 21
\BOOKMARK [3][-]{section*.37}{Biogeochemistry}{section*.20}% 22
\BOOKMARK [3][-]{section*.39}{Deformation}{section*.20}% 23
\BOOKMARK [2][-]{section*.41}{MPCs}{section*.14}% 24
\BOOKMARK [3][-]{section*.42}{WeakMPC}{section*.41}% 25
\BOOKMARK [3][-]{section*.43}{StrongMPC}{section*.41}% 26
\BOOKMARK [2][-]{section*.44}{Physical MPCs}{section*.14}% 27
\BOOKMARK [3][-]{section*.45}{Coupled Water MPC}{section*.44}% 28
\BOOKMARK [3][-]{section*.46}{Subsurface MPC}{section*.44}% 29
\BOOKMARK [3][-]{section*.47}{Permafrost MPC}{section*.44}% 30
\BOOKMARK [1][-]{section*.48}{State}{}% 31
\BOOKMARK [2][-]{section*.49}{Field Evaluators}{section*.48}% 32
\BOOKMARK [3][-]{section*.50}{Field Evaluator Base Classes}{section*.49}% 33
\BOOKMARK [2][-]{section*.55}{InitialConditions}{section*.48}% 34
\BOOKMARK [3][-]{section*.56}{Initialization of constant scalars}{section*.55}% 35
\BOOKMARK [3][-]{section*.57}{Initialization of constant vectors}{section*.55}% 36
\BOOKMARK [3][-]{section*.58}{Initialization of scalar fields}{section*.55}% 37
\BOOKMARK [3][-]{section*.59}{Initialization of tensor fields}{section*.55}% 38
\BOOKMARK [3][-]{section*.60}{Initialization from a file}{section*.55}% 39
\BOOKMARK [1][-]{section*.61}{Time integrators, solvers, and other mathematical specs}{}% 40
\BOOKMARK [2][-]{section*.62}{TimeIntegrator}{section*.61}% 41
\BOOKMARK [2][-]{section*.63}{Linear Solver Spec}{section*.61}% 42
\BOOKMARK [2][-]{section*.64}{Preconditioner}{section*.61}% 43
\BOOKMARK [3][-]{section*.65}{Hypre AMG}{section*.64}% 44
\BOOKMARK [3][-]{section*.66}{Trilinos ML}{section*.64}% 45
\BOOKMARK [3][-]{section*.67}{Block ILU}{section*.64}% 46
\BOOKMARK [3][-]{section*.68}{Indentity}{section*.64}% 47
\BOOKMARK [2][-]{section*.69}{NonlinearSolver}{section*.61}% 48
\BOOKMARK [1][-]{section*.70}{Other Common Specs}{}% 49
\BOOKMARK [2][-]{section*.71}{TimeControl}{section*.70}% 50
\BOOKMARK [2][-]{section*.72}{VerboseObject}{section*.70}% 51
\BOOKMARK [2][-]{section*.73}{Function}{section*.70}% 52
\BOOKMARK [3][-]{section*.74}{Constant function}{section*.73}% 53
\BOOKMARK [3][-]{section*.75}{Tabular function}{section*.73}% 54
\BOOKMARK [3][-]{section*.76}{Smooth step function}{section*.73}% 55
\BOOKMARK [3][-]{section*.77}{Polynomial function}{section*.73}% 56
\BOOKMARK [3][-]{section*.78}{Multi-variable linear function}{section*.73}% 57
\BOOKMARK [3][-]{section*.79}{Separable function}{section*.73}% 58
