[pn2401379.lanl.gov:48488] shmem: mmap: an error occurred while determining whether or not /var/folders/36/xt3jx8554vj0_03sz682d5_800074q/T//ompi.pn2401379.7319/jf.0/1073283072/sm_segment.pn2401379.7319.3ff90000.0 could be created.
InputConverter-u   |  Amanzi executable tag: 1.6-dev_01c79db22
InputConverter-u   |  Verify high-level XML structure
InputConverter-u   |  Liquid phase has 0 solutes
InputConverter-u   |  AUTHOR: Dylan Harp, Alec Thomas, David Moulton
InputConverter-u   |  Translating units: m s kg molar K
InputConverter-u   |  Translating unstructured mesh
InputConverter-u   |  Translating regions
InputConverter-u   |   found 9 regions plus region "All".
InputConverter-u   |  Translating state
InputConverter-u   |  Translating output
InputConverter-u   |   Found 0 cycle macros and 1 time macros.
InputConverter-u   |   Translating output: visualization
InputConverter-u   |   Translating output: observations
InputConverter-u   |   Found 3 liquid observations
InputConverter-u   |   Found 0 gas observations
InputConverter-u   |  Translating cycle driver
InputConverter-u   |   Translating time period controls
InputConverter-u   |   created 0 special times
InputConverter-u   |  Translating process kernels
InputConverter-u   |   TP: PK name="transient:flow", factory: "darcy"
InputConverter-u   |   Next PK is "transient:flow"
InputConverter-u   |   Translating flow, mode=transient domain=matrix
InputConverter-u   |    Translating optional fracture models, domain=matrix
InputConverter-u   |    Translating time integrator
InputConverter-u   |    Translating boundary conditions
InputConverter-u   |     active BCs: static head, no flow (default)
InputConverter-u   |  Translating solvers
InputConverter-u   |   gmres: itrs=1000, tol=1e-16, pc=Hypre AMG
InputConverter-u   |   pcg: itrs=1000, tol=1e-16, pc=Hypre AMG
InputConverter-u   |   pcg: itrs=1000, tol=1e-16, pc=Hypre AMG
InputConverter-u   |   gmres: itrs=1000, tol=1e-16, pc=Hypre AMG
InputConverter-u   |  Translating preconditioners
InputConverter-u   |  Final comments:
InputConverter-u   |   found units: 
InputConverter-u   |   Writing the translated XML to oldspec.xml
InputConverter-u   |  CPU time stamp: [00:00:01]
Amanzi::MeshFactor |  Creating 3D block mesh using format "MSTK"
Mesh Output        |  cells, tot/min/max: 360000/360000/360000
Mesh Output        |  faces, tot/min/max: 1441200/1441200/1441200
Mesh Output        |  nodes, tot/min/max: 722402/722402/722402
Mesh Output        |  
Mesh               |  CPU time stamp: [00:10:04]
InputAnalysis:doma |  src: "Well" has 4 cells of 640 [m^3]
InputAnalysis:doma |  bc: "xz1" has 600 faces of 24000 [m^2]
InputAnalysis:doma |  bc: "xz2" has 600 faces of 24000 [m^2]
InputAnalysis:doma |  bc: "yz2" has 600 faces of 24000 [m^2]
InputAnalysis:doma |  obs: "Obs_r1" has 2 cells, size: 320
InputAnalysis:doma |  obs: "Obs_r2" has 2 cells, size: 320
InputAnalysis:doma |  obs: "Obs_r3" has 2 cells, size: 320
State              |  ------------------------------------------
State              |  Dependency & Structure list for evaluators
State              |  ------------------------------------------
State              |  darcy_velocity
State              |    type: secondary
State              |    dep: volumetric_flow_rate, tag=""
State              |    comp=cell location=4 dofs=3
State              |    
State              |  mass_density_liquid
State              |    Type: independent
State              |    comp=cell location=4 dofs=1
State              |    comp=boundary_face location=13 dofs=1
State              |    
State              |  molar_flow_rate
State              |    Type: primary
State              |    comp=face location=3 dofs=1
State              |    
State              |  porosity
State              |    Type: independent
State              |    comp=cell location=4 dofs=1
State              |    
State              |  pressure
State              |    Type: primary
State              |    comp=cell location=4 dofs=1
State              |    comp=face location=3 dofs=1
State              |    
State              |  saturation_liquid
State              |    Type: independent
State              |    comp=cell location=4 dofs=1
State              |    
State              |  specific_storage
State              |    type: secondary
State              |    comp=cell location=4 dofs=1
State              |    
State              |  volumetric_flow_rate
State              |    type: secondary
State              |    dep: molar_flow_rate, tag=""
State              |    comp=face location=3 dofs=1
State              |    
State              |  water_content
State              |    type: secondary
State              |    dep: porosity, tag=""
State              |    dep: saturation_liquid, tag=""
State              |    comp=cell location=4 dofs=1
State              |    
State              |  water_storage
State              |    type: secondary
State              |    dep: pressure, tag=""
State              |    comp=cell location=4 dofs=1
State              |    
State              |  ------------------------------
State              |  Structure list for derivatives
State              |  ------------------------------
State              |  Dwater_storage/D{ pressure }
State              |    comp=cell location=4 dofs=1
State              |    
State              |  Setup is complete.
State              |  
CycleDriver        |  Setup is complete.
State              |  initializing data through initial conditions...
State              |  initializing "atmospheric_pressure" [ok]
State              |  initializing "const_fluid_density" [ok]
State              |  initializing "const_fluid_viscosity" [ok]
State              |  initializing "cycle" ... skipped
State              |  initializing "darcy_velocity" ... skipped
State              |  initializing "dt" ... skipped
State              |  initializing "gravity" [ok]
State              |  initializing "hydraulic_head" ... skipped
State              |  initializing "mass_density_liquid" ... skipped
State              |  initializing "molar_flow_rate" ... skipped
State              |  initializing "permeability" [ok]
State              |  initializing "porosity" ... skipped
State              |  initializing "position" ... skipped
State              |  initializing "pressure" [ok]
State              |  initializing "prev_saturation_liquid" ... skipped
State              |  initializing "prev_water_storage" ... skipped
State              |  initializing "saturation_liquid" [ok]
State              |  initializing "specific_storage" ... skipped
State              |  initializing "specific_yield" ... skipped
State              |  initializing "time" ... skipped
State              |  initializing "volumetric_flow_rate" ... skipped
State              |  initializing "water_content" ... skipped
State              |  initializing "water_storage" ... skipped
State              |  initializing eval: "darcy_velocity" @ ""
State              |  initializing eval: "mass_density_liquid" @ ""
State              |  initializing eval: "molar_flow_rate" @ ""
State              |  initializing eval: "porosity" @ ""
State              |  initializing eval: "pressure" @ ""
State              |  initializing eval: "saturation_liquid" @ ""
State              |  initializing eval: "specific_storage" @ ""
State              |  initializing eval: "volumetric_flow_rate" @ ""
State              |  initializing eval: "water_content" @ ""
State              |  initializing eval: "water_storage" @ ""
DarcyPK            |   initialized "specific_yield" to value 0
DarcyPK            |   initialized "hydraulic_head" to value 0
DarcyPK            |   initialized "prev_saturation_liquid" to value 1
DarcyPK            |   initialized prev_water_storage to water_storage
DarcyPK            |  pressure solver (AztecOO): ||r||_H=3.73474e-10 itr=10 code=1
DarcyPK            |  
DarcyPK            |  TI:"BDF1" dt:standard LS:"AztecOO" PC:"Hypre AMG"
DarcyPK            |  matrix: <Diffusion: CELL_FACE+CELL> <CELL_CELL> 
DarcyPK            |  constant viscosity model, mu=0.001002
DarcyPK            |  initial pressure guess: "from saturated solver"
DarcyPK            |  
DarcyPK            |  pressure BC assigned to 1800 faces
DarcyPK            |  default (no-flow) BC assigned to 720600 faces
DarcyPK            |  
DarcyPK            |   boundary head (BCs): min=20 m, max=20 m
DarcyPK            |   domain head (cells): min=20 m, max=20 m
DarcyPK            |   domain head (cells + faces): min=20 m, max=20 m
DarcyPK            |   sources: total min/max: -0.00625/-0.00625
DarcyPK            |    src #0: volume=640 m^3, rate=-4 kg/s
DarcyPK            |  [1;32mInitialization of PK is complete, T=0 dT=1e+99[0m
DarcyPK            |  
TimeStepManager    |  Proposed dT=3.64 s, events limit it to 0.0864 s
TimeStepManager    |  Proposed dT=0.0864 s, stability from previous step changes it to 3.64 s
TimeStepManager    |  Proposed dT=3.64 s, events limit it to 0.0864 s
State              |  initializing eval: "darcy_velocity" @ ""
State              |  initializing eval: "mass_density_liquid" @ ""
State              |  initializing eval: "molar_flow_rate" @ ""
State              |  initializing eval: "porosity" @ ""
State              |  initializing eval: "pressure" @ ""
State              |  initializing eval: "saturation_liquid" @ ""
State              |  initializing eval: "specific_storage" @ ""
State              |  initializing eval: "volumetric_flow_rate" @ ""
State              |  initializing eval: "water_content" @ ""
State              |  initializing eval: "water_storage" @ ""
CycleDriver        |  writing visualization file: domain
CycleDriver        |  writing observations... 3
CycleDriver        |  
CycleDriver        |  Field                                    Min/Max/Avg
CycleDriver        |  atmospheric_pressure.................... 101325
CycleDriver        |  const_fluid_density..................... 1000
CycleDriver        |  const_fluid_viscosity................... 0.001002
CycleDriver        |  darcy_velocity.......................... -1.13097e-16 / 1.28256e-16 / -2.61625e-18
CycleDriver        |  dt...................................... 0.0864
CycleDriver        |  gravity................................. 0 0 -9.80665
CycleDriver        |  hydraulic_head.......................... 20 / 20 / 20 [m]
CycleDriver        |  mass_density_liquid.bnd_face............ 1000 / 1000 / 1000
CycleDriver        |  mass_density_liquid.cell................ 1000 / 1000 / 1000
CycleDriver        |  molar_flow_rate......................... -2.86562e-10 / 1.84727e-10 / -4.3875e-12
CycleDriver        |  permeability............................ 2.35e-11 / 2.35e-11 / 2.35e-11 [m^2]
CycleDriver        |  porosity................................ 0.2 / 0.2 / 0.2 [-]
CycleDriver        |  pressure.cell........................... 248425 / 248425 / 248425 [Pa]
CycleDriver        |  pressure.face........................... 199391 / 297458 / 248425 [Pa]
CycleDriver        |  prev_saturation_liquid.................. 1 / 1 / 1
CycleDriver        |  prev_water_storage...................... 1.89992 / 1.89992 / 1.89992
CycleDriver        |  saturation_liquid....................... 1 / 1 / 1 [-]
CycleDriver        |  specific_storage........................ 7.5e-05 / 7.5e-05 / 7.5e-05 [m]
CycleDriver        |  specific_yield.......................... 0 / 0 / 0
CycleDriver        |  time.................................... 0
CycleDriver        |  time@current............................ 0
CycleDriver        |  volumetric_flow_rate.................... -5.16251e-15 / 3.32793e-15 / -7.90423e-17 [m^3/s]
CycleDriver        |  water_content........................... 0.2 / 0.2 / 0.2 [-]
CycleDriver        |  water_storage........................... 1.89992 / 1.89992 / 1.89992
CycleDriver        |  
CycleDriver        |  Simulation end time: 164000 sec.
CycleDriver        |  CPU time stamp: [00:10:44]
CycleDriver        |  
CycleDriver        |  Cycle 0: time = 0 s, dt = 0.0864 s
DarcyPK            |   pressure solver (AztecOO): ||p,lambda||=3.35994e+08  itrs=1
DarcyPK            |    boundary head (BCs): min=20 m, max=20 m
DarcyPK            |    domain head (cells): min=19.993 m, max=20 m
DarcyPK            |    domain head (cells + faces): min=19.993 m, max=20 m
TimeStepManager    |   Proposed dT=0.09504 s, stability from previous step changes it to 3.64 s
TimeStepManager    |   Proposed dT=3.64 s, events limit it to 0.3136 s
CycleDriver        |   writing visualization file: domain
CycleDriver        |   writing observations... 3
CycleDriver        |  New time = 0.0864 s
CycleDriver        |  
CycleDriver        |  Cycle 1: time = 0.0864 s, dt = 0.3136 s
DarcyPK            |   pressure solver (AztecOO): ||p,lambda||=3.35994e+08  itrs=1
DarcyPK            |    boundary head (BCs): min=20 m, max=20 m
DarcyPK            |    domain head (cells): min=19.9703 m, max=20 m
DarcyPK            |    domain head (cells + faces): min=19.9703 m, max=20 m
TimeStepManager    |   Proposed dT=0.34496 s, stability from previous step changes it to 3.64 s
TimeStepManager    |   Proposed dT=3.64 s, events limit it to 3.24 s
CycleDriver        |   writing visualization file: domain
CycleDriver        |   writing observations... 3
CycleDriver        |  New time = 0.4 s
CycleDriver        |  
CycleDriver        |  Cycle 2: time = 0.4 s, dt = 3.24 s
DarcyPK            |   pressure solver (AztecOO): ||p,lambda||=3.35994e+08  itrs=2
DarcyPK            |    boundary head (BCs): min=20 m, max=20 m
DarcyPK            |    domain head (cells): min=19.844 m, max=20 m
DarcyPK            |    domain head (cells + faces): min=19.844 m, max=20 m
TimeStepManager    |   Accepted proposed dT=3.564 s
CycleDriver        |  New time = 3.64 s
CycleDriver        |  
CycleDriver        |  Cycle 3: time = 3.64 s, dt = 3.564 s
DarcyPK            |   pressure solver (AztecOO): ||p,lambda||=3.35994e+08  itrs=2
DarcyPK            |    boundary head (BCs): min=20 m, max=20 m
DarcyPK            |    domain head (cells): min=19.7613 m, max=20 m
DarcyPK            |    domain head (cells + faces): min=19.7613 m, max=20 m
TimeStepManager    |   Accepted proposed dT=3.9204 s
CycleDriver        |  New time = 7.204 s
CycleDriver        |  
CycleDriver        |  Cycle 4: time = 7.204 s, dt = 3.9204 s
DarcyPK            |   pressure solver (AztecOO): ||p,lambda||=3.35994e+08  itrs=2
DarcyPK            |    boundary head (BCs): min=20 m, max=20 m
DarcyPK            |    domain head (cells): min=19.7017 m, max=20 m
DarcyPK            |    domain head (cells + faces): min=19.7017 m, max=20 m
TimeStepManager    |   Accepted proposed dT=4.31244 s
CycleDriver        |  New time = 0.185407 min
CycleDriver        |  
CycleDriver        |  Cycle 5: time = 0.185407 min, dt = 4.31244 s
DarcyPK            |   pressure solver (AztecOO): ||p,lambda||=3.35994e+08  itrs=2
DarcyPK            |    boundary head (BCs): min=20 m, max=20 m
DarcyPK            |    domain head (cells): min=19.6554 m, max=20 m
DarcyPK            |    domain head (cells + faces): min=19.6554 m, max=20 m
TimeStepManager    |   Accepted proposed dT=4.74368 s
CycleDriver        |  New time = 0.257281 min
CycleDriver        |  
CycleDriver        |  Cycle 6: time = 0.257281 min, dt = 4.74368 s
DarcyPK            |   pressure solver (AztecOO): ||p,lambda||=3.35994e+08  itrs=2
DarcyPK            |    boundary head (BCs): min=20 m, max=20 m
DarcyPK            |    domain head (cells): min=19.6173 m, max=20 m
DarcyPK            |    domain head (cells + faces): min=19.6173 m, max=20 m
TimeStepManager    |   Accepted proposed dT=5.21805 s
CycleDriver        |  New time = 0.336342 min
CycleDriver        |  
CycleDriver        |  Cycle 7: time = 0.336342 min, dt = 5.21805 s
DarcyPK            |   pressure solver (AztecOO): ||p,lambda||=3.35994e+08  itrs=2
DarcyPK            |    boundary head (BCs): min=20 m, max=20 m
DarcyPK            |    domain head (cells): min=19.5846 m, max=20 m
DarcyPK            |    domain head (cells + faces): min=19.5846 m, max=20 m
TimeStepManager    |   Accepted proposed dT=5.73986 s
CycleDriver        |  New time = 0.42331 min
CycleDriver        |  
CycleDriver        |  Cycle 8: time = 0.42331 min, dt = 5.73986 s
DarcyPK            |   pressure solver (AztecOO): ||p,lambda||=3.35993e+08  itrs=2
DarcyPK            |    boundary head (BCs): min=20 m, max=20 m
DarcyPK            |    domain head (cells): min=19.5558 m, max=20 m
DarcyPK            |    domain head (cells + faces): min=19.5558 m, max=20 m
TimeStepManager    |   Accepted proposed dT=6.31384 s
CycleDriver        |  New time = 0.518974 min
CycleDriver        |  
CycleDriver        |  Cycle 9: time = 0.518974 min, dt = 6.31384 s
DarcyPK            |   pressure solver (AztecOO): ||p,lambda||=3.35993e+08  itrs=2
DarcyPK            |    boundary head (BCs): min=20 m, max=20 m
DarcyPK            |    domain head (cells): min=19.5297 m, max=20 m
DarcyPK            |    domain head (cells + faces): min=19.5297 m, max=20 m
TimeStepManager    |   Accepted proposed dT=6.94523 s
CycleDriver        |  New time = 0.624205 min
CycleDriver        |  
CycleDriver        |  Cycle 10: time = 0.624205 min, dt = 6.94523 s
DarcyPK            |   pressure solver (AztecOO): ||p,lambda||=3.35993e+08  itrs=2
DarcyPK            |    boundary head (BCs): min=20 m, max=20 m
DarcyPK            |    domain head (cells): min=19.5057 m, max=20 m
DarcyPK            |    domain head (cells + faces): min=19.5057 m, max=20 m
TimeStepManager    |   Accepted proposed dT=7.63975 s
CycleDriver        |  New time = 0.739958 min
CycleDriver        |  
CycleDriver        |  Cycle 11: time = 0.739958 min, dt = 7.63975 s
DarcyPK            |   pressure solver (AztecOO): ||p,lambda||=3.35993e+08  itrs=2
DarcyPK            |    boundary head (BCs): min=20 m, max=20 m
DarcyPK            |    domain head (cells): min=19.4834 m, max=20 m
DarcyPK            |    domain head (cells + faces): min=19.4834 m, max=20 m
TimeStepManager    |   Accepted proposed dT=0.140062 min
CycleDriver        |  New time = 0.867288 min
CycleDriver        |  
CycleDriver        |  Cycle 12: time = 0.867288 min, dt = 0.140062 min
DarcyPK            |   pressure solver (AztecOO): ||p,lambda||=3.35993e+08  itrs=2
DarcyPK            |    boundary head (BCs): min=20 m, max=20 m
DarcyPK            |    domain head (cells): min=19.4624 m, max=20 m
DarcyPK            |    domain head (cells + faces): min=19.4624 m, max=20 m
TimeStepManager    |   Accepted proposed dT=0.154068 min
CycleDriver        |  New time = 1.00735 min
CycleDriver        |  
CycleDriver        |  Cycle 13: time = 1.00735 min, dt = 0.154068 min
DarcyPK            |   pressure solver (AztecOO): ||p,lambda||=3.35993e+08  itrs=2
DarcyPK            |    boundary head (BCs): min=20 m, max=20 m
DarcyPK            |    domain head (cells): min=19.4424 m, max=20 m
DarcyPK            |    domain head (cells + faces): min=19.4424 m, max=20 m
TimeStepManager    |   Accepted proposed dT=0.169475 min
CycleDriver        |  New time = 1.16142 min
CycleDriver        |  
CycleDriver        |  Cycle 14: time = 1.16142 min, dt = 0.169475 min
DarcyPK            |   pressure solver (AztecOO): ||p,lambda||=3.35993e+08  itrs=2
DarcyPK            |    boundary head (BCs): min=20 m, max=20 m
DarcyPK            |    domain head (cells): min=19.4234 m, max=20 m
DarcyPK            |    domain head (cells + faces): min=19.4234 m, max=20 m
TimeStepManager    |   Accepted proposed dT=0.186423 min
CycleDriver        |  New time = 1.33089 min
CycleDriver        |  
CycleDriver        |  Cycle 15: time = 1.33089 min, dt = 0.186423 min
DarcyPK            |   pressure solver (AztecOO): ||p,lambda||=3.35993e+08  itrs=2
DarcyPK            |    boundary head (BCs): min=20 m, max=20 m
DarcyPK            |    domain head (cells): min=19.4051 m, max=20 m
DarcyPK            |    domain head (cells + faces): min=19.4051 m, max=20 m
TimeStepManager    |   Accepted proposed dT=0.205065 min
CycleDriver        |  New time = 1.51732 min
CycleDriver        |  
CycleDriver        |  Cycle 16: time = 1.51732 min, dt = 0.205065 min
DarcyPK            |   pressure solver (AztecOO): ||p,lambda||=3.35993e+08  itrs=2
DarcyPK            |    boundary head (BCs): min=20 m, max=20 m
DarcyPK            |    domain head (cells): min=19.3874 m, max=20 m
DarcyPK            |    domain head (cells + faces): min=19.3874 m, max=20 m
TimeStepManager    |   Accepted proposed dT=0.225571 min
CycleDriver        |  New time = 1.72238 min
CycleDriver        |  
CycleDriver        |  Cycle 17: time = 1.72238 min, dt = 0.225571 min
DarcyPK            |   pressure solver (AztecOO): ||p,lambda||=3.35992e+08  itrs=2
DarcyPK            |    boundary head (BCs): min=20 m, max=20 m
DarcyPK            |    domain head (cells): min=19.3702 m, max=20 m
DarcyPK            |    domain head (cells + faces): min=19.3702 m, max=20 m
TimeStepManager    |   Accepted proposed dT=0.248129 min
CycleDriver        |  New time = 1.94795 min
CycleDriver        |  
CycleDriver        |  Cycle 18: time = 1.94795 min, dt = 0.248129 min
DarcyPK            |   pressure solver (AztecOO): ||p,lambda||=3.35992e+08  itrs=2
DarcyPK            |    boundary head (BCs): min=20 m, max=20 m
DarcyPK            |    domain head (cells): min=19.3535 m, max=20 m
DarcyPK            |    domain head (cells + faces): min=19.3535 m, max=20 m
TimeStepManager    |   Accepted proposed dT=0.272941 min
CycleDriver        |  New time = 2.19608 min
CycleDriver        |  
CycleDriver        |  Cycle 19: time = 2.19608 min, dt = 0.272941 min
DarcyPK            |   pressure solver (AztecOO): ||p,lambda||=3.35992e+08  itrs=2
DarcyPK            |    boundary head (BCs): min=20 m, max=20 m
DarcyPK            |    domain head (cells): min=19.3372 m, max=20 m
DarcyPK            |    domain head (cells + faces): min=19.3372 m, max=20 m
TimeStepManager    |   Accepted proposed dT=0.300236 min
CycleDriver        |  New time = 2.46902 min
CycleDriver        |  
CycleDriver        |  Cycle 20: time = 2.46902 min, dt = 0.300236 min
DarcyPK            |   pressure solver (AztecOO): ||p,lambda||=3.35992e+08  itrs=2
DarcyPK            |    boundary head (BCs): min=20 m, max=20 m
DarcyPK            |    domain head (cells): min=19.3212 m, max=20 m
DarcyPK            |    domain head (cells + faces): min=19.3212 m, max=20 m
TimeStepManager    |   Accepted proposed dT=0.330259 min
CycleDriver        |  New time = 2.76926 min
CycleDriver        |  
CycleDriver        |  Cycle 21: time = 2.76926 min, dt = 0.330259 min
DarcyPK            |   pressure solver (AztecOO): ||p,lambda||=3.35992e+08  itrs=2
DarcyPK            |    boundary head (BCs): min=20 m, max=20 m
DarcyPK            |    domain head (cells): min=19.3056 m, max=20 m
DarcyPK            |    domain head (cells + faces): min=19.3056 m, max=20 m
TimeStepManager    |   Accepted proposed dT=0.363285 min
CycleDriver        |  New time = 3.09952 min
CycleDriver        |  
CycleDriver        |  Cycle 22: time = 3.09952 min, dt = 0.363285 min
DarcyPK            |   pressure solver (AztecOO): ||p,lambda||=3.35991e+08  itrs=2
DarcyPK            |    boundary head (BCs): min=20 m, max=20 m
DarcyPK            |    domain head (cells): min=19.2902 m, max=20 m
DarcyPK            |    domain head (cells + faces): min=19.2902 m, max=20 m
TimeStepManager    |   Accepted proposed dT=0.399613 min
CycleDriver        |  New time = 3.4628 min
CycleDriver        |  
CycleDriver        |  Cycle 23: time = 3.4628 min, dt = 0.399613 min
DarcyPK            |   pressure solver (AztecOO): ||p,lambda||=3.35991e+08  itrs=2
DarcyPK            |    boundary head (BCs): min=20 m, max=20 m
DarcyPK            |    domain head (cells): min=19.275 m, max=20 m
DarcyPK            |    domain head (cells + faces): min=19.275 m, max=20 m
TimeStepManager    |   Accepted proposed dT=0.439575 min
CycleDriver        |  New time = 3.86242 min
CycleDriver        |  
CycleDriver        |  Cycle 24: time = 3.86242 min, dt = 0.439575 min
DarcyPK            |   pressure solver (AztecOO): ||p,lambda||=3.35991e+08  itrs=2
DarcyPK            |    boundary head (BCs): min=20 m, max=20 m
DarcyPK            |    domain head (cells): min=19.26 m, max=20 m
DarcyPK            |    domain head (cells + faces): min=19.26 m, max=20 m
TimeStepManager    |   Accepted proposed dT=0.483532 min
CycleDriver        |  New time = 4.30199 min
CycleDriver        |  
CycleDriver        |  Cycle 25: time = 4.30199 min, dt = 0.483532 min
DarcyPK            |   pressure solver (AztecOO): ||p,lambda||=3.3599e+08  itrs=2
DarcyPK            |    boundary head (BCs): min=20 m, max=20 m
DarcyPK            |    domain head (cells): min=19.2452 m, max=20 m
DarcyPK            |    domain head (cells + faces): min=19.2452 m, max=20 m
TimeStepManager    |   Accepted proposed dT=0.531886 min
CycleDriver        |  New time = 4.78552 min
CycleDriver        |  
CycleDriver        |  Cycle 26: time = 4.78552 min, dt = 0.531886 min
DarcyPK            |   pressure solver (AztecOO): ||p,lambda||=3.3599e+08  itrs=2
DarcyPK            |    boundary head (BCs): min=20 m, max=20 m
DarcyPK            |    domain head (cells): min=19.2306 m, max=20 m
DarcyPK            |    domain head (cells + faces): min=19.2306 m, max=20 m
TimeStepManager    |   Accepted proposed dT=0.585074 min
CycleDriver        |  New time = 5.31741 min
CycleDriver        |  
CycleDriver        |  Cycle 27: time = 5.31741 min, dt = 0.585074 min
DarcyPK            |   pressure solver (AztecOO): ||p,lambda||=3.3599e+08  itrs=2
DarcyPK            |    boundary head (BCs): min=20 m, max=20 m
DarcyPK            |    domain head (cells): min=19.2161 m, max=20 m
DarcyPK            |    domain head (cells + faces): min=19.2161 m, max=20 m
TimeStepManager    |   Proposed dT=0.643582 min, events limit it to 0.382092 min
CycleDriver        |  New time = 5.90248 min
CycleDriver        |  
CycleDriver        |  Cycle 28: time = 5.90248 min, dt = 0.382092 min
DarcyPK            |   pressure solver (AztecOO): ||p,lambda||=3.35989e+08  itrs=2
DarcyPK            |    boundary head (BCs): min=20 m, max=20 m
DarcyPK            |    domain head (cells): min=19.2073 m, max=20 m
DarcyPK            |    domain head (cells + faces): min=19.2073 m, max=20 m
TimeStepManager    |   Proposed dT=0.420302 min, stability from previous step changes it to 0.643582 min
TimeStepManager    |   Proposed dT=0.643582 min, events limit it to 0.382092 min
CycleDriver        |  New time = 6.28457 min
CycleDriver        |  
CycleDriver        |  Cycle 29: time = 6.28457 min, dt = 0.382092 min
DarcyPK            |   pressure solver (AztecOO): ||p,lambda||=3.35989e+08  itrs=2
DarcyPK            |    boundary head (BCs): min=20 m, max=20 m
DarcyPK            |    domain head (cells): min=19.1989 m, max=20 m
DarcyPK            |    domain head (cells + faces): min=19.1989 m, max=20 m
TimeStepManager    |   Proposed dT=0.420302 min, stability from previous step changes it to 0.643582 min
TimeStepManager    |   Accepted proposed dT=0.643582 min
CycleDriver        |   writing visualization file: domain
CycleDriver        |   writing observations... 3
CycleDriver        |  New time = 6.66667 min
CycleDriver        |  
CycleDriver        |  Cycle 30: time = 6.66667 min, dt = 0.643582 min
DarcyPK            |   pressure solver (AztecOO): ||p,lambda||=3.35989e+08  itrs=3
DarcyPK            |    boundary head (BCs): min=20 m, max=20 m
DarcyPK            |    domain head (cells): min=19.1861 m, max=20 m
DarcyPK            |    domain head (cells + faces): min=19.1861 m, max=20 m
TimeStepManager    |   Accepted proposed dT=0.70794 min
CycleDriver        |  New time = 7.31025 min
CycleDriver        |  
CycleDriver        |  Cycle 31: time = 7.31025 min, dt = 0.70794 min
DarcyPK            |   pressure solver (AztecOO): ||p,lambda||=3.35988e+08  itrs=3
DarcyPK            |    boundary head (BCs): min=20 m, max=20 m
DarcyPK            |    domain head (cells): min=19.1733 m, max=20 m
DarcyPK            |    domain head (cells + faces): min=19.1733 m, max=20 m
TimeStepManager    |   Proposed dT=0.778734 min, events limit it to 0.315145 min
CycleDriver        |  New time = 0.133636 h
CycleDriver        |  
CycleDriver        |  Cycle 32: time = 0.133636 h, dt = 0.315145 min
DarcyPK            |   pressure solver (AztecOO): ||p,lambda||=3.35988e+08  itrs=2
DarcyPK            |    boundary head (BCs): min=20 m, max=20 m
DarcyPK            |    domain head (cells): min=19.1678 m, max=20 m
DarcyPK            |    domain head (cells + faces): min=19.1678 m, max=20 m
TimeStepManager    |   Proposed dT=0.34666 min, stability from previous step changes it to 0.778734 min
TimeStepManager    |   Accepted proposed dT=0.778734 min
CycleDriver        |   writing visualization file: domain
CycleDriver        |   writing observations... 3
CycleDriver        |  New time = 0.138889 h
CycleDriver        |  
CycleDriver        |  Cycle 33: time = 0.138889 h, dt = 0.778734 min
DarcyPK            |   pressure solver (AztecOO): ||p,lambda||=3.35987e+08  itrs=3
DarcyPK            |    boundary head (BCs): min=20 m, max=20 m
DarcyPK            |    domain head (cells): min=19.1555 m, max=20 m
DarcyPK            |    domain head (cells + faces): min=19.1555 m, max=20 m
TimeStepManager    |   Proposed dT=0.856607 min, events limit it to 0.443967 min
CycleDriver        |  New time = 0.151868 h
CycleDriver        |  
CycleDriver        |  Cycle 34: time = 0.151868 h, dt = 0.443967 min
DarcyPK            |   pressure solver (AztecOO): ||p,lambda||=3.35987e+08  itrs=2
DarcyPK            |    boundary head (BCs): min=20 m, max=20 m
DarcyPK            |    domain head (cells): min=19.1488 m, max=20 m
DarcyPK            |    domain head (cells + faces): min=19.1488 m, max=20 m
TimeStepManager    |   Proposed dT=0.488363 min, stability from previous step changes it to 0.856607 min
TimeStepManager    |   Proposed dT=0.856607 min, events limit it to 0.443967 min
CycleDriver        |  New time = 0.159267 h
CycleDriver        |  
CycleDriver        |  Cycle 35: time = 0.159267 h, dt = 0.443967 min
DarcyPK            |   pressure solver (AztecOO): ||p,lambda||=3.35987e+08  itrs=2
DarcyPK            |    boundary head (BCs): min=20 m, max=20 m
DarcyPK            |    domain head (cells): min=19.1424 m, max=20 m
DarcyPK            |    domain head (cells + faces): min=19.1424 m, max=20 m
TimeStepManager    |   Proposed dT=0.488363 min, stability from previous step changes it to 0.856607 min
TimeStepManager    |   Accepted proposed dT=0.856607 min
CycleDriver        |   writing visualization file: domain
CycleDriver        |   writing observations... 3
CycleDriver        |  New time = 0.166667 h
CycleDriver        |  
CycleDriver        |  Cycle 36: time = 0.166667 h, dt = 0.856607 min
DarcyPK            |   pressure solver (AztecOO): ||p,lambda||=3.35986e+08  itrs=3
DarcyPK            |    boundary head (BCs): min=20 m, max=20 m
DarcyPK            |    domain head (cells): min=19.131 m, max=20 m
DarcyPK            |    domain head (cells + faces): min=19.131 m, max=20 m
TimeStepManager    |   Accepted proposed dT=0.942268 min
CycleDriver        |  New time = 0.180943 h
CycleDriver        |  
CycleDriver        |  Cycle 37: time = 0.180943 h, dt = 0.942268 min
DarcyPK            |   pressure solver (AztecOO): ||p,lambda||=3.35985e+08  itrs=3
DarcyPK            |    boundary head (BCs): min=20 m, max=20 m
DarcyPK            |    domain head (cells): min=19.1195 m, max=20 m
DarcyPK            |    domain head (cells + faces): min=19.1195 m, max=20 m
TimeStepManager    |   Accepted proposed dT=1.03649 min
CycleDriver        |  New time = 0.196648 h
CycleDriver        |  
CycleDriver        |  Cycle 38: time = 0.196648 h, dt = 1.03649 min
DarcyPK            |   pressure solver (AztecOO): ||p,lambda||=3.35985e+08  itrs=6
DarcyPK            |    boundary head (BCs): min=20 m, max=20 m
DarcyPK            |    domain head (cells): min=19.1078 m, max=20 m
DarcyPK            |    domain head (cells + faces): min=19.1078 m, max=20 m
TimeStepManager    |   Accepted proposed dT=1.14014 min
CycleDriver        |  New time = 0.213923 h
CycleDriver        |  
CycleDriver        |  Cycle 39: time = 0.213923 h, dt = 1.14014 min
DarcyPK            |   pressure solver (AztecOO): ||p,lambda||=3.35984e+08  itrs=3
DarcyPK            |    boundary head (BCs): min=20 m, max=20 m
DarcyPK            |    domain head (cells): min=19.096 m, max=20 m
DarcyPK            |    domain head (cells + faces): min=19.096 m, max=20 m
TimeStepManager    |   Accepted proposed dT=1.25416 min
CycleDriver        |  New time = 0.232925 h
CycleDriver        |  
CycleDriver        |  Cycle 40: time = 0.232925 h, dt = 1.25416 min
DarcyPK            |   pressure solver (AztecOO): ||p,lambda||=3.35983e+08  itrs=6
DarcyPK            |    boundary head (BCs): min=20 m, max=20 m
DarcyPK            |    domain head (cells): min=19.0842 m, max=20 m
DarcyPK            |    domain head (cells + faces): min=19.0842 m, max=20 m
TimeStepManager    |   Accepted proposed dT=1.37957 min
CycleDriver        |  New time = 0.253828 h
CycleDriver        |  
CycleDriver        |  Cycle 41: time = 0.253828 h, dt = 1.37957 min
DarcyPK            |   pressure solver (AztecOO): ||p,lambda||=3.35982e+08  itrs=6
DarcyPK            |    boundary head (BCs): min=20 m, max=20 m
DarcyPK            |    domain head (cells): min=19.0722 m, max=20 m
DarcyPK            |    domain head (cells + faces): min=19.0722 m, max=20 m
TimeStepManager    |   Accepted proposed dT=1.51753 min
CycleDriver        |  New time = 0.276821 h
CycleDriver        |  
CycleDriver        |  Cycle 42: time = 0.276821 h, dt = 1.51753 min
DarcyPK            |   pressure solver (AztecOO): ||p,lambda||=3.35981e+08  itrs=6
DarcyPK            |    boundary head (BCs): min=20 m, max=20 m
DarcyPK            |    domain head (cells): min=19.0601 m, max=20 m
DarcyPK            |    domain head (cells + faces): min=19.0601 m, max=20 m
TimeStepManager    |   Accepted proposed dT=1.66928 min
CycleDriver        |  New time = 0.302113 h
CycleDriver        |  
CycleDriver        |  Cycle 43: time = 0.302113 h, dt = 1.66928 min
DarcyPK            |   pressure solver (AztecOO): ||p,lambda||=3.3598e+08  itrs=6
DarcyPK            |    boundary head (BCs): min=20 m, max=20 m
DarcyPK            |    domain head (cells): min=19.0479 m, max=20 m
DarcyPK            |    domain head (cells + faces): min=19.0479 m, max=20 m
TimeStepManager    |   Accepted proposed dT=1.83621 min
CycleDriver        |  New time = 0.329934 h
CycleDriver        |  
CycleDriver        |  Cycle 44: time = 0.329934 h, dt = 1.83621 min
DarcyPK            |   pressure solver (AztecOO): ||p,lambda||=3.35978e+08  itrs=6
DarcyPK            |    boundary head (BCs): min=20 m, max=20 m
DarcyPK            |    domain head (cells): min=19.0357 m, max=20 m
DarcyPK            |    domain head (cells + faces): min=19.0357 m, max=20 m
TimeStepManager    |   Accepted proposed dT=2.01983 min
CycleDriver        |  New time = 0.360538 h
CycleDriver        |  
CycleDriver        |  Cycle 45: time = 0.360538 h, dt = 2.01983 min
DarcyPK            |   pressure solver (AztecOO): ||p,lambda||=3.35977e+08  itrs=6
DarcyPK            |    boundary head (BCs): min=20 m, max=20 m
DarcyPK            |    domain head (cells): min=19.0233 m, max=20 m
DarcyPK            |    domain head (cells + faces): min=19.0233 m, max=20 m
TimeStepManager    |   Accepted proposed dT=2.22182 min
CycleDriver        |  New time = 0.394202 h
CycleDriver        |  
CycleDriver        |  Cycle 46: time = 0.394202 h, dt = 2.22182 min
DarcyPK            |   pressure solver (AztecOO): ||p,lambda||=3.35975e+08  itrs=6
DarcyPK            |    boundary head (BCs): min=20 m, max=20 m
DarcyPK            |    domain head (cells): min=19.0109 m, max=20 m
DarcyPK            |    domain head (cells + faces): min=19.0109 m, max=20 m
TimeStepManager    |   Accepted proposed dT=2.444 min
CycleDriver        |  New time = 0.431232 h
CycleDriver        |  
CycleDriver        |  Cycle 47: time = 0.431232 h, dt = 2.444 min
DarcyPK            |   pressure solver (AztecOO): ||p,lambda||=3.35973e+08  itrs=6
DarcyPK            |    boundary head (BCs): min=20 m, max=20 m
DarcyPK            |    domain head (cells): min=18.9985 m, max=20 m
DarcyPK            |    domain head (cells + faces): min=18.9985 m, max=20 m
TimeStepManager    |   Accepted proposed dT=2.6884 min
CycleDriver        |  New time = 0.471965 h
CycleDriver        |  
CycleDriver        |  Cycle 48: time = 0.471965 h, dt = 2.6884 min
DarcyPK            |   pressure solver (AztecOO): ||p,lambda||=3.35971e+08  itrs=6
DarcyPK            |    boundary head (BCs): min=20 m, max=20 m
DarcyPK            |    domain head (cells): min=18.9859 m, max=20 m
DarcyPK            |    domain head (cells + faces): min=18.9859 m, max=20 m
TimeStepManager    |   Accepted proposed dT=2.95724 min
CycleDriver        |  New time = 0.516772 h
CycleDriver        |  
CycleDriver        |  Cycle 49: time = 0.516772 h, dt = 2.95724 min
DarcyPK            |   pressure solver (AztecOO): ||p,lambda||=3.35969e+08  itrs=6
DarcyPK            |    boundary head (BCs): min=20 m, max=20 m
DarcyPK            |    domain head (cells): min=18.9733 m, max=20 m
DarcyPK            |    domain head (cells + faces): min=18.9733 m, max=20 m
TimeStepManager    |   Accepted proposed dT=3.25296 min
CycleDriver        |  New time = 0.566059 h
CycleDriver        |  
CycleDriver        |  Cycle 50: time = 0.566059 h, dt = 3.25296 min
DarcyPK            |   pressure solver (AztecOO): ||p,lambda||=3.35967e+08  itrs=6
DarcyPK            |    boundary head (BCs): min=20 m, max=20 m
DarcyPK            |    domain head (cells): min=18.9607 m, max=20 m
DarcyPK            |    domain head (cells + faces): min=18.9607 m, max=20 m
TimeStepManager    |   Accepted proposed dT=3.57826 min
CycleDriver        |  New time = 0.620276 h
CycleDriver        |  
CycleDriver        |  Cycle 51: time = 0.620276 h, dt = 3.57826 min
DarcyPK            |   pressure solver (AztecOO): ||p,lambda||=3.35964e+08  itrs=6
DarcyPK            |    boundary head (BCs): min=20 m, max=20 m
DarcyPK            |    domain head (cells): min=18.948 m, max=20 m
DarcyPK            |    domain head (cells + faces): min=18.948 m, max=20 m
TimeStepManager    |   Accepted proposed dT=3.93609 min
CycleDriver        |  New time = 0.679913 h
CycleDriver        |  
CycleDriver        |  Cycle 52: time = 0.679913 h, dt = 3.93609 min
DarcyPK            |   pressure solver (AztecOO): ||p,lambda||=3.35962e+08  itrs=6
DarcyPK            |    boundary head (BCs): min=20 m, max=20 m
DarcyPK            |    domain head (cells): min=18.9353 m, max=20 m
DarcyPK            |    domain head (cells + faces): min=18.9353 m, max=20 m
TimeStepManager    |   Accepted proposed dT=4.32969 min
CycleDriver        |  New time = 0.745515 h
CycleDriver        |  
CycleDriver        |  Cycle 53: time = 0.745515 h, dt = 4.32969 min
DarcyPK            |   pressure solver (AztecOO): ||p,lambda||=3.35958e+08  itrs=6
DarcyPK            |    boundary head (BCs): min=20 m, max=20 m
DarcyPK            |    domain head (cells): min=18.9225 m, max=20 m
DarcyPK            |    domain head (cells + faces): min=18.9225 m, max=20 m
TimeStepManager    |   Accepted proposed dT=4.76266 min
CycleDriver        |  New time = 0.817676 h
CycleDriver        |  
CycleDriver        |  Cycle 54: time = 0.817676 h, dt = 4.76266 min
DarcyPK            |   pressure solver (AztecOO): ||p,lambda||=3.35955e+08  itrs=6
DarcyPK            |    boundary head (BCs): min=20 m, max=20 m
DarcyPK            |    domain head (cells): min=18.9097 m, max=20 m
DarcyPK            |    domain head (cells + faces): min=18.9097 m, max=20 m
TimeStepManager    |   Accepted proposed dT=5.23893 min
CycleDriver        |  New time = 0.897054 h
CycleDriver        |  
CycleDriver        |  Cycle 55: time = 0.897054 h, dt = 5.23893 min
DarcyPK            |   pressure solver (AztecOO): ||p,lambda||=3.35951e+08  itrs=6
DarcyPK            |    boundary head (BCs): min=20 m, max=20 m
DarcyPK            |    domain head (cells): min=18.8969 m, max=20 m
DarcyPK            |    domain head (cells + faces): min=18.8969 m, max=20 m
TimeStepManager    |   Accepted proposed dT=5.76282 min
CycleDriver        |  New time = 0.984369 h
CycleDriver        |  
CycleDriver        |  Cycle 56: time = 0.984369 h, dt = 5.76282 min
DarcyPK            |   pressure solver (AztecOO): ||p,lambda||=3.35947e+08  itrs=6
DarcyPK            |    boundary head (BCs): min=20 m, max=20 m
DarcyPK            |    domain head (cells): min=18.884 m, max=20 m
DarcyPK            |    domain head (cells + faces): min=18.884 m, max=20 m
TimeStepManager    |   Accepted proposed dT=6.33911 min
CycleDriver        |  New time = 1.08042 h
CycleDriver        |  
CycleDriver        |  Cycle 57: time = 1.08042 h, dt = 6.33911 min
DarcyPK            |   pressure solver (AztecOO): ||p,lambda||=3.35942e+08  itrs=6
DarcyPK            |    boundary head (BCs): min=20 m, max=20 m
DarcyPK            |    domain head (cells): min=18.8711 m, max=20 m
DarcyPK            |    domain head (cells + faces): min=18.8711 m, max=20 m
TimeStepManager    |   Accepted proposed dT=6.97302 min
CycleDriver        |  New time = 1.18607 h
CycleDriver        |  
CycleDriver        |  Cycle 58: time = 1.18607 h, dt = 6.97302 min
DarcyPK            |   pressure solver (AztecOO): ||p,lambda||=3.35937e+08  itrs=6
DarcyPK            |    boundary head (BCs): min=20 m, max=20 m
DarcyPK            |    domain head (cells): min=18.8582 m, max=20 m
DarcyPK            |    domain head (cells + faces): min=18.8582 m, max=20 m
TimeStepManager    |   Proposed dT=7.67032 min, events limit it to 5.19622 min
CycleDriver        |  New time = 1.30229 h
CycleDriver        |  
CycleDriver        |  Cycle 59: time = 1.30229 h, dt = 5.19622 min
DarcyPK            |   pressure solver (AztecOO): ||p,lambda||=3.35934e+08  itrs=6
DarcyPK            |    boundary head (BCs): min=20 m, max=20 m
DarcyPK            |    domain head (cells): min=18.8491 m, max=20 m
DarcyPK            |    domain head (cells + faces): min=18.8491 m, max=20 m
TimeStepManager    |   Proposed dT=5.71584 min, stability from previous step changes it to 7.67032 min
TimeStepManager    |   Accepted proposed dT=7.67032 min
CycleDriver        |   writing visualization file: domain
CycleDriver        |   writing observations... 3
CycleDriver        |  New time = 1.38889 h
CycleDriver        |  
CycleDriver        |  Cycle 60: time = 1.38889 h, dt = 7.67032 min
DarcyPK            |   pressure solver (AztecOO): ||p,lambda||=3.35928e+08  itrs=6
DarcyPK            |    boundary head (BCs): min=20 m, max=20 m
DarcyPK            |    domain head (cells): min=18.837 m, max=20 m
DarcyPK            |    domain head (cells + faces): min=18.837 m, max=20 m
TimeStepManager    |   Accepted proposed dT=0.140623 h
CycleDriver        |  New time = 1.51673 h
CycleDriver        |  
CycleDriver        |  Cycle 61: time = 1.51673 h, dt = 0.140623 h
DarcyPK            |   pressure solver (AztecOO): ||p,lambda||=3.35922e+08  itrs=6
DarcyPK            |    boundary head (BCs): min=20 m, max=20 m
DarcyPK            |    domain head (cells): min=18.8247 m, max=20 m
DarcyPK            |    domain head (cells + faces): min=18.8247 m, max=20 m
TimeStepManager    |   Accepted proposed dT=0.154685 h
CycleDriver        |  New time = 1.65735 h
CycleDriver        |  
CycleDriver        |  Cycle 62: time = 1.65735 h, dt = 0.154685 h
DarcyPK            |   pressure solver (AztecOO): ||p,lambda||=3.35915e+08  itrs=6
DarcyPK            |    boundary head (BCs): min=20 m, max=20 m
DarcyPK            |    domain head (cells): min=18.8123 m, max=20 m
DarcyPK            |    domain head (cells + faces): min=18.8123 m, max=20 m
TimeStepManager    |   Accepted proposed dT=0.170153 h
CycleDriver        |  New time = 1.81203 h
CycleDriver        |  
CycleDriver        |  Cycle 63: time = 1.81203 h, dt = 0.170153 h
DarcyPK            |   pressure solver (AztecOO): ||p,lambda||=3.35908e+08  itrs=6
DarcyPK            |    boundary head (BCs): min=20 m, max=20 m
DarcyPK            |    domain head (cells): min=18.7999 m, max=20 m
DarcyPK            |    domain head (cells + faces): min=18.7999 m, max=20 m
TimeStepManager    |   Proposed dT=0.187169 h, events limit it to 7.20103 min
CycleDriver        |  New time = 1.98219 h
CycleDriver        |  
CycleDriver        |  Cycle 64: time = 1.98219 h, dt = 7.20103 min
DarcyPK            |   pressure solver (AztecOO): ||p,lambda||=3.35903e+08  itrs=6
DarcyPK            |    boundary head (BCs): min=20 m, max=20 m
DarcyPK            |    domain head (cells): min=18.7917 m, max=20 m
DarcyPK            |    domain head (cells + faces): min=18.7917 m, max=20 m
TimeStepManager    |   Proposed dT=0.132019 h, stability from previous step changes it to 0.187169 h
TimeStepManager    |   Proposed dT=0.187169 h, events limit it to 7.20103 min
CycleDriver        |  New time = 2.10221 h
CycleDriver        |  
CycleDriver        |  Cycle 65: time = 2.10221 h, dt = 7.20103 min
DarcyPK            |   pressure solver (AztecOO): ||p,lambda||=3.35898e+08  itrs=6
DarcyPK            |    boundary head (BCs): min=20 m, max=20 m
DarcyPK            |    domain head (cells): min=18.7839 m, max=20 m
DarcyPK            |    domain head (cells + faces): min=18.7839 m, max=20 m
TimeStepManager    |   Proposed dT=0.132019 h, stability from previous step changes it to 0.187169 h
TimeStepManager    |   Accepted proposed dT=0.187169 h
CycleDriver        |   writing visualization file: domain
CycleDriver        |   writing observations... 3
CycleDriver        |  New time = 2.22222 h
CycleDriver        |  
CycleDriver        |  Cycle 66: time = 2.22222 h, dt = 0.187169 h
DarcyPK            |   pressure solver (AztecOO): ||p,lambda||=3.35889e+08  itrs=6
DarcyPK            |    boundary head (BCs): min=20 m, max=20 m
DarcyPK            |    domain head (cells): min=18.7727 m, max=20 m
DarcyPK            |    domain head (cells + faces): min=18.7727 m, max=20 m
TimeStepManager    |   Accepted proposed dT=0.205885 h
CycleDriver        |  New time = 2.40939 h
CycleDriver        |  
CycleDriver        |  Cycle 67: time = 2.40939 h, dt = 0.205885 h
DarcyPK            |   pressure solver (AztecOO): ||p,lambda||=3.3588e+08  itrs=6
DarcyPK            |    boundary head (BCs): min=20 m, max=20 m
DarcyPK            |    domain head (cells): min=18.7613 m, max=20 m
DarcyPK            |    domain head (cells + faces): min=18.7613 m, max=20 m
TimeStepManager    |   Proposed dT=0.226474 h, events limit it to 0.162502 h
CycleDriver        |  New time = 2.61528 h
CycleDriver        |  
CycleDriver        |  Cycle 68: time = 2.61528 h, dt = 0.162502 h
DarcyPK            |   pressure solver (AztecOO): ||p,lambda||=3.35873e+08  itrs=6
DarcyPK            |    boundary head (BCs): min=20 m, max=20 m
DarcyPK            |    domain head (cells): min=18.7529 m, max=20 m
DarcyPK            |    domain head (cells + faces): min=18.7529 m, max=20 m
TimeStepManager    |   Proposed dT=0.178752 h, stability from previous step changes it to 0.226474 h
TimeStepManager    |   Accepted proposed dT=0.226474 h
CycleDriver        |   writing visualization file: domain
CycleDriver        |   writing observations... 3
CycleDriver        |  New time = 2.77778 h
CycleDriver        |  
CycleDriver        |  Cycle 69: time = 2.77778 h, dt = 0.226474 h
DarcyPK            |   pressure solver (AztecOO): ||p,lambda||=3.35864e+08  itrs=6
DarcyPK            |    boundary head (BCs): min=20 m, max=20 m
DarcyPK            |    domain head (cells): min=18.7421 m, max=20 m
DarcyPK            |    domain head (cells + faces): min=18.7421 m, max=20 m
TimeStepManager    |   Accepted proposed dT=0.249121 h
CycleDriver        |  New time = 3.00425 h
CycleDriver        |  
CycleDriver        |  Cycle 70: time = 3.00425 h, dt = 0.249121 h
DarcyPK            |   pressure solver (AztecOO): ||p,lambda||=3.35853e+08  itrs=6
DarcyPK            |    boundary head (BCs): min=20 m, max=20 m
DarcyPK            |    domain head (cells): min=18.731 m, max=20 m
DarcyPK            |    domain head (cells + faces): min=18.731 m, max=20 m
TimeStepManager    |   Accepted proposed dT=0.274033 h
CycleDriver        |  New time = 3.25337 h
CycleDriver        |  
CycleDriver        |  Cycle 71: time = 3.25337 h, dt = 0.274033 h
DarcyPK            |   pressure solver (AztecOO): ||p,lambda||=3.35841e+08  itrs=6
DarcyPK            |    boundary head (BCs): min=20 m, max=20 m
DarcyPK            |    domain head (cells): min=18.7199 m, max=20 m
DarcyPK            |    domain head (cells + faces): min=18.7199 m, max=20 m
TimeStepManager    |   Accepted proposed dT=0.301437 h
CycleDriver        |  New time = 3.52741 h
CycleDriver        |  
CycleDriver        |  Cycle 72: time = 3.52741 h, dt = 0.301437 h
DarcyPK            |   pressure solver (AztecOO): ||p,lambda||=3.35828e+08  itrs=6
DarcyPK            |    boundary head (BCs): min=20 m, max=20 m
DarcyPK            |    domain head (cells): min=18.7085 m, max=20 m
DarcyPK            |    domain head (cells + faces): min=18.7085 m, max=20 m
TimeStepManager    |   Accepted proposed dT=0.331581 h
CycleDriver        |  New time = 3.82884 h
CycleDriver        |  
CycleDriver        |  Cycle 73: time = 3.82884 h, dt = 0.331581 h
DarcyPK            |   pressure solver (AztecOO): ||p,lambda||=3.35813e+08  itrs=6
DarcyPK            |    boundary head (BCs): min=20 m, max=20 m
DarcyPK            |    domain head (cells): min=18.697 m, max=20 m
DarcyPK            |    domain head (cells + faces): min=18.697 m, max=20 m
TimeStepManager    |   Accepted proposed dT=0.364739 h
CycleDriver        |  New time = 4.16042 h
CycleDriver        |  
CycleDriver        |  Cycle 74: time = 4.16042 h, dt = 0.364739 h
DarcyPK            |   pressure solver (AztecOO): ||p,lambda||=3.35798e+08  itrs=3
DarcyPK            |    boundary head (BCs): min=20 m, max=20 m
DarcyPK            |    domain head (cells): min=18.6854 m, max=20 m
DarcyPK            |    domain head (cells + faces): min=18.6854 m, max=20 m
TimeStepManager    |   Accepted proposed dT=0.401212 h
CycleDriver        |  New time = 4.52516 h
CycleDriver        |  
CycleDriver        |  Cycle 75: time = 4.52516 h, dt = 0.401212 h
DarcyPK            |   pressure solver (AztecOO): ||p,lambda||=3.3578e+08  itrs=4
DarcyPK            |    boundary head (BCs): min=20 m, max=20 m
DarcyPK            |    domain head (cells): min=18.6737 m, max=20 m
DarcyPK            |    domain head (cells + faces): min=18.6737 m, max=20 m
TimeStepManager    |   Accepted proposed dT=0.441334 h
CycleDriver        |  New time = 0.205266 d
CycleDriver        |  
CycleDriver        |  Cycle 76: time = 0.205266 d, dt = 0.441334 h
DarcyPK            |   pressure solver (AztecOO): ||p,lambda||=3.35761e+08  itrs=4
DarcyPK            |    boundary head (BCs): min=20 m, max=20 m
DarcyPK            |    domain head (cells): min=18.6618 m, max=20 m
DarcyPK            |    domain head (cells + faces): min=18.6618 m, max=20 m
TimeStepManager    |   Accepted proposed dT=0.485467 h
CycleDriver        |  New time = 0.223655 d
CycleDriver        |  
CycleDriver        |  Cycle 77: time = 0.223655 d, dt = 0.485467 h
DarcyPK            |   pressure solver (AztecOO): ||p,lambda||=3.3574e+08  itrs=4
DarcyPK            |    boundary head (BCs): min=20 m, max=20 m
DarcyPK            |    domain head (cells): min=18.6499 m, max=20 m
DarcyPK            |    domain head (cells + faces): min=18.6499 m, max=20 m
TimeStepManager    |   Accepted proposed dT=0.534014 h
CycleDriver        |  New time = 0.243882 d
CycleDriver        |  
CycleDriver        |  Cycle 78: time = 0.243882 d, dt = 0.534014 h
DarcyPK            |   pressure solver (AztecOO): ||p,lambda||=3.35717e+08  itrs=6
DarcyPK            |    boundary head (BCs): min=20 m, max=20 m
DarcyPK            |    domain head (cells): min=18.6378 m, max=20 m
DarcyPK            |    domain head (cells + faces): min=18.6378 m, max=20 m
TimeStepManager    |   Accepted proposed dT=0.587415 h
CycleDriver        |  New time = 0.266133 d
CycleDriver        |  
CycleDriver        |  Cycle 79: time = 0.266133 d, dt = 0.587415 h
DarcyPK            |   pressure solver (AztecOO): ||p,lambda||=3.35692e+08  itrs=6
DarcyPK            |    boundary head (BCs): min=20 m, max=20 m
DarcyPK            |    domain head (cells): min=18.6257 m, max=20 m
DarcyPK            |    domain head (cells + faces): min=18.6257 m, max=20 m
TimeStepManager    |   Proposed dT=0.646157 h, events limit it to 0.401587 h
CycleDriver        |  New time = 0.290609 d
CycleDriver        |  
CycleDriver        |  Cycle 80: time = 0.290609 d, dt = 0.401587 h
DarcyPK            |   pressure solver (AztecOO): ||p,lambda||=3.35675e+08  itrs=3
DarcyPK            |    boundary head (BCs): min=20 m, max=20 m
DarcyPK            |    domain head (cells): min=18.6178 m, max=20 m
DarcyPK            |    domain head (cells + faces): min=18.6178 m, max=20 m
TimeStepManager    |   Proposed dT=0.441745 h, stability from previous step changes it to 0.646157 h
TimeStepManager    |   Proposed dT=0.646157 h, events limit it to 0.401587 h
CycleDriver        |  New time = 0.307341 d
CycleDriver        |  
CycleDriver        |  Cycle 81: time = 0.307341 d, dt = 0.401587 h
DarcyPK            |   pressure solver (AztecOO): ||p,lambda||=3.35658e+08  itrs=3
DarcyPK            |    boundary head (BCs): min=20 m, max=20 m
DarcyPK            |    domain head (cells): min=18.6104 m, max=20 m
DarcyPK            |    domain head (cells + faces): min=18.6104 m, max=20 m
TimeStepManager    |   Proposed dT=0.441745 h, stability from previous step changes it to 0.646157 h
TimeStepManager    |   Accepted proposed dT=0.646157 h
CycleDriver        |   writing visualization file: domain
CycleDriver        |   writing observations... 3
CycleDriver        |  New time = 0.324074 d
CycleDriver        |  
CycleDriver        |  Cycle 82: time = 0.324074 d, dt = 0.646157 h
DarcyPK            |   pressure solver (AztecOO): ||p,lambda||=3.3563e+08  itrs=4
DarcyPK            |    boundary head (BCs): min=20 m, max=20 m
DarcyPK            |    domain head (cells): min=18.5994 m, max=20 m
DarcyPK            |    domain head (cells + faces): min=18.5994 m, max=20 m
TimeStepManager    |   Accepted proposed dT=0.710772 h
CycleDriver        |  New time = 0.350997 d
CycleDriver        |  
CycleDriver        |  Cycle 83: time = 0.350997 d, dt = 0.710772 h
DarcyPK            |   pressure solver (AztecOO): ||p,lambda||=3.356e+08  itrs=6
DarcyPK            |    boundary head (BCs): min=20 m, max=20 m
DarcyPK            |    domain head (cells): min=18.5882 m, max=20 m
DarcyPK            |    domain head (cells + faces): min=18.5882 m, max=20 m
TimeStepManager    |   Proposed dT=0.781849 h, events limit it to 0.587516 h
CycleDriver        |  New time = 0.380613 d
CycleDriver        |  
CycleDriver        |  Cycle 84: time = 0.380613 d, dt = 0.587516 h
DarcyPK            |   pressure solver (AztecOO): ||p,lambda||=3.35575e+08  itrs=6
DarcyPK            |    boundary head (BCs): min=20 m, max=20 m
DarcyPK            |    domain head (cells): min=18.5795 m, max=20 m
DarcyPK            |    domain head (cells + faces): min=18.5795 m, max=20 m
TimeStepManager    |   Proposed dT=0.646267 h, stability from previous step changes it to 0.781849 h
TimeStepManager    |   Accepted proposed dT=0.781849 h
CycleDriver        |   writing visualization file: domain
CycleDriver        |   writing observations... 3
CycleDriver        |  New time = 0.405093 d
CycleDriver        |  
CycleDriver        |  Cycle 85: time = 0.405093 d, dt = 0.781849 h
DarcyPK            |   pressure solver (AztecOO): ||p,lambda||=3.35543e+08  itrs=4
DarcyPK            |    boundary head (BCs): min=20 m, max=20 m
DarcyPK            |    domain head (cells): min=18.5688 m, max=20 m
DarcyPK            |    domain head (cells + faces): min=18.5688 m, max=20 m
TimeStepManager    |   Accepted proposed dT=0.860034 h
CycleDriver        |  New time = 0.43767 d
CycleDriver        |  
CycleDriver        |  Cycle 86: time = 0.43767 d, dt = 0.860034 h
DarcyPK            |   pressure solver (AztecOO): ||p,lambda||=3.35507e+08  itrs=6
DarcyPK            |    boundary head (BCs): min=20 m, max=20 m
DarcyPK            |    domain head (cells): min=18.5579 m, max=20 m
DarcyPK            |    domain head (cells + faces): min=18.5579 m, max=20 m
TimeStepManager    |   Proposed dT=0.946038 h, events limit it to 0.580338 h
CycleDriver        |  New time = 0.473504 d
CycleDriver        |  
CycleDriver        |  Cycle 87: time = 0.473504 d, dt = 0.580338 h
DarcyPK            |   pressure solver (AztecOO): ||p,lambda||=3.35484e+08  itrs=6
DarcyPK            |    boundary head (BCs): min=20 m, max=20 m
DarcyPK            |    domain head (cells): min=18.5509 m, max=20 m
DarcyPK            |    domain head (cells + faces): min=18.5509 m, max=20 m
TimeStepManager    |   Proposed dT=0.638372 h, stability from previous step changes it to 0.946038 h
TimeStepManager    |   Accepted proposed dT=0.946038 h
CycleDriver        |   writing visualization file: domain
CycleDriver        |   writing observations... 3
CycleDriver        |  New time = 0.497685 d
CycleDriver        |  
CycleDriver        |  Cycle 88: time = 0.497685 d, dt = 0.946038 h
DarcyPK            |   pressure solver (AztecOO): ||p,lambda||=3.35446e+08  itrs=6
DarcyPK            |    boundary head (BCs): min=20 m, max=20 m
DarcyPK            |    domain head (cells): min=18.5404 m, max=20 m
DarcyPK            |    domain head (cells + faces): min=18.5404 m, max=20 m
TimeStepManager    |   Accepted proposed dT=1.04064 h
CycleDriver        |  New time = 0.537103 d
CycleDriver        |  
CycleDriver        |  Cycle 89: time = 0.537103 d, dt = 1.04064 h
DarcyPK            |   pressure solver (AztecOO): ||p,lambda||=3.35405e+08  itrs=6
DarcyPK            |    boundary head (BCs): min=20 m, max=20 m
DarcyPK            |    domain head (cells): min=18.5296 m, max=20 m
DarcyPK            |    domain head (cells + faces): min=18.5296 m, max=20 m
TimeStepManager    |   Accepted proposed dT=1.14471 h
CycleDriver        |  New time = 0.580463 d
CycleDriver        |  
CycleDriver        |  Cycle 90: time = 0.580463 d, dt = 1.14471 h
DarcyPK            |   pressure solver (AztecOO): ||p,lambda||=3.35361e+08  itrs=4
DarcyPK            |    boundary head (BCs): min=20 m, max=20 m
DarcyPK            |    domain head (cells): min=18.5187 m, max=20 m
DarcyPK            |    domain head (cells + faces): min=18.5187 m, max=20 m
TimeStepManager    |   Accepted proposed dT=1.25918 h
CycleDriver        |  New time = 0.62816 d
CycleDriver        |  
CycleDriver        |  Cycle 91: time = 0.62816 d, dt = 1.25918 h
DarcyPK            |   pressure solver (AztecOO): ||p,lambda||=3.35314e+08  itrs=6
DarcyPK            |    boundary head (BCs): min=20 m, max=20 m
DarcyPK            |    domain head (cells): min=18.5076 m, max=20 m
DarcyPK            |    domain head (cells + faces): min=18.5076 m, max=20 m
TimeStepManager    |   Accepted proposed dT=1.38509 h
CycleDriver        |  New time = 0.680625 d
CycleDriver        |  
CycleDriver        |  Cycle 92: time = 0.680625 d, dt = 1.38509 h
DarcyPK            |   pressure solver (AztecOO): ||p,lambda||=3.35263e+08  itrs=7
DarcyPK            |    boundary head (BCs): min=20 m, max=20 m
DarcyPK            |    domain head (cells): min=18.4964 m, max=20 m
DarcyPK            |    domain head (cells + faces): min=18.4964 m, max=20 m
TimeStepManager    |   Accepted proposed dT=1.5236 h
CycleDriver        |  New time = 0.738338 d
CycleDriver        |  
CycleDriver        |  Cycle 93: time = 0.738338 d, dt = 1.5236 h
DarcyPK            |   pressure solver (AztecOO): ||p,lambda||=3.35209e+08  itrs=7
DarcyPK            |    boundary head (BCs): min=20 m, max=20 m
DarcyPK            |    domain head (cells): min=18.4851 m, max=20 m
DarcyPK            |    domain head (cells + faces): min=18.4851 m, max=20 m
TimeStepManager    |   Accepted proposed dT=1.67596 h
CycleDriver        |  New time = 0.801821 d
CycleDriver        |  
CycleDriver        |  Cycle 94: time = 0.801821 d, dt = 1.67596 h
DarcyPK            |   pressure solver (AztecOO): ||p,lambda||=3.35153e+08  itrs=7
DarcyPK            |    boundary head (BCs): min=20 m, max=20 m
DarcyPK            |    domain head (cells): min=18.4736 m, max=20 m
DarcyPK            |    domain head (cells + faces): min=18.4736 m, max=20 m
TimeStepManager    |   Proposed dT=1.84356 h, events limit it to 1.58033 h
CycleDriver        |  New time = 0.871653 d
CycleDriver        |  
CycleDriver        |  Cycle 95: time = 0.871653 d, dt = 1.58033 h
DarcyPK            |   pressure solver (AztecOO): ||p,lambda||=3.35101e+08  itrs=4
DarcyPK            |    boundary head (BCs): min=20 m, max=20 m
DarcyPK            |    domain head (cells): min=18.4636 m, max=20 m
DarcyPK            |    domain head (cells + faces): min=18.4636 m, max=20 m
TimeStepManager    |   Proposed dT=1.73837 h, stability from previous step changes it to 1.84356 h
TimeStepManager    |   Accepted proposed dT=1.84356 h
CycleDriver        |   writing visualization file: domain
CycleDriver        |   writing observations... 3
CycleDriver        |  New time = 0.9375 d
CycleDriver        |  
CycleDriver        |  Cycle 96: time = 0.9375 d, dt = 1.84356 h
DarcyPK            |   pressure solver (AztecOO): ||p,lambda||=3.35043e+08  itrs=4
DarcyPK            |    boundary head (BCs): min=20 m, max=20 m
DarcyPK            |    domain head (cells): min=18.4528 m, max=20 m
DarcyPK            |    domain head (cells + faces): min=18.4528 m, max=20 m
TimeStepManager    |   Proposed dT=2.02792 h, events limit it to 0.65644 h
CycleDriver        |  New time = 1.01432 d
CycleDriver        |  
CycleDriver        |  Cycle 97: time = 1.01432 d, dt = 0.65644 h
DarcyPK            |   pressure solver (AztecOO): ||p,lambda||=3.35023e+08  itrs=4
DarcyPK            |    boundary head (BCs): min=20 m, max=20 m
DarcyPK            |    domain head (cells): min=18.4491 m, max=20 m
DarcyPK            |    domain head (cells + faces): min=18.4491 m, max=20 m
TimeStepManager    |   Proposed dT=0.722084 h, stability from previous step changes it to 2.02792 h
TimeStepManager    |   Accepted proposed dT=2.02792 h
CycleDriver        |   writing visualization file: domain
CycleDriver        |   writing observations... 3
CycleDriver        |  New time = 1.04167 d
CycleDriver        |  
CycleDriver        |  Cycle 98: time = 1.04167 d, dt = 2.02792 h
DarcyPK            |   pressure solver (AztecOO): ||p,lambda||=3.34964e+08  itrs=7
DarcyPK            |    boundary head (BCs): min=20 m, max=20 m
DarcyPK            |    domain head (cells): min=18.4385 m, max=20 m
DarcyPK            |    domain head (cells + faces): min=18.4385 m, max=20 m
TimeStepManager    |   Proposed dT=2.23071 h, events limit it to 0.749862 h
CycleDriver        |  New time = 1.12616 d
CycleDriver        |  
CycleDriver        |  Cycle 99: time = 1.12616 d, dt = 0.749862 h
DarcyPK            |   pressure solver (AztecOO): ||p,lambda||=3.34942e+08  itrs=4
DarcyPK            |    boundary head (BCs): min=20 m, max=20 m
DarcyPK            |    domain head (cells): min=18.4347 m, max=20 m
DarcyPK            |    domain head (cells + faces): min=18.4347 m, max=20 m
TimeStepManager    |   Proposed dT=0.824848 h, stability from previous step changes it to 2.23071 h
TimeStepManager    |   Accepted proposed dT=2.23071 h
CycleDriver        |   writing visualization file: domain
CycleDriver        |   writing observations... 3
CycleDriver        |  New time = 1.15741 d
CycleDriver        |  
CycleDriver        |  Field                                    Min/Max/Avg
CycleDriver        |  atmospheric_pressure.................... 101325
CycleDriver        |  const_fluid_density..................... 1000
CycleDriver        |  const_fluid_viscosity................... 0.001002
CycleDriver        |  darcy_velocity.......................... -1.00296e-05 / 1.0029e-05 / -8.45911e-10
CycleDriver        |  dt...................................... 2699.5
CycleDriver        |  gravity................................. 0 0 -9.80665
CycleDriver        |  hydraulic_head.......................... 18.4347 / 20 / 19.9192 [m]
CycleDriver        |  mass_density_liquid.bnd_face............ 1000 / 1000 / 1000
CycleDriver        |  mass_density_liquid.cell................ 1000 / 1000 / 1000
CycleDriver        |  molar_flow_rate......................... -27.7549 / 27.7537 / -0.00141577
CycleDriver        |  permeability............................ 2.35e-11 / 2.35e-11 / 2.35e-11 [m^2]
CycleDriver        |  porosity................................ 0.2 / 0.2 / 0.2 [-]
CycleDriver        |  pressure.cell........................... 233074 / 248425 / 247633 [Pa]
CycleDriver        |  pressure.face........................... 184041 / 297458 / 247633 [Pa]
CycleDriver        |  prev_saturation_liquid.................. 1 / 1 / 1
CycleDriver        |  prev_water_storage...................... 1.78252 / 1.89992 / 1.89386
CycleDriver        |  saturation_liquid....................... 1 / 1 / 1 [-]
CycleDriver        |  specific_storage........................ 7.5e-05 / 7.5e-05 / 7.5e-05 [m]
CycleDriver        |  specific_yield.......................... 0 / 0 / 0
CycleDriver        |  time.................................... 100000
CycleDriver        |  time@current............................ 0
CycleDriver        |  volumetric_flow_rate.................... -0.000500015 / 0.000499992 / -2.55057e-08 [m^3/s]
CycleDriver        |  water_content........................... 0.2 / 0.2 / 0.2 [-]
CycleDriver        |  water_storage........................... 1.78252 / 1.89992 / 1.89386
CycleDriver        |  
CycleDriver        |  Simulation end time: 164000 sec.
CycleDriver        |  CPU time stamp: [00:42:32]
CycleDriver        |  
CycleDriver        |  Cycle 100: time = 1.15741 d, dt = 2.23071 h
DarcyPK            |   pressure solver (AztecOO): ||p,lambda||=3.34882e+08  itrs=7
DarcyPK            |    boundary head (BCs): min=20 m, max=20 m
DarcyPK            |    domain head (cells): min=18.4243 m, max=20 m
DarcyPK            |    domain head (cells + faces): min=18.4243 m, max=20 m
TimeStepManager    |   Accepted proposed dT=2.45378 h
CycleDriver        |  New time = 1.25035 d
CycleDriver        |  
CycleDriver        |  Cycle 101: time = 1.25035 d, dt = 2.45378 h
DarcyPK            |   pressure solver (AztecOO): ||p,lambda||=3.34819e+08  itrs=7
DarcyPK            |    boundary head (BCs): min=20 m, max=20 m
DarcyPK            |    domain head (cells): min=18.4138 m, max=20 m
DarcyPK            |    domain head (cells + faces): min=18.4138 m, max=20 m
TimeStepManager    |   Accepted proposed dT=2.69916 h
CycleDriver        |  New time = 1.35259 d
CycleDriver        |  
CycleDriver        |  Cycle 102: time = 1.35259 d, dt = 2.69916 h
DarcyPK            |   pressure solver (AztecOO): ||p,lambda||=3.34755e+08  itrs=5
DarcyPK            |    boundary head (BCs): min=20 m, max=20 m
DarcyPK            |    domain head (cells): min=18.4033 m, max=20 m
DarcyPK            |    domain head (cells + faces): min=18.4033 m, max=20 m
TimeStepManager    |   Accepted proposed dT=2.96907 h
CycleDriver        |  New time = 1.46506 d
CycleDriver        |  
CycleDriver        |  Cycle 103: time = 1.46506 d, dt = 2.96907 h
DarcyPK            |   pressure solver (AztecOO): ||p,lambda||=3.34689e+08  itrs=4
DarcyPK            |    boundary head (BCs): min=20 m, max=20 m
DarcyPK            |    domain head (cells): min=18.3928 m, max=20 m
DarcyPK            |    domain head (cells + faces): min=18.3928 m, max=20 m
TimeStepManager    |   Accepted proposed dT=3.26598 h
CycleDriver        |  New time = 1.58877 d
CycleDriver        |  
CycleDriver        |  Cycle 104: time = 1.58877 d, dt = 3.26598 h
DarcyPK            |   pressure solver (AztecOO): ||p,lambda||=3.34623e+08  itrs=7
DarcyPK            |    boundary head (BCs): min=20 m, max=20 m
DarcyPK            |    domain head (cells): min=18.3824 m, max=20 m
DarcyPK            |    domain head (cells + faces): min=18.3824 m, max=20 m
TimeStepManager    |   Proposed dT=3.59258 h, events limit it to 2.07954 h
CycleDriver        |  New time = 1.72485 d
CycleDriver        |  
CycleDriver        |  Cycle 105: time = 1.72485 d, dt = 2.07954 h
DarcyPK            |   pressure solver (AztecOO): ||p,lambda||=3.34582e+08  itrs=4
DarcyPK            |    boundary head (BCs): min=20 m, max=20 m
DarcyPK            |    domain head (cells): min=18.3762 m, max=20 m
DarcyPK            |    domain head (cells + faces): min=18.3762 m, max=20 m
TimeStepManager    |   Proposed dT=2.2875 h, stability from previous step changes it to 3.59258 h
TimeStepManager    |   Proposed dT=3.59258 h, events limit it to 2.07954 h
CycleDriver        |  New time = 1.8115 d
CycleDriver        |  
CycleDriver        |  Cycle 106: time = 1.8115 d, dt = 2.07954 h
DarcyPK            |   pressure solver (AztecOO): ||p,lambda||=3.34544e+08  itrs=7
DarcyPK            |    boundary head (BCs): min=20 m, max=20 m
DarcyPK            |    domain head (cells): min=18.3703 m, max=20 m
DarcyPK            |    domain head (cells + faces): min=18.3703 m, max=20 m
TimeStepManager    |   Proposed dT=2.2875 h, stability from previous step changes it to 3.59258 h
CycleDriver        |   writing visualization file: domain
CycleDriver        |   writing observations... 3
CycleDriver        |   writing checkpoint file
CycleDriver        |  New time = 1.89815 d
CycleDriver        |  
CycleDriver        |  Field                                    Min/Max/Avg
CycleDriver        |  atmospheric_pressure.................... 101325
CycleDriver        |  const_fluid_density..................... 1000
CycleDriver        |  const_fluid_viscosity................... 0.001002
CycleDriver        |  darcy_velocity.......................... -1.00321e-05 / 1.00292e-05 / -1.85101e-09
CycleDriver        |  dt...................................... 7486.35
CycleDriver        |  gravity................................. 0 0 -9.80665
CycleDriver        |  hydraulic_head.......................... 18.3703 / 20 / 19.8887 [m]
CycleDriver        |  mass_density_liquid.bnd_face............ 1000 / 1000 / 1000
CycleDriver        |  mass_density_liquid.cell................ 1000 / 1000 / 1000
CycleDriver        |  molar_flow_rate......................... -27.7603 / 27.7539 / -0.00309328
CycleDriver        |  permeability............................ 2.35e-11 / 2.35e-11 / 2.35e-11 [m^2]
CycleDriver        |  porosity................................ 0.2 / 0.2 / 0.2 [-]
CycleDriver        |  pressure.cell........................... 232443 / 248425 / 247333 [Pa]
CycleDriver        |  pressure.face........................... 183410 / 297458 / 247334 [Pa]
CycleDriver        |  prev_saturation_liquid.................. 1 / 1 / 1
CycleDriver        |  prev_water_storage...................... 1.77769 / 1.89992 / 1.89157
CycleDriver        |  saturation_liquid....................... 1 / 1 / 1 [-]
CycleDriver        |  specific_storage........................ 7.5e-05 / 7.5e-05 / 7.5e-05 [m]
CycleDriver        |  specific_yield.......................... 0 / 0 / 0
CycleDriver        |  time.................................... 164000
CycleDriver        |  time@current............................ 0
CycleDriver        |  volumetric_flow_rate.................... -0.000500111 / 0.000499996 / -5.57265e-08 [m^3/s]
CycleDriver        |  water_content........................... 0.2 / 0.2 / 0.2 [-]
CycleDriver        |  water_storage........................... 1.77769 / 1.89992 / 1.89157
CycleDriver        |  ======================================================================
CycleDriver        |  Simulation made 107 cycles.
CycleDriver        |  All meshes combined have 360000 cells.
CycleDriver        |  Memory usage (high water mark):
CycleDriver        |    Maximum per core:   21775.2 MBytes,  maximum per cell: 63424.8 Bytes
CycleDriver        |    Minumum per core:   21775.2 MBytes,  minimum per cell: 63424.8 Bytes
CycleDriver        |    Total:              21775.2 MBytes,  total per cell:   63424.8 Bytes
CycleDriver        |  Doubles allocated in state fields 
CycleDriver        |    Maximum per core:   85.1898 MBytes
CycleDriver        |    Minimum per core:   85.1898 MBytes
CycleDriver        |    Total:              85.1898 MBytes
================================================================================

                      TimeMonitor results over 1 processor

Timer Name                  Global time (num calls)    
--------------------------------------------------------------------------------
Full Simulation             2790 (1)                   
Geometric Model Creation    1.6e-05 (1)                
Mesh Creation               614.2 (1)                  
================================================================================
Amanzi::SIMULATION_SUCCESSFUL

