# Time          1.0000E+00
# Units: Mol/kgw
    Distance      H+             HPO4--         Al+++          SiO2(aq)       UO2++          Bogusite(aq) 
   5.000000E-01   1.290694E-03   6.061902E-05   2.897539E-05   2.528638E-04   1.980053E-05   1.000000E-02
   1.500000E+00   1.290497E-03   6.061662E-05   2.904177E-05   2.529276E-04   1.979694E-05   1.000000E-02
   2.500000E+00   1.290300E-03   6.061436E-05   2.910816E-05   2.529914E-04   1.979354E-05   1.000000E-02
   3.500000E+00   1.290104E-03   6.061210E-05   2.917455E-05   2.530552E-04   1.979015E-05   1.000000E-02
   4.500000E+00   1.289907E-03   6.060984E-05   2.924093E-05   2.531190E-04   1.978676E-05   1.000000E-02
   5.500000E+00   1.289710E-03   6.060758E-05   2.930732E-05   2.531828E-04   1.978337E-05   1.000000E-02
   6.500000E+00   1.289513E-03   6.060532E-05   2.937371E-05   2.532465E-04   1.977998E-05   1.000000E-02
   7.500000E+00   1.289316E-03   6.060306E-05   2.944009E-05   2.533103E-04   1.977658E-05   1.000000E-02
   8.500000E+00   1.289119E-03   6.060080E-05   2.950648E-05   2.533741E-04   1.977319E-05   1.000000E-02
   9.500000E+00   1.288922E-03   6.059853E-05   2.957287E-05   2.534379E-04   1.976980E-05   1.000000E-02
   1.050000E+01   1.288725E-03   6.059627E-05   2.963926E-05   2.535017E-04   1.976641E-05   1.000000E-02
   1.150000E+01   1.288528E-03   6.059401E-05   2.970564E-05   2.535655E-04   1.976302E-05   1.000000E-02
   1.250000E+01   1.288331E-03   6.059175E-05   2.977203E-05   2.536292E-04   1.975963E-05   1.000000E-02
   1.350000E+01   1.288135E-03   6.058950E-05   2.983842E-05   2.536930E-04   1.975624E-05   1.000000E-02
   1.450000E+01   1.287938E-03   6.058728E-05   2.990480E-05   2.537568E-04   1.975284E-05   1.000000E-02
   1.550000E+01   1.287741E-03   6.058539E-05   2.997119E-05   2.538206E-04   1.974944E-05   1.000000E-02
   1.650000E+01   1.287544E-03   6.058572E-05   3.003758E-05   2.538844E-04   1.974596E-05   1.000000E-02
   1.750000E+01   1.287358E-03   6.058606E-05   3.010396E-05   2.539481E-04   1.972683E-05   1.000000E-02
   1.850000E+01   1.287209E-03   6.058639E-05   3.017035E-05   2.540119E-04   1.965257E-05   1.000000E-02
   1.950000E+01   1.287158E-03   6.058673E-05   3.023674E-05   2.540757E-04   1.942654E-05   1.000000E-02
   2.050000E+01   1.287314E-03   6.058706E-05   3.030312E-05   2.541395E-04   1.886536E-05   1.000000E-02
   2.150000E+01   1.287841E-03   6.058739E-05   3.036951E-05   2.542032E-04   1.769568E-05   1.000000E-02
   2.250000E+01   1.288996E-03   6.058773E-05   3.043590E-05   2.542670E-04   1.543615E-05   1.000000E-02
   2.350000E+01   1.291016E-03   6.058807E-05   3.050228E-05   2.543308E-04   1.156687E-05   1.000000E-02
   2.450000E+01   1.293832E-03   6.058842E-05   3.056867E-05   2.543945E-04   5.815806E-06   1.000000E-02
   2.550000E+01   1.295196E-03   6.058877E-05   3.063506E-05   2.544583E-04   1.184573E-06   1.000000E-02
   2.650000E+01   1.295116E-03   6.058913E-05   3.070144E-05   2.545221E-04   1.421362E-07   1.000000E-02
   2.750000E+01   1.294842E-03   6.058950E-05   3.076783E-05   2.545858E-04   1.775399E-08   1.000000E-02
   2.850000E+01   1.294567E-03   6.058988E-05   3.083422E-05   2.546496E-04   2.475534E-09   1.000000E-02
   2.950000E+01   1.294307E-03   6.059027E-05   3.090060E-05   2.547134E-04   3.684707E-10   1.000000E-02
   3.050000E+01   1.294062E-03   6.059066E-05   3.096698E-05   2.547771E-04   5.651390E-11   1.000000E-02
   3.150000E+01   1.293827E-03   6.059105E-05   3.103336E-05   2.548408E-04   8.783159E-12   1.000000E-02
   3.250000E+01   1.293601E-03   6.059144E-05   3.109973E-05   2.549046E-04   1.379734E-12   1.000000E-02
   3.350000E+01   1.293382E-03   6.059182E-05   3.116610E-05   2.549683E-04   2.252562E-13   1.000000E-02
   3.450000E+01   1.293168E-03   6.059218E-05   3.123244E-05   2.550320E-04   4.487657E-14   1.000000E-02
   3.550000E+01   1.292958E-03   6.059251E-05   3.129877E-05   2.550956E-04   1.667607E-14   1.000000E-02
   3.650000E+01   1.292749E-03   6.059277E-05   3.136506E-05   2.551591E-04   1.226672E-14   1.000000E-02
   3.750000E+01   1.292541E-03   6.059292E-05   3.143129E-05   2.552225E-04   1.157725E-14   1.000000E-02
   3.850000E+01   1.292332E-03   6.059293E-05   3.149744E-05   2.552857E-04   1.146932E-14   1.000000E-02
   3.950000E+01   1.292119E-03   6.059270E-05   3.156348E-05   2.553487E-04   1.145227E-14   1.000000E-02
   4.050000E+01   1.291901E-03   6.059215E-05   3.162936E-05   2.554113E-04   1.144938E-14   1.000000E-02
   4.150000E+01   1.291674E-03   6.059115E-05   3.169500E-05   2.554734E-04   1.144867E-14   1.000000E-02
   4.250000E+01   1.291433E-03   6.058950E-05   3.176033E-05   2.555348E-04   1.144823E-14   1.000000E-02
   4.350000E+01   1.291174E-03   6.058698E-05   3.182523E-05   2.555952E-04   1.144770E-14   1.000000E-02
   4.450000E+01   1.290890E-03   6.058329E-05   3.188955E-05   2.556543E-04   1.144701E-14   1.000000E-02
   4.550000E+01   1.290573E-03   6.057806E-05   3.195310E-05   2.557116E-04   1.144615E-14   1.000000E-02
   4.650000E+01   1.290212E-03   6.057080E-05   3.201566E-05   2.557668E-04   1.144510E-14   1.000000E-02
   4.750000E+01   1.289795E-03   6.056095E-05   3.207693E-05   2.558190E-04   1.144386E-14   1.000000E-02
   4.850000E+01   1.289305E-03   6.054778E-05   3.213656E-05   2.558676E-04   1.144219E-14   1.000000E-02
   4.950000E+01   1.288726E-03   6.053046E-05   3.219413E-05   2.559116E-04   1.143994E-14   1.000000E-02
   5.050000E+01   1.288034E-03   6.050798E-05   3.224915E-05   2.559498E-04   1.143715E-14   1.000000E-02
   5.150000E+01   1.287205E-03   6.047916E-05   3.230102E-05   2.559811E-04   1.143373E-14   1.000000E-02
   5.250000E+01   1.286209E-03   6.044265E-05   3.234907E-05   2.560037E-04   1.142937E-14   1.000000E-02
   5.350000E+01   1.285012E-03   6.039690E-05   3.239253E-05   2.560161E-04   1.142389E-14   1.000000E-02
   5.450000E+01   1.283576E-03   6.034018E-05   3.243052E-05   2.560163E-04   1.141711E-14   1.000000E-02
   5.550000E+01   1.281861E-03   6.027056E-05   3.246206E-05   2.560021E-04   1.140872E-14   1.000000E-02
   5.650000E+01   1.279819E-03   6.018591E-05   3.248610E-05   2.559712E-04   1.139855E-14   1.000000E-02
   5.750000E+01   1.277400E-03   6.008392E-05   3.250145E-05   2.559209E-04   1.138640E-14   1.000000E-02
   5.850000E+01   1.274552E-03   5.996214E-05   3.250687E-05   2.558485E-04   1.137196E-14   1.000000E-02
   5.950000E+01   1.271217E-03   5.981795E-05   3.250102E-05   2.557511E-04   1.135487E-14   1.000000E-02
   6.050000E+01   1.267337E-03   5.964863E-05   3.248250E-05   2.556255E-04   1.133473E-14   1.000000E-02
   6.150000E+01   1.262850E-03   5.945137E-05   3.244987E-05   2.554686E-04   1.131128E-14   1.000000E-02
   6.250000E+01   1.257694E-03   5.922332E-05   3.240165E-05   2.552772E-04   1.128423E-14   1.000000E-02
   6.350000E+01   1.251809E-03   5.896164E-05   3.233633E-05   2.550481E-04   1.125317E-14   1.000000E-02
   6.450000E+01   1.245132E-03   5.866352E-05   3.225245E-05   2.547779E-04   1.121775E-14   1.000000E-02
   6.550000E+01   1.237605E-03   5.832625E-05   3.214855E-05   2.544636E-04   1.117759E-14   1.000000E-02
   6.650000E+01   1.229173E-03   5.794725E-05   3.202324E-05   2.541022E-04   1.113240E-14   1.000000E-02
   6.750000E+01   1.219784E-03   5.752414E-05   3.187522E-05   2.536910E-04   1.108187E-14   1.000000E-02
   6.850000E+01   1.209392E-03   5.705480E-05   3.170327E-05   2.532273E-04   1.102568E-14   1.000000E-02
   6.950000E+01   1.197957E-03   5.653736E-05   3.150631E-05   2.527090E-04   1.096358E-14   1.000000E-02
   7.050000E+01   1.185445E-03   5.597029E-05   3.128342E-05   2.521343E-04   1.089533E-14   1.000000E-02
   7.150000E+01   1.171833E-03   5.535242E-05   3.103382E-05   2.515015E-04   1.082072E-14   1.000000E-02
   7.250000E+01   1.157103E-03   5.468299E-05   3.075694E-05   2.508097E-04   1.073953E-14   1.000000E-02
   7.350000E+01   1.141248E-03   5.396164E-05   3.045237E-05   2.500583E-04   1.065169E-14   1.000000E-02
   7.450000E+01   1.124270E-03   5.318844E-05   3.011994E-05   2.492470E-04   1.055709E-14   1.000000E-02
   7.550000E+01   1.106182E-03   5.236390E-05   2.975967E-05   2.483762E-04   1.045569E-14   1.000000E-02
   7.650000E+01   1.087004E-03   5.148900E-05   2.937178E-05   2.474469E-04   1.034740E-14   1.000000E-02
   7.750000E+01   1.066768E-03   5.056513E-05   2.895672E-05   2.464601E-04   1.023235E-14   1.000000E-02
   7.850000E+01   1.045515E-03   4.959411E-05   2.851513E-05   2.454179E-04   1.011060E-14   1.000000E-02
   7.950000E+01   1.023293E-03   4.857818E-05   2.804784E-05   2.443222E-04   9.982271E-15   1.000000E-02
   8.050000E+01   1.000159E-03   4.751995E-05   2.755589E-05   2.431758E-04   9.847458E-15   1.000000E-02
   8.150000E+01   9.761793E-04   4.642235E-05   2.704047E-05   2.419817E-04   9.706429E-15   1.000000E-02
   8.250000E+01   9.514248E-04   4.528865E-05   2.650292E-05   2.407432E-04   9.559405E-15   1.000000E-02
   8.350000E+01   9.259731E-04   4.412237E-05   2.594472E-05   2.394640E-04   9.406619E-15   1.000000E-02
   8.450000E+01   8.999064E-04   4.292725E-05   2.536747E-05   2.381480E-04   9.248274E-15   1.000000E-02
   8.550000E+01   8.733108E-04   4.170723E-05   2.477287E-05   2.367993E-04   9.084768E-15   1.000000E-02
   8.650000E+01   8.462753E-04   4.046634E-05   2.416269E-05   2.354222E-04   8.916466E-15   1.000000E-02
   8.750000E+01   8.188906E-04   3.920874E-05   2.353877E-05   2.340211E-04   8.743689E-15   1.000000E-02
   8.850000E+01   7.912483E-04   3.793859E-05   2.290297E-05   2.326004E-04   8.566762E-15   1.000000E-02
   8.950000E+01   7.634395E-04   3.666006E-05   2.225721E-05   2.311646E-04   8.386046E-15   1.000000E-02
   9.050000E+01   7.355545E-04   3.537728E-05   2.160339E-05   2.297181E-04   8.201899E-15   1.000000E-02
   9.150000E+01   7.076815E-04   3.409428E-05   2.094342E-05   2.282654E-04   8.014708E-15   1.000000E-02
   9.250000E+01   6.799060E-04   3.281498E-05   2.027920E-05   2.268107E-04   7.824917E-15   1.000000E-02
   9.350000E+01   6.523098E-04   3.154313E-05   1.961258E-05   2.253583E-04   7.632849E-15   1.000000E-02
   9.450000E+01   6.249709E-04   3.028232E-05   1.894541E-05   2.239122E-04   7.438885E-15   1.000000E-02
   9.550000E+01   5.979624E-04   2.903591E-05   1.827943E-05   2.224762E-04   7.243333E-15   1.000000E-02
   9.650000E+01   5.713527E-04   2.780707E-05   1.761637E-05   2.210539E-04   7.046659E-15   1.000000E-02
   9.750000E+01   5.452045E-04   2.659869E-05   1.695787E-05   2.196489E-04   6.849237E-15   1.000000E-02
   9.850000E+01   5.195751E-04   2.541343E-05   1.630548E-05   2.182643E-04   6.651374E-15   1.000000E-02
   9.950000E+01   4.945160E-04   2.425370E-05   1.566070E-05   2.169031E-04   6.453389E-15   1.000000E-02
