[pn2401379.lanl.gov:57822] shmem: mmap: an error occurred while determining whether or not /var/folders/36/xt3jx8554vj0_03sz682d5_800074q/T//ompi.pn2401379.7319/jf.0/1970995200/sm_segment.pn2401379.7319.757b0000.0 could be created.
InputConverter-u   |  Amanzi executable tag: 1.6-dev_01c79db22
InputConverter-u   |  Verify high-level XML structure
InputConverter-u   |  Liquid phase has 0 solutes
InputConverter-u   |  AUTHOR: Dylan Harp, Alec Thomas, David Moulton
InputConverter-u   |  Translating units: m s kg molar K
InputConverter-u   |  Translating unstructured mesh
InputConverter-u   |  Translating regions
InputConverter-u   |   found 10 regions plus region "All".
InputConverter-u   |  Translating state
InputConverter-u   |  Translating output
InputConverter-u   |   Found 0 cycle macros and 1 time macros.
InputConverter-u   |   Translating output: observations
InputConverter-u   |   Found 2 liquid observations
InputConverter-u   |   Found 0 gas observations
InputConverter-u   |  Translating cycle driver
InputConverter-u   |   Translating time period controls
InputConverter-u   |   created 1 special times
InputConverter-u   |  Translating process kernels
InputConverter-u   |   TP: PK name="transient:flow", factory: "darcy"
InputConverter-u   |   Next PK is "transient:flow"
InputConverter-u   |   Translating flow, mode=transient domain=matrix
InputConverter-u   |    Translating optional fracture models, domain=matrix
InputConverter-u   |    Translating time integrator
InputConverter-u   |    Translating boundary conditions
InputConverter-u   |     active BCs: pressure, no flow (default)
InputConverter-u   |  Translating solvers
InputConverter-u   |   gmres: itrs=1000, tol=1e-16, pc=Hypre AMG
InputConverter-u   |   pcg: itrs=1000, tol=1e-16, pc=Hypre AMG
InputConverter-u   |   pcg: itrs=1000, tol=1e-16, pc=Hypre AMG
InputConverter-u   |   gmres: itrs=1000, tol=1e-16, pc=Hypre AMG
InputConverter-u   |  Translating preconditioners
InputConverter-u   |  Final comments:
InputConverter-u   |   found units: y 
InputConverter-u   |   Writing the translated XML to oldspec.xml
InputConverter-u   |  CPU time stamp: [00:00:01]
Amanzi::MeshFactor |  Creating mesh from file "mesh_cylinder.exo" using format "MSTK"
Mesh Output        |  cells, tot/min/max: 8464/8464/8464
Mesh Output        |  faces, tot/min/max: 34040/34040/34040
Mesh Output        |  nodes, tot/min/max: 17298/17298/17298
Mesh Output        |  
Mesh               |  CPU time stamp: [00:00:01]
InputAnalysis:doma |  src: "Well" has 4 cells of 2657.37 [m^3]
InputAnalysis:doma |  bc: "xz1" has 92 faces of 20200 [m^2]
InputAnalysis:doma |  bc: "xz2" has 92 faces of 20200 [m^2]
InputAnalysis:doma |  bc: "yz1" has 92 faces of 20200 [m^2]
InputAnalysis:doma |  bc: "yz2" has 92 faces of 20200 [m^2]
InputAnalysis:doma |  obs: "Obs1" has 1 cells, size: 16
InputAnalysis:doma |  obs: "Obs2" has 1 cells, size: 2053.68
State              |  ------------------------------------------
State              |  Dependency & Structure list for evaluators
State              |  ------------------------------------------
State              |  darcy_velocity
State              |    type: secondary
State              |    dep: volumetric_flow_rate, tag=""
State              |    comp=cell location=4 dofs=3
State              |    
State              |  mass_density_liquid
State              |    Type: independent
State              |    comp=cell location=4 dofs=1
State              |    comp=boundary_face location=13 dofs=1
State              |    
State              |  molar_flow_rate
State              |    Type: primary
State              |    comp=face location=3 dofs=1
State              |    
State              |  porosity
State              |    Type: independent
State              |    comp=cell location=4 dofs=1
State              |    
State              |  pressure
State              |    Type: primary
State              |    comp=cell location=4 dofs=1
State              |    comp=face location=3 dofs=1
State              |    
State              |  saturation_liquid
State              |    Type: independent
State              |    comp=cell location=4 dofs=1
State              |    
State              |  specific_storage
State              |    type: secondary
State              |    comp=cell location=4 dofs=1
State              |    
State              |  volumetric_flow_rate
State              |    type: secondary
State              |    dep: molar_flow_rate, tag=""
State              |    comp=face location=3 dofs=1
State              |    
State              |  water_content
State              |    type: secondary
State              |    dep: porosity, tag=""
State              |    dep: saturation_liquid, tag=""
State              |    comp=cell location=4 dofs=1
State              |    
State              |  water_storage
State              |    type: secondary
State              |    dep: pressure, tag=""
State              |    comp=cell location=4 dofs=1
State              |    
State              |  ------------------------------
State              |  Structure list for derivatives
State              |  ------------------------------
State              |  Dwater_storage/D{ pressure }
State              |    comp=cell location=4 dofs=1
State              |    
State              |  Setup is complete.
State              |  
CycleDriver        |  Setup is complete.
State              |  initializing data through initial conditions...
State              |  initializing "atmospheric_pressure" [ok]
State              |  initializing "const_fluid_density" [ok]
State              |  initializing "const_fluid_viscosity" [ok]
State              |  initializing "cycle" ... skipped
State              |  initializing "darcy_velocity" ... skipped
State              |  initializing "dt" ... skipped
State              |  initializing "gravity" [ok]
State              |  initializing "hydraulic_head" ... skipped
State              |  initializing "mass_density_liquid" ... skipped
State              |  initializing "molar_flow_rate" ... skipped
State              |  initializing "permeability" [ok]
State              |  initializing "porosity" ... skipped
State              |  initializing "position" ... skipped
State              |  initializing "pressure" [ok]
State              |  initializing "prev_saturation_liquid" ... skipped
State              |  initializing "prev_water_storage" ... skipped
State              |  initializing "saturation_liquid" [ok]
State              |  initializing "specific_storage" ... skipped
State              |  initializing "specific_yield" ... skipped
State              |  initializing "time" ... skipped
State              |  initializing "volumetric_flow_rate" ... skipped
State              |  initializing "water_content" ... skipped
State              |  initializing "water_storage" ... skipped
State              |  initializing eval: "darcy_velocity" @ ""
State              |  initializing eval: "mass_density_liquid" @ ""
State              |  initializing eval: "molar_flow_rate" @ ""
State              |  initializing eval: "porosity" @ ""
State              |  initializing eval: "pressure" @ ""
State              |  initializing eval: "saturation_liquid" @ ""
State              |  initializing eval: "specific_storage" @ ""
State              |  initializing eval: "volumetric_flow_rate" @ ""
State              |  initializing eval: "water_content" @ ""
State              |  initializing eval: "water_storage" @ ""
DarcyPK            |   initialized "specific_yield" to value 0
DarcyPK            |   initialized "hydraulic_head" to value 0
DarcyPK            |   initialized "prev_saturation_liquid" to value 1
DarcyPK            |   initialized prev_water_storage to water_storage
DarcyPK            |  
DarcyPK            |  TI:"BDF1" dt:standard LS:"AztecOO" PC:"Hypre AMG"
DarcyPK            |  matrix: <Diffusion: CELL_FACE+CELL> <CELL_CELL> 
DarcyPK            |  constant viscosity model, mu=0.001002
DarcyPK            |  initial pressure guess: "from State"
DarcyPK            |  
DarcyPK            |  pressure BC assigned to 368 faces
DarcyPK            |  default (no-flow) BC assigned to 16928 faces
DarcyPK            |  
DarcyPK            |   boundary head (BCs): min=0.100078 km, max=0.100078 km
DarcyPK            |   domain head (cells): min=0.100078 km, max=0.100078 km
DarcyPK            |   domain head (cells + faces): min=0.0995778 km, max=0.100578 km
DarcyPK            |   sources: total min/max: -0.00434584/-0.00434584
DarcyPK            |    src #0: volume=2657.37 m^3, rate=-11.5485 kg/s
DarcyPK            |  [1;32mInitialization of PK is complete, T=0 dT=1e+99[0m
DarcyPK            |  
TimeStepManager    |  Proposed dT=3.64 s, events limit it to 1 s
TimeStepManager    |  Proposed dT=1 s, stability from previous step changes it to 3.64 s
TimeStepManager    |  Proposed dT=3.64 s, events limit it to 1 s
State              |  initializing eval: "darcy_velocity" @ ""
State              |  initializing eval: "mass_density_liquid" @ ""
State              |  initializing eval: "molar_flow_rate" @ ""
State              |  initializing eval: "porosity" @ ""
State              |  initializing eval: "pressure" @ ""
State              |  initializing eval: "saturation_liquid" @ ""
State              |  initializing eval: "specific_storage" @ ""
State              |  initializing eval: "volumetric_flow_rate" @ ""
State              |  initializing eval: "water_content" @ ""
State              |  initializing eval: "water_storage" @ ""
CycleDriver        |  writing observations... 2
CycleDriver        |  
CycleDriver        |  Field                                    Min/Max/Avg
CycleDriver        |  atmospheric_pressure.................... 101325
CycleDriver        |  const_fluid_density..................... 1000
CycleDriver        |  const_fluid_viscosity................... 0.001002
CycleDriver        |  darcy_velocity.......................... -0.0116173 / 8.45267e-14 / -0.00305877
CycleDriver        |  dt...................................... 1
CycleDriver        |  gravity................................. 0 0 -9.80665
CycleDriver        |  hydraulic_head.......................... 100.078 / 100.078 / 100.078 [m]
CycleDriver        |  mass_density_liquid.bnd_face............ 1000 / 1000 / 1000
CycleDriver        |  mass_density_liquid.cell................ 1000 / 1000 / 1000
CycleDriver        |  molar_flow_rate......................... -5.81017e+09 / 5.81017e+09 / -1.96121e-08
CycleDriver        |  permeability............................ 1.187e-10 / 1.187e-09 / 9.37595e-10 [m^2]
CycleDriver        |  porosity................................ 0.25 / 0.25 / 0.25 [-]
CycleDriver        |  pressure.cell........................... 1.07785e+06 / 1.07785e+06 / 1.07785e+06 [Pa]
CycleDriver        |  pressure.face........................... 1.07785e+06 / 1.07785e+06 / 1.07785e+06 [Pa]
CycleDriver        |  prev_saturation_liquid.................. 1 / 1 / 1
CycleDriver        |  prev_water_storage...................... 21.982 / 21.982 / 21.982
CycleDriver        |  saturation_liquid....................... 1 / 1 / 1 [-]
CycleDriver        |  specific_storage........................ 0.0002 / 0.0002 / 0.0002 [m]
CycleDriver        |  specific_yield.......................... 0 / 0 / 0
CycleDriver        |  time.................................... 0
CycleDriver        |  time@current............................ 0
CycleDriver        |  volumetric_flow_rate.................... -104672 / 104672 / -3.53123e-13 [m^3/s]
CycleDriver        |  water_content........................... 0.25 / 0.25 / 0.25 [-]
CycleDriver        |  water_storage........................... 21.982 / 21.982 / 21.982
CycleDriver        |  
CycleDriver        |  Simulation end time: 1e+09 sec.
CycleDriver        |  CPU time stamp: [00:00:01]
CycleDriver        |  
CycleDriver        |  Cycle 0: time = 0 s, dt = 1 s
DarcyPK            |   pressure solver (AztecOO): ||p,lambda||=2.22216e+08  itrs=2
DarcyPK            |    boundary head (BCs): min=0.100078 km, max=0.100078 km
DarcyPK            |    domain head (cells): min=0.100069 km, max=0.100078 km
DarcyPK            |    domain head (cells + faces): min=0.100069 km, max=0.100078 km
TimeStepManager    |   Proposed dT=1.5 s, stability from previous step changes it to 3.64 s
TimeStepManager    |   Proposed dT=3.64 s, events limit it to 2 s
CycleDriver        |   writing observations... 2
CycleDriver        |  New time = 1 s
CycleDriver        |  
CycleDriver        |  Cycle 1: time = 1 s, dt = 2 s
DarcyPK            |   pressure solver (AztecOO): ||p,lambda||=2.22216e+08  itrs=2
DarcyPK            |    boundary head (BCs): min=0.100078 km, max=0.100078 km
DarcyPK            |    domain head (cells): min=0.10006 km, max=0.100078 km
DarcyPK            |    domain head (cells + faces): min=0.10006 km, max=0.100078 km
TimeStepManager    |   Proposed dT=3 s, stability from previous step changes it to 3.64 s
TimeStepManager    |   Proposed dT=3.64 s, events limit it to 0.64 s
CycleDriver        |   writing observations... 2
CycleDriver        |  New time = 3 s
CycleDriver        |  
CycleDriver        |  Cycle 2: time = 3 s, dt = 0.64 s
DarcyPK            |   pressure solver (AztecOO): ||p,lambda||=2.22216e+08  itrs=2
DarcyPK            |    boundary head (BCs): min=0.100078 km, max=0.100078 km
DarcyPK            |    domain head (cells): min=0.100057 km, max=0.100078 km
DarcyPK            |    domain head (cells + faces): min=0.100057 km, max=0.100078 km
TimeStepManager    |   Accepted proposed dT=0.96 s
CycleDriver        |  New time = 3.64 s
CycleDriver        |  
CycleDriver        |  Cycle 3: time = 3.64 s, dt = 0.96 s
DarcyPK            |   pressure solver (AztecOO): ||p,lambda||=2.22216e+08  itrs=2
DarcyPK            |    boundary head (BCs): min=0.100078 km, max=0.100078 km
DarcyPK            |    domain head (cells): min=0.100054 km, max=0.100078 km
DarcyPK            |    domain head (cells + faces): min=0.100054 km, max=0.100078 km
TimeStepManager    |   Accepted proposed dT=1.44 s
CycleDriver        |  New time = 4.6 s
CycleDriver        |  
CycleDriver        |  Cycle 4: time = 4.6 s, dt = 1.44 s
DarcyPK            |   pressure solver (AztecOO): ||p,lambda||=2.22216e+08  itrs=2
DarcyPK            |    boundary head (BCs): min=0.100078 km, max=0.100078 km
DarcyPK            |    domain head (cells): min=0.10005 km, max=0.100078 km
DarcyPK            |    domain head (cells + faces): min=0.10005 km, max=0.100078 km
TimeStepManager    |   Proposed dT=2.16 s, events limit it to 0.96 s
CycleDriver        |  New time = 6.04 s
CycleDriver        |  
CycleDriver        |  Cycle 5: time = 6.04 s, dt = 0.96 s
DarcyPK            |   pressure solver (AztecOO): ||p,lambda||=2.22216e+08  itrs=2
DarcyPK            |    boundary head (BCs): min=0.100078 km, max=0.100078 km
DarcyPK            |    domain head (cells): min=0.100048 km, max=0.100078 km
DarcyPK            |    domain head (cells + faces): min=0.100048 km, max=0.100078 km
TimeStepManager    |   Proposed dT=1.44 s, stability from previous step changes it to 2.16 s
TimeStepManager    |   Accepted proposed dT=2.16 s
CycleDriver        |   writing observations... 2
CycleDriver        |  New time = 7 s
CycleDriver        |  
CycleDriver        |  Cycle 6: time = 7 s, dt = 2.16 s
DarcyPK            |   pressure solver (AztecOO): ||p,lambda||=2.22216e+08  itrs=2
DarcyPK            |    boundary head (BCs): min=0.100078 km, max=0.100078 km
DarcyPK            |    domain head (cells): min=0.100043 km, max=0.100078 km
DarcyPK            |    domain head (cells + faces): min=0.100043 km, max=0.100078 km
TimeStepManager    |   Accepted proposed dT=3.24 s
CycleDriver        |  New time = 0.152667 min
CycleDriver        |  
CycleDriver        |  Cycle 7: time = 0.152667 min, dt = 3.24 s
DarcyPK            |   pressure solver (AztecOO): ||p,lambda||=2.22216e+08  itrs=2
DarcyPK            |    boundary head (BCs): min=0.100078 km, max=0.100078 km
DarcyPK            |    domain head (cells): min=0.100037 km, max=0.100078 km
DarcyPK            |    domain head (cells + faces): min=0.100037 km, max=0.100078 km
TimeStepManager    |   Proposed dT=4.86 s, events limit it to 2.6 s
CycleDriver        |  New time = 0.206667 min
CycleDriver        |  
CycleDriver        |  Cycle 8: time = 0.206667 min, dt = 2.6 s
DarcyPK            |   pressure solver (AztecOO): ||p,lambda||=2.22216e+08  itrs=2
DarcyPK            |    boundary head (BCs): min=0.100078 km, max=0.100078 km
DarcyPK            |    domain head (cells): min=0.100032 km, max=0.100078 km
DarcyPK            |    domain head (cells + faces): min=0.100032 km, max=0.100078 km
TimeStepManager    |   Proposed dT=3.9 s, stability from previous step changes it to 4.86 s
TimeStepManager    |   Accepted proposed dT=4.86 s
CycleDriver        |   writing observations... 2
CycleDriver        |  New time = 0.25 min
CycleDriver        |  
CycleDriver        |  Cycle 9: time = 0.25 min, dt = 4.86 s
DarcyPK            |   pressure solver (AztecOO): ||p,lambda||=2.22215e+08  itrs=2
DarcyPK            |    boundary head (BCs): min=0.100078 km, max=0.100078 km
DarcyPK            |    domain head (cells): min=0.100025 km, max=0.100078 km
DarcyPK            |    domain head (cells + faces): min=0.100025 km, max=0.100078 km
TimeStepManager    |   Accepted proposed dT=7.29 s
CycleDriver        |  New time = 0.331 min
CycleDriver        |  
CycleDriver        |  Cycle 10: time = 0.331 min, dt = 7.29 s
DarcyPK            |   pressure solver (AztecOO): ||p,lambda||=2.22215e+08  itrs=2
DarcyPK            |    boundary head (BCs): min=0.100078 km, max=0.100078 km
DarcyPK            |    domain head (cells): min=0.100016 km, max=0.100078 km
DarcyPK            |    domain head (cells + faces): min=0.100016 km, max=0.100078 km
TimeStepManager    |   Proposed dT=0.18225 min, events limit it to 3.85 s
CycleDriver        |  New time = 0.4525 min
CycleDriver        |  
CycleDriver        |  Cycle 11: time = 0.4525 min, dt = 3.85 s
DarcyPK            |   pressure solver (AztecOO): ||p,lambda||=2.22215e+08  itrs=2
DarcyPK            |    boundary head (BCs): min=0.100078 km, max=0.100078 km
DarcyPK            |    domain head (cells): min=0.100011 km, max=0.100078 km
DarcyPK            |    domain head (cells + faces): min=0.100011 km, max=0.100078 km
TimeStepManager    |   Proposed dT=5.775 s, stability from previous step changes it to 0.18225 min
TimeStepManager    |   Accepted proposed dT=0.18225 min
CycleDriver        |   writing observations... 2
CycleDriver        |  New time = 0.516667 min
CycleDriver        |  
CycleDriver        |  Cycle 12: time = 0.516667 min, dt = 0.18225 min
DarcyPK            |   pressure solver (AztecOO): ||p,lambda||=2.22215e+08  itrs=2
DarcyPK            |    boundary head (BCs): min=0.100078 km, max=0.100078 km
DarcyPK            |    domain head (cells): min=0.1 km, max=0.100078 km
DarcyPK            |    domain head (cells + faces): min=0.1 km, max=0.100078 km
TimeStepManager    |   Proposed dT=0.273375 min, events limit it to 0.175542 min
CycleDriver        |  New time = 0.698917 min
CycleDriver        |  
CycleDriver        |  Cycle 13: time = 0.698917 min, dt = 0.175542 min
DarcyPK            |   pressure solver (AztecOO): ||p,lambda||=2.22215e+08  itrs=2
DarcyPK            |    boundary head (BCs): min=0.100078 km, max=0.100078 km
DarcyPK            |    domain head (cells): min=0.0999912 km, max=0.100078 km
DarcyPK            |    domain head (cells + faces): min=0.0999912 km, max=0.100078 km
TimeStepManager    |   Proposed dT=0.263312 min, stability from previous step changes it to 0.273375 min
TimeStepManager    |   Proposed dT=0.273375 min, events limit it to 0.175542 min
CycleDriver        |  New time = 0.874458 min
CycleDriver        |  
CycleDriver        |  Cycle 14: time = 0.874458 min, dt = 0.175542 min
DarcyPK            |   pressure solver (AztecOO): ||p,lambda||=2.22215e+08  itrs=2
DarcyPK            |    boundary head (BCs): min=0.100078 km, max=0.100078 km
DarcyPK            |    domain head (cells): min=0.099983 km, max=0.100078 km
DarcyPK            |    domain head (cells + faces): min=0.099983 km, max=0.100078 km
TimeStepManager    |   Proposed dT=0.263312 min, stability from previous step changes it to 0.273375 min
TimeStepManager    |   Accepted proposed dT=0.273375 min
CycleDriver        |   writing observations... 2
CycleDriver        |  New time = 1.05 min
CycleDriver        |  
CycleDriver        |  Cycle 15: time = 1.05 min, dt = 0.273375 min
DarcyPK            |   pressure solver (AztecOO): ||p,lambda||=2.22214e+08  itrs=2
DarcyPK            |    boundary head (BCs): min=0.100078 km, max=0.100078 km
DarcyPK            |    domain head (cells): min=0.0999718 km, max=0.100078 km
DarcyPK            |    domain head (cells + faces): min=0.0999718 km, max=0.100078 km
TimeStepManager    |   Accepted proposed dT=0.410063 min
CycleDriver        |  New time = 1.32337 min
CycleDriver        |  
CycleDriver        |  Cycle 16: time = 1.32337 min, dt = 0.410063 min
DarcyPK            |   pressure solver (AztecOO): ||p,lambda||=2.22214e+08  itrs=2
DarcyPK            |    boundary head (BCs): min=0.100078 km, max=0.100078 km
DarcyPK            |    domain head (cells): min=0.0999576 km, max=0.100078 km
DarcyPK            |    domain head (cells + faces): min=0.0999576 km, max=0.100078 km
TimeStepManager    |   Proposed dT=0.615094 min, events limit it to 0.383229 min
CycleDriver        |  New time = 1.73344 min
CycleDriver        |  
CycleDriver        |  Cycle 17: time = 1.73344 min, dt = 0.383229 min
DarcyPK            |   pressure solver (AztecOO): ||p,lambda||=2.22213e+08  itrs=2
DarcyPK            |    boundary head (BCs): min=0.100078 km, max=0.100078 km
DarcyPK            |    domain head (cells): min=0.0999459 km, max=0.100078 km
DarcyPK            |    domain head (cells + faces): min=0.0999459 km, max=0.100078 km
TimeStepManager    |   Proposed dT=0.574844 min, stability from previous step changes it to 0.615094 min
TimeStepManager    |   Accepted proposed dT=0.615094 min
CycleDriver        |   writing observations... 2
CycleDriver        |  New time = 2.11667 min
CycleDriver        |  
CycleDriver        |  Cycle 18: time = 2.11667 min, dt = 0.615094 min
DarcyPK            |   pressure solver (AztecOO): ||p,lambda||=2.22213e+08  itrs=2
DarcyPK            |    boundary head (BCs): min=0.100078 km, max=0.100078 km
DarcyPK            |    domain head (cells): min=0.0999301 km, max=0.100078 km
DarcyPK            |    domain head (cells + faces): min=0.0999301 km, max=0.100078 km
TimeStepManager    |   Accepted proposed dT=0.922641 min
CycleDriver        |  New time = 2.73176 min
CycleDriver        |  
CycleDriver        |  Cycle 19: time = 2.73176 min, dt = 0.922641 min
DarcyPK            |   pressure solver (AztecOO): ||p,lambda||=2.22212e+08  itrs=2
DarcyPK            |    boundary head (BCs): min=0.100078 km, max=0.100078 km
DarcyPK            |    domain head (cells): min=0.0999108 km, max=0.100078 km
DarcyPK            |    domain head (cells + faces): min=0.0999108 km, max=0.100078 km
TimeStepManager    |   Proposed dT=1.38396 min, events limit it to 0.595599 min
CycleDriver        |  New time = 3.6544 min
CycleDriver        |  
CycleDriver        |  Cycle 20: time = 3.6544 min, dt = 0.595599 min
DarcyPK            |   pressure solver (AztecOO): ||p,lambda||=2.22211e+08  itrs=2
DarcyPK            |    boundary head (BCs): min=0.100078 km, max=0.100078 km
DarcyPK            |    domain head (cells): min=0.0998998 km, max=0.100078 km
DarcyPK            |    domain head (cells + faces): min=0.0998998 km, max=0.100078 km
TimeStepManager    |   Proposed dT=0.893398 min, stability from previous step changes it to 1.38396 min
TimeStepManager    |   Accepted proposed dT=1.38396 min
CycleDriver        |   writing observations... 2
CycleDriver        |  New time = 4.25 min
CycleDriver        |  
CycleDriver        |  Cycle 21: time = 4.25 min, dt = 1.38396 min
DarcyPK            |   pressure solver (AztecOO): ||p,lambda||=2.2221e+08  itrs=3
DarcyPK            |    boundary head (BCs): min=0.100078 km, max=0.100078 km
DarcyPK            |    domain head (cells): min=0.0998794 km, max=0.100078 km
DarcyPK            |    domain head (cells + faces): min=0.0998794 km, max=0.100078 km
TimeStepManager    |   Accepted proposed dT=2.07594 min
CycleDriver        |  New time = 5.63396 min
CycleDriver        |  
CycleDriver        |  Cycle 22: time = 5.63396 min, dt = 2.07594 min
DarcyPK            |   pressure solver (AztecOO): ||p,lambda||=2.22208e+08  itrs=3
DarcyPK            |    boundary head (BCs): min=0.100078 km, max=0.100078 km
DarcyPK            |    domain head (cells): min=0.0998559 km, max=0.100078 km
DarcyPK            |    domain head (cells + faces): min=0.0998559 km, max=0.100078 km
TimeStepManager    |   Proposed dT=3.11391 min, events limit it to 0.806764 min
CycleDriver        |  New time = 7.7099 min
CycleDriver        |  
CycleDriver        |  Cycle 23: time = 7.7099 min, dt = 0.806764 min
DarcyPK            |   pressure solver (AztecOO): ||p,lambda||=2.22207e+08  itrs=2
DarcyPK            |    boundary head (BCs): min=0.100078 km, max=0.100078 km
DarcyPK            |    domain head (cells): min=0.0998476 km, max=0.100078 km
DarcyPK            |    domain head (cells + faces): min=0.0998476 km, max=0.100078 km
TimeStepManager    |   Proposed dT=1.21015 min, stability from previous step changes it to 3.11391 min
TimeStepManager    |   Accepted proposed dT=3.11391 min
CycleDriver        |   writing observations... 2
CycleDriver        |  New time = 0.141944 h
CycleDriver        |  
CycleDriver        |  Cycle 24: time = 0.141944 h, dt = 3.11391 min
DarcyPK            |   pressure solver (AztecOO): ||p,lambda||=2.22202e+08  itrs=3
DarcyPK            |    boundary head (BCs): min=0.100078 km, max=0.100078 km
DarcyPK            |    domain head (cells): min=0.0998236 km, max=0.100078 km
DarcyPK            |    domain head (cells + faces): min=0.0998236 km, max=0.100078 km
TimeStepManager    |   Proposed dT=4.67087 min, events limit it to 2.70971 min
CycleDriver        |  New time = 0.193843 h
CycleDriver        |  
CycleDriver        |  Cycle 25: time = 0.193843 h, dt = 2.70971 min
DarcyPK            |   pressure solver (AztecOO): ||p,lambda||=2.22199e+08  itrs=3
DarcyPK            |    boundary head (BCs): min=0.100078 km, max=0.100078 km
DarcyPK            |    domain head (cells): min=0.0998066 km, max=0.100078 km
DarcyPK            |    domain head (cells + faces): min=0.0998066 km, max=0.100078 km
TimeStepManager    |   Proposed dT=4.06457 min, stability from previous step changes it to 4.67087 min
TimeStepManager    |   Proposed dT=4.67087 min, events limit it to 2.70971 min
CycleDriver        |  New time = 0.239005 h
CycleDriver        |  
CycleDriver        |  Cycle 26: time = 0.239005 h, dt = 2.70971 min
DarcyPK            |   pressure solver (AztecOO): ||p,lambda||=2.22194e+08  itrs=3
DarcyPK            |    boundary head (BCs): min=0.100078 km, max=0.100078 km
DarcyPK            |    domain head (cells): min=0.0997925 km, max=0.100078 km
DarcyPK            |    domain head (cells + faces): min=0.0997925 km, max=0.100078 km
TimeStepManager    |   Proposed dT=4.06457 min, stability from previous step changes it to 4.67087 min
TimeStepManager    |   Accepted proposed dT=4.67087 min
CycleDriver        |   writing observations... 2
CycleDriver        |  New time = 0.284167 h
CycleDriver        |  
CycleDriver        |  Cycle 27: time = 0.284167 h, dt = 4.67087 min
DarcyPK            |   pressure solver (AztecOO): ||p,lambda||=2.22187e+08  itrs=3
DarcyPK            |    boundary head (BCs): min=0.100078 km, max=0.100078 km
DarcyPK            |    domain head (cells): min=0.0997732 km, max=0.100078 km
DarcyPK            |    domain head (cells + faces): min=0.0997732 km, max=0.100078 km
TimeStepManager    |   Accepted proposed dT=7.0063 min
CycleDriver        |  New time = 0.362014 h
CycleDriver        |  
CycleDriver        |  Cycle 28: time = 0.362014 h, dt = 7.0063 min
DarcyPK            |   pressure solver (AztecOO): ||p,lambda||=2.22177e+08  itrs=3
DarcyPK            |    boundary head (BCs): min=0.100078 km, max=0.100078 km
DarcyPK            |    domain head (cells): min=0.0997512 km, max=0.100078 km
DarcyPK            |    domain head (cells + faces): min=0.0997512 km, max=0.100078 km
TimeStepManager    |   Proposed dT=0.175158 h, events limit it to 5.3895 min
CycleDriver        |  New time = 0.478786 h
CycleDriver        |  
CycleDriver        |  Cycle 29: time = 0.478786 h, dt = 5.3895 min
DarcyPK            |   pressure solver (AztecOO): ||p,lambda||=2.22168e+08  itrs=3
DarcyPK            |    boundary head (BCs): min=0.100078 km, max=0.100078 km
DarcyPK            |    domain head (cells): min=0.099737 km, max=0.100078 km
DarcyPK            |    domain head (cells + faces): min=0.099737 km, max=0.100078 km
TimeStepManager    |   Proposed dT=0.134737 h, stability from previous step changes it to 0.175158 h
TimeStepManager    |   Accepted proposed dT=0.175158 h
CycleDriver        |   writing observations... 2
CycleDriver        |  New time = 0.568611 h
CycleDriver        |  
CycleDriver        |  Cycle 30: time = 0.568611 h, dt = 0.175158 h
DarcyPK            |   pressure solver (AztecOO): ||p,lambda||=2.22154e+08  itrs=3
DarcyPK            |    boundary head (BCs): min=0.100078 km, max=0.100078 km
DarcyPK            |    domain head (cells): min=0.0997156 km, max=0.100078 km
DarcyPK            |    domain head (cells + faces): min=0.0997156 km, max=0.100078 km
TimeStepManager    |   Accepted proposed dT=0.262736 h
CycleDriver        |  New time = 0.743769 h
CycleDriver        |  
CycleDriver        |  Cycle 31: time = 0.743769 h, dt = 0.262736 h
DarcyPK            |   pressure solver (AztecOO): ||p,lambda||=2.22134e+08  itrs=4
DarcyPK            |    boundary head (BCs): min=0.100078 km, max=0.100078 km
DarcyPK            |    domain head (cells): min=0.0996916 km, max=0.100078 km
DarcyPK            |    domain head (cells + faces): min=0.0996916 km, max=0.100078 km
TimeStepManager    |   Proposed dT=0.394105 h, events limit it to 0.130995 h
CycleDriver        |  New time = 1.00651 h
CycleDriver        |  
CycleDriver        |  Cycle 32: time = 1.00651 h, dt = 0.130995 h
DarcyPK            |   pressure solver (AztecOO): ||p,lambda||=2.22125e+08  itrs=3
DarcyPK            |    boundary head (BCs): min=0.100078 km, max=0.100078 km
DarcyPK            |    domain head (cells): min=0.0996811 km, max=0.100078 km
DarcyPK            |    domain head (cells + faces): min=0.0996811 km, max=0.100078 km
TimeStepManager    |   Proposed dT=0.196492 h, stability from previous step changes it to 0.394105 h
TimeStepManager    |   Accepted proposed dT=0.394105 h
CycleDriver        |   writing observations... 2
CycleDriver        |  New time = 1.1375 h
CycleDriver        |  
CycleDriver        |  Cycle 33: time = 1.1375 h, dt = 0.394105 h
DarcyPK            |   pressure solver (AztecOO): ||p,lambda||=2.22101e+08  itrs=4
DarcyPK            |    boundary head (BCs): min=0.100078 km, max=0.100078 km
DarcyPK            |    domain head (cells): min=0.0996574 km, max=0.100078 km
DarcyPK            |    domain head (cells + faces): min=0.0996574 km, max=0.100078 km
TimeStepManager    |   Proposed dT=0.591157 h, events limit it to 0.371837 h
CycleDriver        |  New time = 1.5316 h
CycleDriver        |  
CycleDriver        |  Cycle 34: time = 1.5316 h, dt = 0.371837 h
DarcyPK            |   pressure solver (AztecOO): ||p,lambda||=2.22082e+08  itrs=4
DarcyPK            |    boundary head (BCs): min=0.100078 km, max=0.100078 km
DarcyPK            |    domain head (cells): min=0.0996395 km, max=0.100078 km
DarcyPK            |    domain head (cells + faces): min=0.0996395 km, max=0.100078 km
TimeStepManager    |   Proposed dT=0.557755 h, stability from previous step changes it to 0.591157 h
TimeStepManager    |   Proposed dT=0.591157 h, events limit it to 0.371837 h
CycleDriver        |  New time = 1.90344 h
CycleDriver        |  
CycleDriver        |  Cycle 35: time = 1.90344 h, dt = 0.371837 h
DarcyPK            |   pressure solver (AztecOO): ||p,lambda||=2.22065e+08  itrs=4
DarcyPK            |    boundary head (BCs): min=0.100078 km, max=0.100078 km
DarcyPK            |    domain head (cells): min=0.0996246 km, max=0.100078 km
DarcyPK            |    domain head (cells + faces): min=0.0996246 km, max=0.100078 km
TimeStepManager    |   Proposed dT=0.557755 h, stability from previous step changes it to 0.591157 h
TimeStepManager    |   Accepted proposed dT=0.591157 h
CycleDriver        |   writing observations... 2
CycleDriver        |  New time = 2.27528 h
CycleDriver        |  
CycleDriver        |  Cycle 36: time = 2.27528 h, dt = 0.591157 h
DarcyPK            |   pressure solver (AztecOO): ||p,lambda||=2.22042e+08  itrs=4
DarcyPK            |    boundary head (BCs): min=0.100078 km, max=0.100078 km
DarcyPK            |    domain head (cells): min=0.0996058 km, max=0.100078 km
DarcyPK            |    domain head (cells + faces): min=0.0996058 km, max=0.100078 km
TimeStepManager    |   Accepted proposed dT=0.886735 h
CycleDriver        |  New time = 2.86643 h
CycleDriver        |  
CycleDriver        |  Cycle 37: time = 2.86643 h, dt = 0.886735 h
DarcyPK            |   pressure solver (AztecOO): ||p,lambda||=2.22014e+08  itrs=4
DarcyPK            |    boundary head (BCs): min=0.100078 km, max=0.100078 km
DarcyPK            |    domain head (cells): min=0.0995843 km, max=0.100078 km
DarcyPK            |    domain head (cells + faces): min=0.0995843 km, max=0.100078 km
TimeStepManager    |   Proposed dT=1.3301 h, events limit it to 0.797664 h
CycleDriver        |  New time = 3.75317 h
CycleDriver        |  
CycleDriver        |  Cycle 38: time = 3.75317 h, dt = 0.797664 h
DarcyPK            |   pressure solver (AztecOO): ||p,lambda||=2.21992e+08  itrs=4
DarcyPK            |    boundary head (BCs): min=0.100078 km, max=0.100078 km
DarcyPK            |    domain head (cells): min=0.0995684 km, max=0.100078 km
DarcyPK            |    domain head (cells + faces): min=0.0995684 km, max=0.100078 km
TimeStepManager    |   Proposed dT=1.1965 h, stability from previous step changes it to 1.3301 h
TimeStepManager    |   Accepted proposed dT=1.3301 h
CycleDriver        |   writing observations... 2
CycleDriver        |  New time = 4.55083 h
CycleDriver        |  
CycleDriver        |  Cycle 39: time = 4.55083 h, dt = 1.3301 h
DarcyPK            |   pressure solver (AztecOO): ||p,lambda||=2.21963e+08  itrs=4
DarcyPK            |    boundary head (BCs): min=0.100078 km, max=0.100078 km
DarcyPK            |    domain head (cells): min=0.0995478 km, max=0.100078 km
DarcyPK            |    domain head (cells + faces): min=0.0995478 km, max=0.100078 km
TimeStepManager    |   Accepted proposed dT=1.99515 h
CycleDriver        |  New time = 0.245039 d
CycleDriver        |  
CycleDriver        |  Cycle 40: time = 0.245039 d, dt = 1.99515 h
DarcyPK            |   pressure solver (AztecOO): ||p,lambda||=2.21929e+08  itrs=4
DarcyPK            |    boundary head (BCs): min=0.100078 km, max=0.100078 km
DarcyPK            |    domain head (cells): min=0.0995246 km, max=0.100078 km
DarcyPK            |    domain head (cells + faces): min=0.0995246 km, max=0.100078 km
TimeStepManager    |   Proposed dT=2.99273 h, events limit it to 1.20085 h
CycleDriver        |  New time = 0.32817 d
CycleDriver        |  
CycleDriver        |  Cycle 41: time = 0.32817 d, dt = 1.20085 h
DarcyPK            |   pressure solver (AztecOO): ||p,lambda||=2.21911e+08  itrs=4
DarcyPK            |    boundary head (BCs): min=0.100078 km, max=0.100078 km
DarcyPK            |    domain head (cells): min=0.0995126 km, max=0.100078 km
DarcyPK            |    domain head (cells + faces): min=0.0995126 km, max=0.100078 km
TimeStepManager    |   Proposed dT=1.80128 h, stability from previous step changes it to 2.99273 h
TimeStepManager    |   Accepted proposed dT=2.99273 h
CycleDriver        |   writing observations... 2
CycleDriver        |  New time = 0.378206 d
CycleDriver        |  
CycleDriver        |  Cycle 42: time = 0.378206 d, dt = 2.99273 h
DarcyPK            |   pressure solver (AztecOO): ||p,lambda||=2.21876e+08  itrs=4
DarcyPK            |    boundary head (BCs): min=0.100078 km, max=0.100078 km
DarcyPK            |    domain head (cells): min=0.09949 km, max=0.100078 km
DarcyPK            |    domain head (cells + faces): min=0.09949 km, max=0.100078 km
TimeStepManager    |   Accepted proposed dT=4.4891 h
CycleDriver        |  New time = 0.502903 d
CycleDriver        |  
CycleDriver        |  Cycle 43: time = 0.502903 d, dt = 4.4891 h
DarcyPK            |   pressure solver (AztecOO): ||p,lambda||=2.21836e+08  itrs=4
DarcyPK            |    boundary head (BCs): min=0.100078 km, max=0.100078 km
DarcyPK            |    domain head (cells): min=0.099465 km, max=0.100078 km
DarcyPK            |    domain head (cells + faces): min=0.099465 km, max=0.100078 km
TimeStepManager    |   Proposed dT=0.280569 d, events limit it to 1.64539 h
CycleDriver        |  New time = 0.689949 d
CycleDriver        |  
CycleDriver        |  Cycle 44: time = 0.689949 d, dt = 1.64539 h
DarcyPK            |   pressure solver (AztecOO): ||p,lambda||=2.21822e+08  itrs=4
DarcyPK            |    boundary head (BCs): min=0.100078 km, max=0.100078 km
DarcyPK            |    domain head (cells): min=0.0994568 km, max=0.100078 km
DarcyPK            |    domain head (cells + faces): min=0.0994568 km, max=0.100078 km
TimeStepManager    |   Proposed dT=2.46809 h, stability from previous step changes it to 0.280569 d
TimeStepManager    |   Accepted proposed dT=0.280569 d
CycleDriver        |   writing observations... 2
CycleDriver        |  New time = 0.758507 d
CycleDriver        |  
CycleDriver        |  Cycle 45: time = 0.758507 d, dt = 0.280569 d
DarcyPK            |   pressure solver (AztecOO): ||p,lambda||=2.21781e+08  itrs=5
DarcyPK            |    boundary head (BCs): min=0.100078 km, max=0.100078 km
DarcyPK            |    domain head (cells): min=0.099432 km, max=0.100078 km
DarcyPK            |    domain head (cells + faces): min=0.099432 km, max=0.100078 km
TimeStepManager    |   Proposed dT=0.420853 d, events limit it to 0.238975 d
CycleDriver        |  New time = 1.03908 d
CycleDriver        |  
CycleDriver        |  Cycle 46: time = 1.03908 d, dt = 0.238975 d
DarcyPK            |   pressure solver (AztecOO): ||p,lambda||=2.21752e+08  itrs=5
DarcyPK            |    boundary head (BCs): min=0.100078 km, max=0.100078 km
DarcyPK            |    domain head (cells): min=0.099415 km, max=0.100078 km
DarcyPK            |    domain head (cells + faces): min=0.099415 km, max=0.100078 km
TimeStepManager    |   Proposed dT=0.358462 d, stability from previous step changes it to 0.420853 d
TimeStepManager    |   Proposed dT=0.420853 d, events limit it to 0.238975 d
CycleDriver        |  New time = 1.27805 d
CycleDriver        |  
CycleDriver        |  Cycle 47: time = 1.27805 d, dt = 0.238975 d
DarcyPK            |   pressure solver (AztecOO): ||p,lambda||=2.21727e+08  itrs=5
DarcyPK            |    boundary head (BCs): min=0.100078 km, max=0.100078 km
DarcyPK            |    domain head (cells): min=0.0994008 km, max=0.100078 km
DarcyPK            |    domain head (cells + faces): min=0.0994008 km, max=0.100078 km
TimeStepManager    |   Proposed dT=0.358462 d, stability from previous step changes it to 0.420853 d
TimeStepManager    |   Accepted proposed dT=0.420853 d
CycleDriver        |   writing observations... 2
CycleDriver        |  New time = 1.51703 d
CycleDriver        |  
CycleDriver        |  Cycle 48: time = 1.51703 d, dt = 0.420853 d
DarcyPK            |   pressure solver (AztecOO): ||p,lambda||=2.21692e+08  itrs=5
DarcyPK            |    boundary head (BCs): min=0.100078 km, max=0.100078 km
DarcyPK            |    domain head (cells): min=0.0993812 km, max=0.100078 km
DarcyPK            |    domain head (cells + faces): min=0.0993812 km, max=0.100078 km
TimeStepManager    |   Accepted proposed dT=0.631279 d
CycleDriver        |  New time = 1.93788 d
CycleDriver        |  
CycleDriver        |  Cycle 49: time = 1.93788 d, dt = 0.631279 d
DarcyPK            |   pressure solver (AztecOO): ||p,lambda||=2.21652e+08  itrs=5
DarcyPK            |    boundary head (BCs): min=0.100078 km, max=0.100078 km
DarcyPK            |    domain head (cells): min=0.099359 km, max=0.100077 km
DarcyPK            |    domain head (cells + faces): min=0.099359 km, max=0.100078 km
TimeStepManager    |   Proposed dT=0.946919 d, events limit it to 0.464905 d
CycleDriver        |  New time = 2.56916 d
CycleDriver        |  
CycleDriver        |  Cycle 50: time = 2.56916 d, dt = 0.464905 d
DarcyPK            |   pressure solver (AztecOO): ||p,lambda||=2.21628e+08  itrs=5
DarcyPK            |    boundary head (BCs): min=0.100078 km, max=0.100078 km
DarcyPK            |    domain head (cells): min=0.0993454 km, max=0.100077 km
DarcyPK            |    domain head (cells + faces): min=0.0993454 km, max=0.100078 km
TimeStepManager    |   Proposed dT=0.697358 d, stability from previous step changes it to 0.946919 d
TimeStepManager    |   Accepted proposed dT=0.946919 d
CycleDriver        |   writing observations... 2
CycleDriver        |  New time = 3.03406 d
CycleDriver        |  
CycleDriver        |  Cycle 51: time = 3.03406 d, dt = 0.946919 d
DarcyPK            |   pressure solver (AztecOO): ||p,lambda||=2.2159e+08  itrs=5
DarcyPK            |    boundary head (BCs): min=0.100078 km, max=0.100078 km
DarcyPK            |    domain head (cells): min=0.0993247 km, max=0.100076 km
DarcyPK            |    domain head (cells + faces): min=0.0993247 km, max=0.100078 km
TimeStepManager    |   Accepted proposed dT=1.42038 d
CycleDriver        |  New time = 3.98098 d
CycleDriver        |  
CycleDriver        |  Cycle 52: time = 3.98098 d, dt = 1.42038 d
DarcyPK            |   pressure solver (AztecOO): ||p,lambda||=2.21549e+08  itrs=5
DarcyPK            |    boundary head (BCs): min=0.100078 km, max=0.100078 km
DarcyPK            |    domain head (cells): min=0.0993029 km, max=0.100076 km
DarcyPK            |    domain head (cells + faces): min=0.0993029 km, max=0.100078 km
TimeStepManager    |   Proposed dT=2.13057 d, events limit it to 0.666777 d
CycleDriver        |  New time = 5.40136 d
CycleDriver        |  
CycleDriver        |  Cycle 53: time = 5.40136 d, dt = 0.666777 d
DarcyPK            |   pressure solver (AztecOO): ||p,lambda||=2.21533e+08  itrs=5
DarcyPK            |    boundary head (BCs): min=0.100078 km, max=0.100078 km
DarcyPK            |    domain head (cells): min=0.0992942 km, max=0.100075 km
DarcyPK            |    domain head (cells + faces): min=0.0992942 km, max=0.100078 km
TimeStepManager    |   Proposed dT=1.00017 d, stability from previous step changes it to 2.13057 d
TimeStepManager    |   Accepted proposed dT=2.13057 d
CycleDriver        |   writing observations... 2
CycleDriver        |  New time = 6.06814 d
CycleDriver        |  
CycleDriver        |  Cycle 54: time = 6.06814 d, dt = 2.13057 d
DarcyPK            |   pressure solver (AztecOO): ||p,lambda||=2.215e+08  itrs=5
DarcyPK            |    boundary head (BCs): min=0.100078 km, max=0.100078 km
DarcyPK            |    domain head (cells): min=0.0992765 km, max=0.100074 km
DarcyPK            |    domain head (cells + faces): min=0.0992765 km, max=0.100078 km
TimeStepManager    |   Proposed dT=3.19585 d, events limit it to 1.68769 d
CycleDriver        |  New time = 8.1987 d
CycleDriver        |  
CycleDriver        |  Cycle 55: time = 8.1987 d, dt = 1.68769 d
DarcyPK            |   pressure solver (AztecOO): ||p,lambda||=2.21482e+08  itrs=5
DarcyPK            |    boundary head (BCs): min=0.100078 km, max=0.100078 km
DarcyPK            |    domain head (cells): min=0.0992667 km, max=0.100074 km
DarcyPK            |    domain head (cells + faces): min=0.0992667 km, max=0.100078 km
TimeStepManager    |   Proposed dT=2.53153 d, stability from previous step changes it to 3.19585 d
TimeStepManager    |   Proposed dT=3.19585 d, events limit it to 1.68769 d
CycleDriver        |  New time = 9.88639 d
CycleDriver        |  
CycleDriver        |  Cycle 56: time = 9.88639 d, dt = 1.68769 d
DarcyPK            |   pressure solver (AztecOO): ||p,lambda||=2.21469e+08  itrs=5
DarcyPK            |    boundary head (BCs): min=0.100078 km, max=0.100078 km
DarcyPK            |    domain head (cells): min=0.0992598 km, max=0.100074 km
DarcyPK            |    domain head (cells + faces): min=0.0992598 km, max=0.100078 km
TimeStepManager    |   Proposed dT=2.53153 d, stability from previous step changes it to 3.19585 d
TimeStepManager    |   Proposed dT=3.19585 d, events limit it to 0.901042 d
CycleDriver        |   writing observations... 2
CycleDriver        |  New time = 11.5741 d
CycleDriver        |  
CycleDriver        |  Cycle 57: time = 11.5741 d, dt = 0.901042 d
DarcyPK            |   pressure solver (AztecOO): ||p,lambda||=2.21463e+08  itrs=5
DarcyPK            |    boundary head (BCs): min=0.100078 km, max=0.100078 km
DarcyPK            |    domain head (cells): min=0.0992567 km, max=0.100073 km
DarcyPK            |    domain head (cells + faces): min=0.0992567 km, max=0.100078 km
TimeStepManager    |   Accepted proposed dT=3.64 s
CycleDriver        |  New time = 12.4751 d
CycleDriver        |  
CycleDriver        |  Cycle 58: time = 12.4751 d, dt = 3.64 s
DarcyPK            |   pressure solver (AztecOO): ||p,lambda||=2.21463e+08  itrs=1
DarcyPK            |    boundary head (BCs): min=0.100078 km, max=0.100078 km
DarcyPK            |    domain head (cells): min=0.0992567 km, max=0.100073 km
DarcyPK            |    domain head (cells + faces): min=0.0992567 km, max=0.100078 km
TimeStepManager    |   Accepted proposed dT=5.46 s
CycleDriver        |  New time = 12.4752 d
CycleDriver        |  
CycleDriver        |  Cycle 59: time = 12.4752 d, dt = 5.46 s
DarcyPK            |   pressure solver (AztecOO): ||p,lambda||=2.21463e+08  itrs=1
DarcyPK            |    boundary head (BCs): min=0.100078 km, max=0.100078 km
DarcyPK            |    domain head (cells): min=0.0992567 km, max=0.100073 km
DarcyPK            |    domain head (cells + faces): min=0.0992567 km, max=0.100078 km
TimeStepManager    |   Accepted proposed dT=0.1365 min
CycleDriver        |  New time = 12.4752 d
CycleDriver        |  
CycleDriver        |  Cycle 60: time = 12.4752 d, dt = 0.1365 min
DarcyPK            |   pressure solver (AztecOO): ||p,lambda||=2.21463e+08  itrs=2
DarcyPK            |    boundary head (BCs): min=0.100078 km, max=0.100078 km
DarcyPK            |    domain head (cells): min=0.0992567 km, max=0.100073 km
DarcyPK            |    domain head (cells + faces): min=0.0992567 km, max=0.100078 km
TimeStepManager    |   Accepted proposed dT=0.20475 min
CycleDriver        |  New time = 12.4753 d
CycleDriver        |  
CycleDriver        |  Cycle 61: time = 12.4753 d, dt = 0.20475 min
DarcyPK            |   pressure solver (AztecOO): ||p,lambda||=2.21463e+08  itrs=2
DarcyPK            |    boundary head (BCs): min=0.100078 km, max=0.100078 km
DarcyPK            |    domain head (cells): min=0.0992567 km, max=0.100073 km
DarcyPK            |    domain head (cells + faces): min=0.0992567 km, max=0.100078 km
TimeStepManager    |   Accepted proposed dT=0.307125 min
CycleDriver        |  New time = 12.4755 d
CycleDriver        |  
CycleDriver        |  Cycle 62: time = 12.4755 d, dt = 0.307125 min
DarcyPK            |   pressure solver (AztecOO): ||p,lambda||=2.21463e+08  itrs=2
DarcyPK            |    boundary head (BCs): min=0.100078 km, max=0.100078 km
DarcyPK            |    domain head (cells): min=0.0992567 km, max=0.100073 km
DarcyPK            |    domain head (cells + faces): min=0.0992567 km, max=0.100078 km
TimeStepManager    |   Accepted proposed dT=0.460687 min
CycleDriver        |  New time = 12.4757 d
CycleDriver        |  
CycleDriver        |  Cycle 63: time = 12.4757 d, dt = 0.460687 min
DarcyPK            |   pressure solver (AztecOO): ||p,lambda||=2.21463e+08  itrs=2
DarcyPK            |    boundary head (BCs): min=0.100078 km, max=0.100078 km
DarcyPK            |    domain head (cells): min=0.0992567 km, max=0.100073 km
DarcyPK            |    domain head (cells + faces): min=0.0992567 km, max=0.100078 km
TimeStepManager    |   Accepted proposed dT=0.691031 min
CycleDriver        |  New time = 12.476 d
CycleDriver        |  
CycleDriver        |  Cycle 64: time = 12.476 d, dt = 0.691031 min
DarcyPK            |   pressure solver (AztecOO): ||p,lambda||=2.21463e+08  itrs=2
DarcyPK            |    boundary head (BCs): min=0.100078 km, max=0.100078 km
DarcyPK            |    domain head (cells): min=0.0992567 km, max=0.100073 km
DarcyPK            |    domain head (cells + faces): min=0.0992567 km, max=0.100078 km
TimeStepManager    |   Accepted proposed dT=1.03655 min
CycleDriver        |  New time = 12.4765 d
CycleDriver        |  
CycleDriver        |  Cycle 65: time = 12.4765 d, dt = 1.03655 min
DarcyPK            |   pressure solver (AztecOO): ||p,lambda||=2.21463e+08  itrs=2
DarcyPK            |    boundary head (BCs): min=0.100078 km, max=0.100078 km
DarcyPK            |    domain head (cells): min=0.0992567 km, max=0.100073 km
DarcyPK            |    domain head (cells + faces): min=0.0992567 km, max=0.100078 km
TimeStepManager    |   Accepted proposed dT=1.55482 min
CycleDriver        |  New time = 12.4772 d
CycleDriver        |  
CycleDriver        |  Cycle 66: time = 12.4772 d, dt = 1.55482 min
DarcyPK            |   pressure solver (AztecOO): ||p,lambda||=2.21463e+08  itrs=2
DarcyPK            |    boundary head (BCs): min=0.100078 km, max=0.100078 km
DarcyPK            |    domain head (cells): min=0.0992567 km, max=0.100073 km
DarcyPK            |    domain head (cells + faces): min=0.0992567 km, max=0.100078 km
TimeStepManager    |   Accepted proposed dT=2.33223 min
CycleDriver        |  New time = 12.4783 d
CycleDriver        |  
CycleDriver        |  Cycle 67: time = 12.4783 d, dt = 2.33223 min
DarcyPK            |   pressure solver (AztecOO): ||p,lambda||=2.21463e+08  itrs=2
DarcyPK            |    boundary head (BCs): min=0.100078 km, max=0.100078 km
DarcyPK            |    domain head (cells): min=0.0992567 km, max=0.100073 km
DarcyPK            |    domain head (cells + faces): min=0.0992567 km, max=0.100078 km
TimeStepManager    |   Accepted proposed dT=3.49835 min
CycleDriver        |  New time = 12.4799 d
CycleDriver        |  
CycleDriver        |  Cycle 68: time = 12.4799 d, dt = 3.49835 min
DarcyPK            |   pressure solver (AztecOO): ||p,lambda||=2.21463e+08  itrs=2
DarcyPK            |    boundary head (BCs): min=0.100078 km, max=0.100078 km
DarcyPK            |    domain head (cells): min=0.0992567 km, max=0.100073 km
DarcyPK            |    domain head (cells + faces): min=0.0992567 km, max=0.100078 km
TimeStepManager    |   Accepted proposed dT=5.24752 min
CycleDriver        |  New time = 12.4823 d
CycleDriver        |  
CycleDriver        |  Cycle 69: time = 12.4823 d, dt = 5.24752 min
DarcyPK            |   pressure solver (AztecOO): ||p,lambda||=2.21463e+08  itrs=2
DarcyPK            |    boundary head (BCs): min=0.100078 km, max=0.100078 km
DarcyPK            |    domain head (cells): min=0.0992567 km, max=0.100073 km
DarcyPK            |    domain head (cells + faces): min=0.0992567 km, max=0.100078 km
TimeStepManager    |   Accepted proposed dT=0.131188 h
CycleDriver        |  New time = 12.486 d
CycleDriver        |  
CycleDriver        |  Cycle 70: time = 12.486 d, dt = 0.131188 h
DarcyPK            |   pressure solver (AztecOO): ||p,lambda||=2.21463e+08  itrs=2
DarcyPK            |    boundary head (BCs): min=0.100078 km, max=0.100078 km
DarcyPK            |    domain head (cells): min=0.0992567 km, max=0.100073 km
DarcyPK            |    domain head (cells + faces): min=0.0992567 km, max=0.100078 km
TimeStepManager    |   Accepted proposed dT=0.196782 h
CycleDriver        |  New time = 12.4914 d
CycleDriver        |  
CycleDriver        |  Cycle 71: time = 12.4914 d, dt = 0.196782 h
DarcyPK            |   pressure solver (AztecOO): ||p,lambda||=2.21463e+08  itrs=3
DarcyPK            |    boundary head (BCs): min=0.100078 km, max=0.100078 km
DarcyPK            |    domain head (cells): min=0.0992567 km, max=0.100073 km
DarcyPK            |    domain head (cells + faces): min=0.0992567 km, max=0.100078 km
TimeStepManager    |   Accepted proposed dT=0.295173 h
CycleDriver        |  New time = 12.4996 d
CycleDriver        |  
CycleDriver        |  Cycle 72: time = 12.4996 d, dt = 0.295173 h
DarcyPK            |   pressure solver (AztecOO): ||p,lambda||=2.21463e+08  itrs=3
DarcyPK            |    boundary head (BCs): min=0.100078 km, max=0.100078 km
DarcyPK            |    domain head (cells): min=0.0992566 km, max=0.100073 km
DarcyPK            |    domain head (cells + faces): min=0.0992566 km, max=0.100078 km
TimeStepManager    |   Accepted proposed dT=0.442759 h
CycleDriver        |  New time = 12.5119 d
CycleDriver        |  
CycleDriver        |  Cycle 73: time = 12.5119 d, dt = 0.442759 h
DarcyPK            |   pressure solver (AztecOO): ||p,lambda||=2.21463e+08  itrs=3
DarcyPK            |    boundary head (BCs): min=0.100078 km, max=0.100078 km
DarcyPK            |    domain head (cells): min=0.0992566 km, max=0.100073 km
DarcyPK            |    domain head (cells + faces): min=0.0992566 km, max=0.100078 km
TimeStepManager    |   Accepted proposed dT=0.664139 h
CycleDriver        |  New time = 12.5304 d
CycleDriver        |  
CycleDriver        |  Cycle 74: time = 12.5304 d, dt = 0.664139 h
DarcyPK            |   pressure solver (AztecOO): ||p,lambda||=2.21462e+08  itrs=3
DarcyPK            |    boundary head (BCs): min=0.100078 km, max=0.100078 km
DarcyPK            |    domain head (cells): min=0.0992565 km, max=0.100073 km
DarcyPK            |    domain head (cells + faces): min=0.0992565 km, max=0.100078 km
TimeStepManager    |   Accepted proposed dT=0.996209 h
CycleDriver        |  New time = 12.558 d
CycleDriver        |  
CycleDriver        |  Cycle 75: time = 12.558 d, dt = 0.996209 h
DarcyPK            |   pressure solver (AztecOO): ||p,lambda||=2.21462e+08  itrs=3
DarcyPK            |    boundary head (BCs): min=0.100078 km, max=0.100078 km
DarcyPK            |    domain head (cells): min=0.0992563 km, max=0.100073 km
DarcyPK            |    domain head (cells + faces): min=0.0992563 km, max=0.100078 km
TimeStepManager    |   Accepted proposed dT=1.49431 h
CycleDriver        |  New time = 12.5996 d
CycleDriver        |  
CycleDriver        |  Cycle 76: time = 12.5996 d, dt = 1.49431 h
DarcyPK            |   pressure solver (AztecOO): ||p,lambda||=2.21462e+08  itrs=3
DarcyPK            |    boundary head (BCs): min=0.100078 km, max=0.100078 km
DarcyPK            |    domain head (cells): min=0.0992561 km, max=0.100073 km
DarcyPK            |    domain head (cells + faces): min=0.0992561 km, max=0.100078 km
TimeStepManager    |   Accepted proposed dT=2.24147 h
CycleDriver        |  New time = 12.6618 d
CycleDriver        |  
CycleDriver        |  Cycle 77: time = 12.6618 d, dt = 2.24147 h
DarcyPK            |   pressure solver (AztecOO): ||p,lambda||=2.21461e+08  itrs=3
DarcyPK            |    boundary head (BCs): min=0.100078 km, max=0.100078 km
DarcyPK            |    domain head (cells): min=0.0992558 km, max=0.100073 km
DarcyPK            |    domain head (cells + faces): min=0.0992558 km, max=0.100078 km
TimeStepManager    |   Accepted proposed dT=3.3622 h
CycleDriver        |  New time = 12.7552 d
CycleDriver        |  
CycleDriver        |  Cycle 78: time = 12.7552 d, dt = 3.3622 h
DarcyPK            |   pressure solver (AztecOO): ||p,lambda||=2.2146e+08  itrs=4
DarcyPK            |    boundary head (BCs): min=0.100078 km, max=0.100078 km
DarcyPK            |    domain head (cells): min=0.0992554 km, max=0.100073 km
DarcyPK            |    domain head (cells + faces): min=0.0992554 km, max=0.100078 km
TimeStepManager    |   Accepted proposed dT=0.210138 d
CycleDriver        |  New time = 12.8953 d
CycleDriver        |  
CycleDriver        |  Cycle 79: time = 12.8953 d, dt = 0.210138 d
DarcyPK            |   pressure solver (AztecOO): ||p,lambda||=2.21459e+08  itrs=4
DarcyPK            |    boundary head (BCs): min=0.100078 km, max=0.100078 km
DarcyPK            |    domain head (cells): min=0.0992548 km, max=0.100073 km
DarcyPK            |    domain head (cells + faces): min=0.0992548 km, max=0.100078 km
TimeStepManager    |   Accepted proposed dT=0.315207 d
CycleDriver        |  New time = 13.1054 d
CycleDriver        |  
CycleDriver        |  Cycle 80: time = 13.1054 d, dt = 0.315207 d
DarcyPK            |   pressure solver (AztecOO): ||p,lambda||=2.21458e+08  itrs=4
DarcyPK            |    boundary head (BCs): min=0.100078 km, max=0.100078 km
DarcyPK            |    domain head (cells): min=0.099254 km, max=0.100073 km
DarcyPK            |    domain head (cells + faces): min=0.099254 km, max=0.100078 km
TimeStepManager    |   Accepted proposed dT=0.47281 d
CycleDriver        |  New time = 13.4207 d
CycleDriver        |  
CycleDriver        |  Cycle 81: time = 13.4207 d, dt = 0.47281 d
DarcyPK            |   pressure solver (AztecOO): ||p,lambda||=2.21456e+08  itrs=4
DarcyPK            |    boundary head (BCs): min=0.100078 km, max=0.100078 km
DarcyPK            |    domain head (cells): min=0.0992528 km, max=0.100073 km
DarcyPK            |    domain head (cells + faces): min=0.0992528 km, max=0.100078 km
TimeStepManager    |   Accepted proposed dT=0.709215 d
CycleDriver        |  New time = 13.8935 d
CycleDriver        |  
CycleDriver        |  Cycle 82: time = 13.8935 d, dt = 0.709215 d
DarcyPK            |   pressure solver (AztecOO): ||p,lambda||=2.21453e+08  itrs=5
DarcyPK            |    boundary head (BCs): min=0.100078 km, max=0.100078 km
DarcyPK            |    domain head (cells): min=0.0992514 km, max=0.100073 km
DarcyPK            |    domain head (cells + faces): min=0.0992514 km, max=0.100078 km
TimeStepManager    |   Accepted proposed dT=1.06382 d
CycleDriver        |  New time = 14.6027 d
CycleDriver        |  
CycleDriver        |  Cycle 83: time = 14.6027 d, dt = 1.06382 d
DarcyPK            |   pressure solver (AztecOO): ||p,lambda||=2.2145e+08  itrs=5
DarcyPK            |    boundary head (BCs): min=0.100078 km, max=0.100078 km
DarcyPK            |    domain head (cells): min=0.0992497 km, max=0.100073 km
DarcyPK            |    domain head (cells + faces): min=0.0992497 km, max=0.100078 km
TimeStepManager    |   Accepted proposed dT=1.59573 d
CycleDriver        |  New time = 15.6665 d
CycleDriver        |  
CycleDriver        |  Cycle 84: time = 15.6665 d, dt = 1.59573 d
DarcyPK            |   pressure solver (AztecOO): ||p,lambda||=2.21446e+08  itrs=5
DarcyPK            |    boundary head (BCs): min=0.100078 km, max=0.100078 km
DarcyPK            |    domain head (cells): min=0.0992478 km, max=0.100073 km
DarcyPK            |    domain head (cells + faces): min=0.0992478 km, max=0.100078 km
TimeStepManager    |   Accepted proposed dT=2.3936 d
CycleDriver        |  New time = 17.2622 d
CycleDriver        |  
CycleDriver        |  Cycle 85: time = 17.2622 d, dt = 2.3936 d
DarcyPK            |   pressure solver (AztecOO): ||p,lambda||=2.21443e+08  itrs=5
DarcyPK            |    boundary head (BCs): min=0.100078 km, max=0.100078 km
DarcyPK            |    domain head (cells): min=0.099246 km, max=0.100073 km
DarcyPK            |    domain head (cells + faces): min=0.099246 km, max=0.100078 km
TimeStepManager    |   Accepted proposed dT=3.5904 d
CycleDriver        |  New time = 0.0538516 noleap
CycleDriver        |  
CycleDriver        |  Cycle 86: time = 0.0538516 noleap, dt = 3.5904 d
DarcyPK            |   pressure solver (AztecOO): ||p,lambda||=2.2144e+08  itrs=5
DarcyPK            |    boundary head (BCs): min=0.100078 km, max=0.100078 km
DarcyPK            |    domain head (cells): min=0.0992446 km, max=0.100073 km
DarcyPK            |    domain head (cells + faces): min=0.0992446 km, max=0.100078 km
TimeStepManager    |   Accepted proposed dT=5.3856 d
CycleDriver        |  New time = 0.0636883 noleap
CycleDriver        |  
CycleDriver        |  Cycle 87: time = 0.0636883 noleap, dt = 5.3856 d
DarcyPK            |   pressure solver (AztecOO): ||p,lambda||=2.21438e+08  itrs=5
DarcyPK            |    boundary head (BCs): min=0.100078 km, max=0.100078 km
DarcyPK            |    domain head (cells): min=0.0992437 km, max=0.100073 km
DarcyPK            |    domain head (cells + faces): min=0.0992437 km, max=0.100078 km
TimeStepManager    |   Accepted proposed dT=8.0784 d
CycleDriver        |  New time = 0.0784434 noleap
CycleDriver        |  
CycleDriver        |  Cycle 88: time = 0.0784434 noleap, dt = 8.0784 d
DarcyPK            |   pressure solver (AztecOO): ||p,lambda||=2.21438e+08  itrs=5
DarcyPK            |    boundary head (BCs): min=0.100078 km, max=0.100078 km
DarcyPK            |    domain head (cells): min=0.0992433 km, max=0.100073 km
DarcyPK            |    domain head (cells + faces): min=0.0992433 km, max=0.100078 km
TimeStepManager    |   Accepted proposed dT=12.1176 d
CycleDriver        |  New time = 0.100576 noleap
CycleDriver        |  
CycleDriver        |  Cycle 89: time = 0.100576 noleap, dt = 12.1176 d
DarcyPK            |   pressure solver (AztecOO): ||p,lambda||=2.21437e+08  itrs=5
DarcyPK            |    boundary head (BCs): min=0.100078 km, max=0.100078 km
DarcyPK            |    domain head (cells): min=0.0992431 km, max=0.100073 km
DarcyPK            |    domain head (cells + faces): min=0.0992431 km, max=0.100078 km
TimeStepManager    |   Accepted proposed dT=18.1764 d
CycleDriver        |  New time = 0.133775 noleap
CycleDriver        |  
CycleDriver        |  Cycle 90: time = 0.133775 noleap, dt = 18.1764 d
DarcyPK            |   pressure solver (AztecOO): ||p,lambda||=2.21437e+08  itrs=5
DarcyPK            |    boundary head (BCs): min=0.100078 km, max=0.100078 km
DarcyPK            |    domain head (cells): min=0.099243 km, max=0.100073 km
DarcyPK            |    domain head (cells + faces): min=0.099243 km, max=0.100078 km
TimeStepManager    |   Accepted proposed dT=0.0746975 noleap
CycleDriver        |  New time = 0.183573 noleap
CycleDriver        |  
CycleDriver        |  Cycle 91: time = 0.183573 noleap, dt = 0.0746975 noleap
DarcyPK            |   pressure solver (AztecOO): ||p,lambda||=2.21437e+08  itrs=4
DarcyPK            |    boundary head (BCs): min=0.100078 km, max=0.100078 km
DarcyPK            |    domain head (cells): min=0.099243 km, max=0.100073 km
DarcyPK            |    domain head (cells + faces): min=0.099243 km, max=0.100078 km
TimeStepManager    |   Proposed dT=0.112046 noleap, events limit it to 0.0588271 noleap
CycleDriver        |  New time = 0.258271 noleap
CycleDriver        |  
CycleDriver        |  Cycle 92: time = 0.258271 noleap, dt = 0.0588271 noleap
DarcyPK            |   pressure solver (AztecOO): ||p,lambda||=2.21437e+08  itrs=4
DarcyPK            |    boundary head (BCs): min=0.100078 km, max=0.100078 km
DarcyPK            |    domain head (cells): min=0.099243 km, max=0.100073 km
DarcyPK            |    domain head (cells + faces): min=0.099243 km, max=0.100078 km
TimeStepManager    |   Proposed dT=0.0882407 noleap, stability from previous step changes it to 0.112046 noleap
TimeStepManager    |   Accepted proposed dT=0.112046 noleap
CycleDriver        |   writing observations... 2
CycleDriver        |  New time = 0.317098 noleap
CycleDriver        |  
CycleDriver        |  Cycle 93: time = 0.317098 noleap, dt = 0.112046 noleap
DarcyPK            |   pressure solver (AztecOO): ||p,lambda||=2.21437e+08  itrs=4
DarcyPK            |    boundary head (BCs): min=0.100078 km, max=0.100078 km
DarcyPK            |    domain head (cells): min=0.099243 km, max=0.100073 km
DarcyPK            |    domain head (cells + faces): min=0.099243 km, max=0.100078 km
TimeStepManager    |   Accepted proposed dT=0.168069 noleap
CycleDriver        |  New time = 0.429144 noleap
CycleDriver        |  
CycleDriver        |  Cycle 94: time = 0.429144 noleap, dt = 0.168069 noleap
DarcyPK            |   pressure solver (AztecOO): ||p,lambda||=2.21437e+08  itrs=4
DarcyPK            |    boundary head (BCs): min=0.100078 km, max=0.100078 km
DarcyPK            |    domain head (cells): min=0.099243 km, max=0.100073 km
DarcyPK            |    domain head (cells + faces): min=0.099243 km, max=0.100078 km
TimeStepManager    |   Accepted proposed dT=0.252104 noleap
CycleDriver        |  New time = 0.597214 noleap
CycleDriver        |  
CycleDriver        |  Cycle 95: time = 0.597214 noleap, dt = 0.252104 noleap
DarcyPK            |   pressure solver (AztecOO): ||p,lambda||=2.21437e+08  itrs=3
DarcyPK            |    boundary head (BCs): min=0.100078 km, max=0.100078 km
DarcyPK            |    domain head (cells): min=0.099243 km, max=0.100073 km
DarcyPK            |    domain head (cells + faces): min=0.099243 km, max=0.100078 km
TimeStepManager    |   Accepted proposed dT=0.378156 noleap
CycleDriver        |  New time = 0.849318 noleap
CycleDriver        |  
CycleDriver        |  Cycle 96: time = 0.849318 noleap, dt = 0.378156 noleap
DarcyPK            |   pressure solver (AztecOO): ||p,lambda||=2.21437e+08  itrs=3
DarcyPK            |    boundary head (BCs): min=0.100078 km, max=0.100078 km
DarcyPK            |    domain head (cells): min=0.099243 km, max=0.100073 km
DarcyPK            |    domain head (cells + faces): min=0.099243 km, max=0.100078 km
TimeStepManager    |   Accepted proposed dT=0.567234 noleap
CycleDriver        |  New time = 1.22663 y
CycleDriver        |  
CycleDriver        |  Cycle 97: time = 1.22663 y, dt = 0.567234 noleap
DarcyPK            |   pressure solver (AztecOO): ||p,lambda||=2.21437e+08  itrs=4
DarcyPK            |    boundary head (BCs): min=0.100078 km, max=0.100078 km
DarcyPK            |    domain head (cells): min=0.099243 km, max=0.100073 km
DarcyPK            |    domain head (cells + faces): min=0.099243 km, max=0.100078 km
TimeStepManager    |   Accepted proposed dT=0.850852 noleap
CycleDriver        |  New time = 1.79348 y
CycleDriver        |  
CycleDriver        |  Cycle 98: time = 1.79348 y, dt = 0.850852 noleap
DarcyPK            |   pressure solver (AztecOO): ||p,lambda||=2.21437e+08  itrs=4
DarcyPK            |    boundary head (BCs): min=0.100078 km, max=0.100078 km
DarcyPK            |    domain head (cells): min=0.099243 km, max=0.100073 km
DarcyPK            |    domain head (cells + faces): min=0.099243 km, max=0.100078 km
TimeStepManager    |   Proposed dT=1.2754 y, events limit it to 0.525419 noleap
CycleDriver        |  New time = 2.64375 y
CycleDriver        |  
CycleDriver        |  Cycle 99: time = 2.64375 y, dt = 0.525419 noleap
DarcyPK            |   pressure solver (AztecOO): ||p,lambda||=2.21437e+08  itrs=3
DarcyPK            |    boundary head (BCs): min=0.100078 km, max=0.100078 km
DarcyPK            |    domain head (cells): min=0.099243 km, max=0.100073 km
DarcyPK            |    domain head (cells + faces): min=0.099243 km, max=0.100078 km
TimeStepManager    |   Proposed dT=0.788128 noleap, stability from previous step changes it to 1.2754 y
TimeStepManager    |   Accepted proposed dT=1.2754 y
CycleDriver        |   writing observations... 2
CycleDriver        |  New time = 3.16881 y
CycleDriver        |  
CycleDriver        |  Field                                    Min/Max/Avg
CycleDriver        |  atmospheric_pressure.................... 101325
CycleDriver        |  const_fluid_density..................... 1000
CycleDriver        |  const_fluid_viscosity................... 0.001002
CycleDriver        |  darcy_velocity.......................... -1.69368e-05 / 1.6931e-05 / 4.68616e-07
CycleDriver        |  dt...................................... 1.65696e+07
CycleDriver        |  gravity................................. 0 0 -9.80665
CycleDriver        |  hydraulic_head.......................... 99.243 / 100.073 / 99.6911 [m]
CycleDriver        |  mass_density_liquid.bnd_face............ 1000 / 1000 / 1000
CycleDriver        |  mass_density_liquid.cell................ 1000 / 1000 / 1000
CycleDriver        |  molar_flow_rate......................... -183.694 / 183.756 / -0.657511
CycleDriver        |  permeability............................ 1.187e-10 / 1.187e-09 / 9.37595e-10 [m^2]
CycleDriver        |  porosity................................ 0.25 / 0.25 / 0.25 [-]
CycleDriver        |  pressure.cell........................... 1.06966e+06 / 1.0778e+06 / 1.07406e+06 [Pa]
CycleDriver        |  pressure.face........................... 1.06476e+06 / 1.0827e+06 / 1.07408e+06 [Pa]
CycleDriver        |  prev_saturation_liquid.................. 1 / 1 / 1
CycleDriver        |  prev_water_storage...................... 21.8151 / 21.981 / 21.9047
CycleDriver        |  saturation_liquid....................... 1 / 1 / 1 [-]
CycleDriver        |  specific_storage........................ 0.0002 / 0.0002 / 0.0002 [m]
CycleDriver        |  specific_yield.......................... 0 / 0 / 0
CycleDriver        |  time.................................... 1e+08
CycleDriver        |  time@current............................ 0
CycleDriver        |  volumetric_flow_rate.................... -0.0033093 / 0.00331042 / -1.18453e-05 [m^3/s]
CycleDriver        |  water_content........................... 0.25 / 0.25 / 0.25 [-]
CycleDriver        |  water_storage........................... 21.8151 / 21.981 / 21.9047
CycleDriver        |  
CycleDriver        |  Simulation end time: 1e+09 sec.
CycleDriver        |  CPU time stamp: [00:00:37]
CycleDriver        |  
CycleDriver        |  Cycle 100: time = 3.16881 y, dt = 1.2754 y
DarcyPK            |   pressure solver (AztecOO): ||p,lambda||=2.21437e+08  itrs=4
DarcyPK            |    boundary head (BCs): min=0.100078 km, max=0.100078 km
DarcyPK            |    domain head (cells): min=0.099243 km, max=0.100073 km
DarcyPK            |    domain head (cells + faces): min=0.099243 km, max=0.100078 km
TimeStepManager    |   Accepted proposed dT=1.91311 y
CycleDriver        |  New time = 4.44421 y
CycleDriver        |  
CycleDriver        |  Cycle 101: time = 4.44421 y, dt = 1.91311 y
DarcyPK            |   pressure solver (AztecOO): ||p,lambda||=2.21437e+08  itrs=4
DarcyPK            |    boundary head (BCs): min=0.100078 km, max=0.100078 km
DarcyPK            |    domain head (cells): min=0.099243 km, max=0.100073 km
DarcyPK            |    domain head (cells + faces): min=0.099243 km, max=0.100078 km
TimeStepManager    |   Accepted proposed dT=2.86966 y
CycleDriver        |  New time = 6.35732 y
CycleDriver        |  
CycleDriver        |  Cycle 102: time = 6.35732 y, dt = 2.86966 y
DarcyPK            |   pressure solver (AztecOO): ||p,lambda||=2.21437e+08  itrs=4
DarcyPK            |    boundary head (BCs): min=0.100078 km, max=0.100078 km
DarcyPK            |    domain head (cells): min=0.099243 km, max=0.100073 km
DarcyPK            |    domain head (cells + faces): min=0.099243 km, max=0.100078 km
TimeStepManager    |   Accepted proposed dT=4.30449 y
CycleDriver        |  New time = 9.22698 y
CycleDriver        |  
CycleDriver        |  Cycle 103: time = 9.22698 y, dt = 4.30449 y
DarcyPK            |   pressure solver (AztecOO): ||p,lambda||=2.21437e+08  itrs=4
DarcyPK            |    boundary head (BCs): min=0.100078 km, max=0.100078 km
DarcyPK            |    domain head (cells): min=0.099243 km, max=0.100073 km
DarcyPK            |    domain head (cells + faces): min=0.099243 km, max=0.100078 km
TimeStepManager    |   Accepted proposed dT=6.45673 y
CycleDriver        |  New time = 13.5315 y
CycleDriver        |  
CycleDriver        |  Cycle 104: time = 13.5315 y, dt = 6.45673 y
DarcyPK            |   pressure solver (AztecOO): ||p,lambda||=2.21437e+08  itrs=4
DarcyPK            |    boundary head (BCs): min=0.100078 km, max=0.100078 km
DarcyPK            |    domain head (cells): min=0.099243 km, max=0.100073 km
DarcyPK            |    domain head (cells + faces): min=0.099243 km, max=0.100078 km
TimeStepManager    |   Proposed dT=9.6851 y, events limit it to 5.84994 y
CycleDriver        |  New time = 19.9882 y
CycleDriver        |  
CycleDriver        |  Cycle 105: time = 19.9882 y, dt = 5.84994 y
DarcyPK            |   pressure solver (AztecOO): ||p,lambda||=2.21437e+08  itrs=4
DarcyPK            |    boundary head (BCs): min=0.100078 km, max=0.100078 km
DarcyPK            |    domain head (cells): min=0.099243 km, max=0.100073 km
DarcyPK            |    domain head (cells + faces): min=0.099243 km, max=0.100078 km
TimeStepManager    |   Proposed dT=8.77492 y, stability from previous step changes it to 9.6851 y
TimeStepManager    |   Proposed dT=9.6851 y, events limit it to 5.84994 y
CycleDriver        |  New time = 25.8381 y
CycleDriver        |  
CycleDriver        |  Cycle 106: time = 25.8381 y, dt = 5.84994 y
DarcyPK            |   pressure solver (AztecOO): ||p,lambda||=2.21437e+08  itrs=4
DarcyPK            |    boundary head (BCs): min=0.100078 km, max=0.100078 km
DarcyPK            |    domain head (cells): min=0.099243 km, max=0.100073 km
DarcyPK            |    domain head (cells + faces): min=0.099243 km, max=0.100078 km
TimeStepManager    |   Proposed dT=8.77492 y, stability from previous step changes it to 9.6851 y
CycleDriver        |   writing observations... 2
CycleDriver        |   writing checkpoint file
CycleDriver        |  New time = 31.6881 y
CycleDriver        |  
CycleDriver        |  Field                                    Min/Max/Avg
CycleDriver        |  atmospheric_pressure.................... 101325
CycleDriver        |  const_fluid_density..................... 1000
CycleDriver        |  const_fluid_viscosity................... 0.001002
CycleDriver        |  darcy_velocity.......................... -1.69368e-05 / 1.6931e-05 / 4.68616e-07
CycleDriver        |  dt...................................... 1.8461e+08
CycleDriver        |  gravity................................. 0 0 -9.80665
CycleDriver        |  hydraulic_head.......................... 99.243 / 100.073 / 99.6911 [m]
CycleDriver        |  mass_density_liquid.bnd_face............ 1000 / 1000 / 1000
CycleDriver        |  mass_density_liquid.cell................ 1000 / 1000 / 1000
CycleDriver        |  molar_flow_rate......................... -183.694 / 183.756 / -0.657511
CycleDriver        |  permeability............................ 1.187e-10 / 1.187e-09 / 9.37595e-10 [m^2]
CycleDriver        |  porosity................................ 0.25 / 0.25 / 0.25 [-]
CycleDriver        |  pressure.cell........................... 1.06966e+06 / 1.0778e+06 / 1.07406e+06 [Pa]
CycleDriver        |  pressure.face........................... 1.06476e+06 / 1.0827e+06 / 1.07408e+06 [Pa]
CycleDriver        |  prev_saturation_liquid.................. 1 / 1 / 1
CycleDriver        |  prev_water_storage...................... 21.8151 / 21.981 / 21.9047
CycleDriver        |  saturation_liquid....................... 1 / 1 / 1 [-]
CycleDriver        |  specific_storage........................ 0.0002 / 0.0002 / 0.0002 [m]
CycleDriver        |  specific_yield.......................... 0 / 0 / 0
CycleDriver        |  time.................................... 1e+09
CycleDriver        |  time@current............................ 0
CycleDriver        |  volumetric_flow_rate.................... -0.0033093 / 0.00331042 / -1.18453e-05 [m^3/s]
CycleDriver        |  water_content........................... 0.25 / 0.25 / 0.25 [-]
CycleDriver        |  water_storage........................... 21.8151 / 21.981 / 21.9047
CycleDriver        |  ======================================================================
CycleDriver        |  Simulation made 107 cycles.
CycleDriver        |  All meshes combined have 8464 cells.
CycleDriver        |  Memory usage (high water mark):
CycleDriver        |    Maximum per core:     649.0 MBytes,  maximum per cell: 80396.6 Bytes
CycleDriver        |    Minumum per core:     649.0 MBytes,  minimum per cell: 80396.6 Bytes
CycleDriver        |    Total:                649.0 MBytes,  total per cell:   80396.6 Bytes
CycleDriver        |  Doubles allocated in state fields 
CycleDriver        |    Maximum per core:   2.00885 MBytes
CycleDriver        |    Minimum per core:   2.00885 MBytes
CycleDriver        |    Total:              2.00885 MBytes
================================================================================

                      TimeMonitor results over 1 processor

Timer Name                  Global time (num calls)    
--------------------------------------------------------------------------------
Full Simulation             39.62 (1)                  
Geometric Model Creation    1.8e-05 (1)                
Mesh Creation               0.4499 (1)                 
================================================================================
Amanzi::SIMULATION_SUCCESSFUL

